0	アップル	名詞,一般,*,*	0
0	(	記号_括弧開	0
1	Apple	名詞,固有名詞,組織,*	1
1	 	記号,空白,*,*	1
1	Inc	名詞,固有名詞,組織,*	1
0	.	記号_ピリオド	0
0	)	記号_括弧閉	0
0	は	助詞,係助詞,*,*	0
0	、	記号,読点,*,*	0
1	アメリカ合衆国	名詞,固有名詞,地域,国	0
1	カリフォルニア	名詞,固有名詞,地域,一般	0
1	州	名詞,接尾,地域,*	0
0	クパティーノ	名詞,一般,*,*	1
0	に	助詞,格助詞,一般,*	0
0	本社	名詞,一般,*,*	0
0	を	助詞,格助詞,一般,*	0
0	置く	動詞,自立,*,*	0
0	、	記号,読点,*,*	0
1	デジタル	名詞,一般,*,*	0
1	家電	名詞,一般,*,*	0
0	製品	名詞,一般,*,*	0
0	および	接続詞,*,*,*	0
1	同	接頭詞,名詞接続,*,*	0
0	製品	名詞,一般,*,*	0
0	に	助詞,格助詞,一般,*	0
0	関連	名詞,サ変接続,*,*	0
0	する	動詞,自立,*,*	0
1	ソフトウェア	名詞,一般,*,*	0
0	製品	名詞,一般,*,*	0
0	を	助詞,格助詞,一般,*	0
1	研究	名詞,サ変接続,*,*	0
1	・	記号_中黒	0
1	設計	名詞,サ変接続,*,*	0
1	・	記号_中黒	0
0	製造	名詞,サ変接続,*,*	0
0	する	動詞,自立,*,*	0
1	多	接頭詞,名詞接続,*,*	0
1	国籍	名詞,一般,*,*	0
0	企業	名詞,一般,*,*	0
0	で	助動詞,*,*,*	0
0	ある	助動詞,*,*,*	0
0	。	記号,句点,*,*	0
1	ハードウェア	名詞,一般,*,*	0
0	製品	名詞,一般,*,*	0
0	として	助詞,格助詞,連語,*	0
0	、	記号,読点,*,*	0
0	パーソナルコンピュータ	名詞,一般,*,*	0
0	の	助詞,連体化,*,*	0
1	Macintosh	名詞,一般,*,*	1
0	シリーズ	名詞,一般,*,*	0
0	、	記号,読点,*,*	0
1	携帯	名詞,サ変接続,*,*	0
1	音楽	名詞,一般,*,*	0
0	プレーヤー	名詞,一般,*,*	0
0	の	助詞,連体化,*,*	0
1	iPod	名詞,一般,*,*	1
0	シリーズ	名詞,一般,*,*	0
0	、	記号,読点,*,*	0
1	スマート	名詞,固有名詞,人名,姓	0
0	フォン	名詞,一般,*,*	0
0	の	助詞,連体化,*,*	0
0	iPhone	名詞,固有名詞,組織,*	1
0	、	記号,読点,*,*	0
1	タブレット	名詞,一般,*,*	0
1	型	名詞,接尾,一般,*	0
1	情報	名詞,一般,*,*	0
0	端末	名詞,一般,*,*	0
0	の	助詞,連体化,*,*	0
0	iPad	名詞,一般,*,*	1
0	。	記号,句点,*,*	0
1	ソフトウェア	名詞,一般,*,*	0
0	製品	名詞,一般,*,*	0
0	として	助詞,格助詞,連語,*	0
0	は	助詞,係助詞,*,*	0
0	、	記号,読点,*,*	0
0	オペレーティングシステム	名詞,一般,*,*	0
0	の	助詞,連体化,*,*	0
1	Mac	名詞,一般,*,*	1
1	 	記号,空白,*,*	1
1	OS	名詞,固有名詞,組織,*	1
1	 	記号,空白,*,*	1
1	X	名詞,固有名詞,組織,*	1
1	・	記号_中黒	0
0	iOS	名詞,固有名詞,組織,*	1
0	や	助詞,並立助詞,*,*	0
0	、	記号,読点,*,*	0
1	統合	名詞,サ変接続,*,*	0
0	ソフトウェア	名詞,一般,*,*	0
0	の	助詞,連体化,*,*	0
0	iLife	名詞,一般,*,*	1
0	。	記号,句点,*,*	0
0	クラウドサービス	名詞,一般,*,*	1
0	として	助詞,格助詞,連語,*	0
0	は	助詞,係助詞,*,*	0
0	iCloud	名詞,固有名詞,組織,*	1
0	など	助詞,副助詞,*,*	0
0	の	助詞,連体化,*,*	0
1	研究	名詞,サ変接続,*,*	0
1	・	記号_中黒	0
1	開発	名詞,サ変接続,*,*	0
1	・	記号_中黒	0
0	販売	名詞,サ変接続,*,*	0
0	を	助詞,格助詞,一般,*	0
0	行っ	動詞,自立,*,*	0
0	て	助詞,接続助詞,*,*	0
0	いる	動詞,非自立,*,*	0
0	。	記号,句点,*,*	0
0	直営店	名詞,一般,*,*	0
0	の	助詞,連体化,*,*	0
1	Apple	名詞,一般,*,*	1
1	 	記号,空白,*,*	1
0	Store	名詞,固有名詞,組織,*	1
0	と	助詞,並立助詞,*,*	0
1	Apple	名詞,固有名詞,組織,*	1
1	 	記号,空白,*,*	1
1	Online	名詞,固有名詞,組織,*	1
1	 	記号,空白,*,*	1
0	Store	名詞,固有名詞,組織,*	1
0	において	助詞,格助詞,連語,*	0
0	ハードウェア	名詞,一般,*,*	0
0	と	助詞,並立助詞,*,*	0
0	ソフトウェア	名詞,一般,*,*	0
0	の	助詞,連体化,*,*	0
0	販売	名詞,サ変接続,*,*	0
0	を	助詞,格助詞,一般,*	0
0	行っ	動詞,自立,*,*	0
0	て	助詞,接続助詞,*,*	0
0	いる	動詞,非自立,*,*	0
0	他	名詞,非自立,副詞可能,*	0
0	、	記号,読点,*,*	0
1	iTunes	名詞,固有名詞,組織,*	1
1	 	記号,空白,*,*	1
0	Store	名詞,一般,*,*	1
0	で	助詞,格助詞,一般,*	0
0	は	助詞,係助詞,*,*	0
0	、	記号,読点,*,*	0
0	音楽	名詞,一般,*,*	0
0	、	記号,読点,*,*	0
0	映画	名詞,一般,*,*	0
0	、	記号,読点,*,*	0
1	テレビ	名詞,一般,*,*	0
0	番組	名詞,一般,*,*	0
0	、	記号,読点,*,*	0
0	アプリ	名詞,一般,*,*	1
0	(	記号_括弧開	0
1	App	名詞,固有名詞,組織,*	1
1	 	記号,空白,*,*	1
0	Store	名詞,固有名詞,組織,*	1
0	)	記号_括弧閉	0
0	、	記号,読点,*,*	0
1	電子	名詞,一般,*,*	0
0	書籍	名詞,一般,*,*	0
0	、	記号,読点,*,*	0
0	ポッドキャスト	名詞,一般,*,*	1
0	と	助詞,並立助詞,*,*	0
0	広範囲	名詞,一般,*,*	0
0	の	助詞,連体化,*,*	0
1	デジタル	名詞,一般,*,*	0
0	コンテンツ	名詞,一般,*,*	0
0	の	助詞,連体化,*,*	0
1	ダウンロード	名詞,サ変接続,*,*	0
0	販売	名詞,サ変接続,*,*	0
0	を	助詞,格助詞,一般,*	0
0	提供	名詞,サ変接続,*,*	0
0	し	動詞,自立,*,*	0
0	て	助詞,接続助詞,*,*	0
0	いる	動詞,非自立,*,*	0
0	。	記号,句点,*,*	0
0	現在	名詞,副詞可能,*,*	0
0	の	助詞,連体化,*,*	0
0	売り上げ	名詞,一般,*,*	0
0	の	助詞,連体化,*,*	0
0	半分	名詞,副詞可能,*,*	0
0	以上	名詞,非自立,副詞可能,*	0
0	を	助詞,格助詞,一般,*	0
0	占める	動詞,自立,*,*	0
0	の	名詞,非自立,一般,*	0
0	は	助詞,係助詞,*,*	0
1	創業	名詞,サ変接続,*,*	0
0	事業	名詞,一般,*,*	0
0	の	助詞,連体化,*,*	0
1	パソコン	名詞,一般,*,*	0
0	部門	名詞,一般,*,*	0
0	で	助詞,格助詞,一般,*	0
0	は	助詞,係助詞,*,*	0
0	なく	助動詞,*,*,*	0
0	、	記号,読点,*,*	0
0	iPhone	感動詞,*,*,*	1
0	及び	接続詞,*,*,*	0
0	iPad	名詞,一般,*,*	1
0	を	助詞,格助詞,一般,*	0
0	中心	名詞,一般,*,*	0
0	と	助詞,格助詞,一般,*	0
0	し	動詞,自立,*,*	0
0	た	助動詞,*,*,*	0
1	携帯	名詞,サ変接続,*,*	0
1	端末	名詞,一般,*,*	0
0	事業	名詞,一般,*,*	0
0	で	助動詞,*,*,*	0
0	あり	助動詞,*,*,*	0
0	、	記号,読点,*,*	0
0	それに	接続詞,*,*,*	0
0	iPod	名詞,一般,*,*	1
0	を	助詞,格助詞,一般,*	0
0	中心	名詞,一般,*,*	0
0	と	助詞,格助詞,一般,*	0
0	し	動詞,自立,*,*	0
0	た	助動詞,*,*,*	0
1	音楽	名詞,一般,*,*	0
0	事業	名詞,一般,*,*	0
0	が	助詞,格助詞,一般,*	0
0	続く	動詞,自立,*,*	0
0	。	記号,句点,*,*	0
0	専門	名詞,一般,*,*	0
0	の	助詞,連体化,*,*	0
1	音楽	名詞,一般,*,*	0
1	・	記号_中黒	0
1	映画	名詞,一般,*,*	0
1	産業	名詞,一般,*,*	0
1	向け	名詞,接尾,一般,*	0
1	ソフトウェア	名詞,一般,*,*	0
0	製品	名詞,一般,*,*	0
0	の	助詞,連体化,*,*	0
0	大手	名詞,一般,*,*	0
0	の	助詞,連体化,*,*	0
1	提供	名詞,サ変接続,*,*	0
0	元	名詞,接尾,一般,*	0
0	で	助詞,格助詞,一般,*	0
0	も	助詞,係助詞,*,*	0
0	ある	動詞,自立,*,*	0
0	。	記号,句点,*,*	0
1	1977	名詞,数,*,*	1
1	年	名詞,接尾,助数詞,*	0
1	1	名詞,数,*,*	1
1	月	名詞,一般,*,*	0
1	3	名詞,数,*,*	1
0	日	名詞,接尾,助数詞,*	0
0	に	助詞,格助詞,一般,*	0
0	設立	名詞,サ変接続,*,*	0
0	さ	動詞,自立,*,*	0
0	れ	動詞,接尾,*,*	0
0	て	助詞,接続助詞,*,*	0
0	以来	名詞,副詞可能,*,*	0
0	“	記号,括弧開,*,*	0
1	Apple	名詞,固有名詞,組織,*	1
1	 	記号,空白,*,*	1
1	Computer	名詞,固有名詞,組織,*	1
1	,	名詞,サ変接続,*,*	1
1	 	記号,空白,*,*	1
1	Inc	名詞,固有名詞,組織,*	1
0	.	記号_ピリオド	0
0	”	記号,括弧閉,*,*	0
0	(	記号_括弧開	0
0	アップルコンピュータ	名詞,固有名詞,組織,*	0
0	)	記号_括弧閉	0
0	を	助詞,格助詞,一般,*	0
0	名乗っ	動詞,自立,*,*	0
0	て	助詞,接続助詞,*,*	0
0	い	動詞,非自立,*,*	0
0	た	助動詞,*,*,*	0
0	が	助詞,接続助詞,*,*	0
0	、	記号,読点,*,*	0
1	2007	名詞,数,*,*	1
1	年	名詞,接尾,助数詞,*	0
1	1	名詞,数,*,*	1
1	月	名詞,一般,*,*	0
1	9	名詞,数,*,*	1
0	日	名詞,接尾,助数詞,*	0
0	 	記号,空白,*,*	1
0	(	記号_括弧開	0
0	PST	名詞,固有名詞,組織,*	1
0	)	記号_括弧閉	0
0	 	記号,空白,*,*	1
0	に	助詞,格助詞,一般,*	0
1	主力	名詞,一般,*,*	0
0	事業	名詞,一般,*,*	0
0	の	助詞,連体化,*,*	0
0	変化	名詞,サ変接続,*,*	0
0	を	助詞,格助詞,一般,*	0
0	反映	名詞,サ変接続,*,*	0
0	さ	動詞,自立,*,*	0
0	せ	動詞,接尾,*,*	0
0	[	記号_括弧開	0
0	8	名詞,数,*,*	1
0	]	記号_括弧閉	0
0	、	記号,読点,*,*	0
1	現	接頭詞,名詞接続,*,*	0
0	社名	名詞,一般,*,*	0
0	の	助詞,連体化,*,*	0
0	“	記号,括弧開,*,*	0
1	Apple	名詞,固有名詞,組織,*	1
1	 	記号,空白,*,*	1
1	Inc	名詞,固有名詞,組織,*	1
0	.	記号_ピリオド	0
0	”	記号,括弧閉,*,*	0
0	(	記号_括弧開	0
0	アップル	名詞,一般,*,*	0
0	)	記号_括弧閉	0
0	に	助詞,格助詞,一般,*	0
0	改称	名詞,サ変接続,*,*	0
0	し	動詞,自立,*,*	0
0	た	助動詞,*,*,*	0
0	[	記号_括弧開	0
0	9	名詞,数,*,*	1
0	]	記号_括弧閉	0
0	。	記号,句点,*,*	0
1	2011	名詞,数,*,*	1
1	年	名詞,接尾,助数詞,*	0
1	8	名詞,数,*,*	1
1	月	名詞,一般,*,*	0
1	10	名詞,数,*,*	1
0	日	名詞,接尾,助数詞,*	0
0	、	記号,読点,*,*	0
1	ニューヨーク	名詞,固有名詞,地域,一般	0
1	株式	名詞,一般,*,*	0
0	市場	名詞,一般,*,*	0
0	の	助詞,連体化,*,*	0
0	終値	名詞,一般,*,*	0
0	で	助詞,格助詞,一般,*	0
0	、	記号,読点,*,*	0
0	初めて	副詞,一般,*,*	0
1	時価	名詞,一般,*,*	0
1	総額	名詞,一般,*,*	0
0	世界一	名詞,副詞可能,*,*	0
0	に	助詞,格助詞,一般,*	0
0	なっ	動詞,自立,*,*	0
0	た	助動詞,*,*,*	0
0	。	記号,句点,*,*	0
1	1974	名詞,数,*,*	1
0	年	名詞,接尾,助数詞,*	0
0	、	記号,読点,*,*	0
0	大学	名詞,一般,*,*	0
0	を	助詞,格助詞,一般,*	0
0	中退	名詞,サ変接続,*,*	0
0	し	動詞,自立,*,*	0
0	アタリ	名詞,固有名詞,人名,姓	0
0	の	助詞,連体化,*,*	0
0	技師	名詞,一般,*,*	0
0	を	助詞,格助詞,一般,*	0
0	し	動詞,自立,*,*	0
0	て	助詞,接続助詞,*,*	0
0	い	動詞,非自立,*,*	0
0	た	助動詞,*,*,*	0
1	ビル	名詞,一般,*,*	0
1	・	記号_中黒	0
0	ゲイツ	名詞,固有名詞,人名,姓	0
0	と	助詞,並立助詞,*,*	0
1	ヒュー	名詞,固有名詞,人名,名	0
1	レット	名詞,固有名詞,人名,名	0
1	・	記号_中黒	0
1	パッ	副詞,助詞類接続,*,*	0
0	カード	名詞,一般,*,*	0
0	に	助詞,格助詞,一般,*	0
0	勤務	名詞,サ変接続,*,*	0
0	し	動詞,自立,*,*	0
0	て	助詞,接続助詞,*,*	0
0	い	動詞,非自立,*,*	0
0	た	助動詞,*,*,*	0
1	スティーブ	名詞,固有名詞,人名,名	0
1	・	記号_中黒	0
0	ウォズニアック	名詞,一般,*,*	1
0	(	記号_括弧開	0
0	以下	名詞,非自立,副詞可能,*	0
0	ウォズ	名詞,一般,*,*	1
0	)	記号_括弧閉	0
0	の	助詞,連体化,*,*	0
1	2	名詞,数,*,*	1
0	人	名詞,接尾,助数詞,*	0
0	は	助詞,係助詞,*,*	0
0	、	記号,読点,*,*	0
0	地元	名詞,一般,*,*	0
0	の	助詞,連体化,*,*	0
1	コンピュータ	名詞,一般,*,*	0
0	マニア	名詞,一般,*,*	0
0	の	助詞,連体化,*,*	0
0	集まり	名詞,一般,*,*	0
0	で	助動詞,*,*,*	0
0	あっ	助動詞,*,*,*	0
0	た	助動詞,*,*,*	0
1	ホームブリュー	名詞,一般,*,*	1
1	・	記号_中黒	0
1	コンピュータ	名詞,一般,*,*	0
1	・	記号_中黒	0
0	クラブ	名詞,一般,*,*	0
0	(	記号_括弧開	0
0	「	記号,括弧開,*,*	0
1	自家	名詞,一般,*,*	0
0	醸造	名詞,サ変接続,*,*	0
0	」	記号,括弧閉,*,*	0
1	コンピュータ	名詞,一般,*,*	0
1	・	記号_中黒	0
0	クラブ	名詞,一般,*,*	0
0	)	記号_括弧閉	0
0	に	助詞,格助詞,一般,*	0
0	参加	名詞,サ変接続,*,*	0
0	する	動詞,自立,*,*	0
0	よう	名詞,非自立,助動詞語幹,*	0
0	に	助詞,格助詞,一般,*	0
0	なっ	動詞,自立,*,*	0
0	た	助動詞,*,*,*	0
0	。	記号,句点,*,*	0
1	1975	名詞,数,*,*	1
0	年	名詞,接尾,助数詞,*	0
0	に	助詞,格助詞,一般,*	0
0	インテル	名詞,固有名詞,組織,*	0
0	が	助詞,格助詞,一般,*	0
1	i	名詞,一般,*,*	1
0	8080	名詞,数,*,*	1
0	を	助詞,格助詞,一般,*	0
0	リリース	名詞,サ変接続,*,*	0
0	する	動詞,自立,*,*	0
0	と	助詞,接続助詞,*,*	0
0	、	記号,読点,*,*	0
1	Altair	名詞,一般,*,*	1
0	8080	名詞,数,*,*	1
0	という	助詞,格助詞,連語,*	0
1	コンピュータ	名詞,一般,*,*	0
1	・	記号_中黒	0
0	キット	名詞,一般,*,*	0
0	が	助詞,格助詞,一般,*	0
0	早速	副詞,助詞類接続,*,*	0
0	発売	名詞,サ変接続,*,*	0
0	さ	動詞,自立,*,*	0
0	れる	動詞,接尾,*,*	0
0	よう	名詞,非自立,助動詞語幹,*	0
0	に	助詞,格助詞,一般,*	0
0	なり	動詞,自立,*,*	0
0	人気	名詞,一般,*,*	0
0	を	助詞,格助詞,一般,*	0
0	博し	動詞,自立,*,*	0
0	た	助動詞,*,*,*	0
0	。	記号,句点,*,*	0
0	ウォズ	名詞,一般,*,*	1
0	は	助詞,係助詞,*,*	0
0	、	記号,読点,*,*	0
0	8080	名詞,数,*,*	1
0	より	助詞,格助詞,一般,*	0
0	、	記号,読点,*,*	0
1	MC	名詞,一般,*,*	1
0	6800	名詞,数,*,*	1
0	の	助詞,連体化,*,*	0
0	流れ	名詞,一般,*,*	0
0	を	助詞,格助詞,一般,*	0
0	汲む	動詞,自立,*,*	0
1	MOS	名詞,固有名詞,組織,*	1
1	テクノロジー	名詞,一般,*,*	0
0	社	名詞,接尾,一般,*	0
0	の	助詞,連体化,*,*	0
1	MOS	名詞,一般,*,*	1
1	 	記号,空白,*,*	1
0	6502	名詞,数,*,*	1
0	の	助詞,連体化,*,*	0
0	方	名詞,非自立,一般,*	0
0	が	助詞,格助詞,一般,*	0
0	安く	形容詞,自立,*,*	0
0	、	記号,読点,*,*	0
0	しかも	接続詞,*,*,*	0
0	簡易	名詞,形容動詞語幹,*,*	0
0	な	助動詞,*,*,*	0
0	回路	名詞,一般,*,*	0
0	の	助詞,連体化,*,*	0
0	コンピュータ	名詞,一般,*,*	0
0	が	助詞,格助詞,一般,*	0
0	できる	動詞,自立,*,*	0
0	と	助詞,格助詞,引用,*	0
0	確信	名詞,サ変接続,*,*	0
0	し	動詞,自立,*,*	0
0	、	記号,読点,*,*	0
1	1975	名詞,数,*,*	1
1	年	名詞,接尾,助数詞,*	0
1	10	名詞,数,*,*	1
0	月	名詞,一般,*,*	0
0	から	助詞,格助詞,一般,*	0
1	半	名詞,数,*,*	0
0	年間	名詞,接尾,助数詞,*	0
0	かけ	動詞,自立,*,*	0
0	て	助詞,接続助詞,*,*	0
0	設計	名詞,サ変接続,*,*	0
0	、	記号,読点,*,*	0
1	1976	名詞,数,*,*	1
1	年	名詞,接尾,助数詞,*	0
1	3	名詞,数,*,*	1
0	月	名詞,一般,*,*	0
0	に	助詞,格助詞,一般,*	0
0	最初	名詞,一般,*,*	0
0	の	助詞,連体化,*,*	0
1	プロト	名詞,一般,*,*	1
0	機	名詞,接尾,一般,*	0
0	を	助詞,格助詞,一般,*	0
0	完成	名詞,サ変接続,*,*	0
0	さ	動詞,自立,*,*	0
0	せ	動詞,接尾,*,*	0
0	た	助動詞,*,*,*	0
0	。	記号,句点,*,*	0
1	ホームブリュー	名詞,一般,*,*	1
1	・	記号_中黒	0
1	コンピュータ	名詞,一般,*,*	0
1	・	記号_中黒	0
0	クラブ	名詞,一般,*,*	0
0	で	助詞,格助詞,一般,*	0
0	デモ	名詞,サ変接続,*,*	0
0	を	助詞,格助詞,一般,*	0
0	行っ	動詞,自立,*,*	0
0	た	助動詞,*,*,*	0
0	。	記号,句点,*,*	0
1	自分	名詞,一般,*,*	0
0	達	名詞,接尾,一般,*	0
0	で	助詞,格助詞,一般,*	0
0	売る	動詞,自立,*,*	0
0	事	名詞,非自立,一般,*	0
0	を	助詞,格助詞,一般,*	0
0	考え	動詞,自立,*,*	0
0	て	助詞,接続助詞,*,*	0
0	い	動詞,非自立,*,*	0
0	た	助動詞,*,*,*	0
0	が	助詞,接続助詞,*,*	0
0	、	記号,読点,*,*	0
0	ウォズ	名詞,一般,*,*	1
0	は	助詞,係助詞,*,*	0
1	ヒュー	名詞,固有名詞,人名,名	0
1	レット	名詞,固有名詞,人名,名	0
1	・	記号_中黒	0
1	パッ	副詞,助詞類接続,*,*	0
0	カード	名詞,一般,*,*	0
0	の	助詞,連体化,*,*	0
0	社員	名詞,一般,*,*	0
0	で	助動詞,*,*,*	0
0	ある	助動詞,*,*,*	0
0	が	助詞,接続助詞,*,*	0
0	故に	接続詞,*,*,*	0
0	「	記号,括弧開,*,*	0
0	開発	名詞,サ変接続,*,*	0
0	し	動詞,自立,*,*	0
0	た	助動詞,*,*,*	0
0	製品	名詞,一般,*,*	0
0	を	助詞,格助詞,一般,*	0
0	見せ	動詞,自立,*,*	0
0	なけれ	助動詞,*,*,*	0
0	ば	助詞,接続助詞,*,*	0
0	なら	動詞,非自立,*,*	0
0	ない	助動詞,*,*,*	0
0	」	記号,括弧閉,*,*	0
0	と	助詞,格助詞,引用,*	0
0	上司	名詞,一般,*,*	0
0	に	助詞,格助詞,一般,*	0
0	この	連体詞,*,*,*	0
0	機械	名詞,一般,*,*	0
0	を	助詞,格助詞,一般,*	0
0	見せる	動詞,自立,*,*	0
0	が	助詞,接続助詞,*,*	0
1	製造	名詞,サ変接続,*,*	0
0	販売	名詞,サ変接続,*,*	0
0	を	助詞,格助詞,一般,*	0
0	断ら	動詞,自立,*,*	0
0	れ	動詞,接尾,*,*	0
0	、	記号,読点,*,*	0
0	自分	名詞,一般,*,*	0
0	達	名詞,接尾,一般,*	0
0	で	助詞,格助詞,一般,*	0
0	売り出す	動詞,自立,*,*	0
0	こと	名詞,非自立,一般,*	0
0	と	助詞,格助詞,一般,*	0
0	なっ	動詞,自立,*,*	0
0	た	助動詞,*,*,*	0
0	。	記号,句点,*,*	0
0	ジョブズ	名詞,固有名詞,人名,姓	0
0	は	助詞,係助詞,*,*	0
0	、	記号,読点,*,*	0
0	マウンテンビュー	名詞,一般,*,*	1
0	に	助詞,格助詞,一般,*	0
0	あっ	動詞,自立,*,*	0
0	た	助動詞,*,*,*	0
1	コンピュータ	名詞,一般,*,*	0
0	ショップ	名詞,一般,*,*	0
0	の	助詞,連体化,*,*	0
1	バイト	名詞,一般,*,*	0
0	ショップ	名詞,一般,*,*	0
0	の	助詞,連体化,*,*	0
0	オーナー	名詞,一般,*,*	0
0	で	助動詞,*,*,*	0
0	あっ	助動詞,*,*,*	0
0	た	助動詞,*,*,*	0
1	ポール	名詞,固有名詞,人名,名	0
1	・	記号_中黒	0
0	テレル	名詞,一般,*,*	1
0	に	助詞,格助詞,一般,*	0
0	基板	名詞,一般,*,*	0
0	(	記号_括弧開	0
0	メインロジックボード	名詞,一般,*,*	1
0	)	記号_括弧閉	0
0	を	助詞,格助詞,一般,*	0
0	見せ	動詞,自立,*,*	0
0	た	助動詞,*,*,*	0
0	。	記号,句点,*,*	0
0	テレル	名詞,一般,*,*	1
0	は	助詞,係助詞,*,*	0
0	非常	名詞,形容動詞語幹,*,*	0
0	に	助詞,副詞化,*,*	0
0	強い	形容詞,自立,*,*	0
0	興味	名詞,一般,*,*	0
0	を	助詞,格助詞,一般,*	0
0	持ち	動詞,自立,*,*	0
0	、	記号,読点,*,*	0
1	30	名詞,数,*,*	1
1	日	名詞,接尾,助数詞,*	0
0	以内	名詞,非自立,副詞可能,*	0
0	に	助詞,格助詞,一般,*	0
1	50	名詞,数,*,*	1
0	台	名詞,接尾,助数詞,*	0
0	を	助詞,格助詞,一般,*	0
0	納品	名詞,サ変接続,*,*	0
0	でき	動詞,自立,*,*	0
0	たら	助動詞,*,*,*	0
0	、	記号,読点,*,*	0
0	現金	名詞,一般,*,*	0
0	で	助詞,格助詞,一般,*	0
0	代金	名詞,一般,*,*	0
0	を	助詞,格助詞,一般,*	0
0	支払う	動詞,自立,*,*	0
0	と	助詞,格助詞,引用,*	0
0	提案	名詞,サ変接続,*,*	0
0	する	動詞,自立,*,*	0
0	。	記号,句点,*,*	0
0	愛車	名詞,一般,*,*	0
0	の	助詞,連体化,*,*	0
1	ワーゲン	名詞,一般,*,*	0
0	バス	名詞,一般,*,*	0
0	を	助詞,格助詞,一般,*	0
1	1500	名詞,数,*,*	1
0	ドル	名詞,接尾,助数詞,*	0
0	で	助詞,格助詞,一般,*	0
0	売り	動詞,自立,*,*	0
0	、	記号,読点,*,*	0
0	ウォズ	名詞,一般,*,*	1
0	は	助詞,係助詞,*,*	0
1	ヒュー	名詞,固有名詞,人名,名	0
1	レット	名詞,固有名詞,人名,名	0
1	・	記号_中黒	0
1	パッ	副詞,助詞類接続,*,*	0
0	カード	名詞,一般,*,*	0
0	の	助詞,連体化,*,*	0
1	プログラミング	名詞,サ変接続,*,*	0
0	電卓	名詞,一般,*,*	0
0	を	助詞,格助詞,一般,*	0
1	250	名詞,数,*,*	1
0	ドル	名詞,接尾,助数詞,*	0
0	で	助詞,格助詞,一般,*	0
0	売り払い	動詞,自立,*,*	0
0	、	記号,読点,*,*	0
1	100	名詞,数,*,*	1
1	台	名詞,接尾,助数詞,*	0
0	分	名詞,接尾,一般,*	0
0	の	助詞,連体化,*,*	0
0	部品	名詞,一般,*,*	0
0	を	助詞,格助詞,一般,*	0
0	集め	動詞,自立,*,*	0
0	た	助動詞,*,*,*	0
0	。	記号,句点,*,*	0
0	さらに	副詞,助詞類接続,*,*	0
0	アタリ	名詞,固有名詞,人名,姓	0
0	で	助詞,格助詞,一般,*	0
1	製図	名詞,サ変接続,*,*	0
0	工	名詞,接尾,一般,*	0
0	を	助詞,格助詞,一般,*	0
0	し	動詞,自立,*,*	0
0	て	助詞,接続助詞,*,*	0
0	い	動詞,非自立,*,*	0
0	た	助動詞,*,*,*	0
1	ロン	名詞,固有名詞,人名,名	0
1	・	記号_中黒	0
0	ウェイン	名詞,固有名詞,人名,姓	0
0	も	助詞,係助詞,*,*	0
1	株式	名詞,一般,*,*	0
1	10	名詞,数,*,*	1
1	%	名詞,サ変接続,*,*	1
0	分	名詞,接尾,一般,*	0
0	の	助詞,連体化,*,*	0
0	権利	名詞,一般,*,*	0
0	を	助詞,格助詞,一般,*	0
0	持つ	動詞,自立,*,*	0
0	こと	名詞,非自立,一般,*	0
0	を	助詞,格助詞,一般,*	0
0	条件	名詞,一般,*,*	0
0	として	助詞,格助詞,連語,*	0
0	参加	名詞,サ変接続,*,*	0
0	し	動詞,自立,*,*	0
0	た	助動詞,*,*,*	0
0	。	記号,句点,*,*	0
0	彼	名詞,代名詞,一般,*	0
0	は	助詞,係助詞,*,*	0
1	Apple	名詞,固有名詞,組織,*	1
1	 	記号,空白,*,*	1
0	I	名詞,固有名詞,組織,*	1
0	の	助詞,連体化,*,*	0
0	マニュアル	名詞,一般,*,*	0
0	など	助詞,副助詞,*,*	0
0	を	助詞,格助詞,一般,*	0
0	作成	名詞,サ変接続,*,*	0
0	する	動詞,自立,*,*	0
0	仕事	名詞,サ変接続,*,*	0
0	に	助詞,格助詞,一般,*	0
0	従事	名詞,サ変接続,*,*	0
0	し	動詞,自立,*,*	0
0	た	助動詞,*,*,*	0
0	。	記号,句点,*,*	0
1	Apple	名詞,固有名詞,組織,*	1
1	 	記号,空白,*,*	1
0	II	名詞,固有名詞,組織,*	1
0	の	助詞,連体化,*,*	0
1	大	接頭詞,名詞接続,*,*	0
0	成功	名詞,サ変接続,*,*	0
0	は	助詞,係助詞,*,*	0
0	、	記号,読点,*,*	0
1	青い	形容詞,自立,*,*	0
0	巨人	名詞,一般,*,*	0
0	 	記号,空白,*,*	1
0	(	記号_括弧開	0
1	Big	名詞,固有名詞,組織,*	1
1	 	記号,空白,*,*	1
0	Blue	名詞,固有名詞,組織,*	1
0	)	記号_括弧閉	0
0	 	記号,空白,*,*	1
0	と	助詞,格助詞,引用,*	0
0	呼ば	動詞,自立,*,*	0
0	れ	動詞,接尾,*,*	0
0	た	助動詞,*,*,*	0
0	IBM	名詞,一般,*,*	1
0	に	助詞,格助詞,一般,*	0
1	パーソナルコンピュータ	名詞,一般,*,*	0
0	市場	名詞,一般,*,*	0
0	へ	助詞,格助詞,一般,*	0
0	の	助詞,連体化,*,*	0
0	参入	名詞,サ変接続,*,*	0
0	を	助詞,格助詞,一般,*	0
0	決断	名詞,サ変接続,*,*	0
0	さ	動詞,自立,*,*	0
0	せる	動詞,接尾,*,*	0
0	。	記号,句点,*,*	0
1	1981	名詞,数,*,*	1
0	年	名詞,接尾,助数詞,*	0
0	に	助詞,格助詞,一般,*	0
1	IBM	名詞,一般,*,*	1
1	 	記号,空白,*,*	1
0	PC	名詞,固有名詞,組織,*	1
0	が	助詞,格助詞,一般,*	0
0	発表	名詞,サ変接続,*,*	0
0	さ	動詞,自立,*,*	0
0	れる	動詞,接尾,*,*	0
0	と	助詞,接続助詞,*,*	0
0	、	記号,読点,*,*	0
0	アップル	名詞,一般,*,*	0
0	は	助詞,係助詞,*,*	0
1	新聞	名詞,一般,*,*	0
0	広告	名詞,サ変接続,*,*	0
0	で	助詞,格助詞,一般,*	0
0	“	記号,括弧開,*,*	0
1	Welcome	名詞,固有名詞,組織,*	1
1	,	名詞,サ変接続,*,*	1
1	 	記号,空白,*,*	1
1	IBM	名詞,固有名詞,組織,*	1
1	.	名詞,サ変接続,*,*	1
1	 	記号,空白,*,*	1
0	Seriously	名詞,固有名詞,組織,*	1
0	”	記号,括弧閉,*,*	0
0	と	助詞,格助詞,引用,*	0
0	挑発	名詞,サ変接続,*,*	0
0	し	動詞,自立,*,*	0
0	た	助動詞,*,*,*	0
0	が	助詞,接続助詞,*,*	0
0	、	記号,読点,*,*	0
1	Apple	名詞,固有名詞,組織,*	1
1	 	記号,空白,*,*	1
0	II	名詞,固有名詞,組織,*	1
0	は	助詞,係助詞,*,*	0
0	次第に	副詞,一般,*,*	0
0	IBM	名詞,一般,*,*	1
0	に	助詞,格助詞,一般,*	0
0	シェア	名詞,一般,*,*	0
0	を	助詞,格助詞,一般,*	0
0	奪わ	動詞,自立,*,*	0
0	れ	動詞,接尾,*,*	0
0	、	記号,読点,*,*	0
0	新しい	形容詞,自立,*,*	0
0	製品	名詞,一般,*,*	0
0	が	助詞,格助詞,一般,*	0
0	待望	名詞,サ変接続,*,*	0
0	さ	動詞,自立,*,*	0
0	れる	動詞,接尾,*,*	0
0	よう	名詞,非自立,助動詞語幹,*	0
0	に	助詞,格助詞,一般,*	0
0	なっ	動詞,自立,*,*	0
0	た	助動詞,*,*,*	0
0	。	記号,句点,*,*	0
0	前後	名詞,副詞可能,*,*	0
0	し	動詞,自立,*,*	0
0	て	助詞,接続助詞,*,*	0
0	、	記号,読点,*,*	0
1	1978	名詞,数,*,*	1
0	年	名詞,接尾,助数詞,*	0
0	に	助詞,格助詞,一般,*	0
0	ジョブズ	名詞,固有名詞,人名,姓	0
0	ら	名詞,接尾,一般,*	0
0	が	助詞,格助詞,一般,*	0
1	Apple	名詞,一般,*,*	1
1	 	記号,空白,*,*	1
0	II	名詞,一般,*,*	1
0	を	助詞,格助詞,一般,*	0
0	打ち破る	動詞,自立,*,*	0
1	次世代	名詞,一般,*,*	0
0	パーソナルコンピュータ	名詞,一般,*,*	0
0	の	助詞,連体化,*,*	0
0	概念	名詞,一般,*,*	0
0	を	助詞,格助詞,一般,*	0
0	練り上げる	動詞,自立,*,*	0
0	ため	名詞,非自立,副詞可能,*	0
0	の	助詞,連体化,*,*	0
0	ブレインストーミング	名詞,一般,*,*	1
0	が	助詞,格助詞,一般,*	0
0	始まり	動詞,自立,*,*	0
0	、	記号,読点,*,*	0
1	1979	名詞,数,*,*	1
0	年	名詞,接尾,助数詞,*	0
0	の	助詞,連体化,*,*	0
0	秋	名詞,一般,*,*	0
0	に	助詞,格助詞,一般,*	0
1	2000	名詞,数,*,*	1
1	ドル	名詞,接尾,助数詞,*	0
0	台	名詞,接尾,一般,*	0
0	の	助詞,連体化,*,*	0
1	ビジネス	名詞,一般,*,*	0
0	向け	名詞,接尾,一般,*	0
0	を	助詞,格助詞,一般,*	0
0	念頭	名詞,一般,*,*	0
0	に	助詞,格助詞,一般,*	0
0	おい	動詞,自立,*,*	0
0	た	助動詞,*,*,*	0
1	Lisa	名詞,一般,*,*	1
0	プロジェクト	名詞,一般,*,*	0
0	が	助詞,格助詞,一般,*	0
0	立ち	動詞,自立,*,*	0
0	上げ	動詞,自立,*,*	0
0	られ	動詞,接尾,*,*	0
0	た	助動詞,*,*,*	0
0	。	記号,句点,*,*	0
0	この	連体詞,*,*,*	0
0	頃	名詞,非自立,副詞可能,*	0
0	、	記号,読点,*,*	0
0	ジョブズ	名詞,固有名詞,人名,姓	0
0	は	助詞,係助詞,*,*	0
1	XEROX	名詞,一般,*,*	1
0	社	名詞,接尾,一般,*	0
0	に	助詞,格助詞,一般,*	0
0	アップル	名詞,一般,*,*	0
0	の	助詞,連体化,*,*	0
0	株式	名詞,一般,*,*	0
0	と	助詞,格助詞,一般,*	0
0	交換	名詞,サ変接続,*,*	0
0	に	助詞,格助詞,一般,*	0
1	パロアルト	名詞,一般,*,*	1
0	研究所	名詞,一般,*,*	0
0	の	助詞,連体化,*,*	0
0	見学	名詞,サ変接続,*,*	0
0	を	助詞,格助詞,一般,*	0
0	申し出る	動詞,自立,*,*	0
0	。	記号,句点,*,*	0
0	XEROX	名詞,固有名詞,組織,*	1
0	の	助詞,連体化,*,*	0
0	役員	名詞,一般,*,*	0
0	は	助詞,係助詞,*,*	0
0	特に	副詞,一般,*,*	0
0	意識	名詞,サ変接続,*,*	0
0	し	動詞,自立,*,*	0
0	て	助詞,接続助詞,*,*	0
0	い	動詞,非自立,*,*	0
0	なかっ	助動詞,*,*,*	0
0	た	助動詞,*,*,*	0
0	の	名詞,非自立,一般,*	0
0	だ	助動詞,*,*,*	0
0	が	助詞,接続助詞,*,*	0
0	、	記号,読点,*,*	0
0	現場	名詞,一般,*,*	0
0	の	助詞,連体化,*,*	0
0	開発	名詞,サ変接続,*,*	0
0	者	名詞,接尾,一般,*	0
0	から	助詞,格助詞,一般,*	0
0	は	助詞,係助詞,*,*	0
0	「	記号,括弧開,*,*	0
0	ジョブズ	名詞,固有名詞,人名,姓	0
0	が	助詞,格助詞,一般,*	0
0	来る	動詞,自立,*,*	0
0	という	助詞,格助詞,連語,*	0
0	こと	名詞,非自立,一般,*	0
0	は	助詞,係助詞,*,*	0
0	盗用	名詞,サ変接続,*,*	0
0	さ	動詞,自立,*,*	0
0	れ	動詞,接尾,*,*	0
0	て	助詞,接続助詞,*,*	0
0	も	助詞,係助詞,*,*	0
0	おかしく	形容詞,自立,*,*	0
0	ない	助動詞,*,*,*	0
0	」	記号,括弧閉,*,*	0
0	という	助詞,格助詞,連語,*	0
0	不満	名詞,一般,*,*	0
0	の	助詞,連体化,*,*	0
0	声	名詞,一般,*,*	0
0	も	助詞,係助詞,*,*	0
0	あっ	動詞,自立,*,*	0
0	た	助動詞,*,*,*	0
0	。	記号,句点,*,*	0
0	しかし	接続詞,*,*,*	0
0	、	記号,読点,*,*	0
1	結果	名詞,副詞可能,*,*	0
0	的	名詞,接尾,形容動詞語幹,*	0
0	に	助詞,副詞化,*,*	0
0	見学	名詞,サ変接続,*,*	0
0	の	助詞,連体化,*,*	0
0	申し出	名詞,一般,*,*	0
0	は	助詞,係助詞,*,*	0
0	受け入れ	動詞,自立,*,*	0
0	られ	動詞,接尾,*,*	0
0	、	記号,読点,*,*	0
1	1979	名詞,数,*,*	1
1	年	名詞,接尾,助数詞,*	0
0	の	助詞,連体化,*,*	0
1	11	名詞,数,*,*	1
0	月	名詞,一般,*,*	0
0	と	助詞,並立助詞,*,*	0
1	12	名詞,数,*,*	1
0	月	名詞,一般,*,*	0
0	の	助詞,連体化,*,*	0
1	2	名詞,数,*,*	1
0	回	名詞,接尾,助数詞,*	0
0	に	助詞,格助詞,一般,*	0
0	渡り	動詞,自立,*,*	0
0	見学	名詞,サ変接続,*,*	0
0	が	助詞,格助詞,一般,*	0
0	行わ	動詞,自立,*,*	0
0	れ	動詞,接尾,*,*	0
0	た	助動詞,*,*,*	0
0	。	記号,句点,*,*	0
1	先進	名詞,一般,*,*	0
0	的	名詞,接尾,形容動詞語幹,*	0
0	な	助動詞,*,*,*	0
0	Smalltalk	名詞,一般,*,*	1
0	で	助詞,格助詞,一般,*	0
0	動く	動詞,自立,*,*	0
0	GUI	名詞,一般,*,*	1
0	を	助詞,格助詞,一般,*	0
0	持ち	動詞,自立,*,*	0
0	、	記号,読点,*,*	0
0	ビットマップディスプレイ	名詞,一般,*,*	1
0	と	助詞,並立助詞,*,*	0
0	マウス	名詞,一般,*,*	0
0	で	助詞,格助詞,一般,*	0
0	操作	名詞,サ変接続,*,*	0
0	さ	動詞,自立,*,*	0
0	れる	動詞,接尾,*,*	0
0	Alto	名詞,一般,*,*	1
0	の	助詞,連体化,*,*	0
0	デモ	名詞,サ変接続,*,*	0
0	に	助詞,格助詞,一般,*	0
0	インスピレーション	名詞,一般,*,*	0
0	を	助詞,格助詞,一般,*	0
0	得	動詞,自立,*,*	0
0	た	助動詞,*,*,*	0
0	ジョブズ	名詞,固有名詞,人名,姓	0
0	は	助詞,係助詞,*,*	0
0	、	記号,読点,*,*	0
0	Lisa	名詞,一般,*,*	1
0	に	助詞,格助詞,一般,*	0
0	アルト	名詞,一般,*,*	0
0	と	助詞,格助詞,一般,*	0
0	同じ	連体詞,*,*,*	0
0	機能	名詞,サ変接続,*,*	0
0	を	助詞,格助詞,一般,*	0
0	持た	動詞,自立,*,*	0
0	せる	動詞,接尾,*,*	0
0	こと	名詞,非自立,一般,*	0
0	を	助詞,格助詞,一般,*	0
0	意図	名詞,サ変接続,*,*	0
0	し	動詞,自立,*,*	0
0	、	記号,読点,*,*	0
0	設計	名詞,サ変接続,*,*	0
0	に	助詞,格助詞,一般,*	0
0	過剰	名詞,形容動詞語幹,*,*	0
0	に	助詞,副詞化,*,*	0
0	介入	名詞,サ変接続,*,*	0
0	を	助詞,格助詞,一般,*	0
0	し	動詞,自立,*,*	0
0	始め	動詞,非自立,*,*	0
0	た	助動詞,*,*,*	0
0	。	記号,句点,*,*	0
0	ジョブズ	名詞,固有名詞,人名,姓	0
0	が	助詞,格助詞,一般,*	0
1	Lisa	名詞,一般,*,*	1
0	プロジェクト	名詞,一般,*,*	0
0	を	助詞,格助詞,一般,*	0
0	混乱	名詞,サ変接続,*,*	0
0	さ	動詞,自立,*,*	0
0	せ	動詞,接尾,*,*	0
0	て	助詞,接続助詞,*,*	0
0	いる	動詞,非自立,*,*	0
0	原因	名詞,一般,*,*	0
0	と	助詞,格助詞,引用,*	0
0	考え	動詞,自立,*,*	0
0	た	助動詞,*,*,*	0
0	社長	名詞,一般,*,*	0
0	の	助詞,連体化,*,*	0
0	スコット	名詞,固有名詞,人名,姓	0
0	は	助詞,係助詞,*,*	0
0	、	記号,読点,*,*	0
1	1980	名詞,数,*,*	1
0	年	名詞,接尾,助数詞,*	0
0	の	助詞,連体化,*,*	0
0	秋	名詞,一般,*,*	0
0	に	助詞,格助詞,一般,*	0
0	ジョブズ	名詞,固有名詞,人名,姓	0
0	に	助詞,格助詞,一般,*	0
1	株式	名詞,一般,*,*	0
0	公開	名詞,サ変接続,*,*	0
0	の	助詞,連体化,*,*	0
0	ため	名詞,非自立,副詞可能,*	0
0	の	助詞,連体化,*,*	0
0	仕事	名詞,サ変接続,*,*	0
0	を	助詞,格助詞,一般,*	0
0	割り当て	動詞,自立,*,*	0
0	て	助詞,接続助詞,*,*	0
0	、	記号,読点,*,*	0
1	Lisa	名詞,固有名詞,組織,*	1
0	プロジェクト	名詞,一般,*,*	0
0	の	助詞,連体化,*,*	0
0	メンバー	名詞,一般,*,*	0
0	から	助詞,格助詞,一般,*	0
0	ジョブズ	名詞,固有名詞,人名,姓	0
0	を	助詞,格助詞,一般,*	0
0	外し	動詞,自立,*,*	0
0	た	助動詞,*,*,*	0
0	。	記号,句点,*,*	0
1	1984	名詞,数,*,*	1
0	年	名詞,接尾,助数詞,*	0
0	に	助詞,格助詞,一般,*	0
0	発売	名詞,サ変接続,*,*	0
0	さ	動詞,自立,*,*	0
0	れ	動詞,接尾,*,*	0
0	た	助動詞,*,*,*	0
1	初代	名詞,一般,*,*	0
0	Macintosh	名詞,一般,*,*	1
0	。	記号,句点,*,*	0
0	ジョブズ	名詞,固有名詞,人名,姓	0
0	が	助詞,格助詞,一般,*	0
0	「	記号,括弧開,*,*	0
0	シンプル	名詞,形容動詞語幹,*,*	0
0	」	記号,括弧閉,*,*	0
0	を	助詞,格助詞,一般,*	0
0	追求	名詞,サ変接続,*,*	0
0	し	動詞,自立,*,*	0
0	た	助動詞,*,*,*	0
0	末	名詞,非自立,副詞可能,*	0
0	に	助詞,格助詞,一般,*	0
0	完成	名詞,サ変接続,*,*	0
0	さ	動詞,自立,*,*	0
0	せ	動詞,接尾,*,*	0
0	た	助動詞,*,*,*	0
0	。	記号,句点,*,*	0
0	一方	接続詞,*,*,*	0
0	で	助詞,格助詞,一般,*	0
01	に	助詞,格助詞,一般,*	0
0	入社	名詞,サ変接続,*,*	0
0	し	動詞,自立,*,*	0
0	た	助動詞,*,*,*	0
0	ジェフ	名詞,固有名詞,人名,名	0
0	・	記号_中黒	0
1	ラス	名詞,一般,*,*	0
0	キン	名詞,一般,*,*	0
0	は	助詞,係助詞,*,*	0
0	、	記号,読点,*,*	0
1	Apple	名詞,固有名詞,組織,*	1
1	 	記号,空白,*,*	1
0	II	名詞,固有名詞,組織,*	1
0	が	助詞,格助詞,一般,*	0
0	一般	名詞,一般,*,*	0
0	の	助詞,連体化,*,*	0
0	人々	名詞,一般,*,*	0
0	に	助詞,格助詞,一般,*	0
0	は	助詞,係助詞,*,*	0
0	複雑	名詞,形容動詞語幹,*,*	0
0	すぎる	動詞,非自立,*,*	0
0	と	助詞,格助詞,引用,*	0
0	考え	動詞,自立,*,*	0
0	て	助詞,接続助詞,*,*	0
0	い	動詞,非自立,*,*	0
0	た	助動詞,*,*,*	0
0	。	記号,句点,*,*	0
1	マイク	名詞,一般,*,*	0
1	・	記号_中黒	0
0	マークラ	名詞,固有名詞,一般,*	0
0	は	助詞,係助詞,*,*	0
1	ラス	名詞,一般,*,*	0
0	キン	名詞,一般,*,*	0
0	に	助詞,格助詞,一般,*	0
1	500	名詞,数,*,*	1
1	ドル	名詞,接尾,助数詞,*	0
0	台	名詞,接尾,一般,*	0
0	の	助詞,連体化,*,*	0
1	ゲーム	名詞,一般,*,*	0
0	機	名詞,接尾,一般,*	0
0	(	記号_括弧開	0
1	コードネーム	名詞,一般,*,*	0
1	:	名詞,サ変接続,*,*	1
0	アニー	名詞,一般,*,*	1
0	)	記号_括弧閉	0
0	の	助詞,連体化,*,*	0
0	担当	名詞,サ変接続,*,*	0
0	を	助詞,格助詞,一般,*	0
0	打診	名詞,サ変接続,*,*	0
0	し	動詞,自立,*,*	0
0	た	助動詞,*,*,*	0
0	が	助詞,接続助詞,*,*	0
0	、	記号,読点,*,*	0
0	彼	名詞,代名詞,一般,*	0
0	は	助詞,係助詞,*,*	0
1	500	名詞,数,*,*	1
1	ドル	名詞,接尾,助数詞,*	0
0	台	名詞,接尾,一般,*	0
0	の	助詞,連体化,*,*	0
0	パーソナルコンピュータ	名詞,一般,*,*	0
0	の	助詞,連体化,*,*	0
0	開発	名詞,サ変接続,*,*	0
0	を	助詞,格助詞,一般,*	0
0	提案	名詞,サ変接続,*,*	0
0	し	動詞,自立,*,*	0
0	許可	名詞,サ変接続,*,*	0
0	さ	動詞,自立,*,*	0
0	れる	動詞,接尾,*,*	0
0	。	記号,句点,*,*	0
0	彼	名詞,代名詞,一般,*	0
0	は	助詞,係助詞,*,*	0
1	カリフォルニア	名詞,固有名詞,地域,一般	0
1	大学	名詞,一般,*,*	0
1	サンディエゴ	名詞,固有名詞,地域,一般	0
0	校	名詞,接尾,一般,*	0
0	で	助詞,格助詞,一般,*	0
0	の	助詞,連体化,*,*	0
0	教え子	名詞,一般,*,*	0
0	で	助動詞,*,*,*	0
0	あっ	助動詞,*,*,*	0
0	た	助動詞,*,*,*	0
1	ビル	名詞,一般,*,*	0
1	・	記号_中黒	0
0	アトキンソン	名詞,一般,*,*	1
0	を	助詞,格助詞,一般,*	0
0	雇い	動詞,自立,*,*	0
0	入れ	動詞,自立,*,*	0
0	、	記号,読点,*,*	0
0	また	接続詞,*,*,*	0
1	Apple	名詞,一般,*,*	1
1	 	記号,空白,*,*	1
0	II	名詞,固有名詞,組織,*	1
0	の	助詞,連体化,*,*	0
1	メンテナンス	名詞,一般,*,*	0
0	担当	名詞,サ変接続,*,*	0
0	だっ	助動詞,*,*,*	0
0	た	助動詞,*,*,*	0
1	ビュレル	名詞,一般,*,*	1
1	・	記号_中黒	0
0	スミス	名詞,固有名詞,人名,姓	0
0	など	助詞,副助詞,*,*	0
0	数	名詞,数,*,*	0
0	人	名詞,接尾,助数詞,*	0
0	で	助詞,格助詞,一般,*	0
1	1979	名詞,数,*,*	1
0	年	名詞,接尾,助数詞,*	0
0	に	助詞,格助詞,一般,*	0
1	Macintosh	名詞,一般,*,*	1
0	プロジェクト	名詞,一般,*,*	0
0	を	助詞,格助詞,一般,*	0
0	開始	名詞,サ変接続,*,*	0
0	する	動詞,自立,*,*	0
0	。	記号,句点,*,*	0
0	Macintosh	名詞,固有名詞,組織,*	1
0	は	助詞,係助詞,*,*	0
0	北米	名詞,固有名詞,地域,一般	0
0	で	助詞,格助詞,一般,*	0
0	は	助詞,係助詞,*,*	0
0	ポピュラー	名詞,形容動詞語幹,*,*	0
0	な	助動詞,*,*,*	0
0	小型	名詞,一般,*,*	0
0	の	助詞,連体化,*,*	0
0	リンゴ	名詞,一般,*,*	0
0	の	助詞,連体化,*,*	0
1	品種	名詞,一般,*,*	0
0	名	名詞,接尾,一般,*	0
0	(	記号_括弧開	0
0	ただし	接続詞,*,*,*	0
0	リンゴ	名詞,一般,*,*	0
0	の	助詞,連体化,*,*	0
0	綴り	名詞,一般,*,*	0
0	は	助詞,係助詞,*,*	0
0	McIntosh	名詞,固有名詞,組織,*	1
0	、	記号,読点,*,*	0
0	和名	名詞,一般,*,*	0
0	は	助詞,係助詞,*,*	0
0	「	記号,括弧開,*,*	0
0	旭	名詞,固有名詞,地域,一般	0
0	」	記号,括弧閉,*,*	0
0	)	記号_括弧閉	0
0	で	助動詞,*,*,*	0
0	ある	助動詞,*,*,*	0
0	。	記号,句点,*,*	0
0	Macintosh	名詞,固有名詞,組織,*	1
0	は	助詞,係助詞,*,*	0
1	Apple	名詞,固有名詞,組織,*	1
1	 	記号,空白,*,*	1
0	V	名詞,一般,*,*	1
0	または	接続詞,*,*,*	0
1	Apple	名詞,一般,*,*	1
1	 	記号,空白,*,*	1
0	32	名詞,数,*,*	1
0	という	助詞,格助詞,連語,*	0
1	商品	名詞,一般,*,*	0
0	名	名詞,接尾,一般,*	0
0	で	助詞,格助詞,一般,*	0
1	1981	名詞,数,*,*	1
0	年	名詞,接尾,助数詞,*	0
0	に	助詞,格助詞,一般,*	0
1	500	名詞,数,*,*	1
1	ドル	名詞,接尾,助数詞,*	0
0	程度	名詞,接尾,一般,*	0
0	(	記号_括弧開	0
0	直ぐ	名詞,形容動詞語幹,*,*	0
0	に	助詞,副詞化,*,*	0
1	1000	名詞,数,*,*	1
1	ドル	名詞,接尾,助数詞,*	0
0	程度	名詞,接尾,一般,*	0
0	に	助詞,格助詞,一般,*	0
0	変更	名詞,サ変接続,*,*	0
0	)	記号_括弧閉	0
0	で	助詞,格助詞,一般,*	0
0	の	助詞,連体化,*,*	0
0	販売	名詞,サ変接続,*,*	0
0	を	助詞,格助詞,一般,*	0
0	考え	動詞,自立,*,*	0
0	て	助詞,接続助詞,*,*	0
0	い	動詞,非自立,*,*	0
0	た	助動詞,*,*,*	0
0	。	記号,句点,*,*	0
0	これ	名詞,代名詞,一般,*	0
0	に対し	助詞,格助詞,連語,*	0
0	、	記号,読点,*,*	0
0	ジョブズ	名詞,固有名詞,人名,姓	0
0	は	助詞,係助詞,*,*	0
0	プロジェクト	名詞,一般,*,*	0
1	開始	名詞,サ変接続,*,*	0
0	当初	名詞,副詞可能,*,*	0
0	は	助詞,係助詞,*,*	0
0	開発	名詞,サ変接続,*,*	0
0	に	助詞,格助詞,一般,*	0
1	懐疑	名詞,サ変接続,*,*	0
0	的	名詞,接尾,形容動詞語幹,*	0
0	で	助動詞,*,*,*	0
0	、	記号,読点,*,*	0
0	反対	名詞,サ変接続,*,*	0
0	の	助詞,連体化,*,*	0
0	立場	名詞,一般,*,*	0
0	を	助詞,格助詞,一般,*	0
0	とっ	動詞,自立,*,*	0
0	て	助詞,接続助詞,*,*	0
0	い	動詞,非自立,*,*	0
0	た	助動詞,*,*,*	0
0	。	記号,句点,*,*	0
0	しかし	接続詞,*,*,*	0
0	ジョブズ	名詞,固有名詞,人名,姓	0
0	は	助詞,係助詞,*,*	0
0	、	記号,読点,*,*	0
1	Lisa	名詞,固有名詞,組織,*	1
0	プロジェクト	名詞,一般,*,*	0
0	から	助詞,格助詞,一般,*	0
0	外さ	動詞,自立,*,*	0
0	れ	動詞,接尾,*,*	0
0	た	助動詞,*,*,*	0
0	いらだち	名詞,一般,*,*	0
0	も	助詞,係助詞,*,*	0
0	あっ	動詞,自立,*,*	0
0	て	助詞,接続助詞,*,*	0
0	か	助詞,副助詞／並立助詞／終助詞,*,*	0
0	、	記号,読点,*,*	0
1	1981	名詞,数,*,*	1
0	年	名詞,接尾,助数詞,*	0
0	に	助詞,格助詞,一般,*	0
0	突如	副詞,助詞類接続,*,*	0
0	と	助詞,格助詞,一般,*	0
0	し	動詞,自立,*,*	0
0	て	助詞,接続助詞,*,*	0
1	Macintosh	名詞,一般,*,*	1
0	プロジェクト	名詞,一般,*,*	0
0	に	助詞,格助詞,一般,*	0
0	乗り出す	動詞,自立,*,*	0
0	。	記号,句点,*,*	0
0	Macintosh	名詞,一般,*,*	1
0	で	助詞,格助詞,一般,*	0
0	は	助詞,係助詞,*,*	0
1	ハード	名詞,一般,*,*	0
0	担当	名詞,サ変接続,*,*	0
0	が	助詞,格助詞,一般,*	0
0	ジョブズ	名詞,固有名詞,人名,姓	0
0	、	記号,読点,*,*	0
1	ソフト	名詞,一般,*,*	0
0	担当	名詞,サ変接続,*,*	0
0	が	助詞,格助詞,一般,*	0
1	ラス	名詞,一般,*,*	0
0	キン	名詞,一般,*,*	0
0	と	助詞,格助詞,一般,*	0
0	なり	動詞,自立,*,*	0
0	、	記号,読点,*,*	0
0	取締役	名詞,一般,*,*	0
0	で	助動詞,*,*,*	0
0	あっ	助動詞,*,*,*	0
0	た	助動詞,*,*,*	0
0	ジョブズ	名詞,固有名詞,人名,姓	0
0	の	助詞,連体化,*,*	0
0	働き	名詞,一般,*,*	0
0	で	助詞,格助詞,一般,*	0
0	予算	名詞,一般,*,*	0
0	も	助詞,係助詞,*,*	0
1	開発	名詞,サ変接続,*,*	0
0	メンバー	名詞,一般,*,*	0
0	も	助詞,係助詞,*,*	0
0	増え	動詞,自立,*,*	0
0	た	助動詞,*,*,*	0
0	。	記号,句点,*,*	0
0	ジョブズ	名詞,固有名詞,人名,姓	0
0	は	助詞,係助詞,*,*	0
0	、	記号,読点,*,*	0
0	「	記号,括弧開,*,*	0
0	海軍	名詞,一般,*,*	0
0	に	助詞,格助詞,一般,*	0
0	入る	動詞,自立,*,*	0
0	より	助詞,格助詞,一般,*	0
0	、	記号,読点,*,*	0
0	海賊	名詞,一般,*,*	0
0	で	助動詞,*,*,*	0
0	あれ	助動詞,*,*,*	0
0	」	記号,括弧閉,*,*	0
0	と	助詞,格助詞,引用,*	0
0	メンバー	名詞,一般,*,*	0
0	を	助詞,格助詞,一般,*	0
0	鼓舞	名詞,サ変接続,*,*	0
0	し	動詞,自立,*,*	0
0	、	記号,読点,*,*	0
0	この	連体詞,*,*,*	0
0	精神	名詞,一般,*,*	0
0	に	助詞,格助詞,一般,*	0
0	基づき	動詞,自立,*,*	0
1	Lisa	名詞,固有名詞,組織,*	1
0	プロジェクト	名詞,一般,*,*	0
0	から	助詞,格助詞,一般,*	0
0	メンバー	名詞,一般,*,*	0
0	や	助詞,並立助詞,*,*	0
0	技術	名詞,一般,*,*	0
0	の	助詞,連体化,*,*	0
0	引き抜き	名詞,一般,*,*	0
0	を	助詞,格助詞,一般,*	0
0	行っ	動詞,自立,*,*	0
0	た	助動詞,*,*,*	0
0	。	記号,句点,*,*	0
0	また	接続詞,*,*,*	0
0	Macintosh	名詞,一般,*,*	1
0	プロジェクト	名詞,一般,*,*	0
0	の	助詞,格助詞,一般,*	0
0	あっ	動詞,自立,*,*	0
0	た	助動詞,*,*,*	0
0	建物	名詞,一般,*,*	0
0	(	記号_括弧開	0
1	テキサコ	名詞,一般,*,*	1
1	・	記号_中黒	0
0	タワー	名詞,固有名詞,一般,*	0
0	)	記号_括弧閉	0
0	の	助詞,連体化,*,*	0
0	屋上	名詞,一般,*,*	0
0	に	助詞,格助詞,一般,*	0
1	ド	接頭詞,名詞接続,*,*	0
0	クロ	名詞,一般,*,*	0
0	の	助詞,連体化,*,*	0
1	海賊	名詞,一般,*,*	0
0	旗	名詞,一般,*,*	0
0	を	助詞,格助詞,一般,*	0
0	掲げ	動詞,自立,*,*	0
0	させ	動詞,接尾,*,*	0
0	た	助動詞,*,*,*	0
0	。	記号,句点,*,*	0
0	ところが	接続詞,*,*,*	0
0	、	記号,読点,*,*	0
0	Lisa	名詞,一般,*,*	1
0	を	助詞,格助詞,一般,*	0
0	上回る	動詞,自立,*,*	0
0	もの	名詞,非自立,一般,*	0
0	に	助詞,格助詞,一般,*	0
0	しよ	動詞,自立,*,*	0
0	う	助動詞,*,*,*	0
0	と	助詞,格助詞,一般,*	0
0	する	動詞,自立,*,*	0
0	ジョブズ	名詞,固有名詞,人名,姓	0
0	が	助詞,格助詞,一般,*	0
0	ソフト	名詞,一般,*,*	0
0	に対して	助詞,格助詞,連語,*	0
0	も	助詞,係助詞,*,*	0
0	介入	名詞,サ変接続,*,*	0
0	を	助詞,格助詞,一般,*	0
0	行い	動詞,自立,*,*	0
0	、	記号,読点,*,*	0
1	2	名詞,数,*,*	1
0	人	名詞,接尾,助数詞,*	0
0	の	助詞,連体化,*,*	0
0	対立	名詞,サ変接続,*,*	0
0	は	助詞,係助詞,*,*	0
1	深刻	名詞,形容動詞語幹,*,*	0
0	化	名詞,接尾,サ変接続,*	0
0	し	動詞,自立,*,*	0
0	て	助詞,接続助詞,*,*	0
0	いく	動詞,非自立,*,*	0
0	。	記号,句点,*,*	0
0	結局	名詞,副詞可能,*,*	0
1	1982	名詞,数,*,*	1
1	年	名詞,接尾,助数詞,*	0
1	3	名詞,数,*,*	1
0	月	名詞,接尾,助数詞,*	0
0	、	記号,読点,*,*	0
1	ラス	名詞,一般,*,*	0
0	キン	名詞,一般,*,*	0
0	は	助詞,係助詞,*,*	0
0	アップル	名詞,一般,*,*	0
0	を	助詞,格助詞,一般,*	0
0	去っ	動詞,自立,*,*	0
0	た	助動詞,*,*,*	0
0	。	記号,句点,*,*	0
0	ジョブズ	名詞,固有名詞,人名,姓	0
0	は	助詞,係助詞,*,*	0
0	「	記号,括弧開,*,*	0
0	Lisa	名詞,固有名詞,組織,*	1
0	の	助詞,連体化,*,*	0
0	機能	名詞,サ変接続,*,*	0
0	の	助詞,連体化,*,*	0
0	70	名詞,数,*,*	1
0	%	名詞,サ変接続,*,*	1
0	しか	助詞,係助詞,*,*	0
0	なく	形容詞,自立,*,*	0
0	て	助詞,接続助詞,*,*	0
0	も	助詞,係助詞,*,*	0
0	、	記号,読点,*,*	0
0	価格	名詞,一般,*,*	0
0	が	助詞,格助詞,一般,*	0
0	Lisa	名詞,一般,*,*	1
0	の	助詞,連体化,*,*	0
0	20	名詞,数,*,*	1
0	%	名詞,サ変接続,*,*	1
0	で	助動詞,*,*,*	0
0	あれ	助動詞,*,*,*	0
0	ば	助詞,接続助詞,*,*	0
0	売れる	動詞,自立,*,*	0
0	」	記号,括弧閉,*,*	0
0	と	助詞,格助詞,引用,*	0
1	70	名詞,数,*,*	1
1	/	名詞,サ変接続,*,*	1
0	20	名詞,数,*,*	1
1	の	助詞,連体化,*,*	0
0	法則	名詞,一般,*,*	0
0	を	助詞,格助詞,一般,*	0
0	メンバー	名詞,一般,*,*	0
0	に	助詞,格助詞,一般,*	0
0	説い	動詞,自立,*,*	0
0	て	助詞,接続助詞,*,*	0
0	まわっ	動詞,非自立,*,*	0
0	た	助動詞,*,*,*	0
0	。	記号,句点,*,*	0
0	また	接続詞,*,*,*	0
0	Macintosh	名詞,一般,*,*	1
0	に	助詞,格助詞,一般,*	0
0	は	助詞,係助詞,*,*	0
0	シンプル	名詞,形容動詞語幹,*,*	0
0	な	助動詞,*,*,*	0
0	美し	形容詞,自立,*,*	0
0	さ	名詞,接尾,特殊,*	0
0	が	助詞,格助詞,一般,*	0
0	必要	名詞,形容動詞語幹,*,*	0
0	だ	助動詞,*,*,*	0
0	と	助詞,格助詞,引用,*	0
0	考え	動詞,自立,*,*	0
0	、	記号,読点,*,*	0
0	出来上がっ	動詞,自立,*,*	0
0	た	助動詞,*,*,*	0
1	基板	名詞,一般,*,*	0
0	パターン	名詞,一般,*,*	0
0	が	助詞,格助詞,一般,*	0
0	美しく	形容詞,自立,*,*	0
0	ない	助動詞,*,*,*	0
0	という	助詞,格助詞,連語,*	0
0	理由	名詞,一般,*,*	0
0	で	助詞,格助詞,一般,*	0
0	却下	名詞,サ変接続,*,*	0
0	し	動詞,自立,*,*	0
0	て	助詞,接続助詞,*,*	0
0	も	助詞,係助詞,*,*	0
0	いる	動詞,自立,*,*	0
0	。	記号,句点,*,*	0
0	この	連体詞,*,*,*	0
0	とき	名詞,非自立,副詞可能,*	0
0	、	記号,読点,*,*	0
0	「	記号,括弧開,*,*	0
0	もし	副詞,一般,*,*	0
0	君	名詞,代名詞,一般,*	0
0	が	助詞,格助詞,一般,*	0
0	大工	名詞,一般,*,*	0
0	で	助詞,格助詞,一般,*	0
1	美しい	形容詞,自立,*,*	0
0	タンス	名詞,一般,*,*	0
0	を	助詞,格助詞,一般,*	0
0	作っ	動詞,自立,*,*	0
0	て	助詞,接続助詞,*,*	0
0	い	動詞,非自立,*,*	0
0	たら	助動詞,*,*,*	0
0	、	記号,読点,*,*	0
0	人	名詞,一般,*,*	0
0	の	助詞,格助詞,一般,*	0
0	見え	動詞,自立,*,*	0
0	ない	助動詞,*,*,*	0
0	部分	名詞,一般,*,*	0
0	に	助詞,格助詞,一般,*	0
0	合板	名詞,一般,*,*	0
0	を	助詞,格助詞,一般,*	0
0	貼り	動詞,自立,*,*	0
0	合わせ	動詞,自立,*,*	0
0	て	助詞,接続助詞,*,*	0
0	ごまかす	動詞,自立,*,*	0
0	よう	名詞,非自立,助動詞語幹,*	0
0	な	助動詞,*,*,*	0
0	まね	名詞,サ変接続,*,*	0
0	は	助詞,係助詞,*,*	0
0	し	動詞,自立,*,*	0
0	ない	助動詞,*,*,*	0
0	はず	名詞,非自立,一般,*	0
0	だ	助動詞,*,*,*	0
0	。	記号,句点,*,*	0
0	」	記号,括弧閉,*,*	0
0	と	助詞,格助詞,引用,*	0
0	喝破	名詞,サ変接続,*,*	0
0	し	動詞,自立,*,*	0
0	た	助動詞,*,*,*	0
0	と	助詞,格助詞,引用,*	0
0	いう	動詞,自立,*,*	0
0	。	記号,句点,*,*	0
0	また	接続詞,*,*,*	0
0	、	記号,読点,*,*	0
0	同じく	副詞,一般,*,*	0
0	美しく	形容詞,自立,*,*	0
0	ない	助動詞,*,*,*	0
0	という	助詞,格助詞,連語,*	0
0	理由	名詞,一般,*,*	0
0	で	助詞,格助詞,一般,*	0
1	拡張	名詞,サ変接続,*,*	0
0	スロット	名詞,一般,*,*	0
0	の	助詞,連体化,*,*	0
0	採用	名詞,サ変接続,*,*	0
0	を	助詞,格助詞,一般,*	0
0	拒否	名詞,サ変接続,*,*	0
0	し	動詞,自立,*,*	0
0	、	記号,読点,*,*	0
1	フロッピーディスク	名詞,一般,*,*	0
0	ドライブ	名詞,サ変接続,*,*	0
0	も	助詞,係助詞,*,*	0
0	イジェクトボタン	名詞,一般,*,*	1
0	は	助詞,係助詞,*,*	0
0	みすぼらしい	形容詞,自立,*,*	0
0	という	助詞,格助詞,連語,*	0
0	理由	名詞,一般,*,*	0
0	で	助詞,格助詞,一般,*	0
0	、	記号,読点,*,*	0
0	現在	名詞,副詞可能,*,*	0
0	に	助詞,格助詞,一般,*	0
0	も	助詞,係助詞,*,*	0
0	通ずる	動詞,自立,*,*	0
0	オートイジェクト	名詞,一般,*,*	1
0	の	助詞,連体化,*,*	0
0	ドライブ	名詞,サ変接続,*,*	0
0	を	助詞,格助詞,一般,*	0
0	ソニー	名詞,固有名詞,組織,*	0
0	に	助詞,格助詞,一般,*	0
0	開発	名詞,サ変接続,*,*	0
0	さ	動詞,自立,*,*	0
0	せ	動詞,接尾,*,*	0
0	、	記号,読点,*,*	0
0	採用	名詞,サ変接続,*,*	0
0	し	動詞,自立,*,*	0
0	た	助動詞,*,*,*	0
0	。	記号,句点,*,*	0
0	マウス	名詞,一般,*,*	0
0	、	記号,読点,*,*	0
0	GUI	名詞,固有名詞,組織,*	1
0	といった	助詞,格助詞,連語,*	0
0	もの	名詞,非自立,一般,*	0
0	だけ	助詞,副助詞,*,*	0
0	で	助動詞,*,*,*	0
0	なく	助動詞,*,*,*	0
0	、	記号,読点,*,*	0
1	視覚	名詞,一般,*,*	0
0	的	名詞,接尾,形容動詞語幹,*	0
0	に	助詞,格助詞,一般,*	0
0	も	助詞,係助詞,*,*	0
0	動作	名詞,サ変接続,*,*	0
0	的	名詞,接尾,形容動詞語幹,*	0
0	に	助詞,格助詞,一般,*	0
0	も	助詞,係助詞,*,*	0
0	美しく	形容詞,自立,*,*	0
0	分かり	動詞,自立,*,*	0
0	やすい	形容詞,非自立,*,*	0
0	もの	名詞,非自立,一般,*	0
0	を	助詞,格助詞,一般,*	0
0	採用	名詞,サ変接続,*,*	0
0	し	動詞,自立,*,*	0
0	た	助動詞,*,*,*	0
0	功績	名詞,一般,*,*	0
0	は	助詞,係助詞,*,*	0
0	大きい	形容詞,自立,*,*	0
0	。	記号,句点,*,*	0
0	Macintosh	名詞,固有名詞,組織,*	1
0	の	助詞,連体化,*,*	0
0	開発	名詞,サ変接続,*,*	0
0	は	助詞,係助詞,*,*	0
0	難航	名詞,サ変接続,*,*	0
0	し	動詞,自立,*,*	0
0	、	記号,読点,*,*	0
1	1984	名詞,数,*,*	1
1	年	名詞,接尾,助数詞,*	0
1	1	名詞,数,*,*	1
0	月	名詞,一般,*,*	0
0	に	助詞,格助詞,一般,*	0
0	ようやく	副詞,一般,*,*	0
0	スーパーボウル	名詞,固有名詞,一般,*	0
0	の	助詞,連体化,*,*	0
0	伝説	名詞,一般,*,*	0
0	の	助詞,連体化,*,*	0
0	CM	名詞,一般,*,*	1
0	『	記号,括弧開,*,*	0
0	1984	名詞,数,*,*	1
0	』	記号,括弧閉,*,*	0
0	とともに	助詞,格助詞,連語,*	0
0	デビュー	名詞,サ変接続,*,*	0
0	を	助詞,格助詞,一般,*	0
0	果たし	動詞,自立,*,*	0
0	た	助動詞,*,*,*	0
0	。	記号,句点,*,*	0
0	しかし	接続詞,*,*,*	0
0	、	記号,読点,*,*	0
1	Apple	名詞,固有名詞,組織,*	1
1	 	記号,空白,*,*	1
0	II	名詞,固有名詞,組織,*	1
0	と	助詞,格助詞,一般,*	0
0	の	助詞,連体化,*,*	0
1	互換	名詞,一般,*,*	0
0	性	名詞,接尾,一般,*	0
0	は	助詞,係助詞,*,*	0
0	まったく	副詞,助詞類接続,*,*	0
0	なく	形容詞,自立,*,*	0
0	、	記号,読点,*,*	0
0	当然	副詞,助詞類接続,*,*	0
0	対応	名詞,サ変接続,*,*	0
0	する	動詞,自立,*,*	0
1	サード	名詞,一般,*,*	0
1	・	記号_中黒	0
0	パーティ	名詞,サ変接続,*,*	0
0	の	助詞,連体化,*,*	0
0	ソフト	名詞,一般,*,*	0
0	も	助詞,係助詞,*,*	0
0	ほとんど	副詞,一般,*,*	0
0	なかっ	形容詞,自立,*,*	0
0	た	助動詞,*,*,*	0
0	。	記号,句点,*,*	0
0	そこで	接続詞,*,*,*	0
0	アップル	名詞,一般,*,*	0
0	は	助詞,係助詞,*,*	0
0	、	記号,読点,*,*	0
0	外部	名詞,一般,*,*	0
0	の	助詞,連体化,*,*	0
1	ソフト	名詞,一般,*,*	0
0	会社	名詞,一般,*,*	0
0	に	助詞,格助詞,一般,*	0
0	マック	名詞,固有名詞,一般,*	0
0	用	名詞,接尾,一般,*	0
0	の	助詞,連体化,*,*	0
0	ソフト	名詞,一般,*,*	0
0	開発	名詞,サ変接続,*,*	0
0	を	助詞,格助詞,一般,*	0
0	説得	名詞,サ変接続,*,*	0
0	する	動詞,自立,*,*	0
0	職種	名詞,一般,*,*	0
0	で	助動詞,*,*,*	0
0	ある	助動詞,*,*,*	0
0	エバンジェリスト	名詞,一般,*,*	1
0	(	記号_括弧開	0
1	宣伝	名詞,サ変接続,*,*	0
0	部	名詞,接尾,一般,*	0
0	)	記号_括弧閉	0
0	を	助詞,格助詞,一般,*	0
0	作り	動詞,自立,*,*	0
0	、	記号,読点,*,*	0
1	ガイ	名詞,一般,*,*	1
1	・	記号_中黒	0
0	カワサキ	名詞,固有名詞,組織,*	0
0	ら	名詞,接尾,一般,*	0
0	を	助詞,格助詞,一般,*	0
0	任命	名詞,サ変接続,*,*	0
0	し	動詞,自立,*,*	0
0	た	助動詞,*,*,*	0
0	。	記号,句点,*,*	0
0	Macintosh	名詞,固有名詞,組織,*	1
0	の	助詞,連体化,*,*	0
0	発売	名詞,サ変接続,*,*	0
0	後	名詞,接尾,副詞可能,*	0
0	、	記号,読点,*,*	0
0	マークラ	名詞,固有名詞,一般,*	0
0	は	助詞,係助詞,*,*	0
0	ジョブズ	名詞,固有名詞,人名,姓	0
0	に	助詞,格助詞,一般,*	0
0	干さ	動詞,自立,*,*	0
0	れる	動詞,接尾,*,*	0
0	形	名詞,一般,*,*	0
0	で	助詞,格助詞,一般,*	0
0	アップル	名詞,一般,*,*	0
0	を	助詞,格助詞,一般,*	0
0	去っ	動詞,自立,*,*	0
0	た	助動詞,*,*,*	0
1	ラスキ	名詞,固有名詞,人名,一般	0
0	ン	名詞,非自立,一般,*	0
0	に対し	助詞,格助詞,連語,*	0
0	、	記号,読点,*,*	0
0	敬意	名詞,サ変接続,*,*	0
0	を	助詞,格助詞,一般,*	0
0	表する	動詞,自立,*,*	0
0	形	名詞,一般,*,*	0
0	で	助詞,格助詞,一般,*	0
0	Macintosh	名詞,一般,*,*	1
0	を	助詞,格助詞,一般,*	0
0	送っ	動詞,自立,*,*	0
0	た	助動詞,*,*,*	0
0	が	助詞,接続助詞,*,*	0
0	、	記号,読点,*,*	0
1	ラス	名詞,一般,*,*	0
0	キン	名詞,一般,*,*	0
0	が	助詞,格助詞,一般,*	0
0	どう	副詞,助詞類接続,*,*	0
0	いっ	動詞,自立,*,*	0
0	た	助動詞,*,*,*	0
0	感情	名詞,一般,*,*	0
0	を	助詞,格助詞,一般,*	0
0	抱い	動詞,自立,*,*	0
0	た	助動詞,*,*,*	0
0	か	助詞,副助詞／並立助詞／終助詞,*,*	0
0	は	助詞,係助詞,*,*	0
0	不明	名詞,形容動詞語幹,*,*	0
0	で	助動詞,*,*,*	0
0	ある	助動詞,*,*,*	0
0	。	記号,句点,*,*	0
0	社内	名詞,一般,*,*	0
0	で	助詞,格助詞,一般,*	0
0	は	助詞,係助詞,*,*	0
0	その	連体詞,*,*,*	0
0	よう	名詞,非自立,助動詞語幹,*	0
0	な	助動詞,*,*,*	0
0	波乱	名詞,一般,*,*	0
0	が	助詞,格助詞,一般,*	0
0	起き	動詞,自立,*,*	0
0	て	助詞,接続助詞,*,*	0
0	は	助詞,係助詞,*,*	0
0	い	動詞,自立,*,*	0
0	た	助動詞,*,*,*	0
0	が	助詞,接続助詞,*,*	0
0	、	記号,読点,*,*	0
0	アップル	名詞,一般,*,*	0
0	は	助詞,係助詞,*,*	0
0	Macintosh	名詞,固有名詞,組織,*	1
0	という	助詞,格助詞,連語,*	0
0	新た	名詞,形容動詞語幹,*,*	0
0	な	助動詞,*,*,*	0
0	パーソナルコンピュータ	名詞,一般,*,*	0
0	を	助詞,格助詞,一般,*	0
0	登場	名詞,サ変接続,*,*	0
0	さ	動詞,自立,*,*	0
0	せる	動詞,接尾,*,*	0
0	こと	名詞,非自立,一般,*	0
0	で	助動詞,*,*,*	0
0	、	記号,読点,*,*	0
0	すべて	名詞,副詞可能,*,*	0
0	の	助詞,連体化,*,*	0
0	コンピュータ	名詞,一般,*,*	0
0	業界	名詞,一般,*,*	0
0	に	助詞,格助詞,一般,*	0
0	新た	名詞,形容動詞語幹,*,*	0
0	な	助動詞,*,*,*	0
1	方向	名詞,一般,*,*	0
0	性	名詞,接尾,一般,*	0
0	を	助詞,格助詞,一般,*	0
0	示し	動詞,自立,*,*	0
0	た	助動詞,*,*,*	0
0	の	名詞,非自立,一般,*	0
0	だっ	助動詞,*,*,*	0
0	た	助動詞,*,*,*	0
0	。	記号,句点,*,*	0
0	そして	接続詞,*,*,*	0
0	アップル	名詞,一般,*,*	0
0	は	助詞,係助詞,*,*	0
0	、	記号,読点,*,*	0
1	Macintosh	名詞,一般,*,*	1
0	向け	名詞,接尾,一般,*	0
0	に	助詞,格助詞,一般,*	0
0	キヤノン	名詞,固有名詞,組織,*	0
0	と	助詞,格助詞,一般,*	0
1	共同	名詞,サ変接続,*,*	0
0	開発	名詞,サ変接続,*,*	0
0	し	動詞,自立,*,*	0
0	た	助動詞,*,*,*	0
1	レーザー	名詞,一般,*,*	0
0	プリンター	名詞,一般,*,*	0
0	で	助動詞,*,*,*	0
0	ある	助動詞,*,*,*	0
0	LaserWriter	名詞,一般,*,*	1
0	を	助詞,格助詞,一般,*	0
0	登場	名詞,サ変接続,*,*	0
0	さ	動詞,自立,*,*	0
0	せる	動詞,接
