1	アーセナル	名詞,一般,*,*	1
1	・	記号_中黒	0
1	フットボール	名詞,一般,*,*	0
0	クラブ	名詞,一般,*,*	0
0	(	記号_括弧開	0
1	Arsenal	名詞,固有名詞,組織,*	1
1	 	記号,空白,*,*	1
1	Football	名詞,固有名詞,組織,*	1
1	 	記号,空白,*,*	1
0	Club	名詞,固有名詞,組織,*	1
0	、	記号,読点,*,*	0
1	イギリス	名詞,固有名詞,地域,国	0
1	英語	名詞,一般,*,*	0
0	発音	名詞,サ変接続,*,*	0
0	:/	名詞,サ変接続,*,*	1
1	ˈɑː	記号,一般,*,*	1
1	s	名詞,固有名詞,組織,*	1
1	ə	記号,一般,*,*	1
1	nl	名詞,固有名詞,組織,*	1
1	 	記号,空白,*,*	1
1	ˈ	記号,一般,*,*	1
1	fut	名詞,固有名詞,組織,*	1
1	ˌ	記号,一般,*,*	1
1	b	名詞,固有名詞,組織,*	1
1	ɔː	記号,一般,*,*	1
1	l	名詞,固有名詞,組織,*	1
1	 	記号,空白,*,*	1
1	kl	名詞,固有名詞,組織,*	1
1	ʌ	記号,一般,*,*	1
0	b	名詞,固有名詞,組織,*	1
0	/	名詞,サ変接続,*,*	1
0	 	記号,空白,*,*	1
1	アーサヌル	名詞,一般,*,*	1
1	・	記号_中黒	0
1	フトゥボール	名詞,一般,*,*	1
1	・	記号_中黒	0
0	クラブ	名詞,一般,*,*	0
0	)	記号_括弧閉	0
0	 	記号,空白,*,*	1
0	は	助詞,係助詞,*,*	0
0	イングランド	名詞,固有名詞,地域,一般	0
0	の	助詞,連体化,*,*	0
0	首都	名詞,一般,*,*	0
1	ロンドン	名詞,固有名詞,地域,一般	0
0	北部	名詞,一般,*,*	0
0	に	助詞,格助詞,一般,*	0
0	拠点	名詞,一般,*,*	0
0	を	助詞,格助詞,一般,*	0
0	置く	動詞,自立,*,*	0
1	プロ	名詞,一般,*,*	0
1	サッカー	名詞,一般,*,*	0
0	クラブ	名詞,一般,*,*	0
0	で	助動詞,*,*,*	0
0	ある	助動詞,*,*,*	0
0	。	記号,句点,*,*	0
1	プレミア	名詞,一般,*,*	0
1	リーグ	名詞,一般,*,*	0
0	所属	名詞,サ変接続,*,*	0
0	。	記号,句点,*,*	0
0	愛称	名詞,一般,*,*	0
0	は	助詞,係助詞,*,*	0
0	、	記号,読点,*,*	0
0	Arsenal	名詞,固有名詞,組織,*	1
0	=	名詞,サ変接続,*,*	1
1	兵器	名詞,一般,*,*	0
0	工場	名詞,一般,*,*	0
0	(	記号_括弧開	0
0	工廠	名詞,一般,*,*	0
0	)	記号_括弧閉	0
0	から	助詞,格助詞,一般,*	0
0	 	記号,空白,*,*	1
0	Gunners	名詞,固有名詞,組織,*	1
0	=	名詞,サ変接続,*,*	1
1	砲撃	名詞,サ変接続,*,*	0
0	手	名詞,接尾,一般,*	0
0	「	記号,括弧開,*,*	0
0	ガナーズ	名詞,固有名詞,一般,*	1
0	」	記号,括弧閉,*,*	0
0	と	助詞,格助詞,引用,*	0
0	呼ば	動詞,自立,*,*	0
0	れ	動詞,接尾,*,*	0
0	て	助詞,接続助詞,*,*	0
0	いる	動詞,非自立,*,*	0
0	。	記号,句点,*,*	0
0	また	接続詞,*,*,*	0
0	、	記号,読点,*,*	0
0	アーセナル	名詞,一般,*,*	1
0	の	助詞,連体化,*,*	0
0	サポーター	名詞,一般,*,*	0
0	の	助詞,連体化,*,*	0
0	こと	名詞,非自立,一般,*	0
0	を	助詞,格助詞,一般,*	0
0	「	記号,括弧開,*,*	0
0	グーナー	名詞,固有名詞,一般,*	1
0	」	記号,括弧閉,*,*	0
0	(	記号_括弧開	0
0	Gooner	名詞,固有名詞,組織,*	1
0	)	記号_括弧閉	0
0	 	記号,空白,*,*	1
0	と	助詞,格助詞,引用,*	0
0	いう	動詞,自立,*,*	0
0	。	記号,句点,*,*	0
1	リーグ	名詞,一般,*,*	0
1	優勝	名詞,サ変接続,*,*	0
1	13	名詞,数,*,*	1
0	回	名詞,接尾,助数詞,*	0
0	、	記号,読点,*,*	0
1	FA	名詞,固有名詞,組織,*	1
1	カップ	名詞,一般,*,*	0
1	優勝	名詞,サ変接続,*,*	0
1	10	名詞,数,*,*	1
0	回	名詞,接尾,助数詞,*	0
0	など	助詞,副助詞,*,*	0
0	これ	名詞,代名詞,一般,*	0
0	まで	助詞,副助詞,*,*	0
0	多数	名詞,副詞可能,*,*	0
0	の	助詞,連体化,*,*	0
0	タイトル	名詞,一般,*,*	0
0	を	助詞,格助詞,一般,*	0
0	獲得	名詞,サ変接続,*,*	0
0	し	動詞,自立,*,*	0
0	て	助詞,接続助詞,*,*	0
0	いる	動詞,非自立,*,*	0
0	。	記号,句点,*,*	0
1	第	接頭詞,数接続,*,*	0
1	一	名詞,数,*,*	0
1	次	名詞,接尾,助数詞,*	0
1	世界	名詞,一般,*,*	0
1	大戦	名詞,一般,*,*	0
0	中	名詞,接尾,副詞可能,*	0
0	、	記号,読点,*,*	0
0	アーセナル	名詞,一般,*,*	1
0	は	助詞,係助詞,*,*	0
1	1886	名詞,数,*,*	1
0	年	名詞,接尾,助数詞,*	0
0	、	記号,読点,*,*	0
1	ダイアル	名詞,一般,*,*	0
1	・	記号_中黒	0
0	スクエア	名詞,固有名詞,組織,*	0
0	 	記号,空白,*,*	1
0	(	記号_括弧開	0
1	Dial	名詞,固有名詞,組織,*	1
1	 	記号,空白,*,*	1
0	Square	名詞,固有名詞,組織,*	1
0	)	記号_括弧閉	0
0	という	助詞,格助詞,連語,*	0
0	名称	名詞,一般,*,*	0
0	の	助詞,連体化,*,*	0
0	もと	名詞,一般,*,*	0
0	、	記号,読点,*,*	0
1	ロンドン	名詞,固有名詞,地域,一般	0
1	南東	名詞,一般,*,*	0
0	部	名詞,接尾,一般,*	0
1	ウー	名詞,固有名詞,人名,姓	0
1	リッチ	名詞,一般,*,*	0
0	地区	名詞,一般,*,*	0
0	に	助詞,格助詞,一般,*	0
0	ある	動詞,自立,*,*	0
1	労働	名詞,サ変接続,*,*	0
0	者	名詞,接尾,一般,*	0
1	8	名詞,数,*,*	1
1	万	名詞,数,*,*	0
0	人	名詞,接尾,助数詞,*	0
0	が	助詞,格助詞,一般,*	0
0	働い	動詞,自立,*,*	0
0	て	助詞,接続助詞,*,*	0
0	い	動詞,非自立,*,*	0
0	た	助動詞,*,*,*	0
1	王立	名詞,一般,*,*	0
1	兵器	名詞,一般,*,*	0
0	工場	名詞,一般,*,*	0
1	ロイヤル	名詞,一般,*,*	0
1	・	記号_中黒	0
0	アーセナル	名詞,一般,*,*	1
0	の	助詞,連体化,*,*	0
1	労働	名詞,サ変接続,*,*	0
0	者	名詞,接尾,一般,*	0
0	によって	助詞,格助詞,連語,*	0
0	結成	名詞,サ変接続,*,*	0
0	さ	動詞,自立,*,*	0
0	れ	動詞,接尾,*,*	0
0	た	助動詞,*,*,*	0
0	。	記号,句点,*,*	0
1	1886	名詞,数,*,*	1
1	年	名詞,接尾,助数詞,*	0
1	12	名詞,数,*,*	1
1	月	名詞,一般,*,*	0
1	11	名詞,数,*,*	1
0	日	名詞,接尾,助数詞,*	0
0	に	助詞,格助詞,一般,*	0
0	初めて	副詞,一般,*,*	0
0	の	助詞,連体化,*,*	0
0	試合	名詞,サ変接続,*,*	0
0	を	助詞,格助詞,一般,*	0
1	イースタン	名詞,一般,*,*	0
1	・	記号_中黒	0
0	ワンダラーズ	名詞,固有名詞,組織,*	1
0	と	助詞,格助詞,一般,*	0
0	行っ	動詞,自立,*,*	0
0	た	助動詞,*,*,*	0
0	(	記号_括弧開	0
1	6	名詞,数,*,*	1
1	対	名詞,接続詞的,*,*	0
0	0	名詞,数,*,*	1
0	で	助詞,格助詞,一般,*	0
0	勝利	名詞,サ変接続,*,*	0
0	)	記号_括弧閉	0
0	。	記号,句点,*,*	0
0	しばらく	副詞,助詞類接続,*,*	0
0	し	動詞,自立,*,*	0
0	て	助詞,接続助詞,*,*	0
1	ロイヤル	名詞,一般,*,*	0
1	・	記号_中黒	0
0	アーセナル	名詞,固有名詞,組織,*	1
0	 	記号,空白,*,*	1
0	(	記号_括弧開	0
1	Royal	名詞,固有名詞,組織,*	1
1	 	記号,空白,*,*	1
0	Arsenal	名詞,固有名詞,組織,*	1
0	)	記号_括弧閉	0
0	 	記号,空白,*,*	1
0	と	助詞,格助詞,引用,*	0
0	名称	名詞,一般,*,*	0
0	を	助詞,格助詞,一般,*	0
0	変更	名詞,サ変接続,*,*	0
0	する	動詞,自立,*,*	0
0	。	記号,句点,*,*	0
0	更に	副詞,助詞類接続,*,*	0
1	1891	名詞,数,*,*	1
0	年	名詞,接尾,助数詞,*	0
0	、	記号,読点,*,*	0
1	プロ	名詞,一般,*,*	0
0	化	名詞,接尾,サ変接続,*	0
0	を	助詞,格助詞,一般,*	0
0	果たす	動詞,自立,*,*	0
0	とともに	助詞,格助詞,連語,*	0
1	ウー	名詞,固有名詞,人名,姓	0
1	リッチ	名詞,一般,*,*	0
1	・	記号_中黒	0
0	アーセナル	名詞,固有名詞,組織,*	1
0	 	記号,空白,*,*	1
0	(	記号_括弧開	0
1	Woolwich	名詞,固有名詞,組織,*	1
1	 	記号,空白,*,*	1
0	Arsenal	名詞,固有名詞,組織,*	1
0	)	記号_括弧閉	0
0	 	記号,空白,*,*	1
0	へ	助詞,格助詞,一般,*	0
0	と	助詞,格助詞,引用,*	0
0	改称	名詞,サ変接続,*,*	0
0	。	記号,句点,*,*	0
1	1893	名詞,数,*,*	1
0	年	名詞,接尾,助数詞,*	0
0	、	記号,読点,*,*	0
1	フットボール	名詞,一般,*,*	0
0	リーグ	名詞,一般,*,*	0
0	の	助詞,連体化,*,*	0
1	2	名詞,数,*,*	1
0	部	名詞,接尾,助数詞,*	0
0	へ	助詞,格助詞,一般,*	0
0	加盟	名詞,サ変接続,*,*	0
0	し	動詞,自立,*,*	0
0	、	記号,読点,*,*	0
1	1904	名詞,数,*,*	1
0	年	名詞,接尾,助数詞,*	0
0	に	助詞,格助詞,一般,*	0
1	1	名詞,数,*,*	1
0	部	名詞,接尾,助数詞,*	0
0	へ	助詞,格助詞,一般,*	0
0	昇格	名詞,サ変接続,*,*	0
0	し	動詞,自立,*,*	0
0	た	助動詞,*,*,*	0
0	。	記号,句点,*,*	0
0	だが	接続詞,*,*,*	0
1	地理	名詞,一般,*,*	0
1	的	名詞,接尾,形容動詞語幹,*	0
0	要因	名詞,一般,*,*	0
0	により	助詞,格助詞,連語,*	0
1	集客	名詞,一般,*,*	0
0	力	名詞,接尾,一般,*	0
0	が	助詞,格助詞,一般,*	0
0	悪かっ	形容詞,自立,*,*	0
0	た	助動詞,*,*,*	0
0	ため	名詞,非自立,副詞可能,*	0
0	、	記号,読点,*,*	0
1	1910	名詞,数,*,*	1
0	年	名詞,接尾,助数詞,*	0
0	に	助詞,格助詞,一般,*	0
1	破産	名詞,サ変接続,*,*	0
0	状態	名詞,一般,*,*	0
0	に	助詞,格助詞,一般,*	0
0	陥り	動詞,自立,*,*	0
0	、	記号,読点,*,*	0
1	ヘンリー	名詞,固有名詞,人名,姓	0
1	・	記号_中黒	0
0	ノリス	名詞,一般,*,*	1
0	に	助詞,格助詞,一般,*	0
0	買収	名詞,サ変接続,*,*	0
0	さ	動詞,自立,*,*	0
0	れる	動詞,接尾,*,*	0
0	。	記号,句点,*,*	0
1	2	名詞,数,*,*	1
0	部	名詞,接尾,助数詞,*	0
0	へ	助詞,格助詞,一般,*	0
1	降格	名詞,サ変接続,*,*	0
0	後	名詞,接尾,副詞可能,*	0
0	の	助詞,連体化,*,*	0
1	1913	名詞,数,*,*	1
0	年	名詞,接尾,助数詞,*	0
0	、	記号,読点,*,*	0
1	ノ	記号,一般,*,*	0
0	リス	名詞,一般,*,*	0
0	は	助詞,係助詞,*,*	0
0	チーム	名詞,一般,*,*	0
0	を	助詞,格助詞,一般,*	0
1	北	名詞,一般,*,*	0
0	ロンドン	名詞,固有名詞,地域,一般	0
0	の	助詞,連体化,*,*	0
0	ハイバリー	名詞,一般,*,*	1
0	に	助詞,格助詞,一般,*	0
0	ある	動詞,自立,*,*	0
1	アーセナル	名詞,一般,*,*	1
1	・	記号_中黒	0
0	スタジアム	名詞,一般,*,*	0
0	へ	助詞,格助詞,一般,*	0
0	と	助詞,格助詞,引用,*	0
0	移転	名詞,サ変接続,*,*	0
0	さ	動詞,自立,*,*	0
0	せる	動詞,接尾,*,*	0
0	。	記号,句点,*,*	0
0	翌年	名詞,副詞可能,*,*	0
0	、	記号,読点,*,*	0
0	名称	名詞,一般,*,*	0
0	から	助詞,格助詞,一般,*	0
0	「	記号,括弧開,*,*	0
1	ウー	名詞,固有名詞,人名,姓	0
0	リッチ	名詞,一般,*,*	0
0	」	記号,括弧閉,*,*	0
0	が	助詞,格助詞,一般,*	0
0	外さ	動詞,自立,*,*	0
0	れ	動詞,接尾,*,*	0
0	て	助詞,接続助詞,*,*	0
0	、	記号,読点,*,*	0
0	現在	名詞,副詞可能,*,*	0
0	の	助詞,連体化,*,*	0
0	名称	名詞,一般,*,*	0
0	と	助詞,格助詞,一般,*	0
0	なる	動詞,自立,*,*	0
0	。	記号,句点,*,*	0
1	1919	名詞,数,*,*	1
0	年	名詞,接尾,助数詞,*	0
0	に	助詞,格助詞,一般,*	0
1	5	名詞,数,*,*	1
0	位	名詞,接尾,助数詞,*	0
0	で	助詞,格助詞,一般,*	0
0	シーズン	名詞,一般,*,*	0
0	を	助詞,格助詞,一般,*	0
0	終える	動詞,自立,*,*	0
0	も	助詞,係助詞,*,*	0
0	、	記号,読点,*,*	0
0	近隣	名詞,一般,*,*	0
0	の	助詞,連体化,*,*	0
0	ライバル	名詞,一般,*,*	0
0	で	助動詞,*,*,*	0
0	ある	助動詞,*,*,*	0
1	トッテナム	名詞,一般,*,*	1
1	・	記号_中黒	0
0	ホットスパー	名詞,一般,*,*	1
0	を	助詞,格助詞,一般,*	0
0	差し置い	動詞,自立,*,*	0
0	て	助詞,接続助詞,*,*	0
1	1	名詞,数,*,*	1
0	部	名詞,接尾,助数詞,*	0
0	昇格	名詞,サ変接続,*,*	0
0	を	助詞,格助詞,一般,*	0
0	果たす	動詞,自立,*,*	0
0	。	記号,句点,*,*	0
0	これ	名詞,代名詞,一般,*	0
0	が	助詞,格助詞,一般,*	0
0	現在	名詞,副詞可能,*,*	0
0	まで	助詞,副助詞,*,*	0
0	続く	動詞,自立,*,*	0
1	両	接頭詞,名詞接続,*,*	0
0	チーム	名詞,一般,*,*	0
0	の	助詞,連体化,*,*	0
0	激しい	形容詞,自立,*,*	0
1	ライバル	名詞,一般,*,*	0
0	関係	名詞,サ変接続,*,*	0
0	の	助詞,連体化,*,*	0
0	端緒	名詞,一般,*,*	0
0	と	助詞,格助詞,一般,*	0
0	なっ	動詞,自立,*,*	0
0	た	助動詞,*,*,*	0
0	という	助詞,格助詞,連語,*	0
0	見方	名詞,一般,*,*	0
0	も	助詞,係助詞,*,*	0
0	ある	動詞,自立,*,*	0
0	。	記号,句点,*,*	0
1	1925	名詞,数,*,*	1
0	年	名詞,接尾,助数詞,*	0
0	、	記号,読点,*,*	0
1	ハーバート	名詞,一般,*,*	1
1	・	記号_中黒	0
0	チャップマン	名詞,一般,*,*	1
0	が	助詞,格助詞,一般,*	0
0	監督	名詞,サ変接続,*,*	0
0	に	助詞,格助詞,一般,*	0
0	就任	名詞,サ変接続,*,*	0
0	する	動詞,自立,*,*	0
0	。	記号,句点,*,*	0
0	チャップマン	名詞,一般,*,*	1
0	による	助詞,格助詞,連語,*	0
1	革新	名詞,サ変接続,*,*	0
0	的	名詞,接尾,形容動詞語幹,*	0
0	な	助動詞,*,*,*	0
0	戦術	名詞,一般,*,*	0
0	や	助詞,並立助詞,*,*	0
1	トレーニング	名詞,サ変接続,*,*	0
0	法	名詞,接尾,一般,*	0
0	の	助詞,連体化,*,*	0
0	導入	名詞,サ変接続,*,*	0
0	、	記号,読点,*,*	0
1	アレックス	名詞,固有名詞,人名,名	0
1	・	記号_中黒	0
0	ジェームス	名詞,固有名詞,人名,名	0
0	や	助詞,並立助詞,*,*	0
1	クリフ	名詞,一般,*,*	1
1	・	記号_中黒	0
0	バスティン	名詞,固有名詞,組織,*	1
0	といった	助詞,格助詞,連語,*	0
1	スター	名詞,一般,*,*	0
0	選手	名詞,一般,*,*	0
0	の	助詞,連体化,*,*	0
0	獲得	名詞,サ変接続,*,*	0
0	が	助詞,格助詞,一般,*	0
0	、	記号,読点,*,*	0
1	1930	名詞,数,*,*	1
0	年代	名詞,接尾,助数詞,*	0
0	に	助詞,格助詞,一般,*	0
0	アーセナル	名詞,一般,*,*	1
0	が	助詞,格助詞,一般,*	0
1	イングランド	名詞,固有名詞,地域,一般	0
0	サッカー	名詞,一般,*,*	0
0	を	助詞,格助詞,一般,*	0
0	支配	名詞,サ変接続,*,*	0
0	する	動詞,自立,*,*	0
0	礎	名詞,一般,*,*	0
0	と	助詞,格助詞,一般,*	0
0	なっ	動詞,自立,*,*	0
0	た	助動詞,*,*,*	0
0	。	記号,句点,*,*	0
0	チャップマン	名詞,一般,*,*	1
0	の	助詞,連体化,*,*	0
0	下	名詞,一般,*,*	0
0	で	助詞,格助詞,一般,*	0
1	1929	名詞,数,*,*	1
1	-	記号_ハイフン	0
0	30	名詞,数,*,*	1
0	に	助詞,格助詞,一般,*	0
0	初	名詞,一般,*,*	0
0	の	助詞,連体化,*,*	0
1	FA	名詞,一般,*,*	1
1	カップ	名詞,一般,*,*	0
0	優勝	名詞,サ変接続,*,*	0
0	、	記号,読点,*,*	0
1	1930	名詞,数,*,*	1
1	-	記号_ハイフン	0
0	31	名詞,数,*,*	1
0	に	助詞,格助詞,一般,*	0
0	初	名詞,一般,*,*	0
0	の	助詞,連体化,*,*	0
1	リーグ	名詞,一般,*,*	0
0	優勝	名詞,サ変接続,*,*	0
0	を	助詞,格助詞,一般,*	0
0	果たす	動詞,自立,*,*	0
0	。	記号,句点,*,*	0
0	また	接続詞,*,*,*	0
0	、	記号,読点,*,*	0
1	スタジアム	名詞,一般,*,*	0
0	最寄り	名詞,一般,*,*	0
0	の	助詞,連体化,*,*	0
0	地下鉄	名詞,一般,*,*	0
0	の	助詞,連体化,*,*	0
0	駅名	名詞,一般,*,*	0
0	を	助詞,格助詞,一般,*	0
0	「	記号,括弧開,*,*	0
1	ギレスピー	名詞,一般,*,*	1
1	・	記号_中黒	0
0	ロード	名詞,一般,*,*	0
0	」	記号,括弧閉,*,*	0
0	から	助詞,格助詞,一般,*	0
0	「	記号,括弧開,*,*	0
0	アーセナル	名詞,固有名詞,一般,*	1
0	」	記号,括弧閉,*,*	0
0	へ	助詞,格助詞,一般,*	0
0	と	助詞,格助詞,引用,*	0
0	変更	名詞,サ変接続,*,*	0
0	さ	動詞,自立,*,*	0
0	せ	動詞,接尾,*,*	0
0	た	助動詞,*,*,*	0
0	の	名詞,非自立,一般,*	0
0	も	助詞,係助詞,*,*	0
0	チャップマン	名詞,一般,*,*	1
0	の	助詞,連体化,*,*	0
0	手腕	名詞,一般,*,*	0
0	による	助詞,格助詞,連語,*	0
0	もの	名詞,非自立,一般,*	0
0	と	助詞,格助詞,引用,*	0
0	言わ	動詞,自立,*,*	0
0	れ	動詞,接尾,*,*	0
0	て	助詞,接続助詞,*,*	0
0	いる	動詞,非自立,*,*	0
0	。	記号,句点,*,*	0
0	ロンドン	名詞,固有名詞,地域,一般	0
0	の	助詞,連体化,*,*	0
0	地下鉄	名詞,一般,*,*	0
0	の	助詞,連体化,*,*	0
0	中	名詞,非自立,副詞可能,*	0
0	で	助詞,格助詞,一般,*	0
0	、	記号,読点,*,*	0
1	サッカー	名詞,一般,*,*	0
0	クラブ	名詞,一般,*,*	0
0	の	助詞,連体化,*,*	0
1	チーム	名詞,一般,*,*	0
0	名	名詞,接尾,一般,*	0
0	が	助詞,格助詞,一般,*	0
0	駅名	名詞,一般,*,*	0
0	と	助詞,格助詞,一般,*	0
0	なっ	動詞,自立,*,*	0
0	て	助詞,接続助詞,*,*	0
0	いる	動詞,非自立,*,*	0
0	の	名詞,非自立,一般,*	0
0	は	助詞,係助詞,*,*	0
0	アーセナル	名詞,一般,*,*	1
0	だけ	助詞,副助詞,*,*	0
0	で	助動詞,*,*,*	0
0	ある	助動詞,*,*,*	0
0	。	記号,句点,*,*	0
0	夜間	名詞,一般,*,*	0
0	の	助詞,連体化,*,*	0
0	試合	名詞,サ変接続,*,*	0
0	の	助詞,連体化,*,*	0
0	ため	名詞,非自立,副詞可能,*	0
0	に	助詞,格助詞,一般,*	0
0	ハイバリー	名詞,一般,*,*	1
0	の	助詞,連体化,*,*	0
0	ウェストスタンド	名詞,一般,*,*	1
0	に	助詞,格助詞,一般,*	0
1	投降	名詞,サ変接続,*,*	0
1	照明	名詞,サ変接続,*,*	0
0	器	名詞,接尾,一般,*	0
0	を	助詞,格助詞,一般,*	0
0	採用	名詞,サ変接続,*,*	0
0	し	動詞,自立,*,*	0
0	た	助動詞,*,*,*	0
0	の	名詞,非自立,一般,*	0
0	も	助詞,係助詞,*,*	0
0	チャップマン	名詞,一般,*,*	1
0	が	助詞,格助詞,一般,*	0
0	リーグ	名詞,一般,*,*	0
0	で	助詞,格助詞,一般,*	0
0	初めて	副詞,一般,*,*	0
0	で	助動詞,*,*,*	0
0	あり	助動詞,*,*,*	0
0	、	記号,読点,*,*	0
0	イングランド	名詞,固有名詞,地域,一般	0
0	の	助詞,連体化,*,*	0
1	サッカー	名詞,一般,*,*	0
0	協会	名詞,一般,*,*	0
0	は	助詞,係助詞,*,*	0
0	その	連体詞,*,*,*	0
0	使用	名詞,サ変接続,*,*	0
0	を	助詞,格助詞,一般,*	0
1	50	名詞,数,*,*	1
0	年代	名詞,接尾,助数詞,*	0
0	まで	助詞,副助詞,*,*	0
0	認め	動詞,自立,*,*	0
0	なかっ	助動詞,*,*,*	0
0	た	助動詞,*,*,*	0
0	。	記号,句点,*,*	0
0	リーグ	名詞,一般,*,*	0
0	において	助詞,格助詞,連語,*	0
0	選手	名詞,一般,*,*	0
0	の	助詞,連体化,*,*	0
1	背番号	名詞,一般,*,*	0
0	制	名詞,接尾,一般,*	0
0	を	助詞,格助詞,一般,*	0
0	初めて	副詞,一般,*,*	0
0	導入	名詞,サ変接続,*,*	0
0	し	動詞,自立,*,*	0
0	た	助動詞,*,*,*	0
0	の	名詞,非自立,一般,*	0
0	も	助詞,係助詞,*,*	0
0	チャップマン	名詞,一般,*,*	1
0	で	助動詞,*,*,*	0
0	ある	助動詞,*,*,*	0
0	。	記号,句点,*,*	0
0	この	連体詞,*,*,*	0
0	よう	名詞,非自立,助動詞語幹,*	0
0	に	助詞,副詞化,*,*	0
0	、	記号,読点,*,*	0
0	アーセナル	名詞,一般,*,*	1
0	だけ	助詞,副助詞,*,*	0
0	で	助動詞,*,*,*	0
0	なく	助動詞,*,*,*	0
0	サッカー	名詞,一般,*,*	0
0	の	助詞,連体化,*,*	0
1	近代	名詞,一般,*,*	0
0	化	名詞,接尾,サ変接続,*	0
0	に	助詞,格助詞,一般,*	0
0	大きな	連体詞,*,*,*	0
0	貢献	名詞,サ変接続,*,*	0
0	を	助詞,格助詞,一般,*	0
0	し	動詞,自立,*,*	0
0	た	助動詞,*,*,*	0
0	チャップマン	名詞,一般,*,*	1
0	は	助詞,係助詞,*,*	0
1	1934	名詞,数,*,*	1
0	年	名詞,接尾,助数詞,*	0
0	に	助詞,格助詞,一般,*	0
0	肺炎	名詞,一般,*,*	0
0	で	助詞,格助詞,一般,*	0
0	急逝	名詞,サ変接続,*,*	0
0	し	動詞,自立,*,*	0
0	た	助動詞,*,*,*	0
0	。	記号,句点,*,*	0
0	その	連体詞,*,*,*	0
0	死後	名詞,副詞可能,*,*	0
1	ジョー	名詞,固有名詞,人名,名	0
1	・	記号_中黒	0
0	ショー	名詞,一般,*,*	0
0	、	記号,読点,*,*	0
0	続い	動詞,自立,*,*	0
0	て	助詞,接続助詞,*,*	0
1	ジョージ	名詞,固有名詞,人名,名	0
1	・	記号_中黒	0
0	アリソン	名詞,一般,*,*	1
0	が	助詞,格助詞,一般,*	0
0	監督	名詞,サ変接続,*,*	0
0	を	助詞,格助詞,一般,*	0
0	引き継ぎ	動詞,自立,*,*	0
0	、	記号,読点,*,*	0
1	2	名詞,数,*,*	1
0	人	名詞,接尾,助数詞,*	0
0	の	助詞,連体化,*,*	0
0	下	名詞,一般,*,*	0
0	で	助詞,格助詞,一般,*	0
0	アーセナル	名詞,一般,*,*	1
0	は	助詞,係助詞,*,*	0
1	3	名詞,数,*,*	1
0	度	名詞,接尾,助数詞,*	0
0	の	助詞,連体化,*,*	0
1	リーグ	名詞,一般,*,*	0
0	優勝	名詞,サ変接続,*,*	0
0	 	記号,空白,*,*	1
0	(	記号_括弧開	0
1	1933	名詞,数,*,*	1
1	-	記号_ハイフン	0
0	34	名詞,数,*,*	1
0	,	名詞,サ変接続,*,*	1
0	 	記号,空白,*,*	1
1	1934	名詞,数,*,*	1
1	-	記号_ハイフン	0
0	35	名詞,数,*,*	1
0	,	名詞,サ変接続,*,*	1
0	 	記号,空白,*,*	1
1	1937	名詞,数,*,*	1
1	-	記号_ハイフン	0
0	38	名詞,数,*,*	1
0	)	記号_括弧閉	0
0	 	記号,空白,*,*	1
0	と	助詞,格助詞,引用,*	0
1	2	名詞,数,*,*	1
0	回	名詞,接尾,助数詞,*	0
0	の	助詞,連体化,*,*	0
1	FA	名詞,一般,*,*	1
1	カップ	名詞,一般,*,*	0
0	優勝	名詞,サ変接続,*,*	0
0	を	助詞,格助詞,一般,*	0
0	果たし	動詞,自立,*,*	0
0	た	助動詞,*,*,*	0
0	。	記号,句点,*,*	0
0	しかし	接続詞,*,*,*	0
0	、	記号,読点,*,*	0
1	第	接頭詞,数接続,*,*	0
1	2	名詞,数,*,*	1
1	次	名詞,接尾,助数詞,*	0
0	大戦	名詞,一般,*,*	0
0	の	助詞,連体化,*,*	0
0	勃発	名詞,サ変接続,*,*	0
0	と共に	助詞,格助詞,連語,*	0
0	リーグ	名詞,一般,*,*	0
0	は	助詞,係助詞,*,*	0
0	中断	名詞,サ変接続,*,*	0
0	を	助詞,格助詞,一般,*	0
0	余儀なく	形容詞,自立,*,*	0
0	さ	動詞,自立,*,*	0
0	れる	動詞,接尾,*,*	0
0	。	記号,句点,*,*	0
1	第	接頭詞,数接続,*,*	0
1	二	名詞,数,*,*	0
1	次	名詞,接尾,助数詞,*	0
1	世界	名詞,一般,*,*	0
1	大戦	名詞,一般,*,*	0
0	後	名詞,接尾,副詞可能,*	0
0	、	記号,読点,*,*	0
0	アリソン	名詞,一般,*,*	1
0	の	助詞,連体化,*,*	0
0	後	名詞,非自立,副詞可能,*	0
0	を	助詞,格助詞,一般,*	0
0	継い	動詞,自立,*,*	0
0	だ	助動詞,*,*,*	0
1	トム	名詞,固有名詞,人名,名	0
1	・	記号_中黒	0
0	ウィタカー	名詞,一般,*,*	1
0	の	助詞,連体化,*,*	0
0	下	名詞,一般,*,*	0
0	で	助詞,格助詞,一般,*	0
0	も	助詞,係助詞,*,*	0
1	1947	名詞,数,*,*	1
1	-	記号_ハイフン	0
0	48	名詞,数,*,*	1
0	,	名詞,サ変接続,*,*	1
0	 	記号,空白,*,*	1
1	1952	名詞,数,*,*	1
1	-	記号_ハイフン	0
0	53	名詞,数,*,*	1
0	の	助詞,連体化,*,*	0
1	2	名詞,数,*,*	1
0	回	名詞,接尾,助数詞,*	0
0	の	助詞,連体化,*,*	0
1	リーグ	名詞,一般,*,*	0
0	優勝	名詞,サ変接続,*,*	0
0	、	記号,読点,*,*	0
1	1949	名詞,数,*,*	1
1	-	記号_ハイフン	0
0	50	名詞,数,*,*	1
0	の	助詞,連体化,*,*	0
1	FA	名詞,一般,*,*	1
1	カップ	名詞,一般,*,*	0
0	優勝	名詞,サ変接続,*,*	0
0	を	助詞,格助詞,一般,*	0
0	成し遂げる	動詞,自立,*,*	0
0	が	助詞,接続助詞,*,*	0
0	、	記号,読点,*,*	0
0	その後	名詞,副詞可能,*,*	0
0	チーム	名詞,一般,*,*	0
0	は	助詞,係助詞,*,*	0
0	低迷	名詞,サ変接続,*,*	0
0	し	動詞,自立,*,*	0
0	、	記号,読点,*,*	0
0	50	名詞,数,*,*	1
0	年代	名詞,接尾,助数詞,*	0
0	は	助詞,係助詞,*,*	0
0	メジャー	名詞,形容動詞語幹,*,*	0
0	な	助動詞,*,*,*	0
0	タイトル	名詞,一般,*,*	0
0	を	助詞,格助詞,一般,*	0
0	獲得	名詞,サ変接続,*,*	0
0	する	動詞,自立,*,*	0
0	こと	名詞,非自立,一般,*	0
0	なく	形容詞,自立,*,*	0
0	終わる	動詞,自立,*,*	0
0	。	記号,句点,*,*	0
1	1966	名詞,数,*,*	1
0	年	名詞,接尾,助数詞,*	0
0	、	記号,読点,*,*	0
0	クラブ	名詞,一般,*,*	0
0	の	助詞,連体化,*,*	0
0	フィジオセラピスト	名詞,一般,*,*	1
0	だっ	助動詞,*,*,*	0
0	た	助動詞,*,*,*	0
1	バーティー	名詞,一般,*,*	1
1	・	記号_中黒	0
0	ミー	名詞,一般,*,*	1
0	が	助詞,格助詞,一般,*	0
1	予想	名詞,サ変接続,*,*	0
0	外	名詞,接尾,一般,*	0
0	に	助詞,格助詞,一般,*	0
0	監督	名詞,サ変接続,*,*	0
0	へ	助詞,格助詞,一般,*	0
0	抜擢	名詞,サ変接続,*,*	0
0	さ	動詞,自立,*,*	0
0	れる	動詞,接尾,*,*	0
0	。	記号,句点,*,*	0
1	2	名詞,数,*,*	1
0	度	名詞,接尾,助数詞,*	0
0	の	助詞,連体化,*,*	0
1	リーグ	名詞,一般,*,*	0
1	杯	名詞,接尾,一般,*	0
1	準	接頭詞,名詞接続,*,*	0
0	優勝	名詞,サ変接続,*,*	0
0	を	助詞,格助詞,一般,*	0
0	経	動詞,自立,*,*	0
0	て	助詞,接続助詞,*,*	0
0	、	記号,読点,*,*	0
1	1969	名詞,数,*,*	1
1	-	記号_ハイフン	0
0	70	名詞,数,*,*	1
0	に	助詞,格助詞,一般,*	0
0	初	名詞,一般,*,*	0
0	の	助詞,連体化,*,*	0
0	ヨーロッパ	名詞,固有名詞,地域,一般	0
0	で	助詞,格助詞,一般,*	0
0	の	助詞,連体化,*,*	0
0	タイトル	名詞,一般,*,*	0
0	と	助詞,格助詞,一般,*	0
0	なる	動詞,自立,*,*	0
1	インターシティーズ	名詞,一般,*,*	1
1	・	記号_中黒	0
0	フェアーズカップ	名詞,一般,*,*	1
0	を	助詞,格助詞,一般,*	0
0	獲得	名詞,サ変接続,*,*	0
0	。	記号,句点,*,*	0
0	更に	副詞,助詞類接続,*,*	0
1	1970	名詞,数,*,*	1
1	-	記号_ハイフン	0
0	71	名詞,数,*,*	1
0	に	助詞,格助詞,一般,*	0
0	は	助詞,係助詞,*,*	0
0	リーグ	名詞,一般,*,*	0
0	と	助詞,並立助詞,*,*	0
0	FA	名詞,固有名詞,組織,*	1
0	カップ	名詞,一般,*,*	0
0	優勝	名詞,サ変接続,*,*	0
0	の	助詞,連体化,*,*	0
0	“	記号,括弧開,*,*	0
0	ダブル	名詞,一般,*,*	0
0	”	記号,括弧閉,*,*	0
0	を	助詞,格助詞,一般,*	0
0	達成	名詞,サ変接続,*,*	0
0	し	動詞,自立,*,*	0
0	た	助動詞,*,*,*	0
0	。	記号,句点,*,*	0
0	しかし	接続詞,*,*,*	0
0	、	記号,読点,*,*	0
0	ダブル	名詞,一般,*,*	0
0	を	助詞,格助詞,一般,*	0
0	達成	名詞,サ変接続,*,*	0
0	し	動詞,自立,*,*	0
0	た	助動詞,*,*,*	0
0	メンバー	名詞,一般,*,*	0
0	は	助詞,係助詞,*,*	0
0	徐々に	副詞,一般,*,*	0
0	チーム	名詞,一般,*,*	0
0	を	助詞,格助詞,一般,*	0
0	離れ	動詞,自立,*,*	0
0	て	助詞,接続助詞,*,*	0
0	いき	動詞,非自立,*,*	0
0	、	記号,読点,*,*	0
1	1970	名詞,数,*,*	1
0	年代	名詞,接尾,助数詞,*	0
0	は	助詞,係助詞,*,*	0
1	タイトル	名詞,一般,*,*	0
0	獲得	名詞,サ変接続,*,*	0
0	の	助詞,連体化,*,*	0
1	一	名詞,数,*,*	0
1	歩	名詞,接尾,助数詞,*	0
0	手前	名詞,一般,*,*	0
0	で	助詞,格助詞,一般,*	0
0	足踏み	名詞,一般,*,*	0
0	する	動詞,自立,*,*	0
0	シーズン	名詞,一般,*,*	0
0	が	助詞,格助詞,一般,*	0
0	続く	動詞,自立,*,*	0
0	。	記号,句点,*,*	0
1	1972	名詞,数,*,*	1
1	-	記号_ハイフン	0
0	73	名詞,数,*,*	1
0	に	助詞,格助詞,一般,*	0
0	は	助詞,係助詞,*,*	0
1	リーグ	名詞,一般,*,*	0
1	2	名詞,数,*,*	1
0	位	名詞,接尾,助数詞,*	0
0	、	記号,読点,*,*	0
1	3	名詞,数,*,*	1
0	度	名詞,接尾,助数詞,*	0
0	の	助詞,連体化,*,*	0
1	FA	名詞,一般,*,*	1
1	カップ	名詞,一般,*,*	0
1	準	接頭詞,名詞接続,*,*	0
0	優勝	名詞,サ変接続,*,*	0
0	 	記号,空白,*,*	1
0	(	記号_括弧開	0
1	1971	名詞,数,*,*	1
1	-	記号_ハイフン	0
0	72	名詞,数,*,*	1
0	,	名詞,サ変接続,*,*	1
0	 	記号,空白,*,*	1
1	1977	名詞,数,*,*	1
1	-	記号_ハイフン	0
0	78	名詞,数,*,*	1
0	,	名詞,サ変接続,*,*	1
0	 	記号,空白,*,*	1
1	1979	名詞,数,*,*	1
1	-	記号_ハイフン	0
0	80	名詞,数,*,*	1
0	)	記号_括弧閉	0
0	、	記号,読点,*,*	0
1	UEFA	名詞,固有名詞,組織,*	1
1	カップウィナーズカップ	名詞,一般,*,*	1
1	準	接頭詞,名詞接続,*,*	0
0	優勝	名詞,サ変接続,*,*	0
0	 	記号,空白,*,*	1
0	(	記号_括弧開	0
1	1979	名詞,数,*,*	1
1	-	記号_ハイフン	0
0	80	名詞,数,*,*	1
0	)	記号_括弧閉	0
0	 	記号,空白,*,*	1
0	が	接続詞,*,*,*	0
0	この間	名詞,副詞可能,*,*	0
0	の	助詞,連体化,*,*	0
0	成績	名詞,一般,*,*	0
0	で	助詞,格助詞,一般,*	0
0	、	記号,読点,*,*	0
0	獲得	名詞,サ変接続,*,*	0
0	し	動詞,自立,*,*	0
0	た	助動詞,*,*,*	0
0	タイトル	名詞,一般,*,*	0
0	は	助詞,係助詞,*,*	0
1	1978	名詞,数,*,*	1
1	-	記号_ハイフン	0
0	79	名詞,数,*,*	1
0	の	助詞,連体化,*,*	0
1	FA	名詞,一般,*,*	1
1	カップ	名詞,一般,*,*	0
0	優勝	名詞,サ変接続,*,*	0
0	のみ	助詞,副助詞,*,*	0
0	で	助動詞,*,*,*	0
0	ある	助動詞,*,*,*	0
0	。	記号,句点,*,*	0
1	マンチェスター	名詞,固有名詞,地域,一般	0
1	・	記号_中黒	0
0	ユナイテッド	名詞,固有名詞,組織,*	0
0	を	助詞,格助詞,一般,*	0
1	終了	名詞,サ変接続,*,*	0
0	間際	名詞,一般,*,*	0
0	の	助詞,連体化,*,*	0
0	ゴール	名詞,一般,*,*	0
0	で	助詞,格助詞,一般,*	0
1	3	名詞,数,*,*	1
1	対	名詞,接続詞的,*,*	0
0	2	名詞,数,*,*	1
0	で	助詞,格助詞,一般,*	0
0	破っ	動詞,自立,*,*	0
0	た	助動詞,*,*,*	0
0	この	連体詞,*,*,*	0
0	試合	名詞,サ変接続,*,*	0
0	は	助詞,係助詞,*,*	0
0	、	記号,読点,*,*	0
0	アーセナル	名詞,一般,*,*	1
0	の	助詞,連体化,*,*	0
1	名	接頭詞,名詞接続,*,*	0
0	勝負	名詞,サ変接続,*,*	0
0	の	助詞,連体化,*,*	0
0	ひとつ	名詞,副詞可能,*,*	0
0	に	助詞,格助詞,一般,*	0
0	数え	動詞,自立,*,*	0
0	られ	動詞,接尾,*,*	0
0	て	助詞,接続助詞,*,*	0
0	いる	動詞,非自立,*,*	0
0	。	記号,句点,*,*	0
1	1986	名詞,数,*,*	1
0	年	名詞,接尾,助数詞,*	0
0	に	助詞,格助詞,一般,*	0
0	就任	名詞,サ変接続,*,*	0
0	し	動詞,自立,*,*	0
0	た	助動詞,*,*,*	0
1	ジョージ	名詞,固有名詞,人名,名	0
1	・	記号_中黒	0
0	グラハム	名詞,固有名詞,人名,姓	0
0	は	助詞,係助詞,*,*	0
1	元	接頭詞,名詞接続,*,*	0
0	アーセナル	名詞,一般,*,*	1
0	の	助詞,連体化,*,*	0
0	選手	名詞,一般,*,*	0
0	で	助動詞,*,*,*	0
0	あり	助動詞,*,*,*	0
0	、	記号,読点,*,*	0
0	クラブ	名詞,一般,*,*	0
0	に	助詞,格助詞,一般,*	0
1	第	接頭詞,数接続,*,*	0
0	3	名詞,数,*,*	1
0	の	助詞,連体化,*,*	0
1	黄金	名詞,一般,*,*	0
0	期	名詞,接尾,一般,*	0
0	を	助詞,格助詞,一般,*	0
0	もたらし	動詞,自立,*,*	0
0	た	助動詞,*,*,*	0
0	。	記号,句点,*,*	0
1	就任	名詞,サ変接続,*,*	0
1	1	名詞,数,*,*	1
1	年	名詞,接尾,助数詞,*	0
0	目	名詞,接尾,一般,*	0
0	の	助詞,連体化,*,*	0
1	1986	名詞,数,*,*	1
1	-	記号_ハイフン	0
0	87	名詞,数,*,*	1
0	に	助詞,格助詞,一般,*	0
1	リーグ	名詞,一般,*,*	0
0	カップ	名詞,一般,*,*	0
0	を	助詞,格助詞,一般,*	0
0	優勝	名詞,サ変接続,*,*	0
0	。	記号,句点,*,*	0
1	1988	名詞,数,*,*	1
1	-	記号_ハイフン	0
0	89	名詞,数,*,*	1
0	の	助詞,連体化,*,*	0
1	リーグ	名詞,一般,*,*	0
0	優勝	名詞,サ変接続,*,*	0
0	は	助詞,係助詞,*,*	0
1	シーズン	名詞,一般,*,*	0
1	最終	名詞,一般,*,*	0
0	節	名詞,接尾,一般,*	0
0	で	助詞,格助詞,一般,*	0
0	優勝	名詞,サ変接続,*,*	0
0	を	助詞,格助詞,一般,*	0
0	争っ	動詞,自立,*,*	0
0	て	助詞,接続助詞,*,*	0
0	い	動詞,非自立,*,*	0
0	た	助動詞,*,*,*	0
1	リヴァプール	名詞,一般,*,*	1
0	FC	名詞,一般,*,*	1
0	を	助詞,格助詞,一般,*	0
0	、	記号,読点,*,*	0
0	その	連体詞,*,*,*	0
0	本拠地	名詞,一般,*,*	0
1	アン	名詞,固有名詞,人名,名	0
0	フィールド	名詞,一般,*,*	0
0	で	助詞,格助詞,一般,*	0
0	ロスタイム	名詞,一般,*,*	0
0	に	助詞,格助詞,一般,*	0
0	下す	動詞,自立,*,*	0
0	という	助詞,格助詞,連語,*	0
0	劇的	名詞,形容動詞語幹,*,*	0
0	な	助動詞,*,*,*	0
0	もの	名詞,非自立,一般,*	0
0	だっ	助動詞,*,*,*	0
0	た	助動詞,*,*,*	0
0	。	記号,句点,*,*	0
0	これ	名詞,代名詞,一般,*	0
0	は	助詞,係助詞,*,*	0
0	最も	副詞,一般,*,*	0
0	有名	名詞,形容動詞語幹,*,*	0
0	な	助動詞,*,*,*	0
0	アーセナル	名詞,一般,*,*	1
0	の	助詞,連体化,*,*	0
0	試合	名詞,サ変接続,*,*	0
0	の	助詞,連体化,*,*	0
0	ひとつ	名詞,副詞可能,*,*	0
0	で	助動詞,*,*,*	0
0	ある	助動詞,*,*,*	0
0	。	記号,句点,*,*	0
1	1990	名詞,数,*,*	1
1	-	記号_ハイフン	0
0	91	名詞,数,*,*	1
0	に	助詞,格助詞,一般,*	0
0	は	助詞,係助詞,*,*	0
1	1	名詞,数,*,*	1
0	敗	名詞,接尾,助数詞,*	0
0	し	動詞,自立,*,*	0
0	た	助動詞,*,*,*	0
0	のみ	助詞,副助詞,*,*	0
0	で	助詞,格助詞,一般,*	0
1	リーグ	名詞,一般,*,*	0
0	優勝	名詞,サ変接続,*,*	0
0	、	記号,読点,*,*	0
1	1992	名詞,数,*,*	1
1	-	記号_ハイフン	0
0	93	名詞,数,*,*	1
0	に	助詞,格助詞,一般,*	0
0	は	助詞,係助詞,*,*	0
1	FA	名詞,固有名詞,組織,*	1
0	カップ	名詞,一般,*,*	0
0	と	助詞,並立助詞,*,*	0
1	リーグ	名詞,一般,*,*	0
0	カップ	名詞,一般,*,*	0
0	を	助詞,格助詞,一般,*	0
0	獲得	名詞,サ変接続,*,*	0
0	、	記号,読点,*,*	0
1	1993	名詞,数,*,*	1
1	-	記号_ハイフン	0
0	94	名詞,数,*,*	1
0	に	助詞,格助詞,一般,*	0
0	は	助詞,係助詞,*,*	0
1	カップ	名詞,一般,*,*	0
1	・	記号_中黒	0
1	ウィナーズ	名詞,一般,*,*	1
1	・	記号_中黒	0
0	カップ	名詞,一般,*,*	0
0	を	助詞,格助詞,一般,*	0
0	獲得	名詞,サ変接続,*,*	0
0	。	記号,句点,*,*	0
0	しかし	接続詞,*,*,*	0
0	、	記号,読点,*,*	0
0	選手	名詞,一般,*,*	0
0	獲得	名詞,サ変接続,*,*	0
0	の	助詞,連体化,*,*	0
0	際	名詞,非自立,副詞可能,*	0
0	に	助詞,格助詞,一般,*	0
0	リベート	名詞,一般,*,*	0
0	を	助詞,格助詞,一般,*	0
0	受け取っ	動詞,自立,*,*	0
0	て	助詞,接続助詞,*,*	0
0	い	動詞,非自立,*,*	0
0	た	助動詞,*,*,*	0
0	こと	名詞,非自立,一般,*	0
0	が	助詞,格助詞,一般,*	0
0	明らか	名詞,形容動詞語幹,*,*	0
0	と	助詞,格助詞,一般,*	0
0	なっ	動詞,自立,*,*	0
0	て	助詞,接続助詞,*,*	0
0	、	記号,読点,*,*	0
1	1995	名詞,数,*,*	1
0	年	名詞,接尾,助数詞,*	0
0	に	助詞,格助詞,一般,*	0
0	グラハム	名詞,固有名詞,人名,姓	0
0	は	助詞,係助詞,*,*	0
0	解雇	名詞,サ変接続,*,*	0
0	さ	動詞,自立,*,*	0
0	れ	動詞,接尾,*,*	0
0	、	記号,読点,*,*	0
1	ブルース	名詞,固有名詞,人名,名	0
1	・	記号_中黒	0
0	リオッホ	名詞,一般,*,*	1
0	が	助詞,格助詞,一般,*	0
0	就任	名詞,サ変接続,*,*	0
0	する	動詞,自立,*,*	0
0	も	助詞,係助詞,*,*	0
1	1	名詞,数,*,*	1
0	シーズン	名詞,一般,*,*	0
0	で	助詞,格助詞,一般,*	0
0	クラブ	名詞,一般,*,*	0
0	を	助詞,格助詞,一般,*	0
0	離れ	動詞,自立,*,*	0
0	て	助詞,接続助詞,*,*	0
0	いる	動詞,非自立,*,*	0
0	。	記号,句点,*,*	0
1	1990	名詞,数,*,*	1
1	年代	名詞,接尾,助数詞,*	0
0	後半	名詞,副詞可能,*,*	0
0	から	助詞,格助詞,一般,*	0
1	2000	名詞,数,*,*	1
0	年代	名詞,接尾,助数詞,*	0
0	にかけて	助詞,格助詞,連語,*	0
0	の	助詞,連体化,*,*	0
0	クラブ	名詞,一般,*,*	0
0	の	助詞,連体化,*,*	0
0	成功	名詞,サ変接続,*,*	0
0	は	助詞,係助詞,*,*	0
0	、	記号,読点,*,*	0
1	1996	名詞,数,*,*	1
0	年	名詞,接尾,助数詞,*	0
0	に	助詞,格助詞,一般,*	0
0	就任	名詞,サ変接続,*,*	0
0	し	動詞,自立,*,*	0
0	た	助動詞,*,*,*	0
1	アーセン	名詞,一般,*,*	1
1	・	記号_中黒	0
1	ベン	名詞,一般,*,*	0
0	ゲル	名詞,一般,*,*	0
0	の	助詞,連体化,*,*	0
0	手腕	名詞,一般,*,*	0
0	による	助詞,格助詞,連語,*	0
0	ところ	名詞,非自立,副詞可能,*	0
0	が	助詞,格助詞,一般,*	0
0	大きい	形容詞,自立,*,*	0
0	。	記号,句点,*,*	0
1	ベン	名詞,一般,*,*	0
0	ゲル	名詞,一般,*,*	0
0	は	助詞,係助詞,*,*	0
0	新た	名詞,形容動詞語幹,*,*	0
0	な	助動詞,*,*,*	0
0	戦術	名詞,一般,*,*	0
0	、	記号,読点,*,*	0
1	トレーニング	名詞,サ変接続,*,*	0
0	法	名詞,接尾,一般,*	0
0	を	助詞,格助詞,一般,*	0
0	導入	名詞,サ変接続,*,*	0
0	する	動詞,自立,*,*	0
0	と	助詞,接続助詞,*,*	0
0	同時に	副詞,一般,*,*	0
0	、	記号,読点,*,*	0
1	イングランド	名詞,固有名詞,地域,一般	0
0	人	名詞,接尾,一般,*	0
0	を	助詞,格助詞,一般,*	0
0	補完	名詞,サ変接続,*,*	0
0	する	動詞,自立,*,*	0
0	形	名詞,一般,*,*	0
0	で	助詞,格助詞,一般,*	0
1	外国	名詞,一般,*,*	0
1	人	名詞,接尾,一般,*	0
0	選手	名詞,一般,*,*	0
0	を	助詞,格助詞,一般,*	0
0	獲得	名詞,サ変接続,*,*	0
0	し	動詞,自立,*,*	0
0	た	助動詞,*,*,*	0
0	。	記号,句点,*,*	0
1	食事	名詞,サ変接続,*,*	0
0	制限	名詞,サ変接続,*,*	0
0	や	助詞,並立助詞,*,*	0
0	禁酒	名詞,サ変接続,*,*	0
0	の	助詞,連体化,*,*	0
0	徹底	名詞,サ変接続,*,*	0
0	、	記号,読点,*,*	0
1	外国	名詞,一般,*,*	0
1	人	名詞,接尾,一般,*	0
0	選手	名詞,一般,*,*	0
0	の	助詞,連体化,*,*	0
0	登用	名詞,サ変接続,*,*	0
0	など	助詞,副助詞,*,*	0
0	が	助詞,格助詞,一般,*	0
1	プレミア	名詞,一般,*,*	0
1	リーグ	名詞,一般,*,*	0
0	全体	名詞,副詞可能,*,*	0
0	に	助詞,格助詞,一般,*	0
0	もたらし	動詞,自立,*,*	0
0	た	助動詞,*,*,*	0
0	インパクト	名詞,一般,*,*	0
0	は	助詞,係助詞,*,*	0
0	大きく	形容詞,自立,*,*	0
0	、	記号,読点,*,*	0
1	ベン	名詞,一般,*,*	0
0	ゲル	名詞,一般,*,*	0
0	の	助詞,連体化,*,*	0
0	影響	名詞,サ変接続,*,*	0
0	を	助詞,格助詞,一般,*	0
0	受け	動詞,自立,*,*	0
0	て	助詞,接続助詞,*,*	0
0	い	動詞,非自立,*,*	0
0	ない	助動詞,*,*,*	0
0	監督	名詞,サ変接続,*,*	0
0	は	助詞,係助詞,*,*	0
0	一	名詞,数,*,*	0
0	人	名詞,接尾,助数詞,*	0
0	も	助詞,係助詞,*,*	0
0	い	動詞,自立,*,*	0
0	ない	助動詞,*,*,*	0
0	と	助詞,格助詞,引用,*	0
0	言わ	動詞,自立,*,*	0
0	れる	動詞,接尾,*,*	0
0	。	記号,句点,*,*	0
0	アーセナル	名詞,一般,*,*	1
0	は	助詞,係助詞,*,*	0
1	伝統	名詞,一般,*,*	0
0	的	名詞,接尾,形容動詞語幹,*	0
0	に	助詞,副詞化,*,*	0
0	フィジカル	名詞,一般,*,*	0
0	を	助詞,格助詞,一般,*	0
0	前面	名詞,一般,*,*	0
0	に	助詞,格助詞,一般,*	0
0	押し出し	動詞,自立,*,*	0
0	た	助動詞,*,*,*	0
1	守備	名詞,サ変接続,*,*	0
0	的	名詞,接尾,形容動詞語幹,*	0
0	な	助動詞,*,*,*	0
0	戦い	名詞,一般,*,*	0
0	方	名詞,接尾,一般,*	0
0	で	助詞,格助詞,一般,*	0
0	知ら	動詞,自立,*,*	0
0	れ	動詞,接尾,*,*	0
0	て	助詞,接続助詞,*,*	0
0	おり	動詞,非自立,*,*	0
0	、	記号,読点,*,*	0
1	1990	名詞,数,*,*	1
1	年代	名詞,接尾,助数詞,*	0
0	後半	名詞,副詞可能,*,*	0
0	は	助詞,係助詞,*,*	0
1	フェイマス	名詞,一般,*,*	1
0	4	名詞,数,*,*	1
0	と	助詞,格助詞,引用,*	0
0	呼ば	動詞,自立,*,*	0
0	れ	動詞,接尾,*,*	0
0	た	助動詞,*,*,*	0
1	4	名詞,数,*,*	1
0	バック	名詞,サ変接続,*,*	0
1	トニー	名詞,固有名詞,人名,名	0
1	・	記号_中黒	0
0	アダムス	名詞,固有名詞,人名,姓	0
0	、	記号,読点,*,*	0
1	ナイジェル	名詞,一般,*,*	1
1	・	記号_中黒	0
0	ウィンターバーン	名詞,固有名詞,組織,*	1
0	、	記号,読点,*,*	0
1	リー	名詞,固有名詞,人名,姓	0
1	・	記号_中黒	0
0	ディクソン	名詞,固有名詞,組織,*	1
0	、	記号,読点,*,*	0
1	マーティン	名詞,固有名詞,人名,姓	0
1	・	記号_中黒	0
0	キーオン	名詞,一般,*,*	1
0	と	助詞,並立助詞,*,*	0
0	GK	名詞,一般,*,*	1
0	の	助詞,連体化,*,*	0
1	デイヴィッド	名詞,一般,*,*	1
1	・	記号_中黒	0
0	シーマン	名詞,一般,*,*	1
0	を	助詞,格助詞,一般,*	0
0	擁し	動詞,自立,*,*	0
0	て	助詞,接続助詞,*,*	0
0	堅固	名詞,形容動詞語幹,*,*	0
0	な	助動詞,*,*,*	0
0	守備	名詞,サ変接続,*,*	0
0	を	助詞,格助詞,一般,*	0
0	誇っ	動詞,自立,*,*	0
0	た	助動詞,*,*,*	0
0	。	記号,句点,*,*	0
0	また	接続詞,*,*,*	0
0	、	記号,読点,*,*	0
1	他	接頭詞,名詞接続,*,*	0
0	チーム	名詞,一般,*,*	0
0	の	助詞,連体化,*,*	0
0	サポーター	名詞,一般,*,*	0
0	や	助詞,並立助詞,*,*	0
1	攻撃	名詞,サ変接続,*,*	0
1	的	名詞,接尾,形容動詞語幹,*	0
0	サッカー	名詞,一般,*,*	0
0	を	助詞,格助詞,一般,*	0
0	好む	動詞,自立,*,*	0
0	一般	名詞,一般,*,*	0
0	の	助詞,連体化,*,*	0
0	マスコミ	名詞,一般,*,*	0
0	から	助詞,格助詞,一般,*	0
0	は	助詞,係助詞,*,*	0
0	「	記号,括弧開,*,*	0
1	1	名詞,数,*,*	1
1	-	記号_ハイフン	0
1	0	名詞,数,*,*	1
1	の	助詞,連体化,*,*	0
0	アーセナル	名詞,一般,*,*	1
0	」	記号,括弧閉,*,*	0
0	「	記号,括弧開,*,*	0
0	退屈	名詞,サ変接続,*,*	0
0	で	助詞,格助詞,一般,*	0
1	守備	名詞,サ変接続,*,*	0
0	サッカー	名詞,一般,*,*	0
0	を	助詞,格助詞,一般,*	0
0	展開	名詞,サ変接続,*,*	0
0	する	動詞,自立,*,*	0
0	チーム	名詞,一般,*,*	0
0	」	記号,括弧閉,*,*	0
0	として	助詞,格助詞,連語,*	0
0	やや	副詞,一般,*,*	0
0	も	助詞,係助詞,*,*	0
0	する	動詞,自立,*,*	0
0	と	助詞,格助詞,引用,*	0
0	嘲笑	名詞,サ変接続,*,*	0
0	の	助詞,連体化,*,*	0
0	対象	名詞,一般,*,*	0
0	と	助詞,格助詞,一般,*	0
0	なっ	動詞,自立,*,*	0
0	て	助詞,接続助詞,*,*	0
0	い	動詞,非自立,*,*	0
0	た	助動詞,*,*,*	0
0	。	記号,句点,*,*	0
0	しかし	接続詞,*,*,*	0
0	、	記号,読点,*,*	0
1	ベン	名詞,一般,*,*	0
1	ゲル	名詞,一般,*,*	0
1	就任	名詞,サ変接続,*,*	0
0	後	名詞,接尾,副詞可能,*	0
0	は	助詞,係助詞,*,*	0
0	この	連体詞,*,*,*	0
0	伝統	名詞,一般,*,*	0
0	の	助詞,連体化,*,*	0
1	守備	名詞,サ変接続,*,*	0
0	的	名詞,接尾,形容動詞語幹,*	0
0	な	助動詞,*,*,*	0
1	チーム	名詞,一般,*,*	0
0	カラー	名詞,一般,*,*	0
0	から	助詞,格助詞,一般,*	0
0	一転	名詞,サ変接続,*,*	0
0	、	記号,読点,*,*	0
0	海外	名詞,一般,*,*	0
0	の	助詞,連体化,*,*	0
0	選手	名詞,一般,*,*	0
0	を	助詞,格助詞,一般,*	0
1	積極	名詞,形容動詞語幹,*,*	0
0	的	名詞,接尾,形容動詞語幹,*	0
0	に	助詞,副詞化,*,*	0
0	補強	名詞,サ変接続,*,*	0
0	し	動詞,自立,*,*	0
0	、	記号,読点,*,*	0
1	華麗	名詞,形容動詞語幹,*,*	0
1	な	助動詞,*,*,*	0
0	パスワーク	名詞,一般,*,*	0
0	を	助詞,格助詞,一般,*	0
0	武器	名詞,一般,*,*	0
0	に	助詞,格助詞,一般,*	0
0	し	動詞,自立,*,*	0
0	た	助動詞,*,*,*	0
0	圧倒的	名詞,形容動詞語幹,*,*	0
0	な	助動詞,*,*,*	0
1	攻撃	名詞,サ変接続,*,*	0
0	力	名詞,接尾,一般,*	0
0	を	助詞,格助詞,一般,*	0
0	誇る	動詞,自立,*,*	0
0	チーム	名詞,一般,*,*	0
0	へ	助詞,格助詞,一般,*	0
0	と	助詞,格助詞,引用,*	0
0	生まれ変わっ	動詞,自立,*,*	0
0	た	助動詞,*,*,*	0
0	。	記号,句点,*,*	0
1	ベン	名詞,一般,*,*	0
0	ゲル	名詞,一般,*,*	0
0	は	助詞,係助詞,*,*	0
1	1997	名詞,数,*,*	1
1	-	記号_ハイフン	0
0	98	名詞,数,*,*	1
0	に	助詞,格助詞,一般,*	0
1	クラブ	名詞,一般,*,*	0
1	史上	名詞,一般,*,*	0
1	2	名詞,数,*,*	1
0	度目	名詞,接尾,助数詞,*	0
0	と	助詞,格助詞,一般,*	0
0	なる	動詞,自立,*,*	0
1	リーグ	名詞,一般,*,*	0
0	優勝	名詞,サ変接続,*,*	0
0	と	助詞,並立助詞,*,*	0
1	FA	名詞,固有名詞,組織,*	1
1	カップ	名詞,一般,*,*	0
0	優勝	名詞,サ変接続,*,*	0
0	の	助詞,連体化,*,*	0
0	ダブル	名詞,一般,*,*	0
0	を	助詞,格助詞,一般,*	0
0	達成	名詞,サ変接続,*,*	0
0	し	動詞,自立,*,*	0
0	、	記号,読点,*,*	0
0	更に	副詞,助詞類接続,*,*	0
1	2001	名詞,数,*,*	1
1	-	記号_ハイフン	0
0	02	名詞,数,*,*	1
0	に	助詞,格助詞,一般,*	0
0	は	助詞,係助詞,*,*	0
1	3	名詞,数,*,*	1
0	度目	名詞,接尾,助数詞,*	0
0	の	助詞,連体化,*,*	0
0	ダブル	名詞,一般,*,*	0
0	を	助詞,格助詞,一般,*	0
0	果たす	動詞,自立,*,*	0
0	。	記号,句点,*,*	0
1	1999	名詞,数,*,*	1
1	-	記号_ハイフン	0
0	00	名詞,数,*,*	1
0	に	助詞,格助詞,一般,*	0
0	は	助詞,係助詞,*,*	0
1	UEFA	名詞,固有名詞,組織,*	1
1	カップ	名詞,一般,*,*	0
1	準	接頭詞,名詞接続,*,*	0
0	優勝	名詞,サ変接続,*,*	0
0	、	記号,読点,*,*	0
1	2002	名詞,数,*,*	1
1	-	記号_ハイフン	0
0	03	名詞,数,*,*	1
0	と	助詞,格助詞,引用,*	0
1	2004	名詞,数,*,*	1
1	-	記号_ハイフン	0
0	05	名詞,数,*,*	1
0	に	助詞,格助詞,一般,*	0
0	は	助詞,係助詞,*,*	0
1	FA	名詞,固有名詞,組織,*	1
0	カップ	名詞,一般,*,*	0
0	を	助詞,格助詞,一般,*	0
0	優勝	名詞,サ変接続,*,*	0
0	。	記号,句点,*,*	0
1	2003	名詞,数,*,*	1
1	-	記号_ハイフン	0
0	04	名詞,数,*,*	1
0	シーズン	名詞,一般,*,*	0
0	に	助詞,格助詞,一般,*	0
0	は	助詞,係助詞,*,*	0
0	、	記号,読点,*,*	0
0	シーズン	名詞,一般,*,*	0
0	を通じて	助詞,格助詞,連語,*	0
1	一	名詞,数,*,*	0
0	度	名詞,接尾,助数詞,*	0
0	も	助詞,係助詞,*,*	0
0	負ける	動詞,自立,*,*	0
0	こと	名詞,非自立,一般,*	0
0	なく	形容詞,自立,*,*	0
1	プレミア	名詞,一般,*,*	0
1	リーグ	名詞,一般,*,*	0
0	優勝	名詞,サ変接続,*,*	0
0	を	助詞,格助詞,一般,*	0
0	果たし	動詞,自立,*,*	0
0	、	記号,読点,*,*	0
0	この	連体詞,*,*,*	0
0	チーム	名詞,一般,*,*	0
0	は	助詞,係助詞,*,*	0
0	「	記号,括弧開,*,*	0
1	The	名詞,固有名詞,組織,*	1
1	 	記号,空白,*,*	1
0	Invincibles	名詞,固有名詞,組織,*	1
0	」	記号,括弧閉,*,*	0
0	(	記号_括弧開	0
0	無敵	名詞,一般,*,*	0
0	)	記号_括弧閉	0
0	と	助詞,格助詞,引用,*	0
0	讃え	動詞,自立,*,*	0
0	られ	動詞,接尾,*,*	0
0	た	助動詞,*,*,*	0
0	。	記号,句点,*,*	0
0	その後	名詞,副詞可能,*,*	0
1	49	名詞,数,*,*	1
1	戦	名詞,接尾,助数詞,*	0
0	無敗	名詞,一般,*,*	0
0	を	助詞,格助詞,一般,*	0
0	続け	動詞,自立,*,*	0
0	、	記号,読点,*,*	0
0	この	連体詞,*,*,*	0
0	記録	名詞,サ変接続,*,*	0
0	は	助詞,係助詞,*,*	0
0	未だに	副詞,一般,*,*	0
0	破ら	動詞,自立,*,*	0
0	れ	動詞,接尾,*,*	0
0	て	助詞,接続助詞,*,*	0
0	い	動詞,非自立,*,*	0
0	ない	助動詞,*,*,*	0
0	。	記号,句点,*,*	0
0	なお	接続詞,*,*,*	0
0	、	記号,読点,*,*	0
1	カップ	名詞,一般,*,*	0
0	戦	名詞,接尾,一般,*	0
0	を	助詞,格助詞,一般,*	0
0	含め	動詞,自立,*,*	0
0	た	助動詞,*,*,*	0
1	無敗	名詞,一般,*,*	0
0	記録	名詞,サ変接続,*,*	0
0	は	助詞,係助詞,*,*	0
1	2007	名詞,数,*,*	1
1	年	名詞,接尾,助数詞,*	0
1	4	名詞,数,*,*	1
1	月	名詞,一般,*,*	0
1	9	名詞,数,*,*	1
1	日	名詞,接尾,助数詞,*	0
1	-	記号_ハイフン	0
1	2007	名詞,数,*,*	1
1	年	名詞,接尾,助数詞,*	0
1	11	名詞,数,*,*	1
1	月	名詞,一般,*,*	0
1	24	名詞,数,*,*	1
0	日	名詞,接尾,助数詞,*	0
0	にかけて	助詞,格助詞,連語,*	0
0	の	助詞,連体化,*,*	0
1	28	名詞,数,*,*	1
0	試合	名詞,サ変接続,*,*	0
0	で	助動詞,*,*,*	0
0	ある	助動詞,*,*,*	0
0	。	記号,句点,*,*	0
1	2005	名詞,数,*,*	1
1	-	記号_ハイフン	0
1	06	名詞,数,*,*	1
0	シーズン	名詞,接尾,助数詞,*	0
0	、	記号,読点,*,*	0
0	初めて	副詞,一般,*,*	0
1	チャンピオンズ	名詞,一般,*,*	0
1	リーグ	名詞,一般,*,*	0
0	決勝	名詞,一般,*,*	0
0	に	助詞,格助詞,一般,*	0
0	進出	名詞,サ変接続,*,*	0
0	し	動詞,自立,*,*	0
0	た	助動詞,*,*,*	0
0	が	助詞,接続助詞,*,*	0
0	、	記号,読点,*,*	0
1	FC	名詞,固有名詞,組織,*	1
0	バルセロナ	名詞,固有名詞,地域,一般	0
0	に	助詞,格助詞,一般,*	0
0	破れ	動詞,自立,*,*	0
0	た	助動詞,*,*,*	0
0	。	記号,句点,*,*	0
1	ベン	名詞,一般,*,*	0
1	ゲル	名詞,一般,*,*	0
1	指揮	名詞,サ変接続,*,*	0
0	下	名詞,接尾,一般,*	0
0	の	助詞,連体化,*,*	0
1	12	名詞,数,*,*	1
1	シーズン	名詞,接尾,助数詞,*	0
1	中	名詞,接尾,副詞可能,*	0
1	8	名詞,数,*,*	1
0	シーズン	名詞,接尾,助数詞,*	0
0	、	記号,読点,*,*	0
0	アーセナル	名詞,一般,*,*	1
0	は	助詞,係助詞,*,*	0
1	リーグ	名詞,一般,*,*	0
0	優勝	名詞,サ変接続,*,*	0
0	か	助詞,副助詞／並立助詞／終助詞,*,*	0
1	2	名詞,数,*,*	1
0	位	名詞,接尾,助数詞,*	0
0	の	助詞,連体化,*,*	0
0	座	名詞,一般,*,*	0
0	を	助詞,格助詞,一般,*	0
0	獲得	名詞,サ変接続,*,*	0
0	し	動詞,自立,*,*	0
0	て	助詞,接続助詞,*,*	0
0	いる	動詞,非自立,*,*	0
0	。	記号,句点,*,*	0
1	1993	名詞,数,*,*	1
0	年	名詞,接尾,助数詞,*	0
0	の	助詞,連体化,*,*	0
1	プレミア	名詞,一般,*,*	0
1	リーグ	名詞,一般,*,*	0
1	設立	名詞,サ変接続,*,*	0
0	後	名詞,接尾,副詞可能,*	0
0	、	記号,読点,*,*	0
1	リーグ	名詞,一般,*,*	0
0	優勝	名詞,サ変接続,*,*	0
0	を	助詞,格助詞,一般,*	0
0	果たし	動詞,自立,*,*	0
0	た	助動詞,*,*,*	0
1	4	名詞,数,*,*	1
0	チーム	名詞,一般,*,*	0
0	(	記号_括弧開	0
1	マンチェスター	名詞,固有名詞,地域,一般	0
1	・	記号_中黒	0
0	ユナイテッド	名詞,固有名詞,組織,*	0
0	、	記号,読点,*,*	0
1	ブラック	名詞,一般,*,*	0
0	バーン	名詞,一般,*,*	0
0	・	記号_中黒	0
0	ローヴァーズ	名詞,固有名詞,組織,*	1
0	、	記号,読点,*,*	0
0	チェルシー	名詞,一般,*,*	1
0	)	記号_括弧閉	0
0	の	助詞,連体化,*,*	0
0	ひとつ	名詞,副詞可能,*,*	0
0	で	助動詞,*,*,*	0
0	ある	助動詞,*,*,*	0
0	。	記号,句点,*,*	0
0	しかし	接続詞,*,*,*	0
0	、	記号,読点,*,*	0
1	2	名詞,数,*,*	1
1	季	名詞,接尾,助数詞,*	0
0	連続	名詞,サ変接続,*,*	0
0	で	助詞,格助詞,一般,*	0
0	優勝	名詞,サ変接続,*,*	0
0	し	動詞,自立,*,*	0
0	た	助動詞,*,*,*	0
0	こと	名詞,非自立,一般,*	0
0	は	助詞,係助詞,*,*	0
0	ない	助動詞,*,*,*	0
0	。	記号,句点,*,*	0
1	2006	名詞,数,*,*	1
1	年	名詞,接尾,助数詞,*	0
1	6	名詞,数,*,*	1
0	月	名詞,接尾,助数詞,*	0
0	、	記号,読点,*,*	0
1	93	名詞,数,*,*	1
0	年間	名詞,接尾,助数詞,*	0
0	使用	名詞,サ変接続,*,*	0
0	し	動詞,自立,*,*	0
0	た	助動詞,*,*,*	0
0	ハイバリー	名詞,一般,*,*	1
0	に	助詞,格助詞,一般,*	0
0	別れ	名詞,一般,*,*	0
0	を	助詞,格助詞,一般,*	0
0	告げ	動詞,自立,*,*	0
0	、	記号,読点,*,*	0
1	エミレーツ	名詞,一般,*,*	1
1	・	記号_中黒	0
0	スタジアム	名詞,一般,*,*	0
0	へ	助詞,格助詞,一般,*	0
0	移転	名詞,サ変接続,*,*	0
0	し	動詞,自立,*,*	0
0	た	助動詞,*,*,*	0
0	。	記号,句点,*,*	0
0	杮	名詞,一般,*,*	1
0	落し	名詞,一般,*,*	0
0	は	助詞,係助詞,*,*	0
0	アヤックス	名詞,一般,*,*	1
0	を	助詞,格助詞,一般,*	0
0	招い	動詞,自立,*,*	0
0	て	助詞,接続助詞,*,*	0
0	行わ	動詞,自立,*,*	0
0	れ	動詞,接尾,*,*	0
0	た	助動詞,*,*,*	0
1	デニス	名詞,固有名詞,人名,名	0
1	・	記号_中黒	0
0	ベルカンプ	名詞,一般,*,*	1
0	の	助詞,連体化,*,*	0
1	引退	名詞,サ変接続,*,*	0
0	試合	名詞,サ変接続,*,*	0
0	で	助動詞,*,*,*	0
0	あっ	助動詞,*,*,*	0
0	た	助動詞,*,*,*	0
0	。	記号,句点,*,*	0
0	ユニフォーム	名詞,一般,*,*	0
0	は	助詞,係助詞,*,*	0
1	伝統	名詞,一般,*,*	0
0	的	名詞,接尾,形容動詞語幹,*	0
0	に	助詞,副詞化,*,*	0
0	赤地	名詞,一般,*,*	0
0	に	助詞,格助詞,一般,*	0
1	白い	形容詞,自立,*,*	0
0	袖	名詞,一般,*,*	0
0	を	助詞,格助詞,一般,*	0
0	特徴	名詞,一般,*,*	0
0	と	助詞,格助詞,一般,*	0
0	し	動詞,自立,*,*	0
0	て	助詞,接続助詞,*,*	0
0	いる	動詞,非自立,*,*	0
0	。	記号,句点,*,*	0
0	赤地	名詞,一般,*,*	0
0	は	助詞,係助詞,*,*	0
0	クラブ	名詞,一般,*,*	0
0	が	助詞,格助詞,一般,*	0
0	結成	名詞,サ変接続,*,*	0
0	さ	動詞,自立,*,*	0
0	れ	動詞,接尾,*,*	0
0	た	助動詞,*,*,*	0
1	1886	名詞,数,*,*	1
0	年	名詞,接尾,助数詞,*	0
0	に	助詞,格助詞,一般,*	0
1	ノッティンガム	名詞,固有名詞,地域,一般	0
1	・	記号_中黒	0
0	フォレスト	名詞,一般,*,*	1
0	から	助詞,格助詞,一般,*	0
0	贈ら	動詞,自立,*,*	0
0	れ	動詞,接尾,*,*	0
0	た	助動詞,*,*,*	0
0	シャツ	名詞,一般,*,*	0
0	が	助詞,格助詞,一般,*	0
0	きっかけ	名詞,一般,*,*	0
0	と	助詞,格助詞,一般,*	0
0	なっ	動詞,自立,*,*	0
0	て	助詞,接続助詞,*,*	0
0	定着	名詞,サ変接続,*,*	0
0	し	動詞,自立,*,*	0
0	た	助動詞,*,*,*	0
0	もの	名詞,非自立,一般,*	0
0	で	助動詞,*,*,*	0
0	ある	助動詞,*,*,*	0
0	。	記号,句点,*,*	0
1	結成	名詞,サ変接続,*,*	0
0	メンバー	名詞,一般,*,*	0
0	の	助詞,連体化,*,*	0
1	フレッド	名詞,固有名詞,人名,名	0
1	・	記号_中黒	0
0	ビアズリー	名詞,一般,*,*	1
0	と	助詞,並立助詞,*,*	0
1	モリス	名詞,固有名詞,人名,姓	0
1	・	記号_中黒	0
0	ベイツ	名詞,一般,*,*	1
0	は	助詞,係助詞,*,*	0
0	、	記号,読点,*,*	0
0	以前	名詞,副詞可能,*,*	0
0	フォレスト	名詞,一般,*,*	1
0	で	助詞,格助詞,一般,*	0
0	プレー	名詞,サ変接続,*,*	0
0	し	動詞,自立,*,*	0
0	た	助動詞,*,*,*	0
0	経験	名詞,サ変接続,*,*	0
0	が	助詞,格助詞,一般,*	0
0	あり	動詞,自立,*,*	0
0	、	記号,読点,*,*	0
0	用具	名詞,一般,*,*	0
0	の	助詞,格助詞,一般,*	0
0	なかっ	形容詞,自立,*,*	0
0	た	助動詞,*,*,*	0
0	チーム	名詞,一般,*,*	0
0	を	助詞,格助詞,一般,*	0
0	助け	動詞,自立,*,*	0
0	て	助詞,接続助詞,*,*	0
0	もらえ	動詞,非自立,*,*	0
0	ない	助動詞,*,*,*	0
0	か	助詞,副助詞／並立助詞／終助詞,*,*	0
0	と	助詞,格助詞,引用,*	0
0	フォレスト	名詞,一般,*,*	1
0	に	助詞,格助詞,一般,*	0
0	頼ん	動詞,自立,*,*	0
0	だ	助動詞,*,*,*	0
0	。	記号,句点,*,*	0
0	それ	名詞,代名詞,一般,*	0
0	を	助詞,格助詞,一般,*	0
0	受け	動詞,自立,*,*	0
0	て	助詞,接続助詞,*,*	0
1	濃い	形容詞,自立,*,*	0
1	赤	名詞,一般,*,*	0
1	の	助詞,連体化,*,*	0
0	シャツ	名詞,一般,*,*	0
0	と	助詞,並立助詞,*,*	0
0	ボール	名詞,一般,*,*	0
0	が	助詞,格助詞,一般,*	0
0	贈ら	動詞,自立,*,*	0
0	れ	動詞,接尾,*,*	0
0	た	助動詞,*,*,*	0
0	の	名詞,非自立,一般,*	0
0	で	助動詞,*,*,*	0
0	ある	助動詞,*,*,*	0
0	。	記号,句点,*,*	0
1	1993	名詞,数,*,*	1
0	年	名詞,接尾,助数詞,*	0
0	に	助詞,格助詞,一般,*	0
0	、	記号,読点,*,*	0
0	より	助詞,格助詞,一般,*	0
1	鮮やか	名詞,形容動詞語幹,*,*	0
1	な	助動詞,*,*,*	0
0	赤色	名詞,一般,*,*	0
0	と	助詞,並立助詞,*,*	0
1	白い	形容詞,自立,*,*	0
0	袖	名詞,一般,*,*	0
0	に	助詞,格助詞,一般,*	0
0	変更	名詞,サ変接続,*,*	0
0	し	動詞,自立,*,*	0
0	た	助動詞,*,*,*	0
0	の	名詞,非自立,一般,*	0
0	は	助詞,係助詞,*,*	0
1	ハーバート	名詞,一般,*,*	1
1	・	記号_中黒	0
0	チャップマン	名詞,一般,*,*	1
0	で	助動詞,*,*,*	0
0	ある	助動詞,*,*,*	0
0	。	記号,句点,*,*	0
1	白い	形容詞,自立,*,*	0
0	袖	名詞,一般,*,*	0
0	を	助詞,格助詞,一般,*	0
0	取り入れ	動詞,自立,*,*	0
0	た	助動詞,*,*,*	0
0	背景	名詞,一般,*,*	0
0	に	助詞,格助詞,一般,*	0
0	は	助詞,係助詞,*,*	0
0	、	記号,読点,*,*	0
1	白い	形容詞,自立,*,*	0
0	シャツ	名詞,一般,*,*	0
0	の	助詞,連体化,*,*	0
0	上	名詞,非自立,副詞可能,*	0
0	に	助詞,格助詞,一般,*	0
1	赤い	形容詞,自立,*,*	0
0	シャツ	名詞,一般,*,*	0
0	を	助詞,格助詞,一般,*	0
0	着	動詞,自立,*,*	0
0	た	助動詞,*,*,*	0
0	ファン	名詞,一般,*,*	0
0	を	助詞,格助詞,一般,*	0
0	ハイバリー	名詞,一般,*,*	1
0	で	助詞,格助詞,一般,*	0
0	見かけ	動詞,自立,*,*	0
0	た	助動詞,*,*,*	0
0	という	助詞,格助詞,連語,*	0
0	説	名詞,一般,*,*	0
0	と	助詞,並立助詞,*,*	0
0	、	記号,読点,*,*	0
1	ゴルフ	名詞,一般,*,*	0
0	仲間	名詞,一般,*,*	0
0	の	助詞,連体化,*,*	0
1	トム	名詞,固有名詞,人名,名	0
1	・	記号_中黒	0
0	ウェブスター	名詞,一般,*,*	1
0	が	助詞,格助詞,一般,*	0
0	似	動詞,自立,*,*	0
0	た	助動詞,*,*,*	0
0	よう	名詞,非自立,助動詞語幹,*	0
0	な	助動詞,*,*,*	0
0	服	名詞,一般,*,*	0
0	を	助詞,格助詞,一般,*	0
0	着	動詞,自立,*,*	0
0	て	助詞,接続助詞,*,*	0
0	い	動詞,非自立,*,*	0
0	た	助動詞,*,*,*	0
0	から	助詞,接続助詞,*,*	0
0	、	記号,読点,*,*	0
0	という	助詞,格助詞,連語,*	0
0	説	名詞,一般,*,*	0
0	の	助詞,連体化,*,*	0
1	2	名詞,数,*,*	1
0	つ	助動詞,*,*,*	0
0	が	助詞,接続助詞,*,*	0
0	ある	動詞,自立,*,*	0
0	。	記号,句点,*,*	0
0	アーセナル	名詞,一般,*,*	1
0	の	助詞,連体化,*,*	0
0	赤地	名詞,一般,*,*	0
0	に	助詞,格助詞,一般,*	0
1	白	名詞,一般,*,*	0
0	袖	名詞,一般,*,*	0
0	の	助詞,連体化,*,*	0
0	デザイン	名詞,サ変接続,*,*	0
0	を	助詞,格助詞,一般,*	0
0	ユニフォーム	名詞,一般,*,*	0
0	に	助詞,格助詞,一般,*	0
0	取り入れ	動詞,自立,*,*	0
0	た	助動詞,*,*,*	0
0	チーム	名詞,一般,*,*	0
0	に	助詞,格助詞,一般,*	0
1	スパルタ	名詞,一般,*,*	0
1	・	記号_中黒	0
0	プラハ	名詞,固有名詞,地域,一般	0
0	、	記号,読点,*,*	0
0	ハイバーニアン	名詞,一般,*,*	1
0	や	助詞,並立助詞,*,*	0
1	スポルティング	名詞,一般,*,*	1
1	・	記号_中黒	0
1	ブラ	名詞,一般,*,*	0
0	ガ	名詞,一般,*,*	0
0	が	助詞,格助詞,一般,*	0
0	ある	動詞,自立,*,*	0
0	。	記号,句点,*,*	0
0	その	連体詞,*,*,*	0
0	ため	名詞,非自立,副詞可能,*	0
0	に	助詞,格助詞,一般,*	0
0	、	記号,読点,*,*	0
0	後者	名詞,一般,*,*	0
0	に	助詞,格助詞,一般,*	0
0	は	助詞,係助詞,*,*	0
0	 	記号,空白,*,*	1
0	"	名詞,サ変接続,*,*	1
1	Os	名詞,固有名詞,組織,*	1
1	 	記号,空白,*,*	1
0	Arsenalistas	名詞,固有名詞,組織,*	1
0	"	名詞,サ変接続,*,*	1
0	 	記号,空白,*,*	1
0	という	助詞,格助詞,連語,*	0
0	ニックネーム	名詞,一般,*,*	0
0	が	助詞,格助詞,一般,*	0
0	つい	動詞,自立,*,*	0
0	て	助詞,接続助詞,*,*	0
0	いる	動詞,非自立,*,*	0
0	。	記号,句点,*,*	0
1	毎	接頭詞,名詞接続,*,*	0
0	試合	名詞,サ変接続,*,*	0
0	、	記号,読点,*,*	0
0	選手	名詞,一般,*,*	0
0	は	助詞,係助詞,*,*	0
1	同じ	連体詞,*,*,*	0
0	袖	名詞,一般,*,*	0
0	(	記号_括弧開	0
0	長袖	名詞,一般,*,*	0
0	か	助詞,副助詞／並立助詞／終助詞,*,*	0
0	半袖	名詞,一般,*,*	0
0	の	助詞,連体化,*,*	0
0	どちら	名詞,代名詞,一般,*	0
0	か	助詞,副助詞／並立助詞／終助詞,*,*	0
0	)	記号_括弧閉	0
0	の	助詞,連体化,*,*	0
0	ユニフォーム	名詞,一般,*,*	0
0	を	助詞,格助詞,一般,*	0
0	皆	名詞,代名詞,一般,*	0
0	揃っ	動詞,自立,*,*	0
0	て	助詞,接続助詞,*,*	0
0	着る	動詞,自立,*,*	0
0	よう	名詞,非自立,助動詞語幹,*	0
0	に	助詞,格助詞,一般,*	0
0	決まっ	動詞,自立,*,*	0
0	て	助詞,接続助詞,*,*	0
0	いる	動詞,非自立,*,*	0
0	。	記号,句点,*,*	0
0	どちら	名詞,代名詞,一般,*	0
0	を	助詞,格助詞,一般,*	0
0	着	動詞,自立,*,*	0
0	て	助詞,接続助詞,*,*	0
0	試合	名詞,サ変接続,*,*	0
0	に	助詞,格助詞,一般,*	0
0	出る	動詞,自立,*,*	0
0	か	助詞,副助詞／並立助詞／終助詞,*,*	0
0	を	助詞,格助詞,一般,*	0
0	決める	動詞,自立,*,*	0
0	の	名詞,非自立,一般,*	0
0	は	助詞,係助詞,*,*	0
0	キャプテン	名詞,一般,*,*	0
0	の	助詞,連体化,*,*	0
0	役目	名詞,一般,*,*	0
0	で	助動詞,*,*,*	0
0	あり	助動詞,*,*,*	0
0	、	記号,読点,*,*	0
0	この	連体詞,*,*,*	0
0	習慣	名詞,一般,*,*	0
0	は	助詞,係助詞,*,*	0
1	90	名詞,数,*,*	1
1	年代	名詞,接尾,助数詞,*	0
0	初期	名詞,一般,*,*	0
0	の	助詞,連体化,*,*	0
1	トニー	名詞,固有名詞,人名,名	0
1	・	記号_中黒	0
0	アダムス	名詞,固有名詞,人名,姓	0
0	から	助詞,格助詞,一般,*	0
0	始まっ	動詞,自立,*,*	0
0	た	助動詞,*,*,*	0
0	。	記号,句点,*,*	0
0	クラブ	名詞,一般,*,*	0
0	の	助詞,連体化,*,*	0
0	モットー	名詞,一般,*,*	0
0	は	助詞,係助詞,*,*	0
0	 	記号,空白,*,*	1
0	"	名詞,サ変接続,*,*	1
1	Victoria	名詞,固有名詞,組織,*	1
1	 	記号,空白,*,*	1
1	Concordia	名詞,固有名詞,組織,*	1
1	 	記号,空白,*,*	1
0	Crescit	名詞,固有名詞,組織,*	1
0	"。	名詞,サ変接続,*,*	1
0	「	記号,括弧開,*,*	0
0	勝利	名詞,サ変接続,*,*	0
0	は	助詞,係助詞,*,*	0
0	調和	名詞,サ変接続,*,*	0
0	の	助詞,連体化,*,*	0
0	中	名詞,非自立,副詞可能,*	0
0	から	助詞,格助詞,一般,*	0
0	生まれる	動詞,自立,*,*	0
0	」	記号,括弧閉,*,*	0
0	という	助詞,格助詞,連語,*	0
0	意味	名詞,サ変接続,*,*	0
0	の	助詞,連体化,*,*	0
0	ラテン語	名詞,一般,*,*	0
0	で	助動詞,*,*,*	0
0	ある	助動詞,*,*,*	0
0	。	記号,句点,*,*	0
1	1949	名詞,数,*,*	1
0	年	名詞,接尾,助数詞,*	0
0	から	助詞,格助詞,一般,*	0
0	使用	名詞,サ変接続,*,*	0
0	さ	動詞,自立,*,*	0
0	れ	動詞,接尾,*,*	0
0	た	助動詞,*,*,*	0
0	クレスト	名詞,一般,*,*	1
0	(	記号_括弧開	0
1	エンブレム	名詞,一般,*,*	0
1	・	記号_中黒	0
0	ロゴ	名詞,一般,*,*	0
0	)	記号_括弧閉	0
0	に	助詞,格助詞,一般,*	0
0	初めて	副詞,一般,*,*	0
0	登場	名詞,サ変接続,*,*	0
0	する	動詞,自立,*,*	0
0	。	記号,句点,*,*	0
0	現行	名詞,一般,*,*	0
0	の	助詞,連体化,*,*	0
0	クレスト	名詞,一般,*,*	1
0	は	助詞,係助詞,*,*	0
1	2002	名詞,数,*,*	1
0	年	名詞,接尾,助数詞,*	0
0	から	助詞,格助詞,一般,*	0
0	使用	名詞,サ変接続,*,*	0
0	さ	動詞,自立,*,*	0
0	れ	動詞,接尾,*,*	0
0	て	助詞,接続助詞,*,*	0
0	いる	動詞,非自立,*,*	0
0	。	記号,句点,*,*	0
0	大砲	名詞,一般,*,*	0
0	の	助詞,連体化,*,*	0
0	上	名詞,非自立,副詞可能,*	0
0	に	助詞,格助詞,一般,*	0
1	サンセリフ	名詞,一般,*,*	1
0	体	名詞,接尾,一般,*	0
0	で	助詞,格助詞,一般,*	0
1	チーム	名詞,一般,*,*	0
0	名	名詞,接尾,一般,*	0
0	が	助詞,格助詞,一般,*	0
0	書か	動詞,自立,*,*	0
0	れ	動詞,接尾,*,*	0
0	て	助詞,接続助詞,*,*	0
0	いる	動詞,非自立,*,*	0
0	。	記号,句点,*,*	0
0	同じ	連体詞,*,*,*	0
1	北	名詞,一般,*,*	0
0	ロンドン	名詞,固有名詞,地域,一般	0
0	に	助詞,格助詞,一般,*	0
0	本拠	名詞,一般,*,*	0
0	を	助詞,格助詞,一般,*	0
0	構える	動詞,自立,*,*	0
1	クラブ	名詞,一般,*,*	0
0	同士	名詞,一般,*,*	0
0	として	助詞,格助詞,連語,*	0
0	トッテナム	名詞,一般,*,*	1
0	と	助詞,格助詞,一般,*	0
0	は	助詞,係助詞,*,*	0
1	ライバル	名詞,一般,*,*	0
0	関係	名詞,サ変接続,*,*	0
0	に	助詞,格助詞,一般,*	0
0	あり	動詞,自立,*,*	0
0	、	記号,読点,*,*	0
1	サポーター	名詞,一般,*,*	0
0	同士	名詞,一般,*,*	0
0	の	助詞,連体化,*,*	0
0	いがみ合い	動詞,自立,*,*	0
0	が	助詞,格助詞,一般,*	0
0	強く	形容詞,自立,*,*	0
0	両者	名詞,一般,*,*	0
0	の	助詞,連体化,*,*	0
0	間	名詞,一般,*,*	0
0	に	助詞,格助詞,一般,*	0
0	は	助詞,係助詞,*,*	0
0	争い	名詞,一般,*,*	0
0	ごと	名詞,接尾,一般,*	0
0	が	助詞,格助詞,一般,*	0
0	絶え	動詞,自立,*,*	0
0	ない	助動詞,*,*,*	0
0	。	記号,句点,*,*	0
0	それ	名詞,代名詞,一般,*	0
0	を	助詞,格助詞,一般,*	0
0	よく	副詞,一般,*,*	0
0	象徴	名詞,サ変接続,*,*	0
0	する	動詞,自立,*,*	0
0	の	名詞,非自立,一般,*	0
0	が	助詞,格助詞,一般,*	0
0	、	記号,読点,*,*	0
0	かつて	副詞,一般,*,*	0
0	同	接頭詞,名詞接続,*,*	0
0	クラブ	名詞,一般,*,*	0
0	から	助詞,格助詞,一般,*	0
0	移籍	名詞,サ変接続,*,*	0
0	し	動詞,自立,*,*	0
0	て	助詞,接続助詞,*,*	0
0	き	動詞,非自立,*,*	0
0	た	助動詞,*,*,*	0
1	ソル	名詞,一般,*,*	0
1	・	記号_中黒	0
0	キャンベル	名詞,固有名詞,地域,一般	0
0	に対して	助詞,格助詞,連語,*	0
0	トッテナムファン	名詞,一般,*,*	1
0	から	助詞,格助詞,一般,*	0
0	ユダ	名詞,一般,*,*	1
0	と	助詞,格助詞,引用,*	0
0	呼ば	動詞,自立,*,*	0
0	れ	動詞,接尾,*,*	0
0	た	助動詞,*,*,*	0
0	という	助詞,格助詞,連語,*	0
0	出来事	名詞,一般,*,*	0
0	で	助動詞,*,*,*	0
0	ある	助動詞,*,*,*	0
0	。	記号,句点,*,*	0
1	両	接頭詞,名詞接続,*,*	0
0	チーム	名詞,一般,*,*	0
0	の	助詞,連体化,*,*	0
0	対戦	名詞,サ変接続,*,*	0
0	は	助詞,係助詞,*,*	0
0	「	記号,括弧開,*,*	0
1	ノース	名詞,固有名詞,人名,姓	0
1	ロン	名詞,固有名詞,人名,名	0
1	ドン	名詞,固有名詞,人名,名	0
1	・	記号_中黒	0
0	ダービー	名詞,一般,*,*	0
0	」	記号,括弧閉,*,*	0
0	と	助詞,格助詞,引用,*	0
0	呼ば	動詞,自立,*,*	0
0	れ	動詞,接尾,*,*	0
0	、	記号,読点,*,*	0
0	マンチェスター	名詞,固有名詞,地域,一般	0
0	(	記号_括弧開	0
1	マンチェスター	名詞,固有名詞,地域,一般	0
1	・	記号_中黒	0
0	ユナイテッド	名詞,固有名詞,組織,*	0
0	対	名詞,接続詞的,*,*	0
1	マンチェスター	名詞,固有名詞,地域,一般	0
1	・	記号_中黒	0
0	シティ	名詞,一般,*,*	0
0	)	記号_括弧閉	0
0	、	記号,読点,*,*	0
0	マージーサイド	名詞,一般,*,*	1
0	(	記号_括弧開	0
0	リバプール	名詞,固有名詞,地域,一般	0
0	対	名詞,接続詞的,*,*	0
0	エバートン	名詞,一般,*,*	1
0	)	記号_括弧閉	0
0	と	助詞,格助詞,引用,*	0
0	並び	動詞,自立,*,*	0
1	3	名詞,数,*,*	1
1	大	接頭詞,名詞接続,*,*	0
0	ダービー	名詞,一般,*,*	0
0	の	助詞,連体化,*,*	0
0	一つ	名詞,一般,*,*	0
0	に	助詞,格助詞,一般,*	0
0	数え	動詞,自立,*,*	0
0	られ	動詞,接尾,*,*	0
0	て	助詞,接続助詞,*,*	0
0	いる	動詞,非自立,*,*	0
0	。	記号,句点,*,*	0
0	他	名詞,一般,*,*	0
0	に	助詞,格助詞,一般,*	0
0	も	助詞,係助詞,*,*	0
0	近年	名詞,副詞可能,*,*	0
0	上位	名詞,一般,*,*	0
0	を	助詞,格助詞,一般,*	0
0	争っ	動詞,自立,*,*	0
0	て	助詞,接続助詞,*,*	0
0	いる	動詞,非自立,*,*	0
1	チェルシー	名詞,一般,*,*	1
0	FC	名詞,一般,*,*	1
0	と	助詞,格助詞,一般,*	0
0	の	助詞,連体化,*,*	0
0	対戦	名詞,サ変接続,*,*	0
0	は	助詞,係助詞,*,*	0
0	「	記号,括弧開,*,*	0
1	ビッグ	名詞,一般,*,*	0
1	ロンドン	名詞,固有名詞,地域,一般	0
1	・	記号_中黒	0
0	ダービー	名詞,一般,*,*	0
0	」	記号,括弧閉,*,*	0
0	と	助詞,格助詞,引用,*	0
0	呼ば	動詞,自立,*,*	0
0	れ	動詞,接尾,*,*	0
0	て	助詞,接続助詞,*,*	0
0	いる	動詞,非自立,*,*	0
0	。	記号,句点,*,*	0
1	1927	名詞,数,*,*	1
1	年	名詞,接尾,助数詞,*	0
1	1	名詞,数,*,*	1
1	月	名詞,一般,*,*	0
1	22	名詞,数,*,*	1
0	日	名詞,接尾,助数詞,*	0
0	に	助詞,格助詞,一般,*	0
0	行わ	動詞,自立,*,*	0
0	れ	動詞,接尾,*,*	0
0	た	助動詞,*,*,*	0
1	対	名詞,接続詞的,*,*	0
1	シェフィールド	名詞,固有名詞,地域,一般	0
1	・	記号_中黒	0
1	ユナイテッド	名詞,固有名詞,組織,*	0
0	戦	名詞,接尾,一般,*	0
0	は	助詞,係助詞,*,*	0
0	、	記号,読点,*,*	0
0	イングランド	名詞,固有名詞,地域,一般	0
0	で	助詞,格助詞,一般,*	0
0	初めて	副詞,一般,*,*	0
1	ラジオ	名詞,一般,*,*	0
0	中継	名詞,サ変接続,*,*	0
0	さ	動詞,自立,*,*	0
0	れ	動詞,接尾,*,*	0
0	た	助動詞,*,*,*	0
1	リーグ	名詞,一般,*,*	0
0	戦	名詞,接尾,一般,*	0
0	だっ	助動詞,*,*,*	0
0	た	助動詞,*,*,*	0
0	。	記号,句点,*,*	0
0	また	接続詞,*,*,*	0
1	1937	名詞,数,*,*	1
1	年	名詞,接尾,助数詞,*	0
1	9	名詞,数,*,*	1
1	月	名詞,一般,*,*	0
1	16	名詞,数,*,*	1
0	日	名詞,接尾,助数詞,*	0
0	に	助詞,格助詞,一般,*	0
0	行わ	動詞,自立,*,*	0
0	れ	動詞,接尾,*,*	0
0	た	助動詞,*,*,*	0
0	アーセナル	名詞,一般,*,*	1
0	の	助詞,連体化,*,*	0
1	ファースト	名詞,一般,*,*	0
1	・	記号_中黒	0
0	チーム	名詞,一般,*,*	0
0	と	助詞,格助詞,一般,*	0
1	リザーブ	名詞,サ変接続,*,*	0
1	・	記号_中黒	0
0	チーム	名詞,一般,*,*	0
0	の	助詞,連体化,*,*	0
1	エキシビション	名詞,一般,*,*	0
1	・	記号_中黒	0
0	マッチ	名詞,一般,*,*	0
0	は	助詞,係助詞,*,*	0
0	、	記号,読点,*,*	0
0	サッカー	名詞,一般,*,*	0
0	の	助詞,連体化,*,*	0
1	歴史	名詞,一般,*,*	0
0	上	名詞,接尾,副詞可能,*	0
0	初めて	副詞,一般,*,*	0
0	テレビ	名詞,一般,*,*	0
0	で	助詞,格助詞,一般,*	0
1	生	接頭詞,名詞接続,*,*	0
0	中継	名詞,サ変接続,*,*	0
0	さ	動詞,自立,*,*	0
0	れ	動詞,接尾,*,*	0
0	た	助動詞,*,*,*	0
0	試合	名詞,サ変接続,*,*	0
0	で	助動詞,*,*,*	0
0	ある	助動詞,*,*,*	0
0	。	記号,句点,*,*	0
0	長らく	副詞,一般,*,*	0
0	ホームスタジアム	名詞,一般,*,*	0
0	として	助詞,格助詞,連語,*	0
0	有名	名詞,形容動詞語幹,*,*	0
0	だっ	助動詞,*,*,*	0
0	た	助動詞,*,*,*	0
1	ハイ	名詞,一般,*,*	0
0	バリー	名詞,固有名詞,人名,名	0
0	(	記号_括弧開	0
1	1913	名詞,数,*,*	1
1	年	名詞,接尾,助数詞,*	0
0	建設	名詞,サ変接続,*,*	0
0	)	記号_括弧閉	0
0	から	助詞,格助詞,一般,*	0
0	、	記号,読点,*,*	0
1	2006	名詞,数,*,*	1
1	年	名詞,接尾,助数詞,*	0
1	7	名詞,数,*,*	1
0	月	名詞,一般,*,*	0
0	に	助詞,格助詞,一般,*	0
1	エミレーツ	名詞,一般,*,*	1
1	・	記号_中黒	0
0	スタジアム	名詞,一般,*,*	0
0	に	助詞,格助詞,一般,*	0
0	移転	名詞,サ変接続,*,*	0
0	し	動詞,自立,*,*	0
0	た	助動詞,*,*,*	0
0	。	記号,句点,*,*	0
0	これ	名詞,代名詞,一般,*	0
0	は	助詞,係助詞,*,*	0
0	UAE	名詞,固有名詞,組織,*	1
0	の	助詞,連体化,*,*	0
1	航空	名詞,一般,*,*	0
0	会社	名詞,一般,*,*	0
0	、	記号,読点,*,*	0
1	エミレーツ	名詞,一般,*,*	1
0	航空	名詞,一般,*,*	0
0	が	助詞,格助詞,一般,*	0
1	命名	名詞,サ変接続,*,*	0
0	権	名詞,接尾,一般,*	0
0	を	助詞,格助詞,一般,*	0
0	獲得	名詞,サ変接続,*,*	0
0	し	動詞,自立,*,*	0
0	た	助動詞,*,*,*	0
0	こと	名詞,非自立,一般,*	0
0	による	助詞,格助詞,連語,*	0
0	もの	名詞,非自立,一般,*	0
0	で	助動詞,*,*,*	0
0	、	記号,読点,*,*	0
0	その	連体詞,*,*,*	0
1	契約	名詞,サ変接続,*,*	0
0	内容	名詞,一般,*,*	0
0	は	助詞,係助詞,*,*	0
1	15	名詞,数,*,*	1
0	年	名詞,接尾,助数詞,*	0
0	で	助詞,格助詞,一般,*	0
1	1	名詞,数,*,*	1
1	億	名詞,数,*,*	0
0	ポンド	名詞,接尾,助数詞,*	0
0	(	記号_括弧開	0
1	約	接頭詞,数接続,*,*	0
1	200	名詞,数,*,*	1
1	億	名詞,数,*,*	0
0	円	名詞,接尾,助数詞,*	0
0	)	記号_括弧閉	0
0	と	助詞,格助詞,引用,*	0
0	巨額	名詞,形容動詞語幹,*,*	0
0	な	助動詞,*,*,*	0
0	もの	名詞,非自立,一般,*	0
0	と	助詞,格助詞,一般,*	0
0	なっ	動詞,自立,*,*	0
0	て	助詞,接続助詞,*,*	0
0	いる	動詞,非自立,*,*	0
0	。	記号,句点,*,*	0
0	なお	接続詞,*,*,*	0
0	、	記号,読点,*,*	0
0	使用	名詞,サ変接続,*,*	0
0	さ	動詞,自立,*,*	0
0	れ	動詞,接尾,*,*	0
0	なく	助動詞,*,*,*	0
0	なっ	動詞,自立,*,*	0
0	た	助動詞,*,*,*	0
0	ハイバリースタジアム	名詞,一般,*,*	1
0	の	助詞,連体化,*,*	0
0	跡地	名詞,一般,*,*	0
0	に	助詞,格助詞,一般,*	0
0	は	助詞,係助詞,*,*	0
0	スタンド	名詞,一般,*,*	0
0	の	助詞,連体化,*,*	0
0	一部	名詞,副詞可能,*,*	0
0	を	助詞,格助詞,一般,*	0
0	残し	動詞,自立,*,*	0
1	高級	名詞,形容動詞語幹,*,*	0
0	アパート	名詞,一般,*,*	0
0	が	助詞,格助詞,一般,*	0
0	建設	名詞,サ変接続,*,*	0
0	さ	動詞,自立,*,*	0
0	れ	動詞,接尾,*,*	0
0	て	助詞,接続助詞,*,*	0
0	いる	動詞,非自立,*,*	0
0	。	記号,句点,*,*	0
1	ワールドカップ	名詞,固有名詞,一般,*	0
1	・	記号_中黒	0
1	ドイツ	名詞,固有名詞,地域,国	0
0	大会	名詞,一般,*,*	0
0	に	助詞,格助詞,一般,*	0
0	、	記号,読点,*,*	0
0	当時	名詞,副詞可能,*,*	0
0	、	記号,読点,*,*	0
1	弱冠	名詞,一般,*,*	0
1	17	名詞,数,*,*	1
0	歳	名詞,接尾,助数詞,*	0
0	の	助詞,連体化,*,*	0
0	若	形容詞,自立,*,*	0
0	さ	名詞,接尾,特殊,*	0
0	で	助詞,格助詞,一般,*	0
0	、	記号,読点,*,*	0
1	セオ	名詞,一般,*,*	1
1	・	記号_中黒	0
0	ウォルコット	名詞,一般,*,*	1
0	が	助詞,格助詞,一般,*	0
1	同	接頭詞,名詞接続,*,*	0
0	クラブ	名詞,一般,*,*	0
0	で	助詞,格助詞,一般,*	0
0	の	助詞,連体化,*,*	0
1	公式	名詞,形容動詞語幹,*,*	0
1	戦	名詞,接尾,一般,*	0
0	出場	名詞,サ変接続,*,*	0
0	が	助詞,格助詞,一般,*	0
0	ない	形容詞,自立,*,*	0
0	に	助詞,格助詞,一般,*	0
0	も	助詞,係助詞,*,*	0
0	関わら	動詞,自立,*,*	0
0	ず	助動詞,*,*,*	0
0	選出	名詞,サ変接続,*,*	0
0	さ	動詞,自立,*,*	0
0	れ	動詞,接尾,*,*	0
0	、	記号,読点,*,*	0
1	イングランド	名詞,固有名詞,地域,一般	0
0	国内外	名詞,一般,*,*	0
0	で	助詞,格助詞,一般,*	0
1	サプライズ	名詞,一般,*,*	1
0	招集	名詞,サ変接続,*,*	0
0	として	助詞,格助詞,連語,*	0
0	注目	名詞,サ変接続,*,*	0
0	を	助詞,格助詞,一般,*	0
0	浴び	動詞,自立,*,*	0
0	た	助動詞,*,*,*	0
0	が	助詞,接続助詞,*,*	0
0	、	記号,読点,*,*	0
1	試合	名詞,サ変接続,*,*	0
0	出場	名詞,サ変接続,*,*	0
0	の	助詞,連体化,*,*	0
0	機会	名詞,一般,*,*	0
0	は	助詞,係助詞,*,*	0
0	無かっ	形容詞,自立,*,*	0
0	た	助動詞,*,*,*	0
0	。	記号,句点,*,*	0
1	就任	名詞,サ変接続,*,*	0
0	当初	名詞,副詞可能,*,*	0
0	は	助詞,係助詞,*,*	0
0	足り	動詞,自立,*,*	0
0	ない	助動詞,*,*,*	0
0	ところ	名詞,非自立,副詞可能,*	0
0	を	助詞,格助詞,一般,*	0
1	外国	名詞,一般,*,*	0
0	人	名詞,接尾,一般,*	0
0	で	助詞,格助詞,一般,*	0
0	補強	名詞,サ変接続,*,*	0
0	する	動詞,自立,*,*	0
0	という	助詞,格助詞,連語,*	0
0	方針	名詞,一般,*,*	0
0	を	助詞,格助詞,一般,*	0
0	公言	名詞,サ変接続,*,*	0
0	し	動詞,自立,*,*	0
0	て	助詞,接続助詞,*,*	0
0	い	動詞,非自立,*,*	0
0	た	助動詞,*,*,*	0
1	ベン	名詞,一般,*,*	0
1	ゲル	名詞,一般,*,*	0
0	監督	名詞,サ変接続,*,*	0
0	だっ	助動詞,*,*,*	0
0	た	助動詞,*,*,*	0
0	が	助詞,接続助詞,*,*	0
0	、	記号,読点,*,*	0
0	近年	名詞,副詞可能,*,*	0
0	は	助詞,係助詞,*,*	0
0	英国	名詞,固有名詞,地域,国	0
0	の	助詞,連体化,*,*	0
0	チーム	名詞,一般,*,*	0
0	ながら	助詞,接続助詞,*,*	0
0	フランス	名詞,固有名詞,地域,国	0
0	や	助詞,並立助詞,*,*	0
0	アフリカ	名詞,固有名詞,地域,一般	0
0	など	助詞,副助詞,*,*	0
0	監督	名詞,サ変接続,*,*	0
0	と	助詞,格助詞,一般,*	0
0	同じ	連体詞,*,*,*	0
1	フランス語	名詞,一般,*,*	0
1	圏	名詞,接尾,一般,*	0
0	系	名詞,接尾,一般,*	0
0	の	助詞,連体化,*,*	0
0	選手	名詞,一般,*,*	0
0	が	助詞,格助詞,一般,*	0
0	大半	名詞,一般,*,*	0
0	を	助詞,格助詞,一般,*	0
0	占め	動詞,自立,*,*	0
0	、	記号,読点,*,*	0
1	イングランド	名詞,固有名詞,地域,一般	0
1	人	名詞,接尾,一般,*	0
0	選手	名詞,一般,*,*	0
0	の	助詞,連体化,*,*	0
0	活躍	名詞,サ変接続,*,*	0
0	の	助詞,連体化,*,*	0
0	場	名詞,一般,*,*	0
0	が	助詞,格助詞,一般,*	0
1	結果	名詞,副詞可能,*,*	0
0	的	名詞,接尾,形容動詞語幹,*	0
0	に	助詞,副詞化,*,*	0
0	少ない	形容詞,自立,*,*	0
0	状況	名詞,一般,*,*	0
0	が	助詞,格助詞,一般,*	0
0	続い	動詞,自立,*,*	0
0	て	助詞,接続助詞,*,*	0
0	いる	動詞,非自立,*,*	0
0	。	記号,句点,*,*	0
0	特に	副詞,一般,*,*	0
1	2006	名詞,数,*,*	1
1	-	記号_ハイフン	0
1	07	名詞,数,*,*	1
0	シーズン	名詞,一般,*,*	0
1	開始	名詞,サ変接続,*,*	0
0	時	名詞,接尾,副詞可能,*	0
0	、	記号,読点,*,*	0
1	ピッチ	名詞,一般,*,*	0
0	上	名詞,接尾,副詞可能,*	0
0	に	助詞,格助詞,一般,*	0
1	イングランド	名詞,固有名詞,地域,一般	0
0	人	名詞,接尾,一般,*	0
0	選手	名詞,一般,*,*	0
0	が	助詞,格助詞,一般,*	0
0	全く	副詞,助詞類接続,*,*	0
0	い	動詞,自立,*,*	0
0	ない	助動詞,*,*,*	0
0	試合	名詞,サ変接続,*,*	0
0	が	助詞,格助詞,一般,*	0
0	多く	形容詞,自立,*,*	0
0	あっ	動詞,自立,*,*	0
0	た	助動詞,*,*,*	0
0	ため	名詞,非自立,副詞可能,*	0
0	、	記号,読点,*,*	0
1	イングランド	名詞,固有名詞,地域,一般	0
0	国内	名詞,一般,*,*	0
0	において	助詞,格助詞,連語,*	0
1	外国	名詞,一般,*,*	0
1	人	名詞,接尾,一般,*	0
1	偏重	名詞,サ変接続,*,*	0
0	チーム	名詞,一般,*,*	0
0	と	助詞,格助詞,一般,*	0
0	非難	名詞,サ変接続,*,*	0
0	さ	動詞,自立,*,*	0
0	れる	動詞,接尾,*,*	0
0	こと	名詞,非自立,一般,*	0
0	が	助詞,格助詞,一般,*	0
0	多い	形容詞,自立,*,*	0
0	。	記号,句点,*,*	0
0	この	連体詞,*,*,*	0
0	理由	名詞,一般,*,*	0
0	について	助詞,格助詞,連語,*	0
1	ベン	名詞,固有名詞,人名,名	0
1	ゲル	名詞,一般,*,*	0
0	監督	名詞,サ変接続,*,*	0
0	は	助詞,係助詞,*,*	0
0	アーセナル	名詞,一般,*,*	1
0	が	助詞,格助詞,一般,*	0
1	若手	名詞,一般,*,*	0
1	有望	名詞,形容動詞語幹,*,*	0
0	株	名詞,一般,*,*	0
0	を	助詞,格助詞,一般,*	0
0	多く	形容詞,自立,*,*	0
0	登用	名詞,サ変接続,*,*	0
0	する	動詞,自立,*,*	0
0	方針	名詞,一般,*,*	0
0	で	助動詞,*,*,*	0
0	ある	助動詞,*,*,*	0
0	こと	名詞,非自立,一般,*	0
0	を	助詞,格助詞,一般,*	0
0	指摘	名詞,サ変接続,*,*	0
0	し	動詞,自立,*,*	0
0	た	助動詞,*,*,*	0
0	上	名詞,非自立,副詞可能,*	0
0	で	助詞,格助詞,一般,*	0
0	、	記号,読点,*,*	0
0	「	記号,括弧開,*,*	0
0	だが	接続詞,*,*,*	0
0	イングランド	名詞,固有名詞,地域,一般	0
0	の	助詞,連体化,*,*	0
1	若手	名詞,一般,*,*	0
0	選手	名詞,一般,*,*	0
0	を	助詞,格助詞,一般,*	0
0	獲得	名詞,サ変接続,*,*	0
0	しよ	動詞,自立,*,*	0
0	う	助動詞,*,*,*	0
0	と	助詞,格助詞,一般,*	0
0	する	動詞,自立,*,*	0
0	と	助詞,接続助詞,*,*	0
0	、	記号,読点,*,*	0
0	他	名詞,一般,*,*	0
0	の	助詞,連体化,*,*	0
0	国	名詞,一般,*,*	0
0	の	助詞,連体化,*,*	0
0	選手	名詞,一般,*,*	0
0	に	助詞,格助詞,一般,*	0
0	比べ	動詞,自立,*,*	0
0	て	助詞,接続助詞,*,*	0
0	値段	名詞,一般,*,*	0
0	が	助詞,格助詞,一般,*	0
0	高い	形容詞,自立,*,*	0
0	。	記号,句点,*,*	0
0	そう	副詞,助詞類接続,*,*	0
0	なれ	動詞,自立,*,*	0
0	ば	助詞,接続助詞,*,*	0
1	法律	名詞,一般,*,*	0
0	的	名詞,接尾,形容動詞語幹,*	0
0	に	助詞,副詞化,*,*	0
1	15	名詞,数,*,*	1
0	歳	名詞,接尾,助数詞,*	0
0	から	助詞,格助詞,一般,*	0
1	17	名詞,数,*,*	1
0	歳	名詞,接尾,助数詞,*	0
0	の	助詞,連体化,*,*	0
1	移籍	名詞,サ変接続,*,*	0
0	金	名詞,接尾,一般,*	0
0	の	助詞,格助詞,一般,*	0
0	かから	動詞,自立,*,*	0
0	ない	助動詞,*,*,*	0
0	国	名詞,一般,*,*	0
0	の	助詞,連体化,*,*	0
0	有望	名詞,形容動詞語幹,*,*	0
0	な	助動詞,*,*,*	0
1	若手	名詞,一般,*,*	0
0	選手	名詞,一般,*,*	0
0	に	助詞,格助詞,一般,*	0
0	目	名詞,一般,*,*	0
0	を	助詞,格助詞,一般,*	0
0	向ける	動詞,自立,*,*	0
0	こと	名詞,非自立,一般,*	0
0	が	助詞,格助詞,一般,*	0
0	多く	形容詞,自立,*,*	0
0	なる	動詞,自立,*,*	0
0	の	名詞,非自立,一般,*	0
0	は	助詞,係助詞,*,*	0
0	自然	名詞,形容動詞語幹,*,*	0
0	な	助動詞,*,*,*	0
0	こと	名詞,非自立,一般,*	0
0	だ	助動詞,*,*,*	0
0	」	記号,括弧閉,*,*	0
0	と	助詞,格助詞,引用,*	0
0	の	助詞,連体化,*,*	0
0	コメント	名詞,サ変接続,*,*	0
0	を	助詞,格助詞,一般,*	0
0	残し	動詞,自立,*,*	0
0	て	助詞,接続助詞,*,*	0
0	いる	動詞,非自立,*,*	0
0	。	記号,句点,*,*	0
0	国家	名詞,一般,*,*	0
0	による	助詞,格助詞,連語,*	0
1	労働	名詞,サ変接続,*,*	0
0	法	名詞,接尾,一般,*	0
0	・	記号_中黒	0
0	雇用法	名詞,一般,*,*	0
0	の	助詞,連体化,*,*	0
0	違い	名詞,ナイ形容詞語幹,*,*	0
0	を	助詞,格助詞,一般,*	0
0	利用	名詞,サ変接続,*,*	0
0	し	動詞,自立,*,*	0
0	、	記号,読点,*,*	0
1	18	名詞,数,*,*	1
1	歳	名詞,接尾,助数詞,*	0
0	未満	名詞,接尾,一般,*	0
0	の	助詞,連体化,*,*	0
0	選手	名詞,一般,*,*	0
0	を	助詞,格助詞,一般,*	0
0	無償	名詞,一般,*,*	0
0	で	助詞,格助詞,一般,*	0
0	獲得	名詞,サ変接続,*,*	0
0	する	動詞,自立,*,*	0
0	手法	名詞,一般,*,*	0
0	に	助詞,格助詞,一般,*	0
0	は	助詞,係助詞,*,*	0
0	各	接頭詞,名詞接続,*,*	0
0	方面	名詞,一般,*,*	0
0	から	助詞,格助詞,一般,*	0
0	批判	名詞,サ変接続,*,*	0
0	が	助詞,格助詞,一般,*	0
0	上がる	動詞,自立,*,*	0
0	が	助詞,接続助詞,*,*	0
0	、	記号,読点,*,*	0
1	法律	名詞,一般,*,*	0
0	上	名詞,接尾,副詞可能,*	0
0	は	助詞,係助詞,*,*	0
0	問題	名詞,ナイ形容詞語幹,*,*	0
0	は	助詞,係助詞,*,*	0
0	ない	助動詞,*,*,*	0
0	ので	助詞,接続助詞,*,*	0
0	むしろ	副詞,一般,*,*	0
1	各	接頭詞,名詞接続,*,*	0
0	クラブ	名詞,一般,*,*	0
0	の	助詞,連体化,*,*	0
0	モラル	名詞,一般,*,*	0
0	の	助詞,連体化,*,*	0
0	問題	名詞,ナイ形容詞語幹,*,*	0
0	と	助詞,格助詞,引用,*	0
0	見る	動詞,自立,*,*	0
0	声	名詞,一般,*,*	0
0	も	助詞,係助詞,*,*	0
0	ある	動詞,自立,*,*	0
0	。	記号,句点,*,*	0
0	その	連体詞,*,*,*	0
0	例	名詞,一般,*,*	0
0	として	助詞,格助詞,連語,*	0
1	2003	名詞,数,*,*	1
0	年	名詞,接尾,助数詞,*	0
1	16	名詞,数,*,*	1
0	歳	名詞,接尾,助数詞,*	0
0	に	助詞,格助詞,一般,*	0
0	し	動詞,自立,*,*	0
0	て	助詞,接続助詞,*,*	0
1	FIFA	名詞,一般,*,*	1
1	 	記号,空白,*,*	1
1	U	名詞,固有名詞,組織,*	1
1	-	記号_ハイフン	0
1	17	名詞,数,*,*	1
0	ワールドカップ	名詞,固有名詞,一般,*	0
0	で	助詞,格助詞,一般,*	0
1	得点	名詞,サ変接続,*,*	0
0	王	名詞,接尾,一般,*	0
0	と	助詞,並立助詞,*,*	0
0	MVP	名詞,一般,*,*	1
0	を	助詞,格助詞,一般,*	0
0	獲得	名詞,サ変接続,*,*	0
0	し	動詞,自立,*,*	0
0	た	助動詞,*,*,*	0
1	バルセロナ	名詞,固有名詞,地域,一般	0
0	所属	名詞,サ変接続,*,*	0
0	の	助詞,連体化,*,*	0
1	セスク	名詞,一般,*,*	1
1	・	記号_中黒	0
0	ファブレガス	名詞,一般,*,*	1
0	は	助詞,係助詞,*,*	0
0	、	記号,読点,*,*	0
0	アーセナル	名詞,一般,*,*	1
0	に	助詞,格助詞,一般,*	0
1	17	名詞,数,*,*	1
0	歳	名詞,接尾,助数詞,*	0
0	で	助詞,格助詞,一般,*	0
0	移籍	名詞,サ変接続,*,*	0
0	し	動詞,自立,*,*	0
0	た	助動詞,*,*,*	0
0	。	記号,句点,*,*	0
1	バッキンガム	名詞,固有名詞,地域,一般	0
0	宮殿	名詞,一般,*,*	0
0	における	助詞,格助詞,連語,*	0
0	 	記号,空白,*,*	1
1	エリザベス	名詞,固有名詞,人名,名	0
1	女王	名詞,一般,*,*	0
0	主催	名詞,サ変接続,*,*	0
0	の	助詞,連体化,*,*	0
1	お茶	名詞,一般,*,*	0
0	会	名詞,接尾,一般,*	0
0	に	助詞,格助詞,一般,*	0
1	サッカー	名詞,一般,*,*	0
0	クラブ	名詞,一般,*,*	0
0	として	助詞,格助詞,連語,*	0
0	初めて	副詞,一般,*,*	0
0	招待	名詞,サ変接続,*,*	0
0	さ	動詞,自立,*,*	0
0	れ	動詞,接尾,*,*	0
0	た	助動詞,*,*,*	0
0	。	記号,句点,*,*	0
1	エミレーツ	名詞,一般,*,*	1
1	・	記号_中黒	0
0	スタジアム	名詞,一般,*,*	0
0	の	助詞,連体化,*,*	0
1	落成	名詞,サ変接続,*,*	0
0	式	名詞,接尾,一般,*	0
0	に	助詞,格助詞,一般,*	0
0	は	助詞,係助詞,*,*	0
1	エリザベス	名詞,固有名詞,人名,名	0
0	女王	名詞,一般,*,*	0
0	が	助詞,格助詞,一般,*	0
0	臨席	名詞,サ変接続,*,*	0
0	する	動詞,自立,*,*	0
0	予定	名詞,サ変接続,*,*	0
0	で	助動詞,*,*,*	0
0	あっ	助動詞,*,*,*	0
0	た	助動詞,*,*,*	0
0	が	助詞,接続助詞,*,*	0
0	、	記号,読点,*,*	0
0	体調	名詞,一般,*,*	0
0	を	助詞,格助詞,一般,*	0
0	崩し	動詞,自立,*,*	0
0	て	助詞,接続助詞,*,*	0
0	い	動詞,非自立,*,*	0
0	た	助動詞,*,*,*	0
0	ため	名詞,非自立,副詞可能,*	0
0	、	記号,読点,*,*	0
0	夫	名詞,一般,*,*	0
0	の	助詞,連体化,*,*	0
1	エディンバラ	名詞,固有名詞,地域,一般	0
1	公	名詞,一般,*,*	0
0	フィリップ	名詞,固有名詞,人名,姓	0
0	が	助詞,格助詞,一般,*	0
1	代理	名詞,サ変接続,*,*	0
0	出席	名詞,サ変接続,*,*	0
0	し	動詞,自立,*,*	0
0	た	助動詞,*,*,*	0
0	。	記号,句点,*,*	0
1	2012	名詞,数,*,*	1
1	年	名詞,接尾,助数詞,*	0
1	2	名詞,数,*,*	1
0	月	名詞,接尾,助数詞,*	0
0	、	記号,読点,*,*	0
1	世界	名詞,一般,*,*	0
0	最大	名詞,一般,*,*	0
0	の	助詞,連体化,*,*	0
1	会計	名詞,サ変接続,*,*	0
0	事務所	名詞,一般,*,*	0
0	で	助動詞,*,*,*	0
0	ある	助動詞,*,*,*	0
0	『	記号,括弧開,*,*	0
0	デロイト	名詞,固有名詞,一般,*	1
0	』	記号,括弧閉,*,*	0
0	が	助詞,格助詞,一般,*	0
0	公表	名詞,サ変接続,*,*	0
0	し	動詞,自立,*,*	0
0	た	助動詞,*,*,*	0
1	デロイト	名詞,一般,*,*	1
1	・	記号_中黒	0
1	フットボール	名詞,一般,*,*	0
1	・	記号_中黒	0
1	マネー	名詞,一般,*,*	0
1	・	記号_中黒	0
0	リーグ	名詞,一般,*,*	0
0	で	助詞,格助詞,一般,*	0
0	は	助詞,係助詞,*,*	0
0	、	記号,読点,*,*	0
1	2010	名詞,数,*,*	1
1	-	記号_ハイフン	0
1	2011	名詞,数,*,*	1
0	シーズン	名詞,一般,*,*	0
0	の	助詞,連体化,*,*	0
1	クラブ	名詞,一般,*,*	0
0	収入	名詞,一般,*,*	0
0	は	助詞,係助詞,*,*	0
1	2	名詞,数,*,*	1
1	億	名詞,数,*,*	0
1	5110	名詞,数,*,*	1
1	万	名詞,数,*,*	0
0	ユーロ	名詞,一般,*,*	0
0	(	記号_括弧開	0
1	約	接頭詞,数接続,*,*	0
1	280	名詞,数,*,*	1
1	億	名詞,数,*,*	0
0	円	名詞,接尾,助数詞,*	0
0	)	記号_括弧閉	0
0	で	助動詞,*,*,*	0
0	あり	助動詞,*,*,*	0
0	、	記号,読点,*,*	0
1	欧州	名詞,固有名詞,地域,一般	0
1	第	接頭詞,数接続,*,*	0
1	5	名詞,数,*,*	1
0	位	名詞,接尾,助数詞,*	0
0	、	記号,読点,*,*	0
0	イングランド	名詞,固有名詞,地域,一般	0
0	で	助詞,格助詞,一般,*	0
0	は	助詞,係助詞,*,*	0
1	マンチェスター	名詞,固有名詞,地域,一般	0
1	・	記号_中黒	0
1	ユナイテッド	名詞,固有名詞,組織,*	0
0	FC	名詞,一般,*,*	1
0	に	助詞,格助詞,一般,*	0
0	次ぐ	動詞,自立,*,*	0
1	第	接頭詞,数接続,*,*	0
1	2	名詞,数,*,*	1
0	位	名詞,接尾,助数詞,*	0
0	で	助動詞,*,*,*	0
0	ある	助動詞,*,*,*	0
0	[	記号_括弧開	0
0	1	名詞,数,*,*	1
0	]	記号_括弧閉	0
0	。	記号,句点,*,*	0
