0	CMYK	名詞,固有名詞,組織,*	1
0	(	記号_括弧開	0
0	または	接続詞,*,*,*	0
1	CMYK	名詞,一般,*,*	1
1	カラー	名詞,一般,*,*	0
0	モデル	名詞,一般,*,*	0
0	)	記号_括弧閉	0
0	は	助詞,係助詞,*,*	0
0	色	名詞,一般,*,*	0
0	の	助詞,連体化,*,*	0
1	表現	名詞,サ変接続,*,*	0
0	法	名詞,接尾,一般,*	0
0	の	助詞,連体化,*,*	0
0	一種	名詞,一般,*,*	0
0	で	助詞,格助詞,一般,*	0
0	、	記号,読点,*,*	0
0	シアン	名詞,一般,*,*	0
0	、	記号,読点,*,*	0
0	マゼンタ	名詞,一般,*,*	1
0	、	記号,読点,*,*	0
0	イエロー	名詞,一般,*,*	0
0	、	記号,読点,*,*	0
0	ブラック	名詞,一般,*,*	0
0	の	助詞,連体化,*,*	0
1	4	名詞,数,*,*	1
0	種	名詞,接尾,助数詞,*	0
0	から	助詞,格助詞,一般,*	0
0	成る	動詞,自立,*,*	0
0	。	記号,句点,*,*	0
0	CMYK	名詞,固有名詞,組織,*	1
0	は	助詞,係助詞,*,*	0
0	シアン	名詞,一般,*,*	0
0	(	記号_括弧開	0
0	Cyan	名詞,固有名詞,組織,*	1
0	)	記号_括弧閉	0
0	、	記号,読点,*,*	0
0	マゼンタ	名詞,一般,*,*	1
0	(	記号_括弧開	0
0	Magenta	名詞,固有名詞,組織,*	1
0	)	記号_括弧閉	0
0	、	記号,読点,*,*	0
0	イエロー	名詞,一般,*,*	0
0	(	記号_括弧開	0
0	Yellow	名詞,固有名詞,組織,*	1
0	)	記号_括弧閉	0
0	と	助詞,並立助詞,*,*	0
1	キー	名詞,一般,*,*	0
1	・	記号,一般,*,*	0
0	プレート	名詞,一般,*,*	0
0	(	記号_括弧開	0
1	Key	名詞,固有名詞,組織,*	1
1	 	記号,空白,*,*	1
0	Plate	名詞,固有名詞,組織,*	1
0	)	記号_括弧閉	0
0	から	助詞,格助詞,一般,*	0
1	頭文字	名詞,一般,*,*	0
1	1	名詞,数,*,*	1
0	字	名詞,接尾,助数詞,*	0
0	を	助詞,格助詞,一般,*	0
0	取っ	動詞,自立,*,*	0
0	た	助動詞,*,*,*	0
0	もの	名詞,非自立,一般,*	0
0	。	記号,句点,*,*	0
0	ブラック	名詞,一般,*,*	0
0	(	記号_括弧開	0
0	BlacK	名詞,固有名詞,組織,*	1
0	)	記号_括弧閉	0
0	の	助詞,連体化,*,*	0
0	K	名詞,一般,*,*	1
0	で	助動詞,*,*,*	0
0	ある	助動詞,*,*,*	0
0	という	助詞,格助詞,連語,*	0
0	説	名詞,一般,*,*	0
0	は	助詞,係助詞,*,*	0
0	誤り	名詞,一般,*,*	0
0	で	助動詞,*,*,*	0
0	ある	助動詞,*,*,*	0
0	。	記号,句点,*,*	0
0	 	記号,空白,*,*	1
0	[	記号_括弧開	0
0	1	名詞,数,*,*	1
0	]	記号_括弧閉	0
0	 	記号,空白,*,*	1
0	但し	接続詞,*,*,*	0
0	同様	名詞,形容動詞語幹,*,*	0
0	の	助詞,連体化,*,*	0
0	意味	名詞,サ変接続,*,*	0
0	で	助詞,格助詞,一般,*	0
0	CMYBk	名詞,固有名詞,組織,*	1
0	と	助詞,格助詞,一般,*	0
0	表現	名詞,サ変接続,*,*	0
0	さ	動詞,自立,*,*	0
0	れる	動詞,接尾,*,*	0
0	場合	名詞,副詞可能,*,*	0
0	は	助詞,係助詞,*,*	0
0	Bk	名詞,固有名詞,組織,*	1
0	は	助詞,係助詞,*,*	0
0	ブラック	名詞,一般,*,*	0
0	を	助詞,格助詞,一般,*	0
0	指す	動詞,自立,*,*	0
0	。	記号,句点,*,*	0
0	CMYK	名詞,固有名詞,組織,*	1
0	は	助詞,係助詞,*,*	0
0	CMY	名詞,固有名詞,組織,*	1
0	から	助詞,格助詞,一般,*	0
0	派生	名詞,サ変接続,*,*	0
0	し	動詞,自立,*,*	0
0	た	助動詞,*,*,*	0
0	色	名詞,一般,*,*	0
0	の	助詞,連体化,*,*	0
1	表現	名詞,サ変接続,*,*	0
0	法	名詞,接尾,一般,*	0
0	で	助動詞,*,*,*	0
0	ある	助動詞,*,*,*	0
0	。	記号,句点,*,*	0
1	理論	名詞,一般,*,*	0
0	上	名詞,接尾,副詞可能,*	0
0	で	助動詞,*,*,*	0
0	は	助詞,係助詞,*,*	0
0	CMY	名詞,固有名詞,組織,*	1
0	によって	助詞,格助詞,連語,*	0
0	全て	名詞,副詞可能,*,*	0
0	の	助詞,連体化,*,*	0
0	色	名詞,一般,*,*	0
0	を	助詞,格助詞,一般,*	0
0	表現	名詞,サ変接続,*,*	0
0	できる	動詞,自立,*,*	0
0	はず	名詞,非自立,一般,*	0
0	で	助動詞,*,*,*	0
0	ある	助動詞,*,*,*	0
0	が	助詞,接続助詞,*,*	0
0	、	記号,読点,*,*	0
0	実際	副詞,助詞類接続,*,*	0
0	に	助詞,格助詞,一般,*	0
0	は	助詞,係助詞,*,*	0
0	CMY	名詞,固有名詞,組織,*	1
0	の	助詞,連体化,*,*	0
0	インク	名詞,一般,*,*	0
0	を	助詞,格助詞,一般,*	0
1	混	名詞,一般,*,*	1
0	色	名詞,接尾,一般,*	0
0	し	動詞,自立,*,*	0
0	て	助詞,接続助詞,*,*	0
0	綺麗	名詞,形容動詞語幹,*,*	0
0	な	助動詞,*,*,*	0
0	黒色	名詞,一般,*,*	0
0	を	助詞,格助詞,一般,*	0
0	表現	名詞,サ変接続,*,*	0
0	する	動詞,自立,*,*	0
0	の	名詞,非自立,一般,*	0
0	は	助詞,係助詞,*,*	0
1	技術	名詞,一般,*,*	0
0	的	名詞,接尾,形容動詞語幹,*	0
0	に	助詞,副詞化,*,*	0
0	困難	名詞,形容動詞語幹,*,*	0
0	で	助動詞,*,*,*	0
0	あり	助動詞,*,*,*	0
0	、	記号,読点,*,*	0
0	せいぜい	副詞,助詞類接続,*,*	0
0	鈍い	形容詞,自立,*,*	0
0	暗色	名詞,一般,*,*	0
0	に	助詞,格助詞,一般,*	0
0	しか	助詞,係助詞,*,*	0
0	なら	動詞,自立,*,*	0
0	ない	助動詞,*,*,*	0
0	。	記号,句点,*,*	0
0	この	連体詞,*,*,*	0
0	ため	名詞,非自立,副詞可能,*	0
0	、	記号,読点,*,*	0
0	プリンター	名詞,一般,*,*	0
0	など	助詞,副助詞,*,*	0
0	の	助詞,連体化,*,*	0
1	印刷	名詞,サ変接続,*,*	0
0	機	名詞,接尾,一般,*	0
0	で	助詞,格助詞,一般,*	0
0	黒色	名詞,一般,*,*	0
0	を	助詞,格助詞,一般,*	0
0	より	副詞,一般,*,*	0
0	美しく	形容詞,自立,*,*	0
0	表現	名詞,サ変接続,*,*	0
0	する	動詞,自立,*,*	0
0	目的	名詞,一般,*,*	0
0	として	助詞,格助詞,連語,*	0
0	CMYK	名詞,固有名詞,組織,*	1
0	が	助詞,格助詞,一般,*	0
0	採用	名詞,サ変接続,*,*	0
0	さ	動詞,自立,*,*	0
0	れ	動詞,接尾,*,*	0
0	て	助詞,接続助詞,*,*	0
0	いる	動詞,非自立,*,*	0
0	。	記号,句点,*,*	0
0	また	接続詞,*,*,*	0
0	見た目	名詞,一般,*,*	0
0	の	助詞,連体化,*,*	0
0	美し	形容詞,自立,*,*	0
0	さ	名詞,接尾,特殊,*	0
0	以外	名詞,非自立,副詞可能,*	0
0	に	助詞,格助詞,一般,*	0
0	も	助詞,係助詞,*,*	0
0	、	記号,読点,*,*	0
0	黒	名詞,一般,*,*	0
0	を	助詞,格助詞,一般,*	0
0	表現	名詞,サ変接続,*,*	0
0	する	動詞,自立,*,*	0
0	の	名詞,非自立,一般,*	0
0	に	助詞,格助詞,一般,*	0
0	必要	名詞,形容動詞語幹,*,*	0
0	な	助動詞,*,*,*	0
1	インク	名詞,一般,*,*	0
0	量	名詞,接尾,一般,*	0
0	が	助詞,格助詞,一般,*	0
0	少なく	形容詞,自立,*,*	0
0	なる	動詞,自立,*,*	0
0	ため	名詞,非自立,副詞可能,*	0
0	に	助詞,格助詞,一般,*	0
0	CMY	名詞,一般,*,*	1
0	の	助詞,連体化,*,*	0
0	場合	名詞,副詞可能,*,*	0
0	と	助詞,格助詞,引用,*	0
0	比べ	動詞,自立,*,*	0
0	て	助詞,接続助詞,*,*	0
1	ランニング	名詞,一般,*,*	0
0	コスト	名詞,一般,*,*	0
0	が	助詞,格助詞,一般,*	0
0	下がる	動詞,自立,*,*	0
0	、	記号,読点,*,*	0
0	乾燥	名詞,サ変接続,*,*	0
0	が	助詞,格助詞,一般,*	0
0	速く	形容詞,自立,*,*	0
1	高速	名詞,一般,*,*	0
0	印刷	名詞,サ変接続,*,*	0
0	に	助詞,格助詞,一般,*	0
0	向く	動詞,自立,*,*	0
0	、	記号,読点,*,*	0
0	といった	助詞,格助詞,連語,*	0
0	利点	名詞,一般,*,*	0
0	が	助詞,格助詞,一般,*	0
0	ある	動詞,自立,*,*	0
0	。	記号,句点,*,*	0
0	なお	接続詞,*,*,*	0
0	、	記号,読点,*,*	0
1	インクジェット	名詞,一般,*,*	0
0	プリンター	名詞,一般,*,*	0
0	など	助詞,副助詞,*,*	0
0	で	助詞,格助詞,一般,*	0
0	は	助詞,係助詞,*,*	0
0	、	記号,読点,*,*	0
0	発色	名詞,サ変接続,*,*	0
0	を	助詞,格助詞,一般,*	0
0	良く	形容詞,自立,*,*	0
0	する	動詞,自立,*,*	0
0	為	名詞,非自立,副詞可能,*	0
0	に	助詞,格助詞,一般,*	0
1	フォト	名詞,一般,*,*	0
0	インク	名詞,一般,*,*	0
0	と	助詞,格助詞,引用,*	0
0	呼ば	動詞,自立,*,*	0
0	れる	動詞,接尾,*,*	0
0	CMYK	名詞,一般,*,*	1
0	と	助詞,格助詞,一般,*	0
0	は	助詞,係助詞,*,*	0
0	別	名詞,一般,*,*	0
0	の	助詞,連体化,*,*	0
0	インク	名詞,一般,*,*	0
0	を	助詞,格助詞,一般,*	0
0	使用	名詞,サ変接続,*,*	0
0	する	動詞,自立,*,*	0
0	場合	名詞,副詞可能,*,*	0
0	が	助詞,格助詞,一般,*	0
0	ある	動詞,自立,*,*	0
0	が	助詞,接続助詞,*,*	0
0	、	記号,読点,*,*	0
0	色	名詞,一般,*,*	0
0	の	助詞,連体化,*,*	0
1	表現	名詞,サ変接続,*,*	0
0	法	名詞,接尾,一般,*	0
0	として	助詞,格助詞,連語,*	0
0	は	助詞,係助詞,*,*	0
0	CMYK	名詞,固有名詞,組織,*	1
0	と	助詞,格助詞,一般,*	0
0	の	助詞,連体化,*,*	0
0	違い	名詞,ナイ形容詞語幹,*,*	0
0	は	助詞,係助詞,*,*	0
0	ない	助動詞,*,*,*	0
0	。	記号,句点,*,*	0
1	デジタル	名詞,一般,*,*	0
0	カメラ	名詞,一般,*,*	0
0	など	助詞,副助詞,*,*	0
0	で	助詞,格助詞,一般,*	0
0	撮影	名詞,サ変接続,*,*	0
0	さ	動詞,自立,*,*	0
0	れ	動詞,接尾,*,*	0
0	た	助動詞,*,*,*	0
0	画像	名詞,一般,*,*	0
0	、	記号,読点,*,*	0
0	あるいは	接続詞,*,*,*	0
0	パソコン	名詞,一般,*,*	0
0	の	助詞,連体化,*,*	0
1	ディスプレイ	名詞,一般,*,*	0
0	上	名詞,接尾,副詞可能,*	0
0	に	助詞,格助詞,一般,*	0
0	表現	名詞,サ変接続,*,*	0
0	さ	動詞,自立,*,*	0
0	れる	動詞,接尾,*,*	0
0	色	名詞,一般,*,*	0
0	は	助詞,係助詞,*,*	0
0	光	名詞,一般,*,*	0
0	の	助詞,連体化,*,*	0
0	発光	名詞,サ変接続,*,*	0
0	を	助詞,格助詞,一般,*	0
0	利用	名詞,サ変接続,*,*	0
0	し	動詞,自立,*,*	0
0	て	助詞,接続助詞,*,*	0
0	色	名詞,一般,*,*	0
0	を	助詞,格助詞,一般,*	0
0	表現	名詞,サ変接続,*,*	0
0	(	記号_括弧開	0
1	加法	名詞,一般,*,*	0
1	混	名詞,一般,*,*	1
1	色	名詞,接尾,一般,*	0
0	法	名詞,接尾,一般,*	0
0	)	記号_括弧閉	0
0	する	動詞,自立,*,*	0
1	RGB	名詞,固有名詞,組織,*	1
0	形式	名詞,一般,*,*	0
0	で	助動詞,*,*,*	0
0	ある	助動詞,*,*,*	0
0	が	助詞,接続助詞,*,*	0
0	、	記号,読点,*,*	0
0	塗料	名詞,一般,*,*	0
0	(	記号_括弧開	0
0	絵具	名詞,一般,*,*	0
0	)	記号_括弧閉	0
0	で	助動詞,*,*,*	0
0	は	助詞,係助詞,*,*	0
1	RGB	名詞,固有名詞,組織,*	1
0	形式	名詞,一般,*,*	0
0	で	助詞,格助詞,一般,*	0
0	全て	名詞,副詞可能,*,*	0
0	の	助詞,連体化,*,*	0
0	色	名詞,一般,*,*	0
0	の	助詞,連体化,*,*	0
0	表現	名詞,サ変接続,*,*	0
0	が	助詞,格助詞,一般,*	0
0	出来	動詞,自立,*,*	0
0	ない	助動詞,*,*,*	0
0	為	名詞,非自立,副詞可能,*	0
0	、	記号,読点,*,*	0
0	印刷	名詞,サ変接続,*,*	0
0	する	動詞,自立,*,*	0
0	場合	名詞,副詞可能,*,*	0
0	は	助詞,係助詞,*,*	0
1	CMYK	名詞,固有名詞,組織,*	1
0	形式	名詞,一般,*,*	0
0	へ	助詞,格助詞,一般,*	0
0	の	助詞,連体化,*,*	0
1	変換	名詞,サ変接続,*,*	0
0	作業	名詞,サ変接続,*,*	0
0	が	助詞,格助詞,一般,*	0
0	必要	名詞,形容動詞語幹,*,*	0
0	と	助詞,格助詞,一般,*	0
0	なる	動詞,自立,*,*	0
0	。	記号,句点,*,*	0
0	(	記号_括弧開	0
1	M	名詞,固有名詞,組織,*	1
1	=	名詞,サ変接続,*,*	1
1	1	名詞,数,*,*	1
1	-	名詞,サ変接続,*,*	1
0	G	名詞,一般,*,*	1
0	)	名詞,サ変接続,*,*	1
0	で	助詞,格助詞,一般,*	0
1	RGB	名詞,一般,*,*	1
0	値	名詞,接尾,一般,*	0
0	から	助詞,格助詞,一般,*	0
1	CMY	名詞,固有名詞,組織,*	1
0	値	名詞,接尾,一般,*	0
0	が	助詞,格助詞,一般,*	0
0	得	動詞,自立,*,*	0
0	られる	動詞,接尾,*,*	0
0	。	記号,句点,*,*	0
0	さらに	副詞,助詞類接続,*,*	0
1	K	名詞,一般,*,*	1
1	=	名詞,サ変接続,*,*	1
0	min	名詞,一般,*,*	1
0	(	記号_括弧開	0
0	C	名詞,固有名詞,組織,*	1
0	,	名詞,サ変接続,*,*	1
0	M	名詞,一般,*,*	1
0	,	名詞,サ変接続,*,*	1
0	Y	名詞,一般,*,*	1
0	)	記号_括弧閉	0
0	を	助詞,格助詞,一般,*	0
0	求め	動詞,自立,*,*	0
0	、	記号,読点,*,*	0
0	(	記号_括弧開	0
1	C	名詞,固有名詞,組織,*	1
1	'=	名詞,サ変接続,*,*	1
1	C	名詞,一般,*,*	1
1	-	名詞,サ変接続,*,*	1
0	K	名詞,一般,*,*	1
0	)	記号_括弧閉	0
0	(	記号_括弧開	0
1	M	名詞,固有名詞,組織,*	1
1	'=	名詞,サ変接続,*,*	1
1	M	名詞,一般,*,*	1
1	-	名詞,サ変接続,*,*	1
0	K	名詞,一般,*,*	1
0	),(	名詞,サ変接続,*,*	1
1	Y	名詞,一般,*,*	1
1	'=	名詞,サ変接続,*,*	1
1	Y	名詞,一般,*,*	1
1	-	名詞,サ変接続,*,*	1
0	K	名詞,一般,*,*	1
0	)	記号_括弧閉	0
0	で	助動詞,*,*,*	0
0	、	記号,読点,*,*	0
1	CMYK	名詞,一般,*,*	1
0	値	名詞,接尾,一般,*	0
0	を	助詞,格助詞,一般,*	0
0	得る	動詞,自立,*,*	0
0	。	記号,句点,*,*	0
0	しかし	接続詞,*,*,*	0
0	、	記号,読点,*,*	0
0	この	連体詞,*,*,*	0
0	計算	名詞,サ変接続,*,*	0
0	で	助詞,格助詞,一般,*	0
0	得	動詞,自立,*,*	0
0	られ	動詞,接尾,*,*	0
0	た	助動詞,*,*,*	0
0	濃度	名詞,一般,*,*	0
0	を	助詞,格助詞,一般,*	0
0	印刷	名詞,サ変接続,*,*	0
0	に	助詞,格助詞,一般,*	0
0	適用	名詞,サ変接続,*,*	0
0	する	動詞,自立,*,*	0
0	と	助詞,接続助詞,*,*	0
0	、	記号,読点,*,*	0
1	一般	名詞,一般,*,*	0
0	的	名詞,接尾,形容動詞語幹,*	0
0	な	助動詞,*,*,*	0
1	RGB	名詞,一般,*,*	1
1	色	名詞,接尾,一般,*	0
0	空間	名詞,一般,*,*	0
0	と	助詞,並立助詞,*,*	0
1	CMYK	名詞,一般,*,*	1
1	色	名詞,接尾,一般,*	0
0	空間	名詞,一般,*,*	0
0	の	助詞,連体化,*,*	0
1	γ	記号,アルファベット,*,*	0
0	特性	名詞,一般,*,*	0
0	が	助詞,格助詞,一般,*	0
0	全く	副詞,助詞類接続,*,*	0
0	正反対	名詞,形容動詞語幹,*,*	0
0	で	助動詞,*,*,*	0
0	ある	助動詞,*,*,*	0
0	事	名詞,非自立,一般,*	0
0	が	助詞,格助詞,一般,*	0
0	考慮	名詞,サ変接続,*,*	0
0	さ	動詞,自立,*,*	0
0	れ	動詞,接尾,*,*	0
0	て	助詞,接続助詞,*,*	0
0	い	動詞,非自立,*,*	0
0	ない	助動詞,*,*,*	0
0	こと	名詞,非自立,一般,*	0
0	、	記号,読点,*,*	0
0	RGB	名詞,固有名詞,組織,*	1
0	と	助詞,並立助詞,*,*	0
0	CMYK	名詞,一般,*,*	1
0	それぞれ	名詞,副詞可能,*,*	0
0	の	助詞,連体化,*,*	0
0	補色	名詞,一般,*,*	0
0	の	助詞,連体化,*,*	0
0	波長	名詞,一般,*,*	0
0	が	助詞,格助詞,一般,*	0
0	一致	名詞,サ変接続,*,*	0
0	し	動詞,自立,*,*	0
0	て	助詞,接続助詞,*,*	0
0	い	動詞,非自立,*,*	0
0	ない	助動詞,*,*,*	0
0	事	名詞,非自立,一般,*	0
0	など	助詞,副助詞,*,*	0
0	から	助詞,格助詞,一般,*	0
0	、	記号,読点,*,*	0
0	印刷	名詞,サ変接続,*,*	0
0	結果	名詞,副詞可能,*,*	0
0	は	助詞,係助詞,*,*	0
0	全く	副詞,助詞類接続,*,*	0
0	期待	名詞,サ変接続,*,*	0
0	通り	名詞,接尾,一般,*	0
0	と	助詞,格助詞,一般,*	0
0	なら	動詞,自立,*,*	0
0	ない	助動詞,*,*,*	0
0	(	記号_括弧開	0
1	インクジェット	名詞,一般,*,*	0
0	システム	名詞,一般,*,*	0
0	で	助詞,格助詞,一般,*	0
0	紙	名詞,一般,*,*	0
0	に	助詞,格助詞,一般,*	0
0	印刷	名詞,サ変接続,*,*	0
0	する	動詞,自立,*,*	0
0	と	助詞,接続助詞,*,*	0
0	、	記号,読点,*,*	0
0	紙	名詞,一般,*,*	0
0	に	助詞,格助詞,一般,*	0
0	乗り切れ	動詞,自立,*,*	0
0	なかっ	助動詞,*,*,*	0
0	た	助動詞,*,*,*	0
0	インク	名詞,一般,*,*	0
0	が	助詞,格助詞,一般,*	0
0	プリンター	名詞,一般,*,*	0
0	の	助詞,連体化,*,*	0
0	底	名詞,一般,*,*	0
0	に	助詞,格助詞,一般,*	0
0	溜まる	動詞,自立,*,*	0
0	程	名詞,非自立,一般,*	0
0	で	助動詞,*,*,*	0
0	ある	助動詞,*,*,*	0
0	)	記号_括弧閉	0
0	。	記号,句点,*,*	0
0	この	連体詞,*,*,*	0
0	為	名詞,非自立,副詞可能,*	0
0	、	記号,読点,*,*	0
0	それぞれ	名詞,副詞可能,*,*	0
0	の	助詞,連体化,*,*	0
1	色	名詞,一般,*,*	0
0	空間	名詞,一般,*,*	0
0	を	助詞,格助詞,一般,*	0
1	カラー	名詞,一般,*,*	0
1	マネージメント	名詞,一般,*,*	0
0	システム	名詞,一般,*,*	0
0	で	助詞,格助詞,一般,*	0
0	補正	名詞,サ変接続,*,*	0
0	する	動詞,自立,*,*	0
0	必要	名詞,形容動詞語幹,*,*	0
0	が	助詞,格助詞,一般,*	0
0	ある	動詞,自立,*,*	0
0	。	記号,句点,*,*	0
0	通常	名詞,一般,*,*	0
0	の	助詞,連体化,*,*	0
1	画面	名詞,一般,*,*	0
1	表示	名詞,サ変接続,*,*	0
1	用	名詞,接尾,一般,*	0
1	カラー	名詞,一般,*,*	0
1	マネージメント	名詞,一般,*,*	0
0	システム	名詞,一般,*,*	0
0	で	助詞,格助詞,一般,*	0
0	は	助詞,係助詞,*,*	0
0	、	記号,読点,*,*	0
1	実	接頭詞,名詞接続,*,*	0
0	解像度	名詞,一般,*,*	0
0	を	助詞,格助詞,一般,*	0
0	リアルタイム	名詞,一般,*,*	0
0	で	助詞,格助詞,一般,*	0
0	処理	名詞,サ変接続,*,*	0
0	すれ	動詞,自立,*,*	0
0	ば	助詞,接続助詞,*,*	0
0	良い	形容詞,非自立,*,*	0
0	の	名詞,非自立,一般,*	0
0	で	助詞,格助詞,一般,*	0
0	精密	名詞,形容動詞語幹,*,*	0
0	に	助詞,副詞化,*,*	0
0	再現	名詞,サ変接続,*,*	0
0	さ	動詞,自立,*,*	0
0	れる	動詞,接尾,*,*	0
0	が	助詞,接続助詞,*,*	0
0	、	記号,読点,*,*	0
0	プリンター	名詞,一般,*,*	0
0	の	助詞,連体化,*,*	0
0	場合	名詞,副詞可能,*,*	0
0	に	助詞,格助詞,一般,*	0
0	は	助詞,係助詞,*,*	0
0	きわめて	副詞,一般,*,*	0
0	高い	形容詞,自立,*,*	0
0	解像度	名詞,一般,*,*	0
0	と	助詞,並立助詞,*,*	0
0	非常	名詞,形容動詞語幹,*,*	0
0	に	助詞,副詞化,*,*	0
0	少ない	形容詞,自立,*,*	0
0	インク	名詞,一般,*,*	0
1	液	名詞,接尾,一般,*	0
0	粒	名詞,接尾,一般,*	0
0	(	記号_括弧開	0
1	ピコ	名詞,固有名詞,一般,*	0
1	リットル	名詞,一般,*,*	0
0	単位	名詞,一般,*,*	0
0	)	記号_括弧閉	0
0	や	助詞,並立助詞,*,*	0
0	トナー	名詞,一般,*,*	1
0	(	記号_括弧開	0
1	ナノ	名詞,一般,*,*	0
1	グラム	名詞,固有名詞,人名,姓	0
0	単位	名詞,一般,*,*	0
0	)	記号_括弧閉	0
0	を	助詞,格助詞,一般,*	0
0	制御	名詞,サ変接続,*,*	0
0	し	動詞,自立,*,*	0
0	なけれ	助動詞,*,*,*	0
0	ば	助詞,接続助詞,*,*	0
0	なら	動詞,非自立,*,*	0
0	ない	助動詞,*,*,*	0
0	事	名詞,非自立,一般,*	0
0	から	助詞,格助詞,一般,*	0
0	莫大	名詞,形容動詞語幹,*,*	0
0	な	助動詞,*,*,*	0
0	量	名詞,一般,*,*	0
0	の	助詞,連体化,*,*	0
0	演算	名詞,サ変接続,*,*	0
0	が	助詞,格助詞,一般,*	0
0	必要	名詞,形容動詞語幹,*,*	0
0	に	助詞,格助詞,一般,*	0
0	なる	動詞,自立,*,*	0
0	ため	名詞,非自立,副詞可能,*	0
0	、	記号,読点,*,*	0
0	事前	名詞,一般,*,*	0
0	に	助詞,格助詞,一般,*	0
1	発色	名詞,サ変接続,*,*	0
0	特性	名詞,一般,*,*	0
0	を	助詞,格助詞,一般,*	0
0	サンプリング	名詞,サ変接続,*,*	0
0	し	動詞,自立,*,*	0
0	て	助詞,接続助詞,*,*	0
0	作っ	動詞,自立,*,*	0
0	た	助動詞,*,*,*	0
1	多次元	名詞,一般,*,*	0
1	ベジェ	名詞,一般,*,*	1
1	曲線	名詞,一般,*,*	0
0	等	名詞,接尾,一般,*	0
0	によって	助詞,格助詞,連語,*	0
0	、	記号,読点,*,*	0
0	特性	名詞,一般,*,*	0
0	を	助詞,格助詞,一般,*	0
0	シミュレート	名詞,サ変接続,*,*	0
0	する	動詞,自立,*,*	0
0	事	名詞,非自立,一般,*	0
0	で	助詞,格助詞,一般,*	0
0	演算	名詞,サ変接続,*,*	0
0	を	助詞,格助詞,一般,*	0
0	軽減	名詞,サ変接続,*,*	0
0	する	動詞,自立,*,*	0
0	など	助詞,副助詞,*,*	0
0	し	動詞,自立,*,*	0
0	て	助詞,接続助詞,*,*	0
0	、	記号,読点,*,*	0
0	印刷	名詞,サ変接続,*,*	0
0	に	助詞,格助詞,一般,*	0
0	かかる	動詞,自立,*,*	0
0	速度	名詞,一般,*,*	0
0	を	助詞,格助詞,一般,*	0
0	向上	名詞,サ変接続,*,*	0
0	さ	動詞,自立,*,*	0
0	せ	動詞,接尾,*,*	0
0	て	助詞,接続助詞,*,*	0
0	いる	動詞,非自立,*,*	0
0	。	記号,句点,*,*	0
0	完全	名詞,形容動詞語幹,*,*	0
0	な	助動詞,*,*,*	0
0	再現	名詞,サ変接続,*,*	0
0	は	助詞,係助詞,*,*	0
1	基本	名詞,一般,*,*	0
0	的	名詞,接尾,形容動詞語幹,*	0
0	に	助詞,格助詞,一般,*	0
0	は	助詞,係助詞,*,*	0
0	不可能	名詞,形容動詞語幹,*,*	0
0	で	助動詞,*,*,*	0
0	ある	助動詞,*,*,*	0
0	事	名詞,非自立,一般,*	0
0	から	助詞,格助詞,一般,*	0
0	、	記号,読点,*,*	0
0	あらかじめ	副詞,一般,*,*	0
1	印刷	名詞,サ変接続,*,*	0
0	対象	名詞,一般,*,*	0
0	が	助詞,格助詞,一般,*	0
0	どの	連体詞,*,*,*	0
0	よう	名詞,非自立,助動詞語幹,*	0
0	な	助動詞,*,*,*	0
0	物	名詞,非自立,一般,*	0
0	で	助動詞,*,*,*	0
0	ある	助動詞,*,*,*	0
0	か	助詞,副助詞／並立助詞／終助詞,*,*	0
0	(	記号_括弧開	0
1	代表	名詞,サ変接続,*,*	0
0	的	名詞,接尾,形容動詞語幹,*	0
0	な	助動詞,*,*,*	0
1	プリセット	名詞,一般,*,*	1
0	値	名詞,接尾,一般,*	0
0	として	助詞,格助詞,連語,*	0
1	自然	名詞,形容動詞語幹,*,*	0
0	風景	名詞,一般,*,*	0
0	・	記号,一般,*,*	0
1	人物	名詞,一般,*,*	0
0	写真	名詞,一般,*,*	0
0	・	記号,一般,*,*	0
1	ビジネス	名詞,一般,*,*	0
0	文書	名詞,一般,*,*	0
0	など	助詞,副助詞,*,*	0
0	が	助詞,格助詞,一般,*	0
0	候補	名詞,一般,*,*	0
0	として	助詞,格助詞,連語,*	0
0	用意	名詞,サ変接続,*,*	0
0	さ	動詞,自立,*,*	0
0	れ	動詞,接尾,*,*	0
0	て	助詞,接続助詞,*,*	0
0	いる	動詞,非自立,*,*	0
0	)	記号_括弧閉	0
0	を	助詞,格助詞,一般,*	0
0	ユーザー	名詞,一般,*,*	0
0	が	助詞,格助詞,一般,*	0
0	手動	名詞,一般,*,*	0
0	で	助詞,格助詞,一般,*	0
0	指示	名詞,サ変接続,*,*	0
0	し	動詞,自立,*,*	0
0	たり	助詞,並立助詞,*,*	0
0	、	記号,読点,*,*	0
0	あるいは	接続詞,*,*,*	0
0	プリンタドライバソフトウェア	名詞,一般,*,*	1
0	が	助詞,格助詞,一般,*	0
1	画像	名詞,一般,*,*	0
0	解析	名詞,サ変接続,*,*	0
0	によって	助詞,格助詞,連語,*	0
1	印刷	名詞,サ変接続,*,*	0
0	対象	名詞,一般,*,*	0
0	を	助詞,格助詞,一般,*	0
0	予測	名詞,サ変接続,*,*	0
0	する	動詞,自立,*,*	0
0	といった	助詞,格助詞,連語,*	0
0	、	記号,読点,*,*	0
0	高度	名詞,形容動詞語幹,*,*	0
0	な	助動詞,*,*,*	0
0	システム	名詞,一般,*,*	0
0	が	助詞,格助詞,一般,*	0
0	実装	名詞,サ変接続,*,*	0
0	さ	動詞,自立,*,*	0
0	れ	動詞,接尾,*,*	0
0	て	助詞,接続助詞,*,*	0
0	いる	動詞,非自立,*,*	0
0	。	記号,句点,*,*	0
0	日本	名詞,固有名詞,地域,国	0
0	の	助詞,連体化,*,*	0
1	製版	名詞,サ変接続,*,*	0
1	・	記号,一般,*,*	0
1	印刷	名詞,サ変接続,*,*	0
0	業界	名詞,一般,*,*	0
0	で	助詞,格助詞,一般,*	0
0	は	助詞,係助詞,*,*	0
0	、	記号,読点,*,*	0
0	永らく	副詞,一般,*,*	0
0	YMCK	名詞,固有名詞,組織,*	1
0	という	助詞,格助詞,連語,*	0
0	順番	名詞,一般,*,*	0
0	で	助詞,格助詞,一般,*	0
0	呼ば	動詞,自立,*,*	0
0	れ	動詞,接尾,*,*	0
0	て	助詞,接続助詞,*,*	0
0	き	動詞,非自立,*,*	0
0	た	助動詞,*,*,*	0
0	。	記号,句点,*,*	0
0	これ	名詞,代名詞,一般,*	0
0	は	助詞,係助詞,*,*	0
0	、	記号,読点,*,*	0
0	実際	副詞,助詞類接続,*,*	0
0	に	助詞,副詞化,*,*	0
0	印刷	名詞,サ変接続,*,*	0
0	機	名詞,接尾,一般,*	0
0	で	助詞,格助詞,一般,*	0
1	カラー	名詞,一般,*,*	0
0	印刷	名詞,サ変接続,*,*	0
0	する	動詞,自立,*,*	0
0	版	名詞,一般,*,*	0
0	の	助詞,連体化,*,*	0
0	順番	名詞,一般,*,*	0
0	(	記号_括弧開	0
1	Y	名詞,固有名詞,組織,*	1
0	版	名詞,接尾,一般,*	0
0	→	記号,一般,*,*	0
1	M	名詞,固有名詞,組織,*	1
0	版	名詞,接尾,一般,*	0
0	→	記号,一般,*,*	0
1	C	名詞,固有名詞,組織,*	1
0	版	名詞,接尾,一般,*	0
0	→	記号,一般,*,*	0
1	K	名詞,固有名詞,組織,*	1
0	版	名詞,接尾,一般,*	0
0	)	記号_括弧閉	0
0	に	助詞,格助詞,一般,*	0
0	由来	名詞,サ変接続,*,*	0
0	する	動詞,自立,*,*	0
0	。	記号,句点,*,*	0
