1	サー	名詞,固有名詞,人名,一般	0
1	・	記号_中黒	0
1	アーサー	名詞,固有名詞,人名,名	0
1	・	記号_中黒	0
1	コナン	名詞,固有名詞,人名,名	0
1	・	記号_中黒	0
0	ドイル	名詞,固有名詞,人名,姓	0
0	(	記号_括弧開	0
1	Sir	名詞,固有名詞,組織,*	1
1	 	記号,空白,*,*	1
1	Arthur	名詞,固有名詞,組織,*	1
1	 	記号,空白,*,*	1
1	Conan	名詞,固有名詞,組織,*	1
1	 	記号,空白,*,*	1
0	Doyle	名詞,固有名詞,組織,*	1
0	、	記号,読点,*,*	0
0	本名	名詞,一般,*,*	0
0	:	名詞,サ変接続,*,*	1
1	Arthur	名詞,固有名詞,組織,*	1
1	 	記号,空白,*,*	1
1	Ignatius	名詞,固有名詞,組織,*	1
1	 	記号,空白,*,*	1
1	Conan	名詞,固有名詞,組織,*	1
1	 	記号,空白,*,*	1
0	Doyle	名詞,固有名詞,組織,*	1
0	、	記号,読点,*,*	0
1	1859	名詞,数,*,*	1
1	年	名詞,接尾,助数詞,*	0
1	5	名詞,数,*,*	1
1	月	名詞,一般,*,*	0
1	22	名詞,数,*,*	1
1	日	名詞,接尾,助数詞,*	0
1	 	記号,空白,*,*	1
1	-	記号_ハイフン	0
1	 	記号,空白,*,*	1
1	1930	名詞,数,*,*	1
1	年	名詞,接尾,助数詞,*	0
1	7	名詞,数,*,*	1
1	月	名詞,一般,*,*	0
1	7	名詞,数,*,*	1
0	日	名詞,接尾,助数詞,*	0
0	)	記号_括弧閉	0
0	は	助詞,係助詞,*,*	0
1	イギリス	名詞,固有名詞,地域,国	0
1	・	記号_中黒	0
0	スコットランド	名詞,固有名詞,地域,国	0
0	の	助詞,連体化,*,*	0
1	エディンバラ	名詞,固有名詞,地域,一般	0
0	生まれ	名詞,一般,*,*	0
0	の	助詞,連体化,*,*	0
1	小説	名詞,一般,*,*	0
0	家	名詞,接尾,一般,*	0
0	で	助詞,格助詞,一般,*	0
0	、	記号,読点,*,*	0
1	推理	名詞,サ変接続,*,*	0
0	小説	名詞,一般,*,*	0
0	・	記号_中黒	0
1	歴史	名詞,一般,*,*	0
0	小説	名詞,一般,*,*	0
0	・	記号_中黒	0
0	SF	名詞,一般,*,*	1
0	を	助詞,格助詞,一般,*	0
0	多く	形容詞,自立,*,*	0
0	著し	動詞,自立,*,*	0
0	た	助動詞,*,*,*	0
0	。	記号,句点,*,*	0
1	1902	名詞,数,*,*	1
1	年	名詞,接尾,助数詞,*	0
1	8	名詞,数,*,*	1
1	月	名詞,一般,*,*	0
1	9	名詞,数,*,*	1
0	日	名詞,接尾,助数詞,*	0
0	に	助詞,格助詞,一般,*	0
1	Knight	名詞,一般,*,*	1
1	 	記号,空白,*,*	1
0	Bachelor	名詞,一般,*,*	1
0	に	助詞,格助詞,一般,*	0
0	叙せ	動詞,自立,*,*	0
0	られ	動詞,接尾,*,*	0
0	た	助動詞,*,*,*	0
0	[	記号_括弧開	0
0	1	名詞,数,*,*	1
0	]	記号_括弧閉	0
0	[	記号_括弧開	0
0	2	名詞,数,*,*	1
0	]	記号_括弧閉	0
0	。	記号,句点,*,*	0
0	『	記号,括弧開,*,*	0
1	シャーロック	名詞,固有名詞,人名,名	0
1	・	記号_中黒	0
0	ホームズ	名詞,固有名詞,人名,姓	0
0	』	記号,括弧閉,*,*	0
0	シリーズ	名詞,一般,*,*	0
0	に	助詞,格助詞,一般,*	0
0	登場	名詞,サ変接続,*,*	0
0	する	動詞,自立,*,*	0
1	史上	名詞,一般,*,*	0
0	最高	名詞,一般,*,*	0
0	の	助詞,連体化,*,*	0
1	名	接頭詞,名詞接続,*,*	0
1	探偵	名詞,サ変接続,*,*	0
1	シャーロック	名詞,固有名詞,人名,名	0
1	・	記号_中黒	0
0	ホームズ	名詞,固有名詞,人名,姓	0
0	を	助詞,格助詞,一般,*	0
0	生み出し	動詞,自立,*,*	0
0	た	助動詞,*,*,*	0
0	事	名詞,非自立,一般,*	0
0	で	助詞,格助詞,一般,*	0
0	知ら	動詞,自立,*,*	0
0	れ	動詞,接尾,*,*	0
0	、	記号,読点,*,*	0
1	エドガー	名詞,一般,*,*	1
1	・	記号_中黒	0
1	アラン	名詞,固有名詞,人名,名	0
1	・	記号_中黒	0
0	ポー	名詞,固有名詞,地域,一般	0
0	とともに	助詞,格助詞,連語,*	0
0	現代	名詞,一般,*,*	0
0	の	助詞,連体化,*,*	0
1	推理	名詞,サ変接続,*,*	0
0	小説	名詞,一般,*,*	0
0	の	助詞,連体化,*,*	0
1	生み	名詞,非自立,一般,*	0
1	の	助詞,連体化,*,*	0
0	親	名詞,一般,*,*	0
0	と	助詞,格助詞,一般,*	0
0	さ	動詞,自立,*,*	0
0	れ	動詞,接尾,*,*	0
0	て	助詞,接続助詞,*,*	0
0	いる	動詞,非自立,*,*	0
0	。	記号,句点,*,*	0
1	現実	名詞,一般,*,*	0
0	社会	名詞,一般,*,*	0
0	で	助詞,格助詞,一般,*	0
0	も	助詞,係助詞,*,*	0
1	ジョージ	名詞,固有名詞,人名,名	0
1	・	記号_中黒	0
1	エダルジ	名詞,一般,*,*	1
0	事件	名詞,一般,*,*	0
0	[	記号_括弧開	0
0	3	名詞,数,*,*	1
0	]	記号_括弧閉	0
0	、	記号,読点,*,*	0
0	オスカー	名詞,固有名詞,人名,名	0
0	・	記号_中黒	0
0	スレイター	名詞,固有名詞,組織,*	0
0	事件	名詞,一般,*,*	0
0	[	記号_括弧開	0
0	4	名詞,数,*,*	1
0	]	記号_括弧閉	0
0	で	助詞,格助詞,一般,*	0
1	被疑	名詞,一般,*,*	0
0	者	名詞,接尾,一般,*	0
0	の	助詞,連体化,*,*	0
0	無実	名詞,一般,*,*	0
0	を	助詞,格助詞,一般,*	0
0	主張	名詞,サ変接続,*,*	0
0	し	動詞,自立,*,*	0
0	、	記号,読点,*,*	0
0	冤罪	名詞,一般,*,*	0
0	を	助詞,格助詞,一般,*	0
0	晴らす	動詞,自立,*,*	0
0	ため	名詞,非自立,副詞可能,*	0
0	に	助詞,格助詞,一般,*	0
0	力	名詞,一般,*,*	0
0	を	助詞,格助詞,一般,*	0
0	尽くし	動詞,自立,*,*	0
0	た	助動詞,*,*,*	0
0	。	記号,句点,*,*	0
0	また	接続詞,*,*,*	0
0	、	記号,読点,*,*	0
0	冤罪	名詞,一般,*,*	0
0	を	助詞,格助詞,一般,*	0
0	防ぐ	動詞,自立,*,*	0
0	ため	名詞,非自立,副詞可能,*	0
0	に	助詞,格助詞,一般,*	0
1	刑事	名詞,一般,*,*	0
0	事件	名詞,一般,*,*	0
0	の	助詞,連体化,*,*	0
1	控訴	名詞,サ変接続,*,*	0
0	院	名詞,接尾,一般,*	0
0	を	助詞,格助詞,一般,*	0
0	設立	名詞,サ変接続,*,*	0
0	する	動詞,自立,*,*	0
0	こと	名詞,非自立,一般,*	0
0	に	助詞,格助詞,一般,*	0
0	尽力	名詞,サ変接続,*,*	0
0	し	動詞,自立,*,*	0
0	た	助動詞,*,*,*	0
0	。	記号,句点,*,*	0
1	SF	名詞,固有名詞,組織,*	1
0	分野	名詞,一般,*,*	0
0	で	助詞,格助詞,一般,*	0
0	は	助詞,係助詞,*,*	0
0	『	記号,括弧開,*,*	0
1	失わ	動詞,自立,*,*	0
1	れ	動詞,接尾,*,*	0
1	た	助動詞,*,*,*	0
0	世界	名詞,一般,*,*	0
0	』	記号,括弧閉,*,*	0
0	、	記号,読点,*,*	0
0	『	記号,括弧開,*,*	0
1	毒ガス	名詞,一般,*,*	0
0	帯	名詞,接尾,一般,*	0
0	』	記号,括弧閉,*,*	0
0	など	助詞,副助詞,*,*	0
1	チャレンジャー	名詞,一般,*,*	0
0	教授	名詞,一般,*,*	0
0	が	助詞,格助詞,一般,*	0
0	活躍	名詞,サ変接続,*,*	0
0	する	動詞,自立,*,*	0
1	作品	名詞,一般,*,*	0
0	群	名詞,接尾,一般,*	0
0	を	助詞,格助詞,一般,*	0
0	、	記号,読点,*,*	0
0	また	接続詞,*,*,*	0
1	歴史	名詞,一般,*,*	0
0	小説	名詞,一般,*,*	0
0	で	助詞,格助詞,一般,*	0
0	も	助詞,係助詞,*,*	0
0	『	記号,括弧開,*,*	0
1	白衣	名詞,一般,*,*	0
1	の	助詞,連体化,*,*	0
1	騎士	名詞,一般,*,*	0
0	団	名詞,接尾,一般,*	0
0	』	記号,括弧閉,*,*	0
0	、	記号,読点,*,*	0
0	『	記号,括弧開,*,*	0
1	勇将	名詞,一般,*,*	0
1	ジェラール	名詞,一般,*,*	1
1	の	助詞,連体化,*,*	0
0	回想	名詞,サ変接続,*,*	0
0	』	記号,括弧閉,*,*	0
0	など	助詞,副助詞,*,*	0
0	を	助詞,格助詞,一般,*	0
0	著し	動詞,自立,*,*	0
0	て	助詞,接続助詞,*,*	0
0	いる	動詞,非自立,*,*	0
0	。	記号,句点,*,*	0
1	1859	名詞,数,*,*	1
0	年	名詞,接尾,助数詞,*	0
0	、	記号,読点,*,*	0
0	スコットランド	名詞,固有名詞,地域,国	0
0	の	助詞,連体化,*,*	0
1	首都	名詞,一般,*,*	0
1	・	記号_中黒	0
0	エディンバラ	名詞,固有名詞,地域,一般	0
0	で	助詞,格助詞,一般,*	0
0	、	記号,読点,*,*	0
1	イングランド	名詞,固有名詞,地域,一般	0
0	生まれ	名詞,一般,*,*	0
0	の	助詞,連体化,*,*	0
0	役人	名詞,一般,*,*	0
0	の	助詞,連体化,*,*	0
0	父	名詞,一般,*,*	0
0	と	助詞,並立助詞,*,*	0
1	アイルランド	名詞,固有名詞,地域,国	0
0	人	名詞,接尾,一般,*	0
0	の	助詞,連体化,*,*	0
0	母	名詞,一般,*,*	0
0	の	助詞,連体化,*,*	0
0	間	名詞,一般,*,*	0
0	に	助詞,格助詞,一般,*	0
0	生まれ	動詞,自立,*,*	0
0	た	助動詞,*,*,*	0
0	。	記号,句点,*,*	0
0	父方	名詞,一般,*,*	0
0	の	助詞,連体化,*,*	0
0	祖父	名詞,一般,*,*	0
0	・	記号_中黒	0
0	ジョン	名詞,固有名詞,人名,名	0
0	(	記号_括弧開	0
1	John	名詞,固有名詞,組織,*	1
1	 	記号,空白,*,*	1
0	Doyle	名詞,固有名詞,組織,*	1
0	)	記号_括弧閉	0
0	は	助詞,係助詞,*,*	0
0	ダブリン	名詞,固有名詞,地域,一般	0
0	で	助詞,格助詞,一般,*	0
0	生まれ	名詞,一般,*,*	0
0	ロンドン	名詞,固有名詞,地域,一般	0
0	に	助詞,格助詞,一般,*	0
0	出	動詞,自立,*,*	0
0	て	助詞,接続助詞,*,*	0
0	"	名詞,サ変接続,*,*	1
1	H	名詞,一般,*,*	1
1	.	記号_ピリオド	0
0	B	名詞,固有名詞,組織,*	1
0	."	名詞,サ変接続,*,*	1
0	の	助詞,連体化,*,*	0
0	筆名	名詞,一般,*,*	0
0	で	助詞,格助詞,一般,*	0
0	著名	名詞,形容動詞語幹,*,*	0
0	な	助動詞,*,*,*	0
1	風刺	名詞,サ変接続,*,*	0
0	画家	名詞,一般,*,*	0
0	と	助詞,格助詞,一般,*	0
0	なり	動詞,自立,*,*	0
0	、	記号,読点,*,*	0
0	伯父	名詞,一般,*,*	0
0	の	助詞,連体化,*,*	0
1	リチャード	名詞,固有名詞,人名,名	0
1	・	記号_中黒	0
0	ドイル	名詞,固有名詞,人名,姓	0
0	(	記号_括弧開	0
1	Richard	名詞,固有名詞,組織,*	1
1	 	記号,空白,*,*	1
0	Doyle	名詞,固有名詞,組織,*	1
0	)	記号_括弧閉	0
0	は	助詞,係助詞,*,*	0
0	イラストレーター	名詞,一般,*,*	0
0	で	助詞,格助詞,一般,*	0
0	、	記号,読点,*,*	0
1	ドイル	名詞,固有名詞,人名,姓	0
0	家	名詞,接尾,一般,*	0
0	は	助詞,係助詞,*,*	0
1	アイルランド	名詞,固有名詞,地域,国	0
0	系	名詞,接尾,一般,*	0
0	で	助詞,格助詞,一般,*	0
0	芸術	名詞,一般,*,*	0
0	の	助詞,連体化,*,*	0
0	職	名詞,一般,*,*	0
0	に	助詞,格助詞,一般,*	0
0	つく	動詞,自立,*,*	0
0	もの	名詞,非自立,一般,*	0
0	が	助詞,格助詞,一般,*	0
0	多かっ	形容詞,自立,*,*	0
0	た	助動詞,*,*,*	0
0	。	記号,句点,*,*	0
1	イエズス	名詞,一般,*,*	1
1	会	名詞,接尾,一般,*	0
0	系	名詞,接尾,一般,*	0
0	の	助詞,連体化,*,*	0
1	インデペンデント	名詞,一般,*,*	1
1	・	記号_中黒	0
0	スクール	名詞,一般,*,*	0
0	で	助動詞,*,*,*	0
0	ある	助動詞,*,*,*	0
1	ストーニーハースト	名詞,一般,*,*	1
1	・	記号_中黒	0
0	カレッジ	名詞,一般,*,*	0
0	(	記号_括弧開	0
1	Stonyhurst	名詞,固有名詞,組織,*	1
1	 	記号,空白,*,*	1
0	College	名詞,固有名詞,組織,*	1
0	)	記号_括弧閉	0
0	に	助詞,格助詞,一般,*	0
0	学ん	動詞,自立,*,*	0
0	だ	助動詞,*,*,*	0
0	が	助詞,接続助詞,*,*	0
0	、	記号,読点,*,*	0
0	学校	名詞,一般,*,*	0
0	を	助詞,格助詞,一般,*	0
0	離れ	動詞,自立,*,*	0
0	た	助動詞,*,*,*	0
1	1875	名詞,数,*,*	1
0	年	名詞,接尾,助数詞,*	0
0	に	助詞,格助詞,一般,*	0
0	キリスト教	名詞,一般,*,*	0
0	を	助詞,格助詞,一般,*	0
0	拒絶	名詞,サ変接続,*,*	0
0	し	動詞,自立,*,*	0
0	て	助詞,接続助詞,*,*	0
1	不可知論	名詞,一般,*,*	0
0	者	名詞,接尾,一般,*	0
0	と	助詞,格助詞,一般,*	0
0	なっ	動詞,自立,*,*	0
0	た	助動詞,*,*,*	0
0	。	記号,句点,*,*	0
0	その後	名詞,副詞可能,*,*	0
1	1876	名詞,数,*,*	1
0	年	名詞,接尾,助数詞,*	0
0	から	助詞,格助詞,一般,*	0
1	1881	名詞,数,*,*	1
0	年	名詞,接尾,助数詞,*	0
0	にかけて	助詞,格助詞,連語,*	0
1	エディンバラ	名詞,固有名詞,地域,一般	0
0	大学	名詞,一般,*,*	0
0	で	助詞,格助詞,一般,*	0
0	医学	名詞,一般,*,*	0
0	を	助詞,格助詞,一般,*	0
0	学ん	動詞,自立,*,*	0
0	だ	助動詞,*,*,*	0
0	。	記号,句点,*,*	0
0	この	連体詞,*,*,*	0
0	時	名詞,非自立,副詞可能,*	0
0	、	記号,読点,*,*	0
0	アストン	名詞,一般,*,*	1
0	(	記号_括弧開	0
0	Aston	名詞,固有名詞,組織,*	1
0	:	名詞,サ変接続,*,*	1
0	現在	名詞,副詞可能,*,*	0
0	は	助詞,係助詞,*,*	0
0	バーミンガム	名詞,固有名詞,組織,*	0
0	の	助詞,連体化,*,*	0
1	一	名詞,数,*,*	0
0	地域	名詞,一般,*,*	0
0	と	助詞,格助詞,一般,*	0
0	なっ	動詞,自立,*,*	0
0	て	助詞,接続助詞,*,*	0
0	いる	動詞,非自立,*,*	0
0	)	記号_括弧閉	0
0	の	助詞,連体化,*,*	0
0	町	名詞,一般,*,*	0
0	で	助詞,格助詞,一般,*	0
1	外科	名詞,一般,*,*	0
0	医師	名詞,一般,*,*	0
0	の	助詞,連体化,*,*	0
0	助手	名詞,一般,*,*	0
0	として	助詞,格助詞,連語,*	0
0	働い	動詞,自立,*,*	0
0	て	助詞,接続助詞,*,*	0
0	いる	動詞,非自立,*,*	0
0	。	記号,句点,*,*	0
0	この	連体詞,*,*,*	0
0	頃	名詞,非自立,副詞可能,*	0
0	、	記号,読点,*,*	0
1	古典	名詞,一般,*,*	0
0	文学	名詞,一般,*,*	0
0	の	助詞,連体化,*,*	0
1	廉価	名詞,一般,*,*	0
0	版	名詞,接尾,一般,*	0
0	の	助詞,連体化,*,*	0
0	古本	名詞,一般,*,*	0
0	や	助詞,並立助詞,*,*	0
1	エミール	名詞,一般,*,*	1
1	・	記号_中黒	0
0	ガボリオ	名詞,固有名詞,組織,*	1
0	、	記号,読点,*,*	0
1	エドガー	名詞,一般,*,*	1
1	・	記号_中黒	0
1	アラン	名詞,固有名詞,人名,名	0
1	・	記号_中黒	0
0	ポー	名詞,固有名詞,地域,一般	0
0	の	助詞,連体化,*,*	0
0	作品	名詞,一般,*,*	0
0	を	助詞,格助詞,一般,*	0
0	愛読	名詞,サ変接続,*,*	0
0	し	動詞,自立,*,*	0
0	た	助動詞,*,*,*	0
0	[	記号_括弧開	0
0	5	名詞,数,*,*	1
0	]	記号_括弧閉	0
0	。	記号,句点,*,*	0
0	父親	名詞,一般,*,*	0
0	が	助詞,格助詞,一般,*	0
1	アルコール	名詞,一般,*,*	0
1	依存	名詞,サ変接続,*,*	0
0	症	名詞,接尾,一般,*	0
0	により	助詞,格助詞,連語,*	0
1	精神	名詞,一般,*,*	0
0	病院	名詞,一般,*,*	0
0	に	助詞,格助詞,一般,*	0
0	入院	名詞,サ変接続,*,*	0
0	し	動詞,自立,*,*	0
0	た	助動詞,*,*,*	0
0	ため	名詞,非自立,副詞可能,*	0
0	、	記号,読点,*,*	0
1	在学	名詞,サ変接続,*,*	0
0	中	名詞,接尾,副詞可能,*	0
0	に	助詞,格助詞,一般,*	0
1	北	名詞,一般,*,*	0
1	氷	名詞,一般,*,*	0
1	洋	名詞,一般,*,*	0
0	行き	名詞,接尾,地域,*	0
0	の	助詞,連体化,*,*	0
1	捕鯨	名詞,一般,*,*	0
0	船	名詞,接尾,一般,*	0
0	に	助詞,格助詞,一般,*	0
0	船医	名詞,一般,*,*	0
0	として	助詞,格助詞,連語,*	0
1	8	名詞,数,*,*	1
1	箇月	名詞,接尾,助数詞,*	0
0	程	助詞,副助詞,*,*	0
0	乗り込み	動詞,自立,*,*	0
0	、	記号,読点,*,*	0
0	弟妹	名詞,一般,*,*	0
0	の	助詞,格助詞,一般,*	0
0	多い	形容詞,自立,*,*	0
0	一家	名詞,一般,*,*	0
0	の	助詞,連体化,*,*	0
0	家計	名詞,一般,*,*	0
0	を	助詞,格助詞,一般,*	0
0	支え	動詞,自立,*,*	0
0	た	助動詞,*,*,*	0
0	。	記号,句点,*,*	0
0	級友	名詞,一般,*,*	0
0	より	助詞,格助詞,一般,*	0
1	数	名詞,数,*,*	0
0	箇月	名詞,接尾,助数詞,*	0
0	遅れ	動詞,自立,*,*	0
0	て	助詞,接続助詞,*,*	0
1	22	名詞,数,*,*	1
0	歳	名詞,接尾,助数詞,*	0
0	で	助詞,格助詞,一般,*	0
0	大学	名詞,一般,*,*	0
0	を	助詞,格助詞,一般,*	0
0	卒業	名詞,サ変接続,*,*	0
0	し	動詞,自立,*,*	0
0	た	助動詞,*,*,*	0
0	後	名詞,非自立,副詞可能,*	0
0	は	助詞,係助詞,*,*	0
1	アフリカ	名詞,固有名詞,地域,一般	0
0	航路	名詞,一般,*,*	0
0	の	助詞,連体化,*,*	0
1	荷物	名詞,一般,*,*	0
0	汽船	名詞,一般,*,*	0
0	の	助詞,連体化,*,*	0
0	船医	名詞,一般,*,*	0
0	として	助詞,格助詞,連語,*	0
1	3	名詞,数,*,*	1
1	ヶ月	名詞,接尾,助数詞,*	0
0	程	助詞,副助詞,*,*	0
0	働く	動詞,自立,*,*	0
0	。	記号,句点,*,*	0
0	山師	名詞,一般,*,*	0
0	の	助詞,連体化,*,*	0
0	気	名詞,非自立,一般,*	0
0	を	助詞,格助詞,一般,*	0
0	持つ	動詞,自立,*,*	0
0	級友	名詞,一般,*,*	0
0	と	助詞,並立助詞,*,*	0
0	プリマス	名詞,固有名詞,地域,一般	0
0	で	助詞,格助詞,一般,*	0
1	診療	名詞,サ変接続,*,*	0
0	所	名詞,接尾,一般,*	0
0	を	助詞,格助詞,一般,*	0
1	共同	名詞,サ変接続,*,*	0
0	経営	名詞,サ変接続,*,*	0
0	し	動詞,自立,*,*	0
0	た	助動詞,*,*,*	0
0	が	助詞,接続助詞,*,*	0
1	喧嘩	名詞,サ変接続,*,*	0
0	別れ	名詞,一般,*,*	0
0	し	動詞,自立,*,*	0
0	た	助動詞,*,*,*	0
0	。	記号,句点,*,*	0
0	その後	名詞,副詞可能,*,*	0
1	1882	名詞,数,*,*	1
0	年	名詞,接尾,助数詞,*	0
0	に	助詞,格助詞,一般,*	0
1	ポーツマス	名詞,固有名詞,地域,一般	0
0	市	名詞,接尾,地域,*	0
0	の	助詞,連体化,*,*	0
0	サウスシー	名詞,一般,*,*	1
0	(	記号_括弧開	0
0	Southsea	名詞,固有名詞,組織,*	1
0	)	記号_括弧閉	0
0	地区	名詞,一般,*,*	0
0	に	助詞,格助詞,一般,*	0
0	眼科	名詞,一般,*,*	0
0	を	助詞,格助詞,一般,*	0
0	専門	名詞,一般,*,*	0
0	と	助詞,格助詞,一般,*	0
0	する	動詞,自立,*,*	0
1	診療	名詞,サ変接続,*,*	0
0	所	名詞,接尾,一般,*	0
0	を	助詞,格助詞,一般,*	0
0	開い	動詞,自立,*,*	0
0	た	助動詞,*,*,*	0
0	。	記号,句点,*,*	0
1	診察	名詞,サ変接続,*,*	0
0	所	名詞,接尾,一般,*	0
0	は	助詞,係助詞,*,*	0
0	振るわ	動詞,自立,*,*	0
0	ず	助動詞,*,*,*	0
0	、	記号,読点,*,*	0
0	患者	名詞,一般,*,*	0
0	を	助詞,格助詞,一般,*	0
0	待つ	動詞,自立,*,*	0
0	間	名詞,一般,*,*	0
0	に	助詞,格助詞,一般,*	0
0	小説	名詞,一般,*,*	0
0	を	助詞,格助詞,一般,*	0
0	書き	動詞,自立,*,*	0
1	三	名詞,数,*,*	0
1	文	名詞,接尾,助数詞,*	0
0	雑誌	名詞,一般,*,*	0
0	へ	助詞,格助詞,一般,*	0
0	送っ	動詞,自立,*,*	0
0	た	助動詞,*,*,*	0
0	が	助詞,接続助詞,*,*	0
0	、	記号,読点,*,*	0
0	その	連体詞,*,*,*	0
0	度	名詞,非自立,副詞可能,*	0
0	に	助詞,格助詞,一般,*	0
0	返却	名詞,サ変接続,*,*	0
0	さ	動詞,自立,*,*	0
0	れ	動詞,接尾,*,*	0
0	終	名詞,一般,*,*	0
0	い	名詞,一般,*,*	0
0	に	助詞,格助詞,一般,*	0
0	は	助詞,係助詞,*,*	0
1	切手	名詞,一般,*,*	0
0	代	名詞,接尾,一般,*	0
0	すら	助詞,係助詞,*,*	0
0	も	助詞,係助詞,*,*	0
0	怪しく	形容詞,自立,*,*	0
0	なっ	動詞,自立,*,*	0
0	た	助動詞,*,*,*	0
0	。	記号,句点,*,*	0
0	 	記号,空白,*,*	1
0	なお	接続詞,*,*,*	0
0	「	記号,括弧開,*,*	0
0	その	連体詞,*,*,*	0
0	ころ	名詞,非自立,副詞可能,*	0
0	、	記号,読点,*,*	0
0	現在	名詞,副詞可能,*,*	0
1	フットボール	名詞,一般,*,*	0
1	リーグ	名詞,一般,*,*	0
1	・	記号_中黒	0
0	チャンピオンシップ	名詞,一般,*,*	0
0	に	助詞,格助詞,一般,*	0
0	属し	動詞,自立,*,*	0
0	て	助詞,接続助詞,*,*	0
0	いる	動詞,非自立,*,*	0
1	ポーツマス	名詞,固有名詞,地域,一般	0
0	FC	名詞,一般,*,*	1
0	の	助詞,連体化,*,*	0
1	創設	名詞,サ変接続,*,*	0
0	時	名詞,接尾,副詞可能,*	0
0	に	助詞,格助詞,一般,*	0
1	同	接頭詞,名詞接続,*,*	0
0	チーム	名詞,一般,*,*	0
0	に	助詞,格助詞,一般,*	0
0	所属	名詞,サ変接続,*,*	0
0	し	動詞,自立,*,*	0
0	て	助詞,接続助詞,*,*	0
0	おり	動詞,非自立,*,*	0
0	、	記号,読点,*,*	0
1	初代	名詞,一般,*,*	0
0	ゴールキーパー	名詞,一般,*,*	0
0	を	助詞,格助詞,一般,*	0
0	務め	動詞,自立,*,*	0
0	て	助詞,接続助詞,*,*	0
0	い	動詞,非自立,*,*	0
0	た	助動詞,*,*,*	0
0	」	記号,括弧閉,*,*	0
0	と	助詞,格助詞,引用,*	0
0	広く	形容詞,自立,*,*	0
0	信じ	動詞,自立,*,*	0
0	られ	動詞,接尾,*,*	0
0	て	助詞,接続助詞,*,*	0
0	いる	動詞,非自立,*,*	0
0	が	助詞,接続助詞,*,*	0
0	、	記号,読点,*,*	0
0	実際	副詞,助詞類接続,*,*	0
0	に	助詞,副詞化,*,*	0
0	所属	名詞,サ変接続,*,*	0
0	し	動詞,自立,*,*	0
0	て	助詞,接続助詞,*,*	0
0	い	動詞,非自立,*,*	0
0	た	助動詞,*,*,*	0
0	の	名詞,非自立,一般,*	0
0	は	助詞,係助詞,*,*	0
1	ポーツマス	名詞,固有名詞,地域,一般	0
0	FC	名詞,固有名詞,組織,*	1
0	と	助詞,格助詞,一般,*	0
0	は	助詞,係助詞,*,*	0
0	別	名詞,一般,*,*	0
0	の	助詞,連体化,*,*	0
1	ポーツマス	名詞,固有名詞,地域,一般	0
0	AFC	名詞,固有名詞,組織,*	1
0	という	助詞,格助詞,連語,*	0
0	クラブ	名詞,一般,*,*	0
0	で	助詞,格助詞,一般,*	0
0	、	記号,読点,*,*	0
0	この	連体詞,*,*,*	0
0	クラブ	名詞,一般,*,*	0
0	は	助詞,係助詞,*,*	0
1	ポーツマス	名詞,固有名詞,地域,一般	0
0	FC	名詞,固有名詞,組織,*	1
0	が	助詞,格助詞,一般,*	0
0	結成	名詞,サ変接続,*,*	0
0	さ	動詞,自立,*,*	0
0	れる	動詞,接尾,*,*	0
1	4	名詞,数,*,*	1
1	年	名詞,接尾,助数詞,*	0
0	前	名詞,副詞可能,*,*	0
0	に	助詞,格助詞,一般,*	0
0	解散	名詞,サ変接続,*,*	0
0	し	動詞,自立,*,*	0
0	て	助詞,接続助詞,*,*	0
0	いる	動詞,非自立,*,*	0
0	。	記号,句点,*,*	0
1	1884	名詞,数,*,*	1
0	年	名詞,接尾,助数詞,*	0
0	、	記号,読点,*,*	0
0	『	記号,括弧開,*,*	0
1	J	名詞,固有名詞,組織,*	1
1	・	記号_中黒	0
1	ハバクック	名詞,一般,*,*	1
1	・	記号_中黒	0
0	ジェフソン	名詞,一般,*,*	1
0	の	助詞,連体化,*,*	0
0	証言	名詞,サ変接続,*,*	0
0	』	記号,括弧閉,*,*	0
0	(	記号_括弧開	0
1	J	名詞,固有名詞,組織,*	1
1	.	記号_ピリオド	0
1	Habakuk	名詞,固有名詞,組織,*	1
1	 	記号,空白,*,*	1
0	Jephson	名詞,固有名詞,組織,*	1
0	'	名詞,サ変接続,*,*	1
1	s	名詞,固有名詞,組織,*	1
1	 	記号,空白,*,*	1
0	Statement	名詞,固有名詞,組織,*	1
0	)	記号_括弧閉	0
0	という	助詞,格助詞,連語,*	0
1	1872	名詞,数,*,*	1
0	年	名詞,接尾,助数詞,*	0
0	の	助詞,連体化,*,*	0
1	メアリー	名詞,固有名詞,人名,姓	0
1	・	記号_中黒	0
1	セレスト	名詞,一般,*,*	1
0	号	名詞,接尾,一般,*	0
0	(	記号_括弧開	0
1	Mary	名詞,固有名詞,組織,*	1
1	 	記号,空白,*,*	1
0	Celeste	名詞,固有名詞,組織,*	1
0	)	記号_括弧閉	0
1	乗組	名詞,一般,*,*	0
1	員	名詞,接尾,一般,*	0
1	失踪	名詞,サ変接続,*,*	0
0	事件	名詞,一般,*,*	0
0	に	助詞,格助詞,一般,*	0
0	基づい	動詞,自立,*,*	0
0	た	助動詞,*,*,*	0
0	フィクション	名詞,一般,*,*	0
0	で	助動詞,*,*,*	0
0	ある	助動詞,*,*,*	0
1	マリー	名詞,固有名詞,人名,名	0
1	・	記号_中黒	0
1	セレスト	名詞,一般,*,*	1
0	号	名詞,接尾,一般,*	0
0	(	記号_括弧開	0
1	Marie	名詞,固有名詞,組織,*	1
1	 	記号,空白,*,*	1
0	Celeste	名詞,固有名詞,組織,*	1
0	)	名詞,サ変接続,*,*	1
0	事件	名詞,一般,*,*	0
0	について	助詞,格助詞,連語,*	0
0	の	助詞,連体化,*,*	0
1	短編	名詞,一般,*,*	0
0	小説	名詞,一般,*,*	0
0	が	助詞,格助詞,一般,*	0
0	『	記号,括弧開,*,*	0
1	コーン	名詞,一般,*,*	0
1	ヒル	名詞,一般,*,*	0
1	・	記号_中黒	0
0	マガジン	名詞,一般,*,*	0
0	』(	名詞,サ変接続,*,*	1
1	Corn	名詞,一般,*,*	1
1	-	記号_ハイフン	0
1	hill	名詞,固有名詞,組織,*	1
1	 	記号,空白,*,*	1
0	Magazine	名詞,固有名詞,組織,*	1
0	)	記号_括弧閉	0
1	1	名詞,数,*,*	1
1	月	名詞,一般,*,*	0
0	号	名詞,接尾,一般,*	0
0	に	助詞,格助詞,一般,*	0
0	匿名	名詞,一般,*,*	0
0	で	助詞,格助詞,一般,*	0
1	投稿	名詞,サ変接続,*,*	0
0	掲載	名詞,サ変接続,*,*	0
0	さ	動詞,自立,*,*	0
0	れ	動詞,接尾,*,*	0
0	評判	名詞,一般,*,*	0
0	に	助詞,格助詞,一般,*	0
0	なる	動詞,自立,*,*	0
0	(	名詞,サ変接続,*,*	1
0	この	連体詞,*,*,*	0
0	小説	名詞,一般,*,*	0
0	の	助詞,連体化,*,*	0
0	ため	名詞,非自立,副詞可能,*	0
1	メアリー	名詞,固有名詞,人名,姓	0
1	・	記号_中黒	0
1	セレスト	名詞,一般,*,*	1
1	号	名詞,接尾,一般,*	0
1	失踪	名詞,サ変接続,*,*	0
0	事件	名詞,一般,*,*	0
0	が	助詞,格助詞,一般,*	0
1	マリー	名詞,固有名詞,人名,名	0
1	・	記号_中黒	0
1	セレスト	名詞,一般,*,*	1
0	号	名詞,接尾,一般,*	0
0	と	助詞,格助詞,一般,*	0
0	誤っ	動詞,自立,*,*	0
0	た	助動詞,*,*,*	0
0	名称	名詞,一般,*,*	0
0	の	助詞,連体化,*,*	0
0	まま	名詞,非自立,副詞可能,*	0
0	有名	名詞,形容動詞語幹,*,*	0
0	と	助詞,格助詞,一般,*	0
0	なる	動詞,自立,*,*	0
0	)。	名詞,サ変接続,*,*	1
1	1885	名詞,数,*,*	1
0	年	名詞,接尾,助数詞,*	0
0	、	記号,読点,*,*	0
0	患者	名詞,一般,*,*	0
0	の	助詞,連体化,*,*	0
0	姉	名詞,一般,*,*	0
0	で	助動詞,*,*,*	0
0	あっ	助動詞,*,*,*	0
0	た	助動詞,*,*,*	0
1	ルイーズ	名詞,一般,*,*	1
1	・	記号_中黒	0
0	ホーキンズ	名詞,固有名詞,組織,*	1
0	と	助詞,格助詞,一般,*	0
0	結婚	名詞,サ変接続,*,*	0
0	し	動詞,自立,*,*	0
0	た	助動詞,*,*,*	0
0	。	記号,句点,*,*	0
0	彼女	名詞,代名詞,一般,*	0
0	は	助詞,係助詞,*,*	0
0	結核	名詞,一般,*,*	0
0	の	助詞,連体化,*,*	0
0	ため	名詞,非自立,副詞可能,*	0
0	に	助詞,格助詞,一般,*	0
1	1906	名詞,数,*,*	1
0	年	名詞,接尾,助数詞,*	0
0	に	助詞,格助詞,一般,*	0
0	死去	名詞,サ変接続,*,*	0
0	し	動詞,自立,*,*	0
0	た	助動詞,*,*,*	0
0	。	記号,句点,*,*	0
0	ドイル	名詞,固有名詞,人名,姓	0
0	は	助詞,係助詞,*,*	0
0	その後	名詞,副詞可能,*,*	0
1	1897	名詞,数,*,*	1
0	年	名詞,接尾,助数詞,*	0
0	の	助詞,連体化,*,*	0
0	出会い	名詞,一般,*,*	0
0	の	助詞,連体化,*,*	0
0	とき	名詞,非自立,副詞可能,*	0
0	に	助詞,格助詞,一般,*	0
1	一目	副詞,一般,*,*	0
0	ぼれ	動詞,自立,*,*	0
0	を	助詞,格助詞,一般,*	0
0	し	動詞,自立,*,*	0
0	た	助動詞,*,*,*	0
0	ものの	助詞,接続助詞,*,*	0
0	、	記号,読点,*,*	0
0	妻	名詞,一般,*,*	0
0	を	助詞,格助詞,一般,*	0
0	気遣っ	動詞,自立,*,*	0
0	て	助詞,接続助詞,*,*	0
1	精神	名詞,一般,*,*	0
0	的	名詞,接尾,形容動詞語幹,*	0
0	な	助動詞,*,*,*	0
0	かかわり	名詞,一般,*,*	0
0	を	助詞,格助詞,一般,*	0
0	もち	動詞,自立,*,*	0
0	続け	動詞,非自立,*,*	0
0	て	助詞,接続助詞,*,*	0
0	い	動詞,非自立,*,*	0
0	た	助動詞,*,*,*	0
1	ジーン	副詞,助詞類接続,*,*	0
1	・	記号_中黒	0
0	リッキー	名詞,一般,*,*	1
0	と	助詞,並立助詞,*,*	0
1	1907	名詞,数,*,*	1
0	年	名詞,接尾,助数詞,*	0
0	に	助詞,格助詞,一般,*	0
0	再婚	名詞,サ変接続,*,*	0
0	し	動詞,自立,*,*	0
0	た	助動詞,*,*,*	0
0	。	記号,句点,*,*	0
1	1887	名詞,数,*,*	1
0	年	名詞,接尾,助数詞,*	0
0	の	助詞,連体化,*,*	0
0	クリスマス	名詞,一般,*,*	0
0	、	記号,読点,*,*	0
0	最初	名詞,一般,*,*	0
0	の	助詞,連体化,*,*	0
1	シャーロック	名詞,固有名詞,人名,名	0
1	・	記号_中黒	0
1	ホームズ	名詞,固有名詞,人名,姓	0
0	シリーズ	名詞,一般,*,*	0
0	で	助動詞,*,*,*	0
0	ある	助動詞,*,*,*	0
0	『	記号,括弧開,*,*	0
1	緋色	名詞,一般,*,*	0
1	の	助詞,連体化,*,*	0
0	研究	名詞,サ変接続,*,*	0
0	』	記号,括弧閉,*,*	0
0	が	助詞,格助詞,一般,*	0
0	『	記号,括弧開,*,*	0
1	ビートンクリスマス	名詞,固有名詞,一般,*	1
0	年鑑	名詞,一般,*,*	0
0	』	記号,括弧閉,*,*	0
0	に	助詞,格助詞,一般,*	0
0	発表	名詞,サ変接続,*,*	0
0	さ	動詞,自立,*,*	0
0	れ	動詞,接尾,*,*	0
0	た	助動詞,*,*,*	0
0	。	記号,句点,*,*	0
0	あちこち	名詞,代名詞,一般,*	0
0	の	助詞,連体化,*,*	0
1	出版	名詞,サ変接続,*,*	0
0	社	名詞,接尾,一般,*	0
0	から	助詞,格助詞,一般,*	0
0	断ら	動詞,自立,*,*	0
0	れ	動詞,接尾,*,*	0
0	続け	動詞,非自立,*,*	0
0	た	助動詞,*,*,*	0
0	挙句	名詞,副詞可能,*,*	0
1	ワード	名詞,一般,*,*	0
1	・	記号_中黒	0
1	ロック	名詞,サ変接続,*,*	0
0	社	名詞,接尾,一般,*	0
0	と	助詞,並立助詞,*,*	0
1	25	名詞,数,*,*	1
0	ポンド	名詞,接尾,助数詞,*	0
0	で	助詞,格助詞,一般,*	0
1	著作	名詞,サ変接続,*,*	0
1	権	名詞,接尾,一般,*	0
0	買取	名詞,一般,*,*	0
0	という	助詞,格助詞,連語,*	0
0	条件	名詞,一般,*,*	0
0	にて	助詞,格助詞,一般,*	0
0	世	名詞,一般,*,*	0
0	に	助詞,格助詞,一般,*	0
0	出	動詞,自立,*,*	0
0	た	助動詞,*,*,*	0
0	作品	名詞,一般,*,*	0
0	で	助動詞,*,*,*	0
0	ある	助動詞,*,*,*	0
0	。	記号,句点,*,*	0
1	発表	名詞,サ変接続,*,*	0
0	後	名詞,接尾,副詞可能,*	0
0	は	助詞,係助詞,*,*	0
0	しばらく	副詞,助詞類接続,*,*	0
0	売れ	動詞,自立,*,*	0
0	ず	助動詞,*,*,*	0
0	ドイル	名詞,固有名詞,人名,姓	0
0	は	助詞,係助詞,*,*	0
0	もう	副詞,一般,*,*	0
1	ホームズ	名詞,固有名詞,人名,姓	0
0	物	名詞,接尾,一般,*	0
0	は	助詞,係助詞,*,*	0
0	書く	動詞,自立,*,*	0
0	まい	助動詞,*,*,*	0
0	と	助詞,格助詞,引用,*	0
0	考え	動詞,自立,*,*	0
0	て	助詞,接続助詞,*,*	0
0	い	動詞,非自立,*,*	0
0	た	助動詞,*,*,*	0
0	が	助詞,接続助詞,*,*	0
0	、	記号,読点,*,*	0
0	アメリカ	名詞,固有名詞,地域,国	0
0	の	助詞,連体化,*,*	0
0	雑誌	名詞,一般,*,*	0
1	リピンコット	名詞,一般,*,*	1
1	・	記号_中黒	0
0	マガジン	名詞,一般,*,*	0
0	から	助詞,格助詞,一般,*	0
0	の	助詞,連体化,*,*	0
0	依頼	名詞,サ変接続,*,*	0
0	を	助詞,格助詞,一般,*	0
0	受け	動詞,自立,*,*	0
0	て	助詞,接続助詞,*,*	0
0	書い	動詞,自立,*,*	0
0	た	助動詞,*,*,*	0
0	『	記号,括弧開,*,*	0
1	四つ	名詞,一般,*,*	0
1	の	助詞,連体化,*,*	0
0	署名	名詞,サ変接続,*,*	0
0	』	記号,括弧閉,*,*	0
0	が	助詞,格助詞,一般,*	0
1	リピンコット	名詞,一般,*,*	1
1	・	記号_中黒	0
1	マガジン	名詞,一般,*,*	0
1	1890	名詞,数,*,*	1
1	年	名詞,接尾,助数詞,*	0
1	2	名詞,数,*,*	1
1	月	名詞,一般,*,*	0
0	号	名詞,接尾,一般,*	0
0	に	助詞,格助詞,一般,*	0
0	掲載	名詞,サ変接続,*,*	0
0	さ	動詞,自立,*,*	0
0	れる	動詞,接尾,*,*	0
0	と	助詞,接続助詞,*,*	0
0	ホームズ	名詞,固有名詞,人名,姓	0
0	は	助詞,係助詞,*,*	0
0	莫大	名詞,形容動詞語幹,*,*	0
0	な	助動詞,*,*,*	0
0	人気	名詞,一般,*,*	0
0	を	助詞,格助詞,一般,*	0
0	博し	動詞,自立,*,*	0
0	た	助動詞,*,*,*	0
0	。	記号,句点,*,*	0
0	だが	接続詞,*,*,*	0
0	、	記号,読点,*,*	0
1	ドイル	名詞,固有名詞,人名,姓	0
0	自身	名詞,一般,*,*	0
0	は	助詞,係助詞,*,*	0
0	自ら	名詞,副詞可能,*,*	0
0	の	助詞,連体化,*,*	0
1	歴史	名詞,一般,*,*	0
0	小説	名詞,一般,*,*	0
0	や	助詞,並立助詞,*,*	0
1	SF	名詞,一般,*,*	1
0	物	名詞,接尾,一般,*	0
0	の	助詞,連体化,*,*	0
0	ほう	名詞,非自立,一般,*	0
0	に	助詞,格助詞,一般,*	0
0	価値	名詞,一般,*,*	0
0	を	助詞,格助詞,一般,*	0
0	感じ	動詞,自立,*,*	0
0	、	記号,読点,*,*	0
1	シャーロック	名詞,固有名詞,人名,名	0
1	・	記号_中黒	0
1	ホームズ	名詞,固有名詞,人名,姓	0
0	シリーズ	名詞,一般,*,*	0
0	を	助詞,格助詞,一般,*	0
0	快く	形容詞,自立,*,*	0
0	は	助詞,係助詞,*,*	0
0	思っ	動詞,自立,*,*	0
0	て	助詞,接続助詞,*,*	0
0	い	動詞,非自立,*,*	0
0	なかっ	助動詞,*,*,*	0
0	た	助動詞,*,*,*	0
0	。	記号,句点,*,*	0
0	『	記号,括弧開,*,*	0
1	白衣	名詞,一般,*,*	0
1	の	助詞,連体化,*,*	0
1	騎士	名詞,一般,*,*	0
0	団	名詞,接尾,一般,*	0
0	』	記号,括弧閉,*,*	0
0	の	助詞,連体化,*,*	0
0	よう	名詞,非自立,助動詞語幹,*	0
0	な	助動詞,*,*,*	0
1	中世	名詞,一般,*,*	0
1	の	助詞,連体化,*,*	0
1	騎士	名詞,一般,*,*	0
0	道	名詞,接尾,一般,*	0
0	を	助詞,格助詞,一般,*	0
0	描き	動詞,自立,*,*	0
0	たかっ	助動詞,*,*,*	0
0	た	助動詞,*,*,*	0
0	と	助詞,格助詞,引用,*	0
0	いわ	動詞,自立,*,*	0
0	れる	動詞,接尾,*,*	0
0	。	記号,句点,*,*	0
1	1890	名詞,数,*,*	1
0	年	名詞,接尾,助数詞,*	0
0	、	記号,読点,*,*	0
0	ドイル	名詞,固有名詞,人名,姓	0
0	は	助詞,係助詞,*,*	0
0	ウィーン	名詞,固有名詞,地域,一般	0
0	で	助詞,格助詞,一般,*	0
0	眼球	名詞,一般,*,*	0
0	の	助詞,連体化,*,*	0
0	研究	名詞,サ変接続,*,*	0
0	を	助詞,格助詞,一般,*	0
0	し	動詞,自立,*,*	0
0	、	記号,読点,*,*	0
1	翌	接頭詞,数接続,*,*	0
1	1891	名詞,数,*,*	1
0	年	名詞,接尾,助数詞,*	0
0	に	助詞,格助詞,一般,*	0
0	ロンドン	名詞,固有名詞,地域,一般	0
0	へ	助詞,格助詞,一般,*	0
0	移り	動詞,自立,*,*	0
0	、	記号,読点,*,*	0
1	眼科	名詞,一般,*,*	0
0	専門医	名詞,一般,*,*	0
0	として	助詞,格助詞,連語,*	0
1	診療	名詞,サ変接続,*,*	0
0	所	名詞,接尾,一般,*	0
0	を	助詞,格助詞,一般,*	0
0	開い	動詞,自立,*,*	0
0	た	助動詞,*,*,*	0
0	が	助詞,接続助詞,*,*	0
0	、	記号,読点,*,*	0
0	患者	名詞,一般,*,*	0
0	が	助詞,格助詞,一般,*	0
0	訪れ	動詞,自立,*,*	0
0	ない	助動詞,*,*,*	0
0	暇	名詞,一般,*,*	0
0	を	助詞,格助詞,一般,*	0
1	執筆	名詞,サ変接続,*,*	0
0	時間	名詞,副詞可能,*,*	0
0	に	助詞,格助詞,一般,*	0
0	充て	動詞,自立,*,*	0
0	た	助動詞,*,*,*	0
0	。	記号,句点,*,*	0
0	ドイル	名詞,固有名詞,人名,姓	0
0	は	助詞,係助詞,*,*	0
0	医者	名詞,一般,*,*	0
0	を	助詞,格助詞,一般,*	0
0	止め	動詞,自立,*,*	0
0	て	助詞,接続助詞,*,*	0
0	作家	名詞,一般,*,*	0
0	として	助詞,格助詞,連語,*	0
0	暮らし	名詞,一般,*,*	0
0	を	助詞,格助詞,一般,*	0
0	立て	動詞,自立,*,*	0
0	て	助詞,接続助詞,*,*	0
0	いく	動詞,非自立,*,*	0
0	こと	名詞,非自立,一般,*	0
0	を	助詞,格助詞,一般,*	0
0	決心	名詞,サ変接続,*,*	0
0	し	動詞,自立,*,*	0
0	た	助動詞,*,*,*	0
0	が	助詞,接続助詞,*,*	0
0	、	記号,読点,*,*	0
0	作者	名詞,一般,*,*	0
0	が	助詞,格助詞,一般,*	0
0	望む	動詞,自立,*,*	0
0	以上	名詞,非自立,副詞可能,*	0
0	の	助詞,連体化,*,*	0
1	ホームズ	名詞,固有名詞,人名,姓	0
0	人気	名詞,一般,*,*	0
0	の	助詞,連体化,*,*	0
0	高まり	名詞,一般,*,*	0
0	に	助詞,格助詞,一般,*	0
0	、	記号,読点,*,*	0
1	同年	名詞,副詞可能,*,*	0
1	11	名詞,数,*,*	1
0	月	名詞,一般,*,*	0
0	の	助詞,連体化,*,*	0
0	母親	名詞,一般,*,*	0
0	へ	助詞,格助詞,一般,*	0
0	の	助詞,連体化,*,*	0
0	手紙	名詞,一般,*,*	0
0	で	助詞,格助詞,一般,*	0
0	「	記号,括弧開,*,*	0
0	僕	名詞,代名詞,一般,*	0
0	は	助詞,係助詞,*,*	0
0	ホームズ	名詞,固有名詞,人名,姓	0
0	の	助詞,連体化,*,*	0
0	殺害	名詞,サ変接続,*,*	0
0	を	助詞,格助詞,一般,*	0
0	考え	動詞,自立,*,*	0
0	て	助詞,接続助詞,*,*	0
0	いる	動詞,非自立,*,*	0
0	......	名詞,サ変接続,*,*	1
0	そして	接続詞,*,*,*	0
0	彼	名詞,代名詞,一般,*	0
0	を	助詞,格助詞,一般,*	0
0	永久	名詞,形容動詞語幹,*,*	0
0	に	助詞,副詞化,*,*	0
0	消し	動詞,自立,*,*	0
0	て	助詞,接続助詞,*,*	0
0	しまい	動詞,非自立,*,*	0
0	たい	助動詞,*,*,*	0
0	。	記号,句点,*,*	0
0	ホームズ	名詞,固有名詞,人名,姓	0
0	は	助詞,係助詞,*,*	0
0	僕	名詞,代名詞,一般,*	0
0	の	助詞,連体化,*,*	0
0	心	名詞,一般,*,*	0
0	を	助詞,格助詞,一般,*	0
0	より	副詞,一般,*,*	0
0	よい	形容詞,自立,*,*	0
0	もの	名詞,非自立,一般,*	0
0	から	助詞,格助詞,一般,*	0
0	取り払っ	動詞,自立,*,*	0
0	て	助詞,接続助詞,*,*	0
0	しまっ	動詞,非自立,*,*	0
0	た	助動詞,*,*,*	0
0	」	記号,括弧閉,*,*	0
0	と	助詞,格助詞,引用,*	0
0	書い	動詞,自立,*,*	0
0	た	助動詞,*,*,*	0
0	。	記号,句点,*,*	0
1	1893	名詞,数,*,*	1
0	年	名詞,接尾,助数詞,*	0
0	に	助詞,格助詞,一般,*	0
0	「	記号,括弧開,*,*	0
1	悪	名詞,一般,*,*	0
1	の	助詞,連体化,*,*	0
1	組織	名詞,サ変接続,*,*	0
1	の	助詞,連体化,*,*	0
0	首魁	名詞,一般,*,*	0
0	」	記号,括弧閉,*,*	0
0	として	助詞,格助詞,連語,*	0
0	登場	名詞,サ変接続,*,*	0
0	さ	動詞,自立,*,*	0
0	せ	動詞,接尾,*,*	0
0	た	助動詞,*,*,*	0
1	モリアーティ	名詞,一般,*,*	1
0	教授	名詞,一般,*,*	0
0	と共に	助詞,格助詞,連語,*	0
0	『	記号,括弧開,*,*	0
1	最後	名詞,一般,*,*	0
1	の	助詞,連体化,*,*	0
0	事件	名詞,一般,*,*	0
0	』	記号,括弧閉,*,*	0
0	で	助詞,格助詞,一般,*	0
0	スイス	名詞,固有名詞,地域,国	0
0	の	助詞,連体化,*,*	0
0	ライヘンバッハ	名詞,一般,*,*	1
0	の	助詞,連体化,*,*	0
0	滝壷	名詞,一般,*,*	0
0	へ	助詞,格助詞,一般,*	0
0	と	助詞,格助詞,引用,*	0
0	ホームズ	名詞,固有名詞,人名,姓	0
0	を	助詞,格助詞,一般,*	0
0	突き落とし	動詞,自立,*,*	0
0	て	助詞,接続助詞,*,*	0
0	しまっ	動詞,非自立,*,*	0
0	た	助動詞,*,*,*	0
0	。	記号,句点,*,*	0
0	しかし	接続詞,*,*,*	0
0	読者	名詞,一般,*,*	0
0	は	助詞,係助詞,*,*	0
0	ホームズ	名詞,固有名詞,人名,姓	0
0	の	助詞,連体化,*,*	0
0	復活	名詞,サ変接続,*,*	0
0	を	助詞,格助詞,一般,*	0
0	声高	名詞,形容動詞語幹,*,*	0
0	に	助詞,副詞化,*,*	0
0	要求	名詞,サ変接続,*,*	0
0	し	動詞,自立,*,*	0
0	た	助動詞,*,*,*	0
0	。	記号,句点,*,*	0
0	「	記号,括弧開,*,*	0
0	ホームズ	名詞,固有名詞,人名,姓	0
0	の	助詞,連体化,*,*	0
0	死	名詞,一般,*,*	0
0	」	記号,括弧閉,*,*	0
0	を	助詞,格助詞,一般,*	0
0	悼ん	動詞,自立,*,*	0
0	で	助詞,接続助詞,*,*	0
0	これ	名詞,代名詞,一般,*	0
0	見よ	動詞,自立,*,*	0
0	が	助詞,格助詞,一般,*	0
0	し	動詞,自立,*,*	0
0	に	助詞,格助詞,一般,*	0
0	喪章	名詞,一般,*,*	0
0	を	助詞,格助詞,一般,*	0
0	着け	動詞,自立,*,*	0
0	て	助詞,接続助詞,*,*	0
0	外出	名詞,サ変接続,*,*	0
0	する	動詞,自立,*,*	0
1	熱狂	名詞,サ変接続,*,*	0
1	的	名詞,接尾,形容動詞語幹,*	0
0	読者	名詞,一般,*,*	0
0	も	助詞,係助詞,*,*	0
0	い	動詞,自立,*,*	0
0	た	助動詞,*,*,*	0
0	と	助詞,格助詞,引用,*	0
0	いう	動詞,自立,*,*	0
0	。	記号,句点,*,*	0
0	これ	名詞,代名詞,一般,*	0
0	に	助詞,格助詞,一般,*	0
0	押さ	動詞,自立,*,*	0
0	れ	動詞,接尾,*,*	0
0	た	助動詞,*,*,*	0
0	作者	名詞,一般,*,*	0
0	ドイル	名詞,固有名詞,人名,姓	0
0	は	助詞,係助詞,*,*	0
0	ホームズ	名詞,固有名詞,人名,姓	0
0	が	助詞,格助詞,一般,*	0
0	日本	名詞,固有名詞,地域,国	0
0	の	助詞,連体化,*,*	0
0	「	記号,括弧開,*,*	0
0	バリツ	名詞,固有名詞,一般,*	1
0	」	記号,括弧閉,*,*	0
0	という	助詞,格助詞,連語,*	0
0	武術	名詞,一般,*,*	0
0	を	助詞,格助詞,一般,*	0
0	用い	動詞,自立,*,*	0
0	て	助詞,接続助詞,*,*	0
0	モリアーティ	名詞,一般,*,*	1
0	を	助詞,格助詞,一般,*	0
0	滝壷	名詞,一般,*,*	0
0	へ	助詞,格助詞,一般,*	0
0	突き落とし	動詞,自立,*,*	0
0	、	記号,読点,*,*	0
0	自身	名詞,一般,*,*	0
0	は	助詞,係助詞,*,*	0
0	モリアーティ	名詞,一般,*,*	1
0	の	助詞,連体化,*,*	0
0	手先	名詞,一般,*,*	0
0	から	助詞,格助詞,一般,*	0
0	逃れる	動詞,自立,*,*	0
0	ため	名詞,非自立,副詞可能,*	0
0	に	助詞,格助詞,一般,*	0
0	身	名詞,一般,*,*	0
0	を	助詞,格助詞,一般,*	0
0	隠し	動詞,自立,*,*	0
0	、	記号,読点,*,*	0
0	辛くも	副詞,一般,*,*	0
0	助かっ	動詞,自立,*,*	0
0	た	助動詞,*,*,*	0
0	こと	名詞,非自立,一般,*	0
0	に	助詞,格助詞,一般,*	0
0	し	動詞,自立,*,*	0
0	て	助詞,接続助詞,*,*	0
0	復活	名詞,サ変接続,*,*	0
0	さ	動詞,自立,*,*	0
0	せ	動詞,接尾,*,*	0
0	た	助動詞,*,*,*	0
0	(	記号_括弧開	0
0	『	記号,括弧開,*,*	0
1	空家	名詞,一般,*,*	0
1	の	助詞,連体化,*,*	0
0	冒険	名詞,サ変接続,*,*	0
0	』	記号,括弧閉,*,*	0
1	冒頭	名詞,一般,*,*	0
0	部	名詞,接尾,一般,*	0
0	)	記号_括弧閉	0
0	。	記号,句点,*,*	0
0	モリアーティ	名詞,一般,*,*	1
0	は	助詞,係助詞,*,*	0
0	母親	名詞,一般,*,*	0
0	メアリ	名詞,固有名詞,人名,名	0
0	の	助詞,連体化,*,*	0
0	スペル	名詞,一般,*,*	0
0	を	助詞,格助詞,一般,*	0
0	もじっ	動詞,自立,*,*	0
0	た	助動詞,*,*,*	0
0	もの	名詞,非自立,一般,*	0
0	で	助動詞,*,*,*	0
0	、	記号,読点,*,*	0
0	ドイル	名詞,固有名詞,人名,姓	0
0	が	助詞,格助詞,一般,*	0
0	母親	名詞,一般,*,*	0
0	の	助詞,連体化,*,*	0
0	こと	名詞,非自立,一般,*	0
0	を	助詞,格助詞,一般,*	0
0	快く	形容詞,自立,*,*	0
0	思っ	動詞,自立,*,*	0
0	て	助詞,接続助詞,*,*	0
0	い	動詞,非自立,*,*	0
0	なかっ	助動詞,*,*,*	0
0	た	助動詞,*,*,*	0
0	こと	名詞,非自立,一般,*	0
0	の	助詞,連体化,*,*	0
0	表れ	名詞,一般,*,*	0
0	と	助詞,格助詞,引用,*	0
0	も	助詞,係助詞,*,*	0
0	言わ	動詞,自立,*,*	0
0	れ	動詞,接尾,*,*	0
0	て	助詞,接続助詞,*,*	0
0	いる	動詞,非自立,*,*	0
0	。	記号,句点,*,*	0
1	シャーロック	名詞,固有名詞,人名,名	0
1	・	記号_中黒	0
0	ホームズ	名詞,固有名詞,人名,姓	0
0	は	助詞,係助詞,*,*	0
0	結局	名詞,副詞可能,*,*	0
0	、	記号,読点,*,*	0
0	56	名詞,数,*,*	1
0	の	助詞,連体化,*,*	0
0	短編	名詞,一般,*,*	0
0	と	助詞,並立助詞,*,*	0
0	4	名詞,数,*,*	1
0	つ	助動詞,*,*,*	0
0	の	助詞,連体化,*,*	0
0	長編	名詞,一般,*,*	0
0	に	助詞,格助詞,一般,*	0
0	登場	名詞,サ変接続,*,*	0
0	し	動詞,自立,*,*	0
0	た	助動詞,*,*,*	0
0	。	記号,句点,*,*	0
1	最終	名詞,一般,*,*	0
0	作	名詞,接尾,一般,*	0
0	『	記号,括弧開,*,*	0
1	最後	名詞,一般,*,*	0
1	の	助詞,連体化,*,*	0
0	挨拶	名詞,サ変接続,*,*	0
0	』	記号,括弧閉,*,*	0
0	で	助詞,格助詞,一般,*	0
0	引退	名詞,サ変接続,*,*	0
0	し	動詞,自立,*,*	0
0	た	助動詞,*,*,*	0
0	事	名詞,非自立,一般,*	0
0	に	助詞,格助詞,一般,*	0
0	なっ	動詞,自立,*,*	0
0	て	助詞,接続助詞,*,*	0
0	いる	動詞,非自立,*,*	0
0	。	記号,句点,*,*	0
0	ドイル	名詞,固有名詞,人名,姓	0
0	を	助詞,格助詞,一般,*	0
0	最も	副詞,一般,*,*	0
0	有名	名詞,形容動詞語幹,*,*	0
0	たら	動詞,自立,*,*	0
0	しめ	動詞,接尾,*,*	0
0	た	助動詞,*,*,*	0
1	ホームズ	名詞,固有名詞,人名,姓	0
0	シリーズ	名詞,一般,*,*	0
0	で	助詞,格助詞,一般,*	0
0	は	助詞,係助詞,*,*	0
0	ある	動詞,自立,*,*	0
0	が	助詞,接続助詞,*,*	0
0	、	記号,読点,*,*	0
0	その	連体詞,*,*,*	0
0	甚大	名詞,形容動詞語幹,*,*	0
0	な	助動詞,*,*,*	0
0	人気	名詞,一般,*,*	0
0	の	助詞,連体化,*,*	0
0	ゆえ	名詞,非自立,副詞可能,*	0
0	に	助詞,格助詞,一般,*	0
0	実際	副詞,助詞類接続,*,*	0
0	の	助詞,連体化,*,*	0
0	事件	名詞,一般,*,*	0
0	が	助詞,格助詞,一般,*	0
0	ドイル	名詞,固有名詞,人名,姓	0
0	の	助詞,連体化,*,*	0
0	もと	名詞,一般,*,*	0
0	へ	助詞,格助詞,一般,*	0
0	持ち込ま	動詞,自立,*,*	0
0	れ	動詞,接尾,*,*	0
0	たり	助詞,並立助詞,*,*	0
0	、	記号,読点,*,*	0
0	時には	副詞,一般,*,*	0
1	ドイル	名詞,固有名詞,人名,姓	0
0	自身	名詞,一般,*,*	0
0	が	助詞,格助詞,一般,*	0
1	名	接頭詞,名詞接続,*,*	0
0	探偵	名詞,サ変接続,*,*	0
0	と	助詞,並立助詞,*,*	0
0	思い込ま	動詞,自立,*,*	0
0	れる	動詞,接尾,*,*	0
0	こと	名詞,非自立,一般,*	0
0	も	助詞,係助詞,*,*	0
0	あり	動詞,自立,*,*	0
0	、	記号,読点,*,*	0
0	随分	副詞,助詞類接続,*,*	0
0	閉口	名詞,サ変接続,*,*	0
0	さ	動詞,自立,*,*	0
0	せ	動詞,接尾,*,*	0
0	られ	動詞,接尾,*,*	0
0	た	助動詞,*,*,*	0
0	よう	名詞,非自立,助動詞語幹,*	0
0	で	助動詞,*,*,*	0
0	ある	助動詞,*,*,*	0
0	。	記号,句点,*,*	0
0	また	副詞,助詞類接続,*,*	0
0	ある	動詞,自立,*,*	0
0	日	名詞,非自立,副詞可能,*	0
0	、	記号,読点,*,*	0
0	ビリヤード	名詞,一般,*,*	0
0	に	助詞,格助詞,一般,*	0
0	ドイル	名詞,固有名詞,人名,姓	0
0	が	助詞,格助詞,一般,*	0
0	遊び	名詞,一般,*,*	0
0	に	助詞,格助詞,一般,*	0
0	行っ	動詞,自立,*,*	0
0	た	助動詞,*,*,*	0
0	際	名詞,非自立,副詞可能,*	0
0	、	記号,読点,*,*	0
0	謎	名詞,一般,*,*	0
0	の	助詞,連体化,*,*	0
0	客	名詞,一般,*,*	0
0	から	助詞,格助詞,一般,*	0
0	キュー	名詞,一般,*,*	0
0	を	助詞,格助詞,一般,*	0
0	贈ら	動詞,自立,*,*	0
0	れ	動詞,接尾,*,*	0
0	、	記号,読点,*,*	0
0	それ	名詞,代名詞,一般,*	0
0	を	助詞,格助詞,一般,*	0
0	使用	名詞,サ変接続,*,*	0
0	し	動詞,自立,*,*	0
0	て	助詞,接続助詞,*,*	0
0	いる	動詞,非自立,*,*	0
0	うち	名詞,非自立,副詞可能,*	0
0	に	助詞,格助詞,一般,*	0
0	キュー	名詞,一般,*,*	0
0	が	助詞,格助詞,一般,*	0
0	壊れ	動詞,自立,*,*	0
0	、	記号,読点,*,*	0
0	中空	名詞,一般,*,*	0
0	に	助詞,格助詞,一般,*	0
0	なっ	動詞,自立,*,*	0
0	て	助詞,接続助詞,*,*	0
0	い	動詞,非自立,*,*	0
0	た	助動詞,*,*,*	0
0	キュー	名詞,一般,*,*	0
0	の	助詞,連体化,*,*	0
0	中	名詞,非自立,副詞可能,*	0
0	から	助詞,格助詞,一般,*	0
0	「	記号,括弧開,*,*	0
1	アル	名詞,固有名詞,人名,名	0
1	セーヌ	名詞,固有名詞,地域,一般	0
1	・	記号_中黒	0
0	ルパン	名詞,一般,*,*	1
0	から	助詞,格助詞,一般,*	0
1	シャーロック	名詞,固有名詞,人名,名	0
1	・	記号_中黒	0
0	ホームズ	名詞,固有名詞,人名,姓	0
0	へ	助詞,格助詞,一般,*	0
0	」	記号,括弧閉,*,*	0
0	と	助詞,格助詞,引用,*	0
0	書い	動詞,自立,*,*	0
0	た	助動詞,*,*,*	0
0	紙	名詞,一般,*,*	0
0	が	助詞,格助詞,一般,*	0
0	出	動詞,自立,*,*	0
0	て	助詞,接続助詞,*,*	0
0	くる	動詞,非自立,*,*	0
0	という	助詞,格助詞,連語,*	0
0	手	名詞,一般,*,*	0
0	の	助詞,格助詞,一般,*	0
0	込ん	動詞,自立,*,*	0
0	だ	助動詞,*,*,*	0
0	イタズラ	名詞,サ変接続,*,*	0
0	が	助詞,格助詞,一般,*	0
0	あっ	動詞,自立,*,*	0
0	た	助動詞,*,*,*	0
0	と	助詞,格助詞,引用,*	0
0	いう	動詞,自立,*,*	0
0	。	記号,句点,*,*	0
0	なお	接続詞,*,*,*	0
0	、	記号,読点,*,*	0
1	ホームズ	名詞,固有名詞,人名,姓	0
0	シリーズ	名詞,一般,*,*	0
0	に	助詞,格助詞,一般,*	0
0	は	助詞,係助詞,*,*	0
0	多く	名詞,副詞可能,*,*	0
0	の	助詞,連体化,*,*	0
0	矛盾	名詞,サ変接続,*,*	0
0	が	助詞,格助詞,一般,*	0
0	存在	名詞,サ変接続,*,*	0
0	する	動詞,自立,*,*	0
0	こと	名詞,非自立,一般,*	0
0	も	助詞,係助詞,*,*	0
0	知ら	動詞,自立,*,*	0
0	れ	動詞,接尾,*,*	0
0	、	記号,読点,*,*	0
1	大	接頭詞,名詞接続,*,*	0
0	部分	名詞,一般,*,*	0
0	は	助詞,係助詞,*,*	0
1	スト	名詞,一般,*,*	0
1	ランド	名詞,一般,*,*	0
1	・	記号_中黒	0
1	マガジン	名詞,一般,*,*	0
0	誌上	名詞,一般,*,*	0
0	で	助詞,格助詞,一般,*	0
0	発表	名詞,サ変接続,*,*	0
0	さ	動詞,自立,*,*	0
0	れ	動詞,接尾,*,*	0
0	て	助詞,接続助詞,*,*	0
0	いる	動詞,非自立,*,*	0
0	が	助詞,接続助詞,*,*	0
0	、	記号,読点,*,*	0
0	ドイル	名詞,固有名詞,人名,姓	0
0	は	助詞,係助詞,*,*	0
0	それら	名詞,代名詞,一般,*	0
0	に	助詞,格助詞,一般,*	0
0	気付い	動詞,自立,*,*	0
0	て	助詞,接続助詞,*,*	0
0	い	動詞,非自立,*,*	0
0	ながら	助詞,接続助詞,*,*	0
0	も	助詞,係助詞,*,*	0
0	敢えて	副詞,一般,*,*	0
0	書き直し	名詞,一般,*,*	0
0	を	助詞,格助詞,一般,*	0
0	する	動詞,自立,*,*	0
0	こと	名詞,非自立,一般,*	0
0	は	助詞,係助詞,*,*	0
0	せ	動詞,自立,*,*	0
0	ず	助動詞,*,*,*	0
0	に	助詞,格助詞,一般,*	0
0	、	記号,読点,*,*	0
0	読者	名詞,一般,*,*	0
0	に	助詞,格助詞,一般,*	0
0	その	連体詞,*,*,*	0
0	穴	名詞,一般,*,*	0
0	を	助詞,格助詞,一般,*	0
0	探さ	動詞,自立,*,*	0
0	せ	動詞,接尾,*,*	0
0	たり	助詞,並立助詞,*,*	0
0	する	動詞,自立,*,*	0
0	という	助詞,格助詞,連語,*	0
0	方針	名詞,一般,*,*	0
0	を	助詞,格助詞,一般,*	0
0	採っ	動詞,自立,*,*	0
0	て	助詞,接続助詞,*,*	0
0	い	動詞,非自立,*,*	0
0	た	助動詞,*,*,*	0
0	。	記号,句点,*,*	0
1	19	名詞,数,*,*	1
0	世紀	名詞,一般,*,*	0
0	と	助詞,並立助詞,*,*	0
1	20	名詞,数,*,*	1
0	世紀	名詞,一般,*,*	0
0	の	助詞,連体化,*,*	0
1	世紀	名詞,一般,*,*	0
1	転換	名詞,サ変接続,*,*	0
0	点	名詞,接尾,一般,*	0
0	の	助詞,連体化,*,*	0
0	時期	名詞,副詞可能,*,*	0
0	に	助詞,格助詞,一般,*	0
0	南アフリカ	名詞,固有名詞,地域,国	0
0	で	助詞,格助詞,一般,*	0
0	起こり	動詞,自立,*,*	0
0	、	記号,読点,*,*	0
0	世界中	名詞,一般,*,*	0
0	から	助詞,格助詞,一般,*	0
0	イギリス	名詞,固有名詞,地域,国	0
0	による	助詞,格助詞,連語,*	0
0	露骨	名詞,形容動詞語幹,*,*	0
0	な	助動詞,*,*,*	0
1	帝国	名詞,一般,*,*	0
1	主義	名詞,一般,*,*	0
1	的	名詞,接尾,形容動詞語幹,*	0
0	行動	名詞,サ変接続,*,*	0
0	に	助詞,格助詞,一般,*	0
0	非難	名詞,サ変接続,*,*	0
0	が	助詞,格助詞,一般,*	0
0	集中	名詞,サ変接続,*,*	0
0	し	動詞,自立,*,*	0
0	た	助動詞,*,*,*	0
1	ボーア	名詞,一般,*,*	1
0	戦争	名詞,サ変接続,*,*	0
0	に	助詞,格助詞,一般,*	0
0	従軍	名詞,サ変接続,*,*	0
0	し	動詞,自立,*,*	0
0	、	記号,読点,*,*	0
0	『	記号,括弧開,*,*	0
0	南ア	名詞,固有名詞,地域,国	0
0	で	助詞,格助詞,一般,*	0
0	の	助詞,連体化,*,*	0
0	戦争	名詞,サ変接続,*,*	0
0	:	名詞,サ変接続,*,*	1
0	原因	名詞,一般,*,*	0
0	と	助詞,格助詞,一般,*	0
0	行為	名詞,サ変接続,*,*	0
0	』	記号,括弧閉,*,*	0
0	と	助詞,格助詞,引用,*	0
0	題さ	動詞,自立,*,*	0
0	れ	動詞,接尾,*,*	0
0	た	助動詞,*,*,*	0
1	小	接頭詞,名詞接続,*,*	0
0	冊子	名詞,一般,*,*	0
0	を	助詞,格助詞,一般,*	0
0	執筆	名詞,サ変接続,*,*	0
0	し	動詞,自立,*,*	0
0	た	助動詞,*,*,*	0
0	。	記号,句点,*,*	0
0	この	連体詞,*,*,*	0
0	冊子	名詞,一般,*,*	0
0	は	助詞,係助詞,*,*	0
0	他国	名詞,一般,*,*	0
0	で	助詞,格助詞,一般,*	0
0	も	助詞,係助詞,*,*	0
0	広く	形容詞,自立,*,*	0
1	翻訳	名詞,サ変接続,*,*	0
0	出版	名詞,サ変接続,*,*	0
0	さ	動詞,自立,*,*	0
0	れる	動詞,接尾,*,*	0
0	こと	名詞,非自立,一般,*	0
0	と	助詞,格助詞,一般,*	0
0	なっ	動詞,自立,*,*	0
0	た	助動詞,*,*,*	0
0	。	記号,句点,*,*	0
0	この	連体詞,*,*,*	0
0	冊子	名詞,一般,*,*	0
0	の	助詞,連体化,*,*	0
0	功績	名詞,一般,*,*	0
0	により	助詞,格助詞,連語,*	0
0	、	記号,読点,*,*	0
1	1902	名詞,数,*,*	1
0	年	名詞,接尾,助数詞,*	0
0	に	助詞,格助詞,一般,*	0
1	イングランド	名詞,固有名詞,地域,一般	0
0	南部	名詞,一般,*,*	0
0	の	助詞,連体化,*,*	0
1	サリー	名詞,一般,*,*	0
1	副	接頭詞,名詞接続,*,*	0
0	知事	名詞,一般,*,*	0
0	に	助詞,格助詞,一般,*	0
0	任命	名詞,サ変接続,*,*	0
0	さ	動詞,自立,*,*	0
0	れ	動詞,接尾,*,*	0
0	、	記号,読点,*,*	0
0	また	接続詞,*,*,*	0
0	同年	名詞,副詞可能,*,*	0
1	Knight	名詞,固有名詞,組織,*	1
1	 	記号,空白,*,*	1
0	Bachelor	名詞,一般,*,*	1
0	に	助詞,格助詞,一般,*	0
0	叙せ	動詞,自立,*,*	0
0	られ	動詞,接尾,*,*	0
0	た	助動詞,*,*,*	0
0	。	記号,句点,*,*	0
0	したがって	接続詞,*,*,*	0
0	「	記号,括弧開,*,*	0
0	サー	名詞,固有名詞,人名,一般	0
0	」	記号,括弧閉,*,*	0
0	の	助詞,連体化,*,*	0
0	称号	名詞,一般,*,*	0
0	は	助詞,係助詞,*,*	0
1	ホームズ	名詞,固有名詞,人名,姓	0
0	シリーズ	名詞,一般,*,*	0
0	の	助詞,連体化,*,*	0
0	功績	名詞,一般,*,*	0
0	と	助詞,格助詞,一般,*	0
0	は	助詞,係助詞,*,*	0
0	無関係	名詞,形容動詞語幹,*,*	0
0	で	助動詞,*,*,*	0
0	ある	助動詞,*,*,*	0
0	。	記号,句点,*,*	0
1	20	名詞,数,*,*	1
1	世紀	名詞,一般,*,*	0
0	初頭	名詞,副詞可能,*,*	0
0	に	助詞,格助詞,一般,*	0
0	、	記号,読点,*,*	0
0	彼	名詞,代名詞,一般,*	0
0	は	助詞,係助詞,*,*	0
0	エディンバラ	名詞,固有名詞,地域,一般	0
0	と	助詞,並立助詞,*,*	0
1	ボーダー	名詞,一般,*,*	0
1	・	記号_中黒	0
0	バラズ	名詞,一般,*,*	1
0	の	助詞,連体化,*,*	0
0	議員	名詞,一般,*,*	0
0	に	助詞,格助詞,一般,*	0
0	それぞれ	名詞,副詞可能,*,*	0
0	立候補	名詞,サ変接続,*,*	0
0	し	動詞,自立,*,*	0
0	た	助動詞,*,*,*	0
0	。	記号,句点,*,*	0
0	かなり	名詞,一般,*,*	0
0	の	助詞,連体化,*,*	0
0	票	名詞,一般,*,*	0
0	を	助詞,格助詞,一般,*	0
0	得	動詞,自立,*,*	0
0	た	助動詞,*,*,*	0
0	が	助詞,接続助詞,*,*	0
0	、	記号,読点,*,*	0
0	いずれ	名詞,代名詞,一般,*	0
0	も	助詞,係助詞,*,*	0
0	落選	名詞,サ変接続,*,*	0
0	し	動詞,自立,*,*	0
0	た	助動詞,*,*,*	0
0	。	記号,句点,*,*	0
1	1903	名詞,数,*,*	1
0	年	名詞,接尾,助数詞,*	0
0	、	記号,読点,*,*	0
0	『	記号,括弧開,*,*	0
1	勇将	名詞,一般,*,*	0
1	ジェラール	名詞,一般,*,*	1
1	の	助詞,連体化,*,*	0
0	冒険	名詞,サ変接続,*,*	0
0	』	記号,括弧閉,*,*	0
0	(	記号_括弧開	0
1	Adventures	名詞,固有名詞,組織,*	1
1	 	記号,空白,*,*	1
1	of	名詞,固有名詞,組織,*	1
1	 	記号,空白,*,*	1
0	Gerard	名詞,固有名詞,組織,*	1
0	)	記号_括弧閉	0
0	を	助詞,格助詞,一般,*	0
0	執筆	名詞,サ変接続,*,*	0
0	。	記号,句点,*,*	0
1	1912	名詞,数,*,*	1
0	年	名詞,接尾,助数詞,*	0
0	、	記号,読点,*,*	0
0	『	記号,括弧開,*,*	0
1	失わ	動詞,自立,*,*	0
1	れ	動詞,接尾,*,*	0
1	た	助動詞,*,*,*	0
0	世界	名詞,一般,*,*	0
0	』	記号,括弧閉,*,*	0
0	(	記号_括弧開	0
1	The	名詞,固有名詞,組織,*	1
1	 	記号,空白,*,*	1
1	Lost	名詞,固有名詞,組織,*	1
1	 	記号,空白,*,*	1
0	World	名詞,固有名詞,組織,*	1
0	)	記号_括弧閉	0
0	という	助詞,格助詞,連語,*	0
1	チャレンジャー	名詞,一般,*,*	0
0	教授	名詞,一般,*,*	0
0	、	記号,読点,*,*	0
1	ロクストン	名詞,一般,*,*	1
0	卿	名詞,一般,*,*	0
0	、	記号,読点,*,*	0
1	マローン	名詞,一般,*,*	1
0	記者	名詞,一般,*,*	0
0	ら	名詞,接尾,一般,*	0
0	が	助詞,格助詞,一般,*	0
1	猿	名詞,一般,*,*	0
0	人	名詞,接尾,一般,*	0
0	、	記号,読点,*,*	0
0	恐竜	名詞,一般,*,*	0
0	と	助詞,格助詞,一般,*	0
0	遭遇	名詞,サ変接続,*,*	0
0	する	動詞,自立,*,*	0
0	小説	名詞,一般,*,*	0
0	を	助詞,格助詞,一般,*	0
0	執筆	名詞,サ変接続,*,*	0
0	。	記号,句点,*,*	0
0	後	名詞,接尾,副詞可能,*	0
0	に	助詞,格助詞,一般,*	0
1	同	接頭詞,名詞接続,*,*	0
1	一	名詞,数,*,*	0
1	登場	名詞,サ変接続,*,*	0
1	人物	名詞,一般,*,*	0
0	シリーズ	名詞,一般,*,*	0
0	で	助詞,格助詞,一般,*	0
0	『	記号,括弧開,*,*	0
1	毒ガス	名詞,一般,*,*	0
0	帯	名詞,接尾,一般,*	0
0	』	記号,括弧閉,*,*	0
0	、	記号,読点,*,*	0
0	『	記号,括弧開,*,*	0
1	霧	名詞,一般,*,*	0
1	の	助詞,連体化,*,*	0
0	国	名詞,一般,*,*	0
0	』	記号,括弧閉,*,*	0
0	を	助詞,格助詞,一般,*	0
0	出版	名詞,サ変接続,*,*	0
0	。	記号,句点,*,*	0
0	晩年	名詞,副詞可能,*,*	0
0	は	助詞,係助詞,*,*	0
0	、	記号,読点,*,*	0
1	第	接頭詞,数接続,*,*	0
1	一	名詞,数,*,*	0
1	次	名詞,接尾,助数詞,*	0
1	世界	名詞,一般,*,*	0
0	大戦	名詞,一般,*,*	0
0	で	助詞,格助詞,一般,*	0
0	の	助詞,連体化,*,*	0
0	息子	名詞,一般,*,*	0
1	キング	名詞,一般,*,*	0
0	スリー	名詞,一般,*,*	0
0	の	助詞,連体化,*,*	0
0	死	名詞,一般,*,*	0
0	も	助詞,係助詞,*,*	0
0	あっ	動詞,自立,*,*	0
0	て	助詞,接続助詞,*,*	0
0	か	助詞,副助詞／並立助詞／終助詞,*,*	0
0	、	記号,読点,*,*	0
1	心霊	名詞,一般,*,*	0
0	学	名詞,接尾,一般,*	0
0	に	助詞,格助詞,一般,*	0
0	傾倒	名詞,サ変接続,*,*	0
0	し	動詞,自立,*,*	0
1	英国	名詞,固有名詞,地域,国	0
1	心霊	名詞,一般,*,*	0
1	現象	名詞,一般,*,*	0
1	研究	名詞,サ変接続,*,*	0
1	協会	名詞,一般,*,*	0
0	会員	名詞,一般,*,*	0
0	と	助詞,格助詞,一般,*	0
0	なる	動詞,自立,*,*	0
0	が	助詞,接続助詞,*,*	0
0	、	記号,読点,*,*	0
1	科学	名詞,一般,*,*	0
0	的	名詞,接尾,形容動詞語幹,*	0
0	すぎる	動詞,自立,*,*	0
0	として	助詞,格助詞,連語,*	0
0	脱退	名詞,サ変接続,*,*	0
0	。	記号,句点,*,*	0
1	交霊	名詞,一般,*,*	0
0	会	名詞,接尾,一般,*	0
0	や	助詞,並立助詞,*,*	0
1	心霊	名詞,一般,*,*	0
0	学	名詞,接尾,一般,*	0
0	の	助詞,連体化,*,*	0
0	講演	名詞,サ変接続,*,*	0
0	、	記号,読点,*,*	0
0	それ	名詞,代名詞,一般,*	0
0	に関する	助詞,格助詞,連語,*	0
0	執筆	名詞,サ変接続,*,*	0
0	など	助詞,副助詞,*,*	0
0	を	助詞,格助詞,一般,*	0
0	行ない	動詞,自立,*,*	0
0	、	記号,読点,*,*	0
0	「	記号,括弧開,*,*	0
1	心霊	名詞,一般,*,*	0
0	主義	名詞,一般,*,*	0
0	の	助詞,連体化,*,*	0
1	聖	名詞,固有名詞,人名,姓	0
0	パウロ	名詞,固有名詞,人名,名	0
0	」	記号,括弧閉,*,*	0
0	の	助詞,連体化,*,*	0
0	異名	名詞,一般,*,*	0
0	を	助詞,格助詞,一般,*	0
0	取っ	動詞,自立,*,*	0
0	た	助動詞,*,*,*	0
0	。	記号,句点,*,*	0
0	そして	接続詞,*,*,*	0
0	、	記号,読点,*,*	0
1	コティングリー	名詞,一般,*,*	1
1	妖精	名詞,一般,*,*	0
0	事件	名詞,一般,*,*	0
0	において	助詞,格助詞,連語,*	0
1	大	接頭詞,名詞接続,*,*	0
0	失態	名詞,一般,*,*	0
0	を	助詞,格助詞,一般,*	0
0	演じ	動詞,自立,*,*	0
0	て	助詞,接続助詞,*,*	0
0	しまっ	動詞,非自立,*,*	0
0	た	助動詞,*,*,*	0
0	。	記号,句点,*,*	0
1	1948	名詞,数,*,*	1
0	年	名詞,接尾,助数詞,*	0
0	、	記号,読点,*,*	0
0	短編	名詞,一般,*,*	0
0	の	助詞,連体化,*,*	0
0	遺稿	名詞,一般,*,*	0
0	が	助詞,格助詞,一般,*	0
0	発表	名詞,サ変接続,*,*	0
0	さ	動詞,自立,*,*	0
0	れ	動詞,接尾,*,*	0
0	た	助動詞,*,*,*	0
0	。	記号,句点,*,*	0
