1	色	名詞,一般,*,*	0
0	名	名詞,接尾,一般,*	0
0	(	記号_括弧開	0
1	しき	動詞,自立,*,*	0
0	めい	動詞,非自立,*,*	0
0	、	記号,読点,*,*	0
0	いろめい	動詞,自立,*,*	0
0	)	記号_括弧閉	0
0	と	助詞,格助詞,引用,*	0
0	は	助詞,係助詞,*,*	0
0	、	記号,読点,*,*	0
0	赤	名詞,一般,*,*	0
0	や	助詞,並立助詞,*,*	0
0	青	名詞,一般,*,*	0
0	など	助詞,副助詞,*,*	0
0	の	助詞,連体化,*,*	0
0	色	名詞,一般,*,*	0
0	に	助詞,格助詞,一般,*	0
0	与え	動詞,自立,*,*	0
0	られ	動詞,接尾,*,*	0
0	た	助動詞,*,*,*	0
0	名前	名詞,一般,*,*	0
0	の	助詞,連体化,*,*	0
0	こと	名詞,非自立,一般,*	0
0	で	助動詞,*,*,*	0
0	ある	助動詞,*,*,*	0
0	。	記号,句点,*,*	0
0	現代	名詞,一般,*,*	0
0	で	助詞,格助詞,一般,*	0
0	は	助詞,係助詞,*,*	0
0	色	名詞,一般,*,*	0
0	を	助詞,格助詞,一般,*	0
0	表現	名詞,サ変接続,*,*	0
0	する	動詞,自立,*,*	0
0	方法	名詞,一般,*,*	0
0	として	助詞,格助詞,連語,*	0
1	色	名詞,一般,*,*	0
0	空間	名詞,一般,*,*	0
0	という	助詞,格助詞,連語,*	0
0	概念	名詞,一般,*,*	0
0	が	助詞,格助詞,一般,*	0
0	確立	名詞,サ変接続,*,*	0
0	し	動詞,自立,*,*	0
0	て	助詞,接続助詞,*,*	0
0	おり	動詞,非自立,*,*	0
0	、	記号,読点,*,*	0
0	色相	名詞,一般,*,*	0
0	、	記号,読点,*,*	0
1	彩	名詞,一般,*,*	0
0	度	名詞,接尾,一般,*	0
0	、	記号,読点,*,*	0
0	明度	名詞,一般,*,*	0
0	など	助詞,副助詞,*,*	0
0	の	助詞,連体化,*,*	0
0	パラメーター	名詞,一般,*,*	0
0	で	助詞,格助詞,一般,*	0
0	厳密	名詞,形容動詞語幹,*,*	0
0	に	助詞,副詞化,*,*	0
0	伝達	名詞,サ変接続,*,*	0
0	する	動詞,自立,*,*	0
0	こと	名詞,非自立,一般,*	0
0	が	助詞,格助詞,一般,*	0
0	可能	名詞,形容動詞語幹,*,*	0
0	で	助動詞,*,*,*	0
0	ある	助動詞,*,*,*	0
0	(	記号_括弧開	0
1	表	名詞,一般,*,*	0
1	色	名詞,接尾,一般,*	0
0	系	名詞,接尾,一般,*	0
0	など	助詞,副助詞,*,*	0
0	を	助詞,格助詞,一般,*	0
0	参照	名詞,サ変接続,*,*	0
0	の	助詞,連体化,*,*	0
0	こと	名詞,非自立,一般,*	0
0	)	記号_括弧閉	0
0	。	記号,句点,*,*	0
0	しかし	接続詞,*,*,*	0
0	、	記号,読点,*,*	0
0	この	連体詞,*,*,*	0
0	よう	名詞,非自立,助動詞語幹,*	0
0	な	助動詞,*,*,*	0
0	手法	名詞,一般,*,*	0
0	による	助詞,格助詞,連語,*	0
0	色	名詞,一般,*,*	0
0	の	助詞,連体化,*,*	0
0	伝達	名詞,サ変接続,*,*	0
0	に	助詞,格助詞,一般,*	0
0	は	助詞,係助詞,*,*	0
0	色	名詞,一般,*,*	0
0	に関する	助詞,格助詞,連語,*	0
0	知識	名詞,一般,*,*	0
0	が	助詞,格助詞,一般,*	0
0	必要	名詞,形容動詞語幹,*,*	0
0	と	助詞,格助詞,一般,*	0
0	なり	動詞,自立,*,*	0
0	、	記号,読点,*,*	0
1	専門	名詞,一般,*,*	0
1	分野	名詞,一般,*,*	0
0	以外	名詞,非自立,副詞可能,*	0
0	の	助詞,連体化,*,*	0
0	場面	名詞,一般,*,*	0
0	、	記号,読点,*,*	0
0	とくに	副詞,一般,*,*	0
1	色彩	名詞,一般,*,*	0
1	に関する	助詞,格助詞,連語,*	0
0	知識	名詞,一般,*,*	0
0	の	助詞,格助詞,一般,*	0
0	無い	形容詞,自立,*,*	0
0	者	名詞,非自立,一般,*	0
0	が	助詞,格助詞,一般,*	0
1	日常	名詞,一般,*,*	0
0	生活	名詞,サ変接続,*,*	0
0	の	助詞,連体化,*,*	0
0	中	名詞,非自立,副詞可能,*	0
0	で	助詞,格助詞,一般,*	0
0	色	名詞,一般,*,*	0
0	を	助詞,格助詞,一般,*	0
0	表現	名詞,サ変接続,*,*	0
0	する	動詞,自立,*,*	0
0	際	名詞,非自立,副詞可能,*	0
0	に	助詞,格助詞,一般,*	0
0	十分	名詞,形容動詞語幹,*,*	0
0	に	助詞,副詞化,*,*	0
0	活用	名詞,サ変接続,*,*	0
0	できる	動詞,自立,*,*	0
0	と	助詞,格助詞,引用,*	0
0	は	助詞,係助詞,*,*	0
0	必ずしも	副詞,一般,*,*	0
0	言え	動詞,自立,*,*	0
0	ない	助動詞,*,*,*	0
0	。	記号,句点,*,*	0
0	その	連体詞,*,*,*	0
0	ため	名詞,非自立,副詞可能,*	0
0	、	記号,読点,*,*	0
1	伝統	名詞,一般,*,*	0
0	的	名詞,接尾,形容動詞語幹,*	0
0	・	記号_中黒	0
1	慣用	名詞,サ変接続,*,*	0
0	的	名詞,接尾,形容動詞語幹,*	0
0	に	助詞,副詞化,*,*	0
0	用い	動詞,自立,*,*	0
0	られ	動詞,接尾,*,*	0
0	て	助詞,接続助詞,*,*	0
0	き	動詞,非自立,*,*	0
0	た	助動詞,*,*,*	0
1	色	名詞,一般,*,*	0
0	名	名詞,接尾,一般,*	0
0	が	助詞,格助詞,一般,*	0
0	現代	名詞,一般,*,*	0
0	で	助詞,格助詞,一般,*	0
0	も	助詞,係助詞,*,*	0
0	多く	名詞,副詞可能,*,*	0
0	の	助詞,連体化,*,*	0
0	場面	名詞,一般,*,*	0
0	で	助詞,格助詞,一般,*	0
0	使用	名詞,サ変接続,*,*	0
0	さ	動詞,自立,*,*	0
0	れ	動詞,接尾,*,*	0
0	て	助詞,接続助詞,*,*	0
0	いる	動詞,非自立,*,*	0
0	。	記号,句点,*,*	0
0	通常	名詞,一般,*,*	0
0	、	記号,読点,*,*	0
0	ある	連体詞,*,*,*	0
0	1	名詞,数,*,*	1
0	つ	助動詞,*,*,*	0
0	の	助詞,連体化,*,*	0
1	色	名詞,一般,*,*	0
0	名	名詞,接尾,一般,*	0
0	が	助詞,格助詞,一般,*	0
0	指し示す	動詞,自立,*,*	0
0	色	名詞,一般,*,*	0
0	の	助詞,連体化,*,*	0
0	イメージ	名詞,サ変接続,*,*	0
0	に	助詞,格助詞,一般,*	0
0	は	助詞,係助詞,*,*	0
0	ある程度	副詞,助詞類接続,*,*	0
0	の	助詞,連体化,*,*	0
0	幅	名詞,一般,*,*	0
0	が	助詞,格助詞,一般,*	0
0	あり	動詞,自立,*,*	0
0	、	記号,読点,*,*	0
0	その	連体詞,*,*,*	0
0	幅	名詞,一般,*,*	0
0	は	助詞,係助詞,*,*	0
1	色	名詞,一般,*,*	0
0	名	名詞,接尾,一般,*	0
0	によって	助詞,格助詞,連語,*	0
0	も	助詞,係助詞,*,*	0
0	様々	名詞,形容動詞語幹,*,*	0
0	に	助詞,格助詞,一般,*	0
0	異なる	動詞,自立,*,*	0
0	。	記号,句点,*,*	0
0	 	記号,空白,*,*	1
0	その	連体詞,*,*,*	0
0	ため	名詞,非自立,副詞可能,*	0
0	、	記号,読点,*,*	0
1	色	名詞,一般,*,*	0
0	名	名詞,接尾,一般,*	0
0	と	助詞,並立助詞,*,*	0
0	色	名詞,一般,*,*	0
0	(	記号_括弧開	0
0	すなわち	接続詞,*,*,*	0
0	色相	名詞,一般,*,*	0
0	・	記号_中黒	0
1	彩	名詞,一般,*,*	0
0	度	名詞,接尾,一般,*	0
0	・	記号_中黒	0
0	明度	名詞,一般,*,*	0
0	の	助詞,連体化,*,*	0
0	組み合わせ	名詞,一般,*,*	0
0	)	記号_括弧閉	0
0	と	助詞,格助詞,引用,*	0
0	の	助詞,連体化,*,*	0
0	関係	名詞,サ変接続,*,*	0
0	は	助詞,係助詞,*,*	0
0	一対一	名詞,一般,*,*	0
0	で	助動詞,*,*,*	0
0	ある	助動詞,*,*,*	0
0	と	助詞,格助詞,引用,*	0
0	は	助詞,係助詞,*,*	0
0	限ら	動詞,自立,*,*	0
0	ず	助動詞,*,*,*	0
0	、	記号,読点,*,*	0
0	ある	連体詞,*,*,*	0
1	色	名詞,一般,*,*	0
0	名	名詞,接尾,一般,*	0
0	に	助詞,格助詞,一般,*	0
0	対応	名詞,サ変接続,*,*	0
0	する	動詞,自立,*,*	0
0	色	名詞,一般,*,*	0
0	が	助詞,格助詞,一般,*	0
0	広範囲	名詞,形容動詞語幹,*,*	0
0	にわたる	助詞,格助詞,連語,*	0
0	こと	名詞,非自立,一般,*	0
0	や	助詞,並立助詞,*,*	0
0	、	記号,読点,*,*	0
0	ある	連体詞,*,*,*	0
0	色	名詞,一般,*,*	0
0	の	助詞,連体化,*,*	0
0	領域	名詞,一般,*,*	0
0	を	助詞,格助詞,一般,*	0
0	指し示す	動詞,自立,*,*	0
1	色	名詞,一般,*,*	0
0	名	名詞,接尾,一般,*	0
0	が	助詞,格助詞,一般,*	0
0	複数	名詞,一般,*,*	0
0	ある	動詞,自立,*,*	0
0	場合	名詞,副詞可能,*,*	0
0	も	助詞,係助詞,*,*	0
0	少なく	形容詞,自立,*,*	0
0	ない	助動詞,*,*,*	0
0	。	記号,句点,*,*	0
0	例えば	接続詞,*,*,*	0
0	、	記号,読点,*,*	0
0	赤	名詞,一般,*,*	0
0	という	助詞,格助詞,連語,*	0
0	色	名詞,一般,*,*	0
0	は	助詞,係助詞,*,*	0
1	可視	名詞,一般,*,*	0
0	光線	名詞,一般,*,*	0
0	の	助詞,連体化,*,*	0
0	うち	名詞,非自立,副詞可能,*	0
1	620	名詞,数,*,*	1
1	nm	名詞,一般,*,*	1
0	付近	名詞,一般,*,*	0
0	を	助詞,格助詞,一般,*	0
0	中心	名詞,一般,*,*	0
0	として	助詞,格助詞,連語,*	0
1	約	接頭詞,数接続,*,*	0
1	600	名詞,数,*,*	1
1	~	名詞,サ変接続,*,*	1
1	780	名詞,数,*,*	1
1	nm	名詞,一般,*,*	1
0	程度	名詞,接尾,一般,*	0
0	の	助詞,連体化,*,*	0
1	波長	名詞,一般,*,*	0
0	領域	名詞,一般,*,*	0
0	に	助詞,格助詞,一般,*	0
0	相当	名詞,サ変接続,*,*	0
0	する	動詞,自立,*,*	0
0	と	助詞,格助詞,引用,*	0
0	言える	動詞,自立,*,*	0
0	が	助詞,接続助詞,*,*	0
0	、	記号,読点,*,*	0
0	この	連体詞,*,*,*	0
0	中	名詞,非自立,副詞可能,*	0
0	に	助詞,格助詞,一般,*	0
0	は	助詞,係助詞,*,*	0
0	橙	名詞,一般,*,*	0
0	や	助詞,並立助詞,*,*	0
0	紫	名詞,一般,*,*	0
0	に	助詞,格助詞,一般,*	0
0	限り	名詞,ナイ形容詞語幹,*,*	0
0	なく	助動詞,*,*,*	0
0	近い	形容詞,自立,*,*	0
0	もの	名詞,非自立,一般,*	0
0	まで	助詞,副助詞,*,*	0
0	含ま	動詞,自立,*,*	0
0	れる	動詞,接尾,*,*	0
0	。	記号,句点,*,*	0
0	朱色	名詞,一般,*,*	0
0	や	助詞,並立助詞,*,*	0
0	緋色	名詞,一般,*,*	0
0	・	記号_中黒	0
1	ワイン	名詞,一般,*,*	0
0	レッド	名詞,一般,*,*	0
0	など	助詞,副助詞,*,*	0
0	の	助詞,連体化,*,*	0
0	狭い	形容詞,自立,*,*	0
0	範囲	名詞,一般,*,*	0
0	を	助詞,格助詞,一般,*	0
0	表す	動詞,自立,*,*	0
1	色	名詞,一般,*,*	0
0	名	名詞,接尾,一般,*	0
0	も	助詞,係助詞,*,*	0
1	一般	名詞,一般,*,*	0
0	的	名詞,接尾,形容動詞語幹,*	0
0	に	助詞,格助詞,一般,*	0
0	は	助詞,係助詞,*,*	0
0	赤	名詞,一般,*,*	0
0	に	助詞,格助詞,一般,*	0
0	包含	名詞,サ変接続,*,*	0
0	さ	動詞,自立,*,*	0
0	れる	動詞,接尾,*,*	0
0	と	助詞,格助詞,引用,*	0
0	考え	動詞,自立,*,*	0
0	られ	動詞,接尾,*,*	0
0	て	助詞,接続助詞,*,*	0
0	いる	動詞,非自立,*,*	0
0	。	記号,句点,*,*	0
0	さらに	副詞,助詞類接続,*,*	0
0	、	記号,読点,*,*	0
0	赤	名詞,一般,*,*	0
0	は	助詞,係助詞,*,*	0
0	ピンク	名詞,一般,*,*	0
0	や	助詞,並立助詞,*,*	0
0	茶色	名詞,一般,*,*	0
0	など	助詞,副助詞,*,*	0
0	の	助詞,連体化,*,*	0
1	色	名詞,一般,*,*	0
0	名	名詞,接尾,一般,*	0
0	と	助詞,格助詞,一般,*	0
0	は	助詞,係助詞,*,*	0
0	明度	名詞,一般,*,*	0
0	や	助詞,並立助詞,*,*	0
1	彩	名詞,一般,*,*	0
0	度	名詞,接尾,一般,*	0
0	によって	助詞,格助詞,連語,*	0
0	区別	名詞,サ変接続,*,*	0
0	さ	動詞,自立,*,*	0
0	れる	動詞,接尾,*,*	0
0	が	助詞,接続助詞,*,*	0
0	、	記号,読点,*,*	0
0	これら	名詞,代名詞,一般,*	0
0	と	助詞,格助詞,一般,*	0
0	の	助詞,連体化,*,*	0
0	境界	名詞,一般,*,*	0
0	も	助詞,係助詞,*,*	0
0	やはり	副詞,一般,*,*	0
0	曖昧	名詞,形容動詞語幹,*,*	0
0	で	助動詞,*,*,*	0
0	あり	助動詞,*,*,*	0
0	、	記号,読点,*,*	0
0	場合	名詞,副詞可能,*,*	0
0	に	助詞,格助詞,一般,*	0
0	応じ	動詞,自立,*,*	0
0	て	助詞,接続助詞,*,*	0
0	ピンク	名詞,一般,*,*	0
0	や	助詞,並立助詞,*,*	0
0	茶色	名詞,一般,*,*	0
0	が	助詞,格助詞,一般,*	0
0	赤	名詞,一般,*,*	0
0	と	助詞,格助詞,一般,*	0
0	表現	名詞,サ変接続,*,*	0
0	さ	動詞,自立,*,*	0
0	れる	動詞,接尾,*,*	0
0	こと	名詞,非自立,一般,*	0
0	も	助詞,係助詞,*,*	0
0	しばしば	副詞,一般,*,*	0
0	ある	動詞,自立,*,*	0
0	。	記号,句点,*,*	0
0	すなわち	接続詞,*,*,*	0
0	、	記号,読点,*,*	0
0	赤	名詞,一般,*,*	0
0	という	助詞,格助詞,連語,*	0
1	色	名詞,一般,*,*	0
0	名	名詞,接尾,一般,*	0
0	に	助詞,格助詞,一般,*	0
0	対応	名詞,サ変接続,*,*	0
0	する	動詞,自立,*,*	0
0	色	名詞,一般,*,*	0
0	の	助詞,連体化,*,*	0
0	範疇	名詞,一般,*,*	0
0	は	助詞,係助詞,*,*	0
0	広範囲	名詞,一般,*,*	0
0	に	助詞,格助詞,一般,*	0
0	わたっ	動詞,自立,*,*	0
0	て	助詞,接続助詞,*,*	0
0	おり	動詞,非自立,*,*	0
0	、	記号,読点,*,*	0
0	また	接続詞,*,*,*	0
0	一方	名詞,非自立,副詞可能,*	0
0	で	助詞,格助詞,一般,*	0
0	同じ	連体詞,*,*,*	0
1	波長	名詞,一般,*,*	0
0	域	名詞,接尾,一般,*	0
0	の	助詞,連体化,*,*	0
0	色	名詞,一般,*,*	0
0	を	助詞,格助詞,一般,*	0
0	「	記号,括弧開,*,*	0
0	赤	名詞,一般,*,*	0
0	」	記号,括弧閉,*,*	0
0	「	記号,括弧開,*,*	0
0	緋色	名詞,一般,*,*	0
0	」	記号,括弧閉,*,*	0
0	「	記号,括弧開,*,*	0
0	紅	名詞,一般,*,*	0
0	」	記号,括弧閉,*,*	0
0	と	助詞,格助詞,引用,*	0
0	異なる	動詞,自立,*,*	0
1	色	名詞,一般,*,*	0
0	名	名詞,接尾,一般,*	0
0	で	助詞,格助詞,一般,*	0
0	呼称	名詞,サ変接続,*,*	0
0	する	動詞,自立,*,*	0
0	場合	名詞,副詞可能,*,*	0
0	が	助詞,格助詞,一般,*	0
0	多く	形容詞,自立,*,*	0
0	見	動詞,自立,*,*	0
0	られる	動詞,接尾,*,*	0
0	という	助詞,格助詞,連語,*	0
0	こと	名詞,非自立,一般,*	0
0	に	助詞,格助詞,一般,*	0
0	なる	動詞,自立,*,*	0
0	。	記号,句点,*,*	0
0	色	名詞,一般,*,*	0
0	名	名詞,接尾,一般,*	0
0	と	助詞,格助詞,一般,*	0
0	実際	副詞,助詞類接続,*,*	0
0	の	助詞,連体化,*,*	0
0	色	名詞,一般,*,*	0
0	の	助詞,連体化,*,*	0
0	対応	名詞,サ変接続,*,*	0
0	は	助詞,係助詞,*,*	0
1	諸	接頭詞,名詞接続,*,*	0
0	言語	名詞,一般,*,*	0
0	や	助詞,並立助詞,*,*	0
1	個人	名詞,一般,*,*	0
0	間	名詞,接尾,一般,*	0
0	において	助詞,格助詞,連語,*	0
0	も	助詞,係助詞,*,*	0
0	差	名詞,一般,*,*	0
0	が	助詞,格助詞,一般,*	0
0	あり	動詞,自立,*,*	0
0	、	記号,読点,*,*	0
0	これ	名詞,代名詞,一般,*	0
0	に	助詞,格助詞,一般,*	0
0	は	助詞,係助詞,*,*	0
1	文化	名詞,一般,*,*	0
0	圏	名詞,接尾,一般,*	0
0	や	助詞,並立助詞,*,*	0
1	生活	名詞,サ変接続,*,*	0
0	環境	名詞,一般,*,*	0
0	が	助詞,格助詞,一般,*	0
0	大きく	形容詞,自立,*,*	0
0	影響	名詞,サ変接続,*,*	0
0	し	動詞,自立,*,*	0
0	て	助詞,接続助詞,*,*	0
0	いる	動詞,非自立,*,*	0
0	と	助詞,格助詞,引用,*	0
0	考え	動詞,自立,*,*	0
0	られる	動詞,接尾,*,*	0
0	。	記号,句点,*,*	0
0	 	記号,空白,*,*	1
0	例	名詞,一般,*,*	0
0	として	助詞,格助詞,連語,*	0
0	日本語	名詞,一般,*,*	0
0	と	助詞,並立助詞,*,*	0
0	英語	名詞,一般,*,*	0
0	を	助詞,格助詞,一般,*	0
0	例	名詞,一般,*,*	0
0	に	助詞,格助詞,一般,*	0
0	とっ	動詞,自立,*,*	0
0	て	助詞,接続助詞,*,*	0
0	みる	動詞,非自立,*,*	0
0	と	助詞,接続助詞,*,*	0
0	、	記号,読点,*,*	0
0	日本語	名詞,一般,*,*	0
0	で	助詞,格助詞,一般,*	0
0	赤	名詞,一般,*,*	0
0	と	助詞,格助詞,一般,*	0
0	表現	名詞,サ変接続,*,*	0
0	さ	動詞,自立,*,*	0
0	れる	動詞,接尾,*,*	0
0	色	名詞,一般,*,*	0
0	の	助詞,連体化,*,*	0
0	領域	名詞,一般,*,*	0
0	は	助詞,係助詞,*,*	0
0	英語	名詞,一般,*,*	0
0	で	助詞,格助詞,一般,*	0
0	red	名詞,固有名詞,組織,*	1
0	と	助詞,格助詞,一般,*	0
0	表現	名詞,サ変接続,*,*	0
0	さ	動詞,自立,*,*	0
0	れる	動詞,接尾,*,*	0
0	領域	名詞,一般,*,*	0
0	と	助詞,格助詞,一般,*	0
0	極めて	副詞,一般,*,*	0
0	近い	形容詞,自立,*,*	0
0	関係	名詞,サ変接続,*,*	0
0	に	助詞,格助詞,一般,*	0
0	ある	動詞,自立,*,*	0
0	が	助詞,接続助詞,*,*	0
0	、	記号,読点,*,*	0
0	日本語	名詞,一般,*,*	0
0	の	助詞,連体化,*,*	0
0	話者	名詞,一般,*,*	0
0	が	助詞,格助詞,一般,*	0
0	赤	名詞,一般,*,*	0
0	という	助詞,格助詞,連語,*	0
1	色	名詞,一般,*,*	0
0	名	名詞,接尾,一般,*	0
0	に対して	助詞,格助詞,連語,*	0
0	思い浮かべる	動詞,自立,*,*	0
0	イメージ	名詞,サ変接続,*,*	0
0	が	助詞,格助詞,一般,*	0
0	そのまま	副詞,一般,*,*	0
0	英語	名詞,一般,*,*	0
0	の	助詞,連体化,*,*	0
0	話者	名詞,一般,*,*	0
0	が	助詞,格助詞,一般,*	0
0	red	名詞,固有名詞,組織,*	1
0	という	助詞,格助詞,連語,*	0
0	色	名詞,一般,*,*	0
0	に対して	助詞,格助詞,連語,*	0
0	思い浮かべる	動詞,自立,*,*	0
0	イメージ	名詞,サ変接続,*,*	0
0	と	助詞,並立助詞,*,*	0
0	厳密	名詞,形容動詞語幹,*,*	0
0	に	助詞,副詞化,*,*	0
0	一致	名詞,サ変接続,*,*	0
0	し	動詞,自立,*,*	0
0	て	助詞,接続助詞,*,*	0
0	いる	動詞,非自立,*,*	0
0	か	助詞,副助詞／並立助詞／終助詞,*,*	0
0	どう	副詞,助詞類接続,*,*	0
0	か	助詞,副助詞／並立助詞／終助詞,*,*	0
0	は	助詞,係助詞,*,*	0
0	定か	名詞,形容動詞語幹,*,*	0
0	で	助動詞,*,*,*	0
0	は	助詞,係助詞,*,*	0
0	ない	助動詞,*,*,*	0
0	。	記号,句点,*,*	0
0	日本語	名詞,一般,*,*	0
0	の	助詞,連体化,*,*	0
0	赤	名詞,一般,*,*	0
0	という	助詞,格助詞,連語,*	0
0	色	名詞,一般,*,*	0
0	の	助詞,連体化,*,*	0
0	概念	名詞,一般,*,*	0
0	が	助詞,格助詞,一般,*	0
0	時として	副詞,一般,*,*	0
0	英語	名詞,一般,*,*	0
0	で	助詞,格助詞,一般,*	0
0	orange	名詞,一般,*,*	1
0	や	助詞,並立助詞,*,*	0
0	pink	名詞,一般,*,*	1
0	と	助詞,格助詞,引用,*	0
0	呼ば	動詞,自立,*,*	0
0	れる	動詞,接尾,*,*	0
0	色	名詞,一般,*,*	0
0	について	助詞,格助詞,連語,*	0
0	も	助詞,係助詞,*,*	0
0	含ん	動詞,自立,*,*	0
0	で	助詞,接続助詞,*,*	0
0	いる	動詞,非自立,*,*	0
0	こと	名詞,非自立,一般,*	0
0	など	助詞,副助詞,*,*	0
0	を	助詞,格助詞,一般,*	0
0	考慮	名詞,サ変接続,*,*	0
0	する	動詞,自立,*,*	0
0	と	助詞,接続助詞,*,*	0
0	、	記号,読点,*,*	0
0	実際	副詞,助詞類接続,*,*	0
0	、	記号,読点,*,*	0
0	赤	名詞,一般,*,*	0
0	や	助詞,並立助詞,*,*	0
0	red	名詞,固有名詞,組織,*	1
0	という	助詞,格助詞,連語,*	0
0	色	名詞,一般,*,*	0
0	名	名詞,接尾,一般,*	0
0	の	助詞,連体化,*,*	0
0	概念	名詞,一般,*,*	0
0	は	助詞,係助詞,*,*	0
0	それぞれ	名詞,副詞可能,*,*	0
0	の	助詞,連体化,*,*	0
1	文化	名詞,一般,*,*	0
0	圏	名詞,接尾,一般,*	0
0	に	助詞,格助詞,一般,*	0
0	依存	名詞,サ変接続,*,*	0
0	し	動詞,自立,*,*	0
0	て	助詞,接続助詞,*,*	0
0	おり	動詞,非自立,*,*	0
0	、	記号,読点,*,*	0
1	両	接頭詞,名詞接続,*,*	0
1	言語	名詞,一般,*,*	0
0	間	名詞,接尾,一般,*	0
0	で	助詞,格助詞,一般,*	0
0	翻訳	名詞,サ変接続,*,*	0
0	さ	動詞,自立,*,*	0
0	れる	動詞,接尾,*,*	0
1	色	名詞,一般,*,*	0
1	名	名詞,接尾,一般,*	0
0	同士	名詞,一般,*,*	0
0	が	助詞,格助詞,一般,*	0
1	まったく	副詞,助詞類接続,*,*	0
1	同じ	連体詞,*,*,*	0
0	色	名詞,一般,*,*	0
0	と	助詞,格助詞,引用,*	0
0	言える	動詞,自立,*,*	0
0	か	助詞,副助詞／並立助詞／終助詞,*,*	0
0	どう	副詞,助詞類接続,*,*	0
0	か	助詞,副助詞／並立助詞／終助詞,*,*	0
0	は	助詞,係助詞,*,*	0
0	非常	名詞,形容動詞語幹,*,*	0
0	に	助詞,副詞化,*,*	0
0	微妙	名詞,形容動詞語幹,*,*	0
0	な	助動詞,*,*,*	0
0	問題	名詞,ナイ形容詞語幹,*,*	0
0	で	助動詞,*,*,*	0
0	ある	助動詞,*,*,*	0
0	。	記号,句点,*,*	0
0	虹	名詞,一般,*,*	0
0	を	助詞,格助詞,一般,*	0
0	構成	名詞,サ変接続,*,*	0
0	する	動詞,自立,*,*	0
0	色	名詞,一般,*,*	0
0	を	助詞,格助詞,一般,*	0
0	表す	動詞,自立,*,*	0
1	色	名詞,一般,*,*	0
0	名	名詞,接尾,一般,*	0
0	の	助詞,連体化,*,*	0
0	数	名詞,一般,*,*	0
0	が	助詞,格助詞,一般,*	0
0	言語	名詞,一般,*,*	0
0	や	助詞,並立助詞,*,*	0
0	民族	名詞,一般,*,*	0
0	によって	助詞,格助詞,連語,*	0
0	様々	名詞,形容動詞語幹,*,*	0
0	で	助動詞,*,*,*	0
0	ある	助動詞,*,*,*	0
0	という	助詞,格助詞,連語,*	0
0	事実	名詞,副詞可能,*,*	0
0	も	助詞,係助詞,*,*	0
0	、	記号,読点,*,*	0
1	色	名詞,一般,*,*	0
0	名	名詞,接尾,一般,*	0
0	と	助詞,格助詞,一般,*	0
0	実際	副詞,助詞類接続,*,*	0
0	の	助詞,連体化,*,*	0
0	色	名詞,一般,*,*	0
0	の	助詞,連体化,*,*	0
0	イメージ	名詞,サ変接続,*,*	0
0	が	助詞,格助詞,一般,*	0
0	厳密	名詞,形容動詞語幹,*,*	0
0	に	助詞,副詞化,*,*	0
0	対応	名詞,サ変接続,*,*	0
0	し	動詞,自立,*,*	0
0	て	助詞,接続助詞,*,*	0
0	いる	動詞,非自立,*,*	0
0	と	助詞,格助詞,引用,*	0
0	は	助詞,係助詞,*,*	0
0	言え	動詞,自立,*,*	0
0	ない	助動詞,*,*,*	0
0	こと	名詞,非自立,一般,*	0
0	を	助詞,格助詞,一般,*	0
0	示し	動詞,自立,*,*	0
0	て	助詞,接続助詞,*,*	0
0	いる	動詞,非自立,*,*	0
0	。	記号,句点,*,*	0
0	この	連体詞,*,*,*	0
0	よう	名詞,非自立,助動詞語幹,*	0
0	に	助詞,副詞化,*,*	0
0	、	記号,読点,*,*	0
1	色	名詞,一般,*,*	0
0	名	名詞,接尾,一般,*	0
0	と	助詞,格助詞,一般,*	0
0	は	助詞,係助詞,*,*	0
0	色	名詞,一般,*,*	0
0	を	助詞,格助詞,一般,*	0
0	正確	名詞,形容動詞語幹,*,*	0
0	に	助詞,副詞化,*,*	0
0	伝達	名詞,サ変接続,*,*	0
0	する	動詞,自立,*,*	0
0	記号	名詞,一般,*,*	0
0	と	助詞,格助詞,引用,*	0
0	いう	動詞,自立,*,*	0
0	より	助詞,格助詞,一般,*	0
0	は	助詞,係助詞,*,*	0
0	むしろ	名詞,一般,*,*	0
0	色	名詞,接尾,一般,*	0
0	という	助詞,格助詞,連語,*	0
1	抽象	名詞,サ変接続,*,*	0
0	概念	名詞,一般,*,*	0
0	を	助詞,格助詞,一般,*	0
0	共有	名詞,サ変接続,*,*	0
0	する	動詞,自立,*,*	0
0	ため	名詞,非自立,副詞可能,*	0
0	の	助詞,連体化,*,*	0
1	表現	名詞,サ変接続,*,*	0
0	手段	名詞,一般,*,*	0
0	に	助詞,格助詞,一般,*	0
0	過ぎ	動詞,自立,*,*	0
0	ない	助動詞,*,*,*	0
0	の	名詞,非自立,一般,*	0
0	で	助動詞,*,*,*	0
0	あっ	助動詞,*,*,*	0
0	て	助詞,接続助詞,*,*	0
0	、	記号,読点,*,*	0
0	「	記号,括弧開,*,*	0
0	赤	名詞,一般,*,*	0
0	」	記号,括弧閉,*,*	0
0	という	助詞,格助詞,連語,*	0
1	色	名詞,一般,*,*	0
0	名	名詞,接尾,一般,*	0
0	を	助詞,格助詞,一般,*	0
1	マンセル	名詞,固有名詞,人名,姓	0
0	記号	名詞,一般,*,*	0
0	で	助詞,格助詞,一般,*	0
0	定義	名詞,サ変接続,*,*	0
0	し	動詞,自立,*,*	0
0	たり	助詞,並立助詞,*,*	0
1	16	名詞,数,*,*	1
0	進数	名詞,接尾,助数詞,*	0
0	で	助詞,格助詞,一般,*	0
0	表記	名詞,サ変接続,*,*	0
0	し	動詞,自立,*,*	0
0	たり	助詞,並立助詞,*,*	0
0	する	動詞,自立,*,*	0
0	の	名詞,非自立,一般,*	0
0	は	助詞,係助詞,*,*	0
0	あくまでも	副詞,一般,*,*	0
1	便宜	名詞,一般,*,*	0
0	上	名詞,接尾,副詞可能,*	0
0	の	助詞,連体化,*,*	0
0	もの	名詞,非自立,一般,*	0
0	で	助動詞,*,*,*	0
0	あり	助動詞,*,*,*	0
0	、	記号,読点,*,*	0
0	数値	名詞,一般,*,*	0
0	そのもの	名詞,一般,*,*	0
0	に	助詞,格助詞,一般,*	0
0	意味	名詞,サ変接続,*,*	0
0	が	助詞,格助詞,一般,*	0
0	ある	動詞,自立,*,*	0
0	わけ	名詞,非自立,一般,*	0
0	で	助動詞,*,*,*	0
0	は	助詞,係助詞,*,*	0
0	ない	形容詞,自立,*,*	0
0	こと	名詞,非自立,一般,*	0
0	に	助詞,格助詞,一般,*	0
0	注意	名詞,サ変接続,*,*	0
0	し	動詞,自立,*,*	0
0	なけれ	助動詞,*,*,*	0
0	ば	助詞,接続助詞,*,*	0
0	なら	動詞,非自立,*,*	0
0	ない	助動詞,*,*,*	0
0	。	記号,句点,*,*	0
1	色	名詞,一般,*,*	0
0	名	名詞,接尾,一般,*	0
0	に	助詞,格助詞,一般,*	0
0	は	助詞,係助詞,*,*	0
0	、	記号,読点,*,*	0
0	いくつ	名詞,代名詞,一般,*	0
0	か	助詞,副助詞／並立助詞／終助詞,*,*	0
0	の	助詞,連体化,*,*	0
0	種類	名詞,一般,*,*	0
0	が	助詞,格助詞,一般,*	0
0	存在	名詞,サ変接続,*,*	0
0	する	動詞,自立,*,*	0
0	。	記号,句点,*,*	0
0	以下	名詞,非自立,副詞可能,*	0
0	で	助詞,格助詞,一般,*	0
0	それら	名詞,代名詞,一般,*	0
0	について	助詞,格助詞,連語,*	0
0	記載	名詞,サ変接続,*,*	0
0	する	動詞,自立,*,*	0
0	。	記号,句点,*,*	0
1	基本	名詞,一般,*,*	0
1	色彩	名詞,一般,*,*	0
0	語	名詞,接尾,一般,*	0
0	 	記号,空白,*,*	1
0	(	記号_括弧開	0
1	basic	名詞,固有名詞,組織,*	1
1	 	記号,空白,*,*	1
1	color	名詞,固有名詞,組織,*	1
1	 	記号,空白,*,*	1
0	terms	名詞,固有名詞,組織,*	1
0	)	記号_括弧閉	0
0	 	記号,空白,*,*	1
0	と	助詞,格助詞,引用,*	0
0	は	助詞,係助詞,*,*	0
0	、	記号,読点,*,*	0
0	連続	名詞,サ変接続,*,*	0
0	し	動詞,自立,*,*	0
0	た	助動詞,*,*,*	0
1	色	名詞,一般,*,*	0
0	空間	名詞,一般,*,*	0
0	を	助詞,格助詞,一般,*	0
1	日常	名詞,一般,*,*	0
0	生活	名詞,サ変接続,*,*	0
0	に	助詞,格助詞,一般,*	0
0	必要	名詞,形容動詞語幹,*,*	0
0	な	助動詞,*,*,*	0
1	最も	副詞,一般,*,*	0
1	基本	名詞,一般,*,*	0
0	的	名詞,接尾,形容動詞語幹,*	0
0	な	助動詞,*,*,*	0
0	単位	名詞,一般,*,*	0
0	に	助詞,格助詞,一般,*	0
0	分類	名詞,サ変接続,*,*	0
0	し	動詞,自立,*,*	0
0	た	助動詞,*,*,*	0
0	もの	名詞,非自立,一般,*	0
0	で	助動詞,*,*,*	0
0	ある	助動詞,*,*,*	0
0	。	記号,句点,*,*	0
0	すなわち	接続詞,*,*,*	0
0	、	記号,読点,*,*	0
0	ある	連体詞,*,*,*	0
0	限ら	動詞,自立,*,*	0
0	れ	動詞,接尾,*,*	0
0	た	助動詞,*,*,*	0
0	範囲	名詞,一般,*,*	0
0	の	助詞,連体化,*,*	0
0	色	名詞,一般,*,*	0
0	に	助詞,格助詞,一般,*	0
0	与え	動詞,自立,*,*	0
0	られ	動詞,接尾,*,*	0
0	た	助動詞,*,*,*	0
0	固有	名詞,一般,*,*	0
0	の	助詞,連体化,*,*	0
0	名前	名詞,一般,*,*	0
0	で	助詞,格助詞,一般,*	0
0	は	助詞,係助詞,*,*	0
0	なく	助動詞,*,*,*	0
0	、	記号,読点,*,*	0
1	色	名詞,一般,*,*	0
1	空間	名詞,一般,*,*	0
0	全体	名詞,副詞可能,*,*	0
0	を	助詞,格助詞,一般,*	0
0	いくつ	名詞,代名詞,一般,*	0
0	か	助詞,副助詞／並立助詞／終助詞,*,*	0
0	の	助詞,連体化,*,*	0
1	色	名詞,一般,*,*	0
0	名	名詞,接尾,一般,*	0
0	で	助詞,格助詞,一般,*	0
0	概念的	名詞,形容動詞語幹,*,*	0
0	に	助詞,副詞化,*,*	0
0	把握	名詞,サ変接続,*,*	0
0	する	動詞,自立,*,*	0
0	ため	名詞,非自立,副詞可能,*	0
0	の	助詞,連体化,*,*	0
0	言葉	名詞,一般,*,*	0
0	で	助動詞,*,*,*	0
0	あり	助動詞,*,*,*	0
0	、	記号,読点,*,*	0
0	多く	名詞,副詞可能,*,*	0
0	の	助詞,連体化,*,*	0
0	者	名詞,非自立,一般,*	0
0	が	助詞,格助詞,一般,*	0
1	幼少	名詞,一般,*,*	0
0	時	名詞,接尾,副詞可能,*	0
0	に	助詞,格助詞,一般,*	0
1	文化	名詞,一般,*,*	0
1	的	名詞,接尾,形容動詞語幹,*	0
0	背景	名詞,一般,*,*	0
0	に	助詞,格助詞,一般,*	0
0	応じ	動詞,自立,*,*	0
0	て	助詞,接続助詞,*,*	0
0	最初	名詞,一般,*,*	0
0	に	助詞,格助詞,一般,*	0
0	覚える	動詞,自立,*,*	0
0	色	名詞,一般,*,*	0
0	の	助詞,連体化,*,*	0
0	名前	名詞,一般,*,*	0
0	で	助動詞,*,*,*	0
0	ある	助動詞,*,*,*	0
0	。	記号,句点,*,*	0
1	1969	名詞,数,*,*	1
0	年	名詞,接尾,助数詞,*	0
0	に	助詞,格助詞,一般,*	0
0	アメリカ	名詞,固有名詞,地域,国	0
0	の	助詞,連体化,*,*	0
1	文化	名詞,一般,*,*	0
1	人類	名詞,一般,*,*	0
0	学者	名詞,一般,*,*	0
1	ブレント	名詞,一般,*,*	1
1	・	記号_中黒	0
0	バーリン	名詞,一般,*,*	1
0	と	助詞,並立助詞,*,*	0
1	言語	名詞,一般,*,*	0
0	学者	名詞,一般,*,*	0
1	ポール	名詞,固有名詞,人名,名	0
1	・	記号_中黒	0
0	ケイ	名詞,一般,*,*	0
0	によって	助詞,格助詞,連語,*	0
0	発表	名詞,サ変接続,*,*	0
0	さ	動詞,自立,*,*	0
0	れ	動詞,接尾,*,*	0
0	た	助動詞,*,*,*	0
0	報告	名詞,サ変接続,*,*	0
0	[	記号_括弧開	0
0	1	名詞,数,*,*	1
0	]	記号_括弧閉	0
0	に	助詞,格助詞,一般,*	0
0	よれ	動詞,自立,*,*	0
0	ば	助詞,接続助詞,*,*	0
0	、	記号,読点,*,*	0
0	さまざま	名詞,形容動詞語幹,*,*	0
0	な	助動詞,*,*,*	0
1	言語	名詞,一般,*,*	0
0	圏	名詞,接尾,一般,*	0
0	において	助詞,格助詞,連語,*	0
0	共通	名詞,サ変接続,*,*	0
0	する	動詞,自立,*,*	0
1	2	名詞,数,*,*	1
0	個	名詞,接尾,助数詞,*	0
0	から	助詞,格助詞,一般,*	0
1	11	名詞,数,*,*	1
0	個	名詞,接尾,助数詞,*	0
0	の	助詞,連体化,*,*	0
1	基本	名詞,一般,*,*	0
1	色彩	名詞,一般,*,*	0
0	語	名詞,接尾,一般,*	0
0	が	助詞,格助詞,一般,*	0
0	存在	名詞,サ変接続,*,*	0
0	する	動詞,自立,*,*	0
0	。	記号,句点,*,*	0
0	もっとも	接続詞,*,*,*	0
0	多く	名詞,副詞可能,*,*	0
0	の	助詞,連体化,*,*	0
0	言語	名詞,一般,*,*	0
0	において	助詞,格助詞,連語,*	0
0	共通	名詞,サ変接続,*,*	0
0	する	動詞,自立,*,*	0
0	の	名詞,非自立,一般,*	0
0	は	助詞,係助詞,*,*	0
0	白	名詞,一般,*,*	0
0	(	記号_括弧開	0
0	white	名詞,固有名詞,組織,*	1
0	)	記号_括弧閉	0
0	と	助詞,並立助詞,*,*	0
0	黒	名詞,一般,*,*	0
0	(	記号_括弧開	0
0	black	名詞,固有名詞,組織,*	1
0	)	記号_括弧閉	0
0	を	助詞,格助詞,一般,*	0
0	表す	動詞,自立,*,*	0
1	色	名詞,一般,*,*	0
0	名	名詞,接尾,一般,*	0
0	で	助動詞,*,*,*	0
0	ある	助動詞,*,*,*	0
0	。	記号,句点,*,*	0
0	さらに	副詞,助詞類接続,*,*	0
0	赤	名詞,一般,*,*	0
0	(	記号_括弧開	0
0	red	名詞,固有名詞,組織,*	1
0	)	記号_括弧閉	0
0	・	記号_中黒	0
0	青	名詞,一般,*,*	0
0	(	記号_括弧開	0
0	blue	名詞,固有名詞,組織,*	1
0	)	記号_括弧閉	0
0	・	記号_中黒	0
0	黄	名詞,一般,*,*	0
0	(	記号_括弧開	0
0	yellow	名詞,固有名詞,組織,*	1
0	)	記号_括弧閉	0
0	・	記号,一般,*,*	0
0	緑	名詞,一般,*,*	0
0	(	名詞,サ変接続,*,*	1
0	green	名詞,一般,*,*	1
0	)	名詞,サ変接続,*,*	1
0	という	助詞,格助詞,連語,*	0
0	概念	名詞,一般,*,*	0
0	も	助詞,係助詞,*,*	0
0	多く	名詞,副詞可能,*,*	0
0	の	助詞,連体化,*,*	0
0	言語	名詞,一般,*,*	0
0	に	助詞,格助詞,一般,*	0
0	共通	名詞,サ変接続,*,*	0
0	し	動詞,自立,*,*	0
0	て	助詞,接続助詞,*,*	0
0	存在	名詞,サ変接続,*,*	0
0	し	動詞,自立,*,*	0
0	て	助詞,接続助詞,*,*	0
0	いる	動詞,非自立,*,*	0
0	。	記号,句点,*,*	0
0	日本語	名詞,一般,*,*	0
0	や	助詞,並立助詞,*,*	0
0	英語	名詞,一般,*,*	0
0	で	助詞,格助詞,一般,*	0
0	は	助詞,係助詞,*,*	0
0	これら	名詞,代名詞,一般,*	0
0	の	助詞,連体化,*,*	0
1	最も	副詞,一般,*,*	0
1	基本	名詞,一般,*,*	0
0	的	名詞,接尾,形容動詞語幹,*	0
0	な	助動詞,*,*,*	0
1	色	名詞,一般,*,*	0
0	名	名詞,接尾,一般,*	0
0	は	助詞,係助詞,*,*	0
0	、	記号,読点,*,*	0
0	原料	名詞,一般,*,*	0
0	や	助詞,並立助詞,*,*	0
0	イメージ	名詞,サ変接続,*,*	0
0	の	助詞,連体化,*,*	0
0	元	名詞,一般,*,*	0
0	と	助詞,格助詞,一般,*	0
0	なる	動詞,自立,*,*	0
0	物	名詞,非自立,一般,*	0
0	の	助詞,連体化,*,*	0
0	名前	名詞,一般,*,*	0
0	で	助詞,格助詞,一般,*	0
0	は	助詞,係助詞,*,*	0
0	なく	助動詞,*,*,*	0
0	色	名詞,一般,*,*	0
0	そのもの	名詞,一般,*,*	0
0	を	助詞,格助詞,一般,*	0
0	表す	動詞,自立,*,*	0
0	言葉	名詞,一般,*,*	0
0	として	助詞,格助詞,連語,*	0
0	存在	名詞,サ変接続,*,*	0
0	し	動詞,自立,*,*	0
0	て	助詞,接続助詞,*,*	0
0	いる	動詞,非自立,*,*	0
0	。	記号,句点,*,*	0
0	ただし	接続詞,*,*,*	0
0	、	記号,読点,*,*	0
1	古典	名詞,一般,*,*	0
0	的	名詞,接尾,形容動詞語幹,*	0
0	な	助動詞,*,*,*	0
0	日本語	名詞,一般,*,*	0
0	など	助詞,副助詞,*,*	0
0	一部	名詞,副詞可能,*,*	0
0	の	助詞,連体化,*,*	0
0	言語	名詞,一般,*,*	0
0	で	助詞,格助詞,一般,*	0
0	は	助詞,係助詞,*,*	0
0	青	名詞,一般,*,*	0
0	が	助詞,格助詞,一般,*	0
0	緑	名詞,一般,*,*	0
0	を	助詞,格助詞,一般,*	0
0	内在	名詞,サ変接続,*,*	0
0	する	動詞,自立,*,*	0
0	よう	名詞,非自立,助動詞語幹,*	0
0	な	助動詞,*,*,*	0
0	場合	名詞,副詞可能,*,*	0
0	も	助詞,係助詞,*,*	0
0	ある	動詞,自立,*,*	0
0	。	記号,句点,*,*	0
0	日本語	名詞,一般,*,*	0
0	を	助詞,格助詞,一般,*	0
0	初め	名詞,副詞可能,*,*	0
0	と	助詞,格助詞,一般,*	0
0	する	動詞,自立,*,*	0
1	大	接頭詞,名詞接続,*,*	0
0	部分	名詞,一般,*,*	0
0	の	助詞,連体化,*,*	0
0	言語	名詞,一般,*,*	0
0	で	助詞,格助詞,一般,*	0
0	は	助詞,係助詞,*,*	0
0	、	記号,読点,*,*	0
0	さらに	副詞,助詞類接続,*,*	0
0	これら	名詞,代名詞,一般,*	0
1	6	名詞,数,*,*	1
0	つ	助動詞,*,*,*	0
0	の	助詞,連体化,*,*	0
1	中間	名詞,一般,*,*	0
0	的	名詞,接尾,形容動詞語幹,*	0
0	な	助動詞,*,*,*	0
0	色	名詞,一般,*,*	0
0	で	助動詞,*,*,*	0
0	ある	助動詞,*,*,*	0
0	灰色	名詞,一般,*,*	0
0	(	記号_括弧開	0
0	gray	名詞,固有名詞,組織,*	1
0	)	記号_括弧閉	0
0	・	記号_中黒	0
0	茶色	名詞,一般,*,*	0
0	(	記号_括弧開	0
0	brown	名詞,固有名詞,組織,*	1
0	)	記号_括弧閉	0
0	・	記号_中黒	0
0	ピンク	名詞,一般,*,*	0
0	(	名詞,サ変接続,*,*	1
0	pink	名詞,一般,*,*	1
0	)・	名詞,サ変接続,*,*	1
0	オレンジ	名詞,一般,*,*	0
0	(	記号_括弧開	0
0	orange	名詞,固有名詞,組織,*	1
0	)・	名詞,サ変接続,*,*	1
0	紫	名詞,一般,*,*	0
0	(	名詞,サ変接続,*,*	1
0	purple	名詞,一般,*,*	1
0	)	記号_括弧閉	0
0	を	助詞,格助詞,一般,*	0
0	加え	動詞,自立,*,*	0
0	て	助詞,接続助詞,*,*	0
1	全	接頭詞,名詞接続,*,*	0
1	11	名詞,数,*,*	1
0	個	名詞,接尾,助数詞,*	0
0	の	助詞,連体化,*,*	0
1	基本	名詞,一般,*,*	0
1	色彩	名詞,一般,*,*	0
0	語	名詞,接尾,一般,*	0
0	が	助詞,格助詞,一般,*	0
0	存在	名詞,サ変接続,*,*	0
0	する	動詞,自立,*,*	0
0	。	記号,句点,*,*	0
0	ただし	接続詞,*,*,*	0
0	、	記号,読点,*,*	0
0	ピンク	名詞,一般,*,*	0
0	や	助詞,並立助詞,*,*	0
0	オレンジ	名詞,一般,*,*	0
0	は	助詞,係助詞,*,*	0
1	日本	名詞,固有名詞,地域,国	0
0	独自	名詞,形容動詞語幹,*,*	0
0	の	助詞,連体化,*,*	0
1	色	名詞,一般,*,*	0
0	名	名詞,接尾,一般,*	0
0	で	助詞,格助詞,一般,*	0
0	は	助詞,係助詞,*,*	0
0	なく	助動詞,*,*,*	0
0	、	記号,読点,*,*	0
0	また	接続詞,*,*,*	0
0	英語	名詞,一般,*,*	0
0	の	助詞,連体化,*,*	0
0	gray	名詞,一般,*,*	1
0	・	記号_中黒	0
0	brown	名詞,固有名詞,組織,*	1
0	が	助詞,格助詞,一般,*	0
0	色	名詞,一般,*,*	0
0	そのもの	名詞,一般,*,*	0
0	を	助詞,格助詞,一般,*	0
0	表す	動詞,自立,*,*	0
0	語	名詞,一般,*,*	0
0	で	助動詞,*,*,*	0
0	ある	助動詞,*,*,*	0
0	の	名詞,非自立,一般,*	0
0	に対し	助詞,格助詞,連語,*	0
0	日本語	名詞,一般,*,*	0
0	の	助詞,連体化,*,*	0
0	灰色	名詞,一般,*,*	0
0	や	助詞,並立助詞,*,*	0
0	茶色	名詞,一般,*,*	0
0	・	記号_中黒	0
0	紫	名詞,一般,*,*	0
0	など	助詞,副助詞,*,*	0
0	は	助詞,係助詞,*,*	0
0	物	名詞,一般,*,*	0
0	や	助詞,並立助詞,*,*	0
0	原料	名詞,一般,*,*	0
0	の	助詞,連体化,*,*	0
0	名前	名詞,一般,*,*	0
0	で	助詞,格助詞,一般,*	0
0	代用	名詞,サ変接続,*,*	0
0	し	動詞,自立,*,*	0
0	て	助詞,接続助詞,*,*	0
0	いる	動詞,非自立,*,*	0
0	など	助詞,副助詞,*,*	0
0	の	助詞,連体化,*,*	0
0	違い	名詞,ナイ形容詞語幹,*,*	0
0	が	助詞,格助詞,一般,*	0
0	見	動詞,自立,*,*	0
0	られる	動詞,接尾,*,*	0
0	。	記号,句点,*,*	0
0	ちなみに	接続詞,*,*,*	0
0	、	記号,読点,*,*	0
0	英語	名詞,一般,*,*	0
0	の	助詞,連体化,*,*	0
0	pink	名詞,一般,*,*	1
0	と	助詞,並立助詞,*,*	0
0	orange	名詞,固有名詞,組織,*	1
0	について	助詞,格助詞,連語,*	0
0	も	助詞,係助詞,*,*	0
0	同様	名詞,形容動詞語幹,*,*	0
0	に	助詞,副詞化,*,*	0
0	物	名詞,一般,*,*	0
0	の	助詞,連体化,*,*	0
0	名前	名詞,一般,*,*	0
0	による	助詞,格助詞,連語,*	0
0	代用	名詞,サ変接続,*,*	0
0	が	助詞,格助詞,一般,*	0
0	見	動詞,自立,*,*	0
0	られる	動詞,接尾,*,*	0
0	。	記号,句点,*,*	0
1	基本	名詞,一般,*,*	0
1	色	名詞,接尾,一般,*	0
0	名	名詞,接尾,一般,*	0
0	と	助詞,格助詞,一般,*	0
0	は	助詞,係助詞,*,*	0
0	、	記号,読点,*,*	0
1	伝達	名詞,サ変接続,*,*	0
0	手段	名詞,一般,*,*	0
0	として	助詞,格助詞,連語,*	0
0	色	名詞,一般,*,*	0
0	を	助詞,格助詞,一般,*	0
0	言葉	名詞,一般,*,*	0
0	で	助詞,格助詞,一般,*	0
0	表示	名詞,サ変接続,*,*	0
0	する	動詞,自立,*,*	0
0	際	名詞,非自立,副詞可能,*	0
0	に	助詞,格助詞,一般,*	0
0	基本	名詞,一般,*,*	0
0	と	助詞,格助詞,一般,*	0
0	なる	動詞,自立,*,*	0
0	色	名詞,一般,*,*	0
0	の	助詞,連体化,*,*	0
0	名前	名詞,一般,*,*	0
0	で	助動詞,*,*,*	0
0	ある	助動詞,*,*,*	0
0	。	記号,句点,*,*	0
1	有	接頭詞,名詞接続,*,*	0
0	彩色	名詞,サ変接続,*,*	0
0	と	助詞,並立助詞,*,*	0
1	無	接頭詞,名詞接続,*,*	0
0	彩色	名詞,サ変接続,*,*	0
0	に	助詞,格助詞,一般,*	0
0	分類	名詞,サ変接続,*,*	0
0	さ	動詞,自立,*,*	0
0	れる	動詞,接尾,*,*	0
0	。	記号,句点,*,*	0
0	色	名詞,一般,*,*	0
0	を	助詞,格助詞,一般,*	0
0	系統的	名詞,形容動詞語幹,*,*	0
0	に	助詞,副詞化,*,*	0
0	分類	名詞,サ変接続,*,*	0
0	する	動詞,自立,*,*	0
0	際	名詞,非自立,副詞可能,*	0
0	の	助詞,連体化,*,*	0
1	最も	副詞,一般,*,*	0
1	典型	名詞,一般,*,*	0
0	的	名詞,接尾,形容動詞語幹,*	0
0	な	助動詞,*,*,*	0
0	要素	名詞,一般,*,*	0
0	として	助詞,格助詞,連語,*	0
0	扱わ	動詞,自立,*,*	0
0	れる	動詞,接尾,*,*	0
0	ため	名詞,非自立,副詞可能,*	0
0	、	記号,読点,*,*	0
0	これら	名詞,代名詞,一般,*	0
0	の	助詞,連体化,*,*	0
0	色	名詞,一般,*,*	0
0	に関して	助詞,格助詞,連語,*	0
0	の	助詞,連体化,*,*	0
0	経験	名詞,サ変接続,*,*	0
0	と	助詞,並立助詞,*,*	0
0	認知	名詞,サ変接続,*,*	0
0	は	助詞,係助詞,*,*	0
0	誰	名詞,代名詞,一般,*	0
0	にとって	助詞,格助詞,連語,*	0
0	も	助詞,係助詞,*,*	0
0	共通	名詞,サ変接続,*,*	0
0	の	助詞,連体化,*,*	0
0	もの	名詞,非自立,一般,*	0
0	で	助動詞,*,*,*	0
0	ある	助動詞,*,*,*	0
0	という	助詞,格助詞,連語,*	0
0	前提	名詞,一般,*,*	0
0	に	助詞,格助詞,一般,*	0
0	おか	動詞,自立,*,*	0
0	れる	動詞,接尾,*,*	0
0	。	記号,句点,*,*	0
0	日本	名詞,固有名詞,地域,国	0
0	の	助詞,連体化,*,*	0
1	JIS	名詞,一般,*,*	1
0	規格	名詞,一般,*,*	0
0	で	助詞,格助詞,一般,*	0
0	は	助詞,係助詞,*,*	0
0	、	記号,読点,*,*	0
1	無	接頭詞,名詞接続,*,*	0
0	彩色	名詞,サ変接続,*,*	0
0	に	助詞,格助詞,一般,*	0
0	白	名詞,一般,*,*	0
0	(	記号_括弧開	0
0	white	名詞,固有名詞,組織,*	1
0	)	記号_括弧閉	0
0	・	記号_中黒	0
0	灰色	名詞,一般,*,*	0
0	(	記号_括弧開	0
0	gray	名詞,固有名詞,組織,*	1
0	)	記号_括弧閉	0
0	・	記号_中黒	0
0	黒	名詞,一般,*,*	0
0	(	記号_括弧開	0
0	black	名詞,固有名詞,組織,*	1
0	)	名詞,サ変接続,*,*	1
0	の	助詞,連体化,*,*	0
0	3	名詞,数,*,*	1
0	種類	名詞,一般,*,*	0
0	が	助詞,格助詞,一般,*	0
0	用い	動詞,自立,*,*	0
0	られ	動詞,接尾,*,*	0
0	て	助詞,接続助詞,*,*	0
0	いる	動詞,非自立,*,*	0
0	。	記号,句点,*,*	0
1	有	接頭詞,名詞接続,*,*	0
0	彩色	名詞,サ変接続,*,*	0
0	に	助詞,格助詞,一般,*	0
0	は	助詞,係助詞,*,*	0
0	赤	名詞,一般,*,*	0
0	(	記号_括弧開	0
0	red	名詞,固有名詞,組織,*	1
0	)	記号_括弧閉	0
0	・	記号_中黒	0
0	黄	名詞,一般,*,*	0
0	(	記号_括弧開	0
0	yellow	名詞,固有名詞,組織,*	1
0	)	記号_括弧閉	0
0	・	記号_中黒	0
0	緑	名詞,一般,*,*	0
0	(	記号_括弧開	0
0	green	名詞,固有名詞,組織,*	1
0	)・	名詞,サ変接続,*,*	1
0	青	名詞,一般,*,*	0
0	(	名詞,サ変接続,*,*	1
0	blue	名詞,一般,*,*	1
0	)	記号_括弧閉	0
0	・	記号_中黒	0
0	紫	名詞,固有名詞,人名,姓	0
0	(	名詞,サ変接続,*,*	1
0	purple	名詞,一般,*,*	1
0	)	名詞,サ変接続,*,*	1
0	に	助詞,格助詞,一般,*	0
0	加え	動詞,自立,*,*	0
0	、	記号,読点,*,*	0
0	これら	名詞,代名詞,一般,*	0
0	の	助詞,連体化,*,*	0
1	中間	名詞,一般,*,*	0
0	的	名詞,接尾,形容動詞語幹,*	0
0	な	助動詞,*,*,*	0
0	色	名詞,一般,*,*	0
0	を	助詞,格助詞,一般,*	0
0	表す	動詞,自立,*,*	0
1	基本	名詞,一般,*,*	0
1	色	名詞,接尾,一般,*	0
0	名	名詞,接尾,一般,*	0
0	として	助詞,格助詞,連語,*	0
1	黄	名詞,一般,*,*	0
0	赤	名詞,一般,*,*	0
0	(	記号_括弧開	0
0	yellow	名詞,固有名詞,組織,*	1
0	 	記号,空白,*,*	1
0	red	名詞,固有名詞,組織,*	1
0	,	名詞,サ変接続,*,*	1
0	 	記号,空白,*,*	1
0	orange	名詞,固有名詞,組織,*	1
0	)	記号_括弧閉	0
0	・	記号_中黒	0
1	黄	名詞,一般,*,*	0
0	緑	名詞,一般,*,*	0
0	(	記号_括弧開	0
0	yellow	名詞,固有名詞,組織,*	1
0	 	記号,空白,*,*	1
0	green	名詞,固有名詞,組織,*	1
0	)	記号_括弧閉	0
0	・	記号_中黒	0
1	青	名詞,固有名詞,人名,姓	0
0	緑	名詞,固有名詞,人名,名	0
0	(	名詞,サ変接続,*,*	1
0	blue	名詞,固有名詞,組織,*	1
0	 	記号,空白,*,*	1
0	green	名詞,固有名詞,組織,*	1
0	)・	名詞,サ変接続,*,*	1
1	青	名詞,固有名詞,人名,姓	0
0	紫	名詞,固有名詞,人名,名	0
0	(	記号_括弧開	0
0	purple	名詞,固有名詞,組織,*	1
0	 	記号,空白,*,*	1
0	blue	名詞,固有名詞,組織,*	1
0	,	名詞,サ変接続,*,*	1
0	 	記号,空白,*,*	1
0	violet	名詞,固有名詞,組織,*	1
0	)・	名詞,サ変接続,*,*	1
1	赤	名詞,一般,*,*	0
0	紫	名詞,一般,*,*	0
0	(	名詞,サ変接続,*,*	1
0	red	名詞,固有名詞,組織,*	1
0	 	記号,空白,*,*	1
0	purple	名詞,固有名詞,組織,*	1
0	)	記号_括弧閉	0
0	の	助詞,連体化,*,*	0
1	10	名詞,数,*,*	1
0	種類	名詞,一般,*,*	0
0	が	助詞,格助詞,一般,*	0
0	採用	名詞,サ変接続,*,*	0
0	さ	動詞,自立,*,*	0
0	れ	動詞,接尾,*,*	0
0	て	助詞,接続助詞,*,*	0
0	いる	動詞,非自立,*,*	0
0	。	記号,句点,*,*	0
0	また	接続詞,*,*,*	0
0	、	記号,読点,*,*	0
1	JIS	名詞,固有名詞,組織,*	1
0	規格	名詞,一般,*,*	0
0	に	助詞,格助詞,一般,*	0
0	影響	名詞,サ変接続,*,*	0
0	を	助詞,格助詞,一般,*	0
0	与え	動詞,自立,*,*	0
0	た	助動詞,*,*,*	0
0	アメリカ	名詞,固有名詞,地域,国	0
0	の	助詞,連体化,*,*	0
1	ISCC	名詞,一般,*,*	1
1	-	記号_ハイフン	0
1	NBS	名詞,固有名詞,組織,*	1
1	色	名詞,接尾,一般,*	0
1	名	名詞,接尾,一般,*	0
0	法	名詞,接尾,一般,*	0
0	で	助詞,格助詞,一般,*	0
0	は	助詞,係助詞,*,*	0
0	、	記号,読点,*,*	0
1	最も	副詞,一般,*,*	0
1	基本	名詞,一般,*,*	0
0	的	名詞,接尾,形容動詞語幹,*	0
0	な	助動詞,*,*,*	0
1	色	名詞,一般,*,*	0
0	名	名詞,接尾,一般,*	0
0	として	助詞,格助詞,連語,*	0
0	white	名詞,固有名詞,組織,*	1
0	・	記号_中黒	0
0	gray	名詞,固有名詞,組織,*	1
0	・	記号_中黒	0
0	black	名詞,固有名詞,組織,*	1
0	・	記号,一般,*,*	0
0	red	名詞,固有名詞,組織,*	1
0	・	記号,一般,*,*	0
0	orange	名詞,固有名詞,組織,*	1
0	・	記号,一般,*,*	0
0	yellow	名詞,固有名詞,組織,*	1
0	・	記号_中黒	0
0	yellow	名詞,固有名詞,組織,*	1
0	 	記号,空白,*,*	1
0	green	名詞,固有名詞,組織,*	1
0	・	記号,一般,*,*	0
0	green	名詞,固有名詞,組織,*	1
0	・	記号,一般,*,*	0
0	blue	名詞,固有名詞,組織,*	1
0	・	記号,一般,*,*	0
0	purple	名詞,固有名詞,組織,*	1
0	・	記号,一般,*,*	0
0	pink	名詞,固有名詞,組織,*	1
0	・	記号,一般,*,*	0
0	brown	名詞,固有名詞,組織,*	1
0	・	記号_中黒	0
0	olive	名詞,固有名詞,組織,*	1
0	の	助詞,連体化,*,*	0
1	13	名詞,数,*,*	1
0	種類	名詞,一般,*,*	0
0	を	助詞,格助詞,一般,*	0
0	採用	名詞,サ変接続,*,*	0
0	し	動詞,自立,*,*	0
0	て	助詞,接続助詞,*,*	0
0	いる	動詞,非自立,*,*	0
0	。	記号,句点,*,*	0
0	これら	名詞,代名詞,一般,*	0
0	の	助詞,連体化,*,*	0
1	基本	名詞,一般,*,*	0
1	色	名詞,接尾,一般,*	0
0	名	名詞,接尾,一般,*	0
0	は	助詞,係助詞,*,*	0
0	、	記号,読点,*,*	0
0	それぞれ	名詞,副詞可能,*,*	0
0	の	助詞,連体化,*,*	0
1	文化	名詞,一般,*,*	0
0	的	名詞,接尾,形容動詞語幹,*	0
0	な	助動詞,*,*,*	0
0	背景	名詞,一般,*,*	0
0	を	助詞,格助詞,一般,*	0
0	強く	形容詞,自立,*,*	0
0	反映	名詞,サ変接続,*,*	0
0	し	動詞,自立,*,*	0
0	て	助詞,接続助詞,*,*	0
0	おり	動詞,非自立,*,*	0
0	、	記号,読点,*,*	0
1	マンセル	名詞,固有名詞,人名,姓	0
1	・	記号_中黒	0
1	カラー	名詞,一般,*,*	0
1	・	記号_中黒	0
0	システム	名詞,一般,*,*	0
0	における	助詞,格助詞,連語,*	0
0	表記	名詞,サ変接続,*,*	0
0	と	助詞,格助詞,引用,*	0
0	は	助詞,係助詞,*,*	0
0	必ずしも	副詞,一般,*,*	0
0	一致	名詞,サ変接続,*,*	0
0	し	動詞,自立,*,*	0
0	て	助詞,接続助詞,*,*	0
0	い	動詞,非自立,*,*	0
0	ない	助動詞,*,*,*	0
0	。	記号,句点,*,*	0
1	系統	名詞,一般,*,*	0
1	色	名詞,接尾,一般,*	0
0	名	名詞,接尾,一般,*	0
0	は	助詞,係助詞,*,*	0
1	JIS	名詞,固有名詞,組織,*	1
0	規格	名詞,一般,*,*	0
0	において	助詞,格助詞,連語,*	0
0	は	助詞,係助詞,*,*	0
0	「	記号,括弧開,*,*	0
1	物体	名詞,一般,*,*	0
0	色	名詞,接尾,一般,*	0
0	を	助詞,格助詞,一般,*	0
0	系統的	名詞,形容動詞語幹,*,*	0
0	に	助詞,副詞化,*,*	0
0	分類	名詞,サ変接続,*,*	0
0	し	動詞,自立,*,*	0
0	て	助詞,接続助詞,*,*	0
0	表現	名詞,サ変接続,*,*	0
0	できる	動詞,自立,*,*	0
0	よう	名詞,非自立,助動詞語幹,*	0
0	に	助詞,格助詞,一般,*	0
0	し	動詞,自立,*,*	0
0	た	助動詞,*,*,*	0
1	色	名詞,一般,*,*	0
0	名	名詞,接尾,一般,*	0
0	」	記号,括弧閉,*,*	0
0	と	助詞,格助詞,引用,*	0
0	定義	名詞,サ変接続,*,*	0
0	さ	動詞,自立,*,*	0
0	れる	動詞,接尾,*,*	0
0	が	助詞,接続助詞,*,*	0
0	、	記号,読点,*,*	0
1	具体	名詞,一般,*,*	0
0	的	名詞,接尾,形容動詞語幹,*	0
0	に	助詞,格助詞,一般,*	0
0	は	助詞,係助詞,*,*	0
1	基本	名詞,一般,*,*	0
1	色	名詞,接尾,一般,*	0
0	名	名詞,接尾,一般,*	0
0	に	助詞,格助詞,一般,*	0
1	修飾	名詞,サ変接続,*,*	0
0	語	名詞,接尾,一般,*	0
0	を	助詞,格助詞,一般,*	0
0	組み合わせ	動詞,自立,*,*	0
0	た	助動詞,*,*,*	0
0	色	名詞,一般,*,*	0
0	の	助詞,連体化,*,*	0
1	表記	名詞,サ変接続,*,*	0
0	方法	名詞,一般,*,*	0
0	の	助詞,連体化,*,*	0
0	こと	名詞,非自立,一般,*	0
0	で	助動詞,*,*,*	0
0	ある	助動詞,*,*,*	0
0	。	記号,句点,*,*	0
1	基本	名詞,一般,*,*	0
1	色	名詞,接尾,一般,*	0
0	名	名詞,接尾,一般,*	0
0	は	助詞,係助詞,*,*	0
0	色	名詞,一般,*,*	0
0	を	助詞,格助詞,一般,*	0
0	分類	名詞,サ変接続,*,*	0
0	する	動詞,自立,*,*	0
0	上	名詞,非自立,副詞可能,*	0
0	で	助詞,格助詞,一般,*	0
0	最も	副詞,一般,*,*	0
0	基本	名詞,一般,*,*	0
0	に	助詞,格助詞,一般,*	0
0	なる	動詞,自立,*,*	0
1	色	名詞,一般,*,*	0
0	名	名詞,接尾,一般,*	0
0	で	助動詞,*,*,*	0
0	ある	助動詞,*,*,*	0
0	が	助詞,接続助詞,*,*	0
0	、	記号,読点,*,*	0
0	複数	名詞,一般,*,*	0
0	の	助詞,連体化,*,*	0
1	基本	名詞,一般,*,*	0
1	色	名詞,接尾,一般,*	0
0	名	名詞,接尾,一般,*	0
0	の	助詞,連体化,*,*	0
1	境界	名詞,一般,*,*	0
0	領域	名詞,一般,*,*	0
0	に	助詞,格助詞,一般,*	0
0	存在	名詞,サ変接続,*,*	0
0	する	動詞,自立,*,*	0
0	色	名詞,一般,*,*	0
0	を	助詞,格助詞,一般,*	0
0	表す	動詞,自立,*,*	0
0	に	助詞,格助詞,一般,*	0
0	は	助詞,係助詞,*,*	0
0	不十分	名詞,形容動詞語幹,*,*	0
0	で	助動詞,*,*,*	0
0	あり	助動詞,*,*,*	0
0	、	記号,読点,*,*	0
0	これら	名詞,代名詞,一般,*	0
0	の	助詞,連体化,*,*	0
1	色	名詞,一般,*,*	0
0	名	名詞,接尾,一般,*	0
0	だけ	助詞,副助詞,*,*	0
0	で	助動詞,*,*,*	0
0	は	助詞,係助詞,*,*	0
1	色	名詞,一般,*,*	0
0	空間	名詞,一般,*,*	0
0	の	助詞,連体化,*,*	0
0	中	名詞,非自立,副詞可能,*	0
0	に	助詞,格助詞,一般,*	0
0	命名	名詞,サ変接続,*,*	0
0	する	動詞,自立,*,*	0
0	こと	名詞,非自立,一般,*	0
0	が	助詞,格助詞,一般,*	0
0	でき	動詞,自立,*,*	0
0	ない	助動詞,*,*,*	0
1	色	名詞,一般,*,*	0
0	域	名詞,接尾,一般,*	0
0	が	助詞,格助詞,一般,*	0
0	残さ	動詞,自立,*,*	0
0	れ	動詞,接尾,*,*	0
0	て	助詞,接続助詞,*,*	0
0	しまう	動詞,非自立,*,*	0
0	。	記号,句点,*,*	0
0	つまり	接続詞,*,*,*	0
1	基本	名詞,一般,*,*	0
1	色	名詞,接尾,一般,*	0
0	名	名詞,接尾,一般,*	0
0	のみ	助詞,副助詞,*,*	0
0	で	助詞,格助詞,一般,*	0
0	あらゆる	連体詞,*,*,*	0
1	物体	名詞,一般,*,*	0
0	色	名詞,接尾,一般,*	0
0	を	助詞,格助詞,一般,*	0
0	表示	名詞,サ変接続,*,*	0
0	する	動詞,自立,*,*	0
0	の	名詞,非自立,一般,*	0
0	は	助詞,係助詞,*,*	0
0	不可能	名詞,形容動詞語幹,*,*	0
0	で	助動詞,*,*,*	0
0	あり	助動詞,*,*,*	0
0	、	記号,読点,*,*	0
1	基本	名詞,一般,*,*	0
1	色	名詞,接尾,一般,*	0
0	名	名詞,接尾,一般,*	0
0	に	助詞,格助詞,一般,*	0
0	さらに	副詞,助詞類接続,*,*	0
1	修飾	名詞,サ変接続,*,*	0
0	語	名詞,接尾,一般,*	0
0	を	助詞,格助詞,一般,*	0
0	付加	名詞,サ変接続,*,*	0
0	する	動詞,自立,*,*	0
0	こと	名詞,非自立,一般,*	0
0	によって	助詞,格助詞,連語,*	0
1	命名	名詞,サ変接続,*,*	0
0	不能	名詞,形容動詞語幹,*,*	0
0	の	助詞,連体化,*,*	0
1	色	名詞,一般,*,*	0
0	域	名詞,接尾,一般,*	0
0	が	助詞,格助詞,一般,*	0
0	生まれ	動詞,自立,*,*	0
0	ない	助動詞,*,*,*	0
0	よう	名詞,非自立,助動詞語幹,*	0
0	に	助詞,副詞化,*,*	0
0	表示	名詞,サ変接続,*,*	0
0	する	動詞,自立,*,*	0
0	こと	名詞,非自立,一般,*	0
0	が	助詞,格助詞,一般,*	0
0	必要	名詞,形容動詞語幹,*,*	0
0	で	助動詞,*,*,*	0
0	ある	助動詞,*,*,*	0
0	。	記号,句点,*,*	0
0	ここ	名詞,代名詞,一般,*	0
0	で	助詞,格助詞,一般,*	0
0	述べる	動詞,自立,*,*	0
1	修飾	名詞,サ変接続,*,*	0
0	語	名詞,接尾,一般,*	0
0	と	助詞,格助詞,一般,*	0
0	は	助詞,係助詞,*,*	0
0	、	記号,読点,*,*	0
0	誰	名詞,代名詞,一般,*	0
0	も	助詞,係助詞,*,*	0
0	が	助詞,格助詞,一般,*	0
0	理解	名詞,サ変接続,*,*	0
0	できる	動詞,自立,*,*	0
0	よう	名詞,非自立,助動詞語幹,*	0
0	な	助動詞,*,*,*	0
0	明度	名詞,一般,*,*	0
0	・	記号_中黒	0
1	彩	名詞,一般,*,*	0
0	度	名詞,接尾,一般,*	0
0	・	記号_中黒	0
0	色相	名詞,一般,*,*	0
0	に関する	助詞,格助詞,連語,*	0
1	形容詞	名詞,一般,*,*	0
0	等	名詞,接尾,一般,*	0
0	を	助詞,格助詞,一般,*	0
0	指し	動詞,自立,*,*	0
0	て	助詞,接続助詞,*,*	0
0	いる	動詞,非自立,*,*	0
0	。	記号,句点,*,*	0
0	すなわち	接続詞,*,*,*	0
0	、	記号,読点,*,*	0
0	明るい	形容詞,自立,*,*	0
0	(	記号_括弧開	0
0	light	名詞,固有名詞,組織,*	1
0	)	記号_括弧閉	0
0	・	記号_中黒	0
0	暗い	形容詞,自立,*,*	0
0	(	記号_括弧開	0
0	dark	名詞,固有名詞,組織,*	1
0	)	記号_括弧閉	0
0	・	記号_中黒	0
1	鮮やか	名詞,形容動詞語幹,*,*	0
0	な	助動詞,*,*,*	0
0	(	記号_括弧開	0
0	vivid	名詞,固有名詞,組織,*	1
0	)	記号_括弧閉	0
0	・	記号_中黒	0
1	くすん	動詞,自立,*,*	0
0	だ	助動詞,*,*,*	0
0	(	名詞,サ変接続,*,*	1
0	dull	名詞,一般,*,*	1
0	)・	名詞,サ変接続,*,*	1
0	濃い	形容詞,自立,*,*	0
0	(	記号_括弧開	0
0	deep	名詞,固有名詞,組織,*	1
0	)・	名詞,サ変接続,*,*	1
0	薄い	形容詞,自立,*,*	0
0	(	名詞,サ変接続,*,*	1
0	pale	名詞,一般,*,*	1
0	)、	名詞,サ変接続,*,*	1
0	あるいは	接続詞,*,*,*	0
1	赤み	名詞,一般,*,*	0
0	の	助詞,連体化,*,*	0
0	(	記号_括弧開	0
0	reddish	名詞,固有名詞,組織,*	1
0	)	記号_括弧閉	0
0	・	記号_中黒	0
1	黄み	名詞,一般,*,*	0
0	の	助詞,連体化,*,*	0
0	(	記号_括弧開	0
0	yellowish	名詞,固有名詞,組織,*	1
0	)	記号_括弧閉	0
0	、	記号,読点,*,*	0
0	といった	助詞,格助詞,連語,*	0
0	表現	名詞,サ変接続,*,*	0
0	で	助動詞,*,*,*	0
0	ある	助動詞,*,*,*	0
0	。	記号,句点,*,*	0
0	これら	名詞,代名詞,一般,*	0
0	の	助詞,連体化,*,*	0
1	修飾	名詞,サ変接続,*,*	0
0	語	名詞,接尾,一般,*	0
0	と	助詞,並立助詞,*,*	0
1	基本	名詞,一般,*,*	0
1	色	名詞,接尾,一般,*	0
0	名	名詞,接尾,一般,*	0
0	を	助詞,格助詞,一般,*	0
0	用い	動詞,自立,*,*	0
0	て	助詞,接続助詞,*,*	0
0	、	記号,読点,*,*	0
0	鮮やか	名詞,形容動詞語幹,*,*	0
0	な	助動詞,*,*,*	0
1	黄み	名詞,一般,*,*	0
1	の	助詞,連体化,*,*	0
0	赤	名詞,一般,*,*	0
0	(	記号_括弧開	0
0	vivid	名詞,固有名詞,組織,*	1
0	 	記号,空白,*,*	1
0	yellowish	名詞,固有名詞,組織,*	1
0	 	記号,空白,*,*	1
0	red	名詞,固有名詞,組織,*	1
0	)	記号_括弧閉	0
0	といった	助詞,格助詞,連語,*	0
0	命名	名詞,サ変接続,*,*	0
0	が	助詞,格助詞,一般,*	0
0	可能	名詞,形容動詞語幹,*,*	0
0	に	助詞,格助詞,一般,*	0
0	なる	動詞,自立,*,*	0
0	。	記号,句点,*,*	0
0	この	連体詞,*,*,*	0
0	よう	名詞,非自立,助動詞語幹,*	0
0	な	助動詞,*,*,*	0
1	表示	名詞,サ変接続,*,*	0
0	方法	名詞,一般,*,*	0
0	を	助詞,格助詞,一般,*	0
0	用いる	動詞,自立,*,*	0
0	こと	名詞,非自立,一般,*	0
0	によって	助詞,格助詞,連語,*	0
0	、	記号,読点,*,*	0
1	色	名詞,一般,*,*	0
0	空間	名詞,一般,*,*	0
0	における	助詞,格助詞,連語,*	0
0	あらゆる	連体詞,*,*,*	0
0	色	名詞,一般,*,*	0
0	を	助詞,格助詞,一般,*	0
1	系統	名詞,一般,*,*	0
1	色	名詞,接尾,一般,*	0
0	名	名詞,接尾,一般,*	0
0	で	助詞,格助詞,一般,*	0
0	命名	名詞,サ変接続,*,*	0
0	する	動詞,自立,*,*	0
0	こと	名詞,非自立,一般,*	0
0	が	助詞,格助詞,一般,*	0
0	できる	動詞,自立,*,*	0
0	。	記号,句点,*,*	0
0	また	接続詞,*,*,*	0
0	、	記号,読点,*,*	0
1	系統	名詞,一般,*,*	0
1	色	名詞,接尾,一般,*	0
0	名	名詞,接尾,一般,*	0
0	から	助詞,格助詞,一般,*	0
0	色	名詞,一般,*,*	0
0	を	助詞,格助詞,一般,*	0
0	想像	名詞,サ変接続,*,*	0
0	する	動詞,自立,*,*	0
0	こと	名詞,非自立,一般,*	0
0	も	助詞,係助詞,*,*	0
0	容易	名詞,形容動詞語幹,*,*	0
0	と	助詞,格助詞,一般,*	0
0	なる	動詞,自立,*,*	0
0	。	記号,句点,*,*	0
0	一方	接続詞,*,*,*	0
0	、	記号,読点,*,*	0
0	1	名詞,数,*,*	1
0	つ	助動詞,*,*,*	0
0	の	助詞,連体化,*,*	0
1	系統	名詞,一般,*,*	0
1	色	名詞,接尾,一般,*	0
0	名	名詞,接尾,一般,*	0
0	が	助詞,格助詞,一般,*	0
0	表す	動詞,自立,*,*	0
1	色	名詞,一般,*,*	0
0	域	名詞,接尾,一般,*	0
0	は	助詞,係助詞,*,*	0
0	ある程度	副詞,助詞類接続,*,*	0
0	の	助詞,連体化,*,*	0
0	幅	名詞,一般,*,*	0
0	を	助詞,格助詞,一般,*	0
0	持っ	動詞,自立,*,*	0
0	て	助詞,接続助詞,*,*	0
0	おり	動詞,非自立,*,*	0
0	、	記号,読点,*,*	0
0	明度	名詞,一般,*,*	0
0	・	記号_中黒	0
1	彩	名詞,一般,*,*	0
0	度	名詞,接尾,一般,*	0
0	・	記号_中黒	0
0	色相	名詞,一般,*,*	0
0	を	助詞,格助詞,一般,*	0
0	記号	名詞,一般,*,*	0
0	や	助詞,並立助詞,*,*	0
0	数字	名詞,一般,*,*	0
0	を	助詞,格助詞,一般,*	0
0	用い	動詞,自立,*,*	0
0	て	助詞,接続助詞,*,*	0
0	表示	名詞,サ変接続,*,*	0
0	する	動詞,自立,*,*	0
0	方法	名詞,一般,*,*	0
0	に	助詞,格助詞,一般,*	0
0	比べ	動詞,自立,*,*	0
0	て	助詞,接続助詞,*,*	0
1	厳密	名詞,形容動詞語幹,*,*	0
0	性	名詞,接尾,一般,*	0
0	に	助詞,格助詞,一般,*	0
0	欠ける	動詞,自立,*,*	0
0	という	助詞,格助詞,連語,*	0
0	特徴	名詞,一般,*,*	0
0	が	助詞,格助詞,一般,*	0
0	ある	動詞,自立,*,*	0
0	ため	名詞,非自立,副詞可能,*	0
0	、	記号,読点,*,*	0
0	正確	名詞,形容動詞語幹,*,*	0
0	な	助動詞,*,*,*	0
1	色	名詞,一般,*,*	0
0	表示	名詞,サ変接続,*,*	0
0	に	助詞,格助詞,一般,*	0
0	は	助詞,係助詞,*,*	0
0	やや	副詞,一般,*,*	0
0	不向き	名詞,形容動詞語幹,*,*	0
0	で	助動詞,*,*,*	0
0	ある	助動詞,*,*,*	0
0	。	記号,句点,*,*	0
1	基本	名詞,一般,*,*	0
1	色	名詞,接尾,一般,*	0
0	名	名詞,接尾,一般,*	0
0	や	助詞,並立助詞,*,*	0
1	系統	名詞,一般,*,*	0
1	色	名詞,接尾,一般,*	0
0	名	名詞,接尾,一般,*	0
0	は	助詞,係助詞,*,*	0
0	、	記号,読点,*,*	0
1	色	名詞,一般,*,*	0
0	空間	名詞,一般,*,*	0
0	に	助詞,格助詞,一般,*	0
0	属する	動詞,自立,*,*	0
1	色	名詞,一般,*,*	0
0	域	名詞,接尾,一般,*	0
0	を	助詞,格助詞,一般,*	0
0	分割	名詞,サ変接続,*,*	0
0	し	動詞,自立,*,*	0
0	区別	名詞,サ変接続,*,*	0
0	する	動詞,自立,*,*	0
0	ため	名詞,非自立,副詞可能,*	0
0	の	助詞,連体化,*,*	0
1	表示	名詞,サ変接続,*,*	0
0	方法	名詞,一般,*,*	0
0	で	助動詞,*,*,*	0
0	ある	助動詞,*,*,*	0
0	が	助詞,接続助詞,*,*	0
0	、	記号,読点,*,*	0
1	固有	名詞,一般,*,*	0
1	色	名詞,接尾,一般,*	0
0	名	名詞,接尾,一般,*	0
0	は	助詞,係助詞,*,*	0
0	それら	名詞,代名詞,一般,*	0
0	と	助詞,格助詞,一般,*	0
0	は	助詞,係助詞,*,*	0
0	異なり	動詞,自立,*,*	0
0	、	記号,読点,*,*	0
0	ある	連体詞,*,*,*	0
0	特定	名詞,サ変接続,*,*	0
0	の	助詞,連体化,*,*	0
0	色	名詞,一般,*,*	0
0	に対して	助詞,格助詞,連語,*	0
0	与え	動詞,自立,*,*	0
0	られ	動詞,接尾,*,*	0
0	た	助動詞,*,*,*	0
0	個別	名詞,形容動詞語幹,*,*	0
0	の	助詞,連体化,*,*	0
0	名称	名詞,一般,*,*	0
0	の	助詞,連体化,*,*	0
0	こと	名詞,非自立,一般,*	0
0	で	助動詞,*,*,*	0
0	ある	助動詞,*,*,*	0
0	。	記号,句点,*,*	0
0	この	連体詞,*,*,*	0
0	個別	名詞,形容動詞語幹,*,*	0
0	の	助詞,連体化,*,*	0
0	名称	名詞,一般,*,*	0
0	は	助詞,係助詞,*,*	0
0	、	記号,読点,*,*	0
0	それ	名詞,代名詞,一般,*	0
0	が	助詞,格助詞,一般,*	0
0	用い	動詞,自立,*,*	0
0	られる	動詞,接尾,*,*	0
1	文化	名詞,一般,*,*	0
0	圏	名詞,接尾,一般,*	0
0	において	助詞,格助詞,連語,*	0
0	それぞれ	名詞,副詞可能,*,*	0
0	の	助詞,連体化,*,*	0
0	何らかの	連体詞,*,*,*	0
0	由来	名詞,サ変接続,*,*	0
0	や	助詞,並立助詞,*,*	0
0	意味	名詞,サ変接続,*,*	0
0	を	助詞,格助詞,一般,*	0
0	持っ	動詞,自立,*,*	0
0	て	助詞,接続助詞,*,*	0
0	いる	動詞,非自立,*,*	0
0	こと	名詞,非自立,一般,*	0
0	が	助詞,格助詞,一般,*	0
0	普通	名詞,形容動詞語幹,*,*	0
0	で	助動詞,*,*,*	0
0	ある	助動詞,*,*,*	0
0	。	記号,句点,*,*	0
0	例えば	接続詞,*,*,*	0
0	、	記号,読点,*,*	0
0	その	連体詞,*,*,*	0
0	色	名詞,一般,*,*	0
0	を	助詞,格助詞,一般,*	0
0	得る	動詞,自立,*,*	0
0	直接	名詞,副詞可能,*,*	0
0	の	助詞,連体化,*,*	0
0	材料	名詞,一般,*,*	0
0	と	助詞,格助詞,一般,*	0
0	なっ	動詞,自立,*,*	0
0	た	助動詞,*,*,*	0
0	染料	名詞,一般,*,*	0
0	や	助詞,並立助詞,*,*	0
0	顔料	名詞,一般,*,*	0
0	に	助詞,格助詞,一般,*	0
0	由来	名詞,サ変接続,*,*	0
0	する	動詞,自立,*,*	0
1	色	名詞,一般,*,*	0
0	名	名詞,接尾,一般,*	0
0	や	助詞,並立助詞,*,*	0
0	、	記号,読点,*,*	0
0	その	連体詞,*,*,*	0
0	色	名詞,一般,*,*	0
0	から	助詞,格助詞,一般,*	0
0	喚起	名詞,サ変接続,*,*	0
0	さ	動詞,自立,*,*	0
0	れる	動詞,接尾,*,*	0
0	イメージ	名詞,サ変接続,*,*	0
0	に	助詞,格助詞,一般,*	0
0	合う	動詞,自立,*,*	0
0	動植物	名詞,一般,*,*	0
0	や	助詞,並立助詞,*,*	0
1	自然	名詞,形容動詞語幹,*,*	0
0	物	名詞,接尾,一般,*	0
0	・	記号_中黒	0
1	人工	名詞,一般,*,*	0
0	物	名詞,接尾,一般,*	0
0	など	助詞,副助詞,*,*	0
0	から	助詞,格助詞,一般,*	0
0	採用	名詞,サ変接続,*,*	0
0	さ	動詞,自立,*,*	0
0	れ	動詞,接尾,*,*	0
0	た	助動詞,*,*,*	0
1	色	名詞,一般,*,*	0
0	名	名詞,接尾,一般,*	0
0	など	助詞,副助詞,*,*	0
0	が	助詞,格助詞,一般,*	0
1	一般	名詞,一般,*,*	0
0	的	名詞,接尾,形容動詞語幹,*	0
0	で	助動詞,*,*,*	0
0	ある	助動詞,*,*,*	0
0	。	記号,句点,*,*	0
0	染料	名詞,一般,*,*	0
0	や	助詞,並立助詞,*,*	0
0	顔料	名詞,一般,*,*	0
0	に	助詞,格助詞,一般,*	0
0	由来	名詞,サ変接続,*,*	0
0	する	動詞,自立,*,*	0
0	例	名詞,一般,*,*	0
0	として	助詞,格助詞,連語,*	0
0	は	助詞,係助詞,*,*	0
0	、	記号,読点,*,*	0
0	タデアイ	名詞,一般,*,*	1
0	の	助詞,連体化,*,*	0
0	葉	名詞,一般,*,*	0
0	を	助詞,格助詞,一般,*	0
0	染料	名詞,一般,*,*	0
0	として	助詞,格助詞,連語,*	0
0	得	動詞,自立,*,*	0
0	られ	動詞,接尾,*,*	0
0	た	助動詞,*,*,*	0
0	藍色	名詞,一般,*,*	0
0	や	助詞,並立助詞,*,*	0
1	硫化	名詞,サ変接続,*,*	0
0	水銀	名詞,一般,*,*	0
0	を	助詞,格助詞,一般,*	0
0	原料	名詞,一般,*,*	0
0	と	助詞,格助詞,一般,*	0
0	する	動詞,自立,*,*	0
0	朱色	名詞,一般,*,*	0
0	など	助詞,副助詞,*,*	0
0	が	助詞,格助詞,一般,*	0
0	挙げ	動詞,自立,*,*	0
0	られよ	動詞,接尾,*,*	0
0	う	助動詞,*,*,*	0
0	。	記号,句点,*,*	0
0	色	名詞,一般,*,*	0
0	の	助詞,連体化,*,*	0
0	イメージ	名詞,サ変接続,*,*	0
0	に	助詞,格助詞,一般,*	0
0	由来	名詞,サ変接続,*,*	0
0	する	動詞,自立,*,*	0
0	例	名詞,一般,*,*	0
0	は	助詞,係助詞,*,*	0
0	さらに	副詞,助詞類接続,*,*	0
0	多く	形容詞,自立,*,*	0
0	、	記号,読点,*,*	0
0	例えば	接続詞,*,*,*	0
1	桜	名詞,一般,*,*	0
0	色	名詞,接尾,一般,*	0
0	など	助詞,副助詞,*,*	0
0	は	助詞,係助詞,*,*	0
1	桜	名詞,一般,*,*	0
1	の	助詞,連体化,*,*	0
0	花	名詞,一般,*,*	0
0	を	助詞,格助詞,一般,*	0
0	イメージ	名詞,サ変接続,*,*	0
0	さ	動詞,自立,*,*	0
0	せる	動詞,接尾,*,*	0
0	ごく	副詞,一般,*,*	0
1	淡い	形容詞,自立,*,*	0
0	赤	名詞,一般,*,*	0
0	の	助詞,連体化,*,*	0
0	こと	名詞,非自立,一般,*	0
0	で	助動詞,*,*,*	0
0	ある	助動詞,*,*,*	0
0	が	助詞,接続助詞,*,*	0
0	、	記号,読点,*,*	0
0	これ	名詞,代名詞,一般,*	0
0	は	助詞,係助詞,*,*	0
0	決して	副詞,一般,*,*	0
0	原料	名詞,一般,*,*	0
0	が	助詞,格助詞,一般,*	0
1	桜	名詞,一般,*,*	0
1	の	助詞,連体化,*,*	0
0	花	名詞,一般,*,*	0
0	で	助動詞,*,*,*	0
0	ある	助動詞,*,*,*	0
0	こと	名詞,非自立,一般,*	0
0	を	助詞,格助詞,一般,*	0
0	意味	名詞,サ変接続,*,*	0
0	し	動詞,自立,*,*	0
0	て	助詞,接続助詞,*,*	0
0	い	動詞,非自立,*,*	0
0	ない	助動詞,*,*,*	0
0	。	記号,句点,*,*	0
0	空色	名詞,一般,*,*	0
0	や	助詞,並立助詞,*,*	0
0	水色	名詞,一般,*,*	0
0	も	助詞,係助詞,*,*	0
0	また	接続詞,*,*,*	0
0	色	名詞,一般,*,*	0
0	の	助詞,連体化,*,*	0
0	イメージ	名詞,サ変接続,*,*	0
0	から	助詞,格助詞,一般,*	0
0	命名	名詞,サ変接続,*,*	0
0	さ	動詞,自立,*,*	0
0	れ	動詞,接尾,*,*	0
0	た	助動詞,*,*,*	0
1	典型	名詞,一般,*,*	0
0	的	名詞,接尾,形容動詞語幹,*	0
0	な	助動詞,*,*,*	0
0	例	名詞,一般,*,*	0
0	で	助動詞,*,*,*	0
0	ある	助動詞,*,*,*	0
0	。	記号,句点,*,*	0
1	利休	名詞,固有名詞,人名,一般	0
0	茶	名詞,一般,*,*	0
0	や	助詞,並立助詞,*,*	0
1	新橋	名詞,一般,*,*	0
0	色	名詞,接尾,一般,*	0
0	、	記号,読点,*,*	0
1	ロイヤル	名詞,一般,*,*	0
0	ブルー	名詞,一般,*,*	0
0	といった	助詞,格助詞,連語,*	0
0	よう	名詞,非自立,助動詞語幹,*	0
0	に	助詞,副詞化,*,*	0
0	人物	名詞,一般,*,*	0
0	・	記号_中黒	0
0	地名	名詞,一般,*,*	0
0	・	記号_中黒	0
0	身分	名詞,一般,*,*	0
0	など	助詞,副助詞,*,*	0
0	、	記号,読点,*,*	0
0	実に	副詞,一般,*,*	0
0	様々	名詞,形容動詞語幹,*,*	0
0	な	助動詞,*,*,*	0
0	対象	名詞,一般,*,*	0
0	が	助詞,格助詞,一般,*	0
0	色	名詞,一般,*,*	0
0	の	助詞,連体化,*,*	0
0	イメージ	名詞,サ変接続,*,*	0
0	に	助詞,格助詞,一般,*	0
0	重ね	動詞,自立,*,*	0
0	られる	動詞,接尾,*,*	0
0	。	記号,句点,*,*	0
1	固有	名詞,一般,*,*	0
1	色	名詞,接尾,一般,*	0
0	名	名詞,接尾,一般,*	0
0	は	助詞,係助詞,*,*	0
0	、	記号,読点,*,*	0
0	その	連体詞,*,*,*	0
0	喚起	名詞,サ変接続,*,*	0
0	さ	動詞,自立,*,*	0
0	れる	動詞,接尾,*,*	0
0	イメージ	名詞,サ変接続,*,*	0
0	によって	助詞,格助詞,連語,*	0
1	季節	名詞,一般,*,*	0
0	感	名詞,接尾,一般,*	0
0	や	助詞,並立助詞,*,*	0
0	感情	名詞,一般,*,*	0
0	など	助詞,副助詞,*,*	0
0	と	助詞,格助詞,引用,*	0
0	も	助詞,係助詞,*,*	0
0	密接	名詞,形容動詞語幹,*,*	0
0	に	助詞,副詞化,*,*	0
0	結び付い	動詞,自立,*,*	0
0	て	助詞,接続助詞,*,*	0
0	おり	動詞,非自立,*,*	0
0	、	記号,読点,*,*	0
0	その	連体詞,*,*,*	0
0	社会	名詞,一般,*,*	0
0	における	助詞,格助詞,連語,*	0
0	色彩	名詞,一般,*,*	0
0	に対する	助詞,格助詞,連語,*	0
0	感受性	名詞,一般,*,*	0
0	を	助詞,格助詞,一般,*	0
0	色濃く	形容詞,自立,*,*	0
0	反映	名詞,サ変接続,*,*	0
0	し	動詞,自立,*,*	0
0	て	助詞,接続助詞,*,*	0
0	いる	動詞,非自立,*,*	0
0	と	助詞,格助詞,引用,*	0
0	いえる	動詞,自立,*,*	0
0	だろ	助動詞,*,*,*	0
0	う	助動詞,*,*,*	0
0	。	記号,句点,*,*	0
0	現代	名詞,一般,*,*	0
0	の	助詞,連体化,*,*	0
0	日本語	名詞,一般,*,*	0
0	において	助詞,格助詞,連語,*	0
1	基本	名詞,一般,*,*	0
1	色	名詞,接尾,一般,*	0
0	名	名詞,接尾,一般,*	0
0	と	助詞,格助詞,引用,*	0
0	言える	動詞,自立,*,*	0
0	色	名詞,一般,*,*	0
0	は	助詞,係助詞,*,*	0
0	、	記号,読点,*,*	0
0	上述	名詞,サ変接続,*,*	0
0	の	助詞,連体化,*,*	0
0	バーリン	名詞,一般,*,*	1
0	と	助詞,並立助詞,*,*	0
0	ケイ	名詞,一般,*,*	0
0	による	助詞,格助詞,連語,*	0
0	定義	名詞,サ変接続,*,*	0
0	に	助詞,格助詞,一般,*	0
0	従え	動詞,自立,*,*	0
0	ば	助詞,接続助詞,*,*	0
0	、	記号,読点,*,*	0
0	複合語	名詞,一般,*,*	0
0	、	記号,読点,*,*	0
1	外来	名詞,一般,*,*	0
0	語	名詞,接尾,一般,*	0
0	、	記号,読点,*,*	0
0	物質	名詞,一般,*,*	0
0	・	記号_中黒	0
0	植物	名詞,一般,*,*	0
0	・	記号_中黒	0
0	動物	名詞,一般,*,*	0
0	など	助詞,副助詞,*,*	0
0	に	助詞,格助詞,一般,*	0
0	由来	名詞,サ変接続,*,*	0
0	する	動詞,自立,*,*	0
0	色	名詞,一般,*,*	0
0	名	名詞,接尾,一般,*	0
0	は	助詞,係助詞,*,*	0
1	基本	名詞,一般,*,*	0
1	色	名詞,接尾,一般,*	0
0	名	名詞,接尾,一般,*	0
0	で	助詞,格助詞,一般,*	0
0	は	助詞,係助詞,*,*	0
0	ない	助動詞,*,*,*	0
0	ため	名詞,非自立,副詞可能,*	0
0	、	記号,読点,*,*	0
0	厳密	名詞,形容動詞語幹,*,*	0
0	に	助詞,格助詞,一般,*	0
0	は	助詞,係助詞,*,*	0
0	「	記号,括弧開,*,*	0
0	赤	名詞,一般,*,*	0
0	」	記号,括弧閉,*,*	0
0	、	記号,読点,*,*	0
0	「	記号,括弧開,*,*	0
0	青	名詞,一般,*,*	0
0	」	記号,括弧閉,*,*	0
0	、	記号,読点,*,*	0
0	「	記号,括弧開,*,*	0
0	白	名詞,一般,*,*	0
0	」	記号,括弧閉,*,*	0
0	、	記号,読点,*,*	0
0	「	記号,括弧開,*,*	0
0	黒	名詞,一般,*,*	0
0	」	記号,括弧閉,*,*	0
0	が	助詞,格助詞,一般,*	0
1	基本	名詞,一般,*,*	0
1	色	名詞,接尾,一般,*	0
0	名	名詞,接尾,一般,*	0
0	に	助詞,格助詞,一般,*	0
0	なる	動詞,自立,*,*	0
0	。	記号,句点,*,*	0
0	ただし	接続詞,*,*,*	0
0	、	記号,読点,*,*	0
0	報告	名詞,サ変接続,*,*	0
0	の	助詞,連体化,*,*	0
0	中	名詞,非自立,副詞可能,*	0
0	で	助詞,格助詞,一般,*	0
0	(	記号_括弧開	0
0	日本語	名詞,一般,*,*	0
0	の	助詞,連体化,*,*	0
0	研究	名詞,サ変接続,*,*	0
0	を	助詞,格助詞,一般,*	0
0	担当	名詞,サ変接続,*,*	0
0	し	動詞,自立,*,*	0
0	た	助動詞,*,*,*	0
0	の	名詞,非自立,一般,*	0
0	は	助詞,係助詞,*,*	0
0	バーリン	名詞,一般,*,*	1
0	と	助詞,並立助詞,*,*	0
0	ケイ	名詞,一般,*,*	0
0	で	助詞,格助詞,一般,*	0
0	は	助詞,係助詞,*,*	0
0	なく	助動詞,*,*,*	0
0	、	記号,読点,*,*	0
0	セミナー	名詞,一般,*,*	0
0	に	助詞,格助詞,一般,*	0
0	参加	名詞,サ変接続,*,*	0
0	し	動詞,自立,*,*	0
0	た	助動詞,*,*,*	0
1	英国	名詞,固有名詞,地域,国	0
0	系	名詞,接尾,一般,*	0
0	の	助詞,連体化,*,*	0
1	2	名詞,数,*,*	1
0	人	名詞,接尾,助数詞,*	0
0	の	助詞,連体化,*,*	0
0	人物	名詞,一般,*,*	0
0	で	助動詞,*,*,*	0
0	あっ	助動詞,*,*,*	0
0	た	助動詞,*,*,*	0
0	)	記号_括弧閉	0
0	日本語	名詞,一般,*,*	0
0	の	助詞,連体化,*,*	0
0	「	記号,括弧開,*,*	0
0	青	名詞,一般,*,*	0
0	(	記号_括弧開	0
0	blue	名詞,固有名詞,組織,*	1
0	)	記号_括弧閉	0
0	」	記号,括弧閉,*,*	0
0	が	助詞,格助詞,一般,*	0
0	、	記号,読点,*,*	0
0	「	記号,括弧開,*,*	0
0	緑	名詞,一般,*,*	0
0	(	記号_括弧開	0
0	green	名詞,固有名詞,組織,*	1
0	)	記号_括弧閉	0
0	」	記号,括弧閉,*,*	0
0	より	助詞,格助詞,一般,*	0
0	遥か	名詞,形容動詞語幹,*,*	0
0	に	助詞,副詞化,*,*	0
1	古い	形容詞,自立,*,*	0
0	時代	名詞,一般,*,*	0
0	に	助詞,格助詞,一般,*	0
0	遡る	動詞,自立,*,*	0
0	だけ	助詞,副助詞,*,*	0
0	で	助動詞,*,*,*	0
0	なく	助動詞,*,*,*	0
0	、	記号,読点,*,*	0
0	青	名詞,一般,*,*	0
0	が	助詞,格助詞,一般,*	0
0	blue	名詞,一般,*,*	1
0	と	助詞,並立助詞,*,*	0
0	green	名詞,一般,*,*	1
0	に	助詞,格助詞,一般,*	0
0	またがっ	動詞,自立,*,*	0
0	て	助詞,接続助詞,*,*	0
0	いる	動詞,非自立,*,*	0
0	事実	名詞,副詞可能,*,*	0
0	を	助詞,格助詞,一般,*	0
0	確認	名詞,サ変接続,*,*	0
0	し	動詞,自立,*,*	0
0	て	助詞,接続助詞,*,*	0
0	おり	動詞,非自立,*,*	0
0	、	記号,読点,*,*	0
0	これ	名詞,代名詞,一般,*	0
0	について	助詞,格助詞,連語,*	0
1	日本語	名詞,一般,*,*	0
0	学者	名詞,一般,*,*	0
0	の	助詞,連体化,*,*	0
1	小松	名詞,固有名詞,人名,姓	0
0	英雄	名詞,固有名詞,人名,名	0
0	は	助詞,係助詞,*,*	0
0	、	記号,読点,*,*	0
0	日本語	名詞,一般,*,*	0
0	を	助詞,格助詞,一般,*	0
0	反証	名詞,サ変接続,*,*	0
0	と	助詞,格助詞,引用,*	0
0	見なさ	動詞,自立,*,*	0
0	ざる	助動詞,*,*,*	0
0	を	助詞,格助詞,一般,*	0
0	得	動詞,自立,*,*	0
0	ない	助動詞,*,*,*	0
0	が	助詞,接続助詞,*,*	0
0	、	記号,読点,*,*	0
0	法則	名詞,一般,*,*	0
0	に	助詞,格助詞,一般,*	0
0	違背	名詞,サ変接続,*,*	0
0	し	動詞,自立,*,*	0
0	ない	助動詞,*,*,*	0
0	解釈	名詞,サ変接続,*,*	0
0	も	助詞,係助詞,*,*	0
0	可能	名詞,形容動詞語幹,*,*	0
0	と	助詞,格助詞,引用,*	0
0	し	動詞,自立,*,*	0
0	て	助詞,接続助詞,*,*	0
0	いる	動詞,非自立,*,*	0
0	[	記号_括弧開	0
0	3	名詞,数,*,*	1
0	]	記号_括弧閉	0
0	。	記号,句点,*,*	0
0	古代	名詞,一般,*,*	0
0	から	助詞,格助詞,一般,*	0
0	存在	名詞,サ変接続,*,*	0
0	する	動詞,自立,*,*	0
1	色	名詞,一般,*,*	0
0	名	名詞,接尾,一般,*	0
0	は	助詞,係助詞,*,*	0
0	、	記号,読点,*,*	0
0	上記	名詞,一般,*,*	0
0	の	助詞,連体化,*,*	0
0	「	記号,括弧開,*,*	0
0	アカ	名詞,一般,*,*	0
0	(	記号_括弧開	0
0	赤	名詞,一般,*,*	0
0	)	記号_括弧閉	0
0	」	記号,括弧閉,*,*	0
0	「	記号,括弧開,*,*	0
0	クロ	名詞,一般,*,*	0
0	(	記号_括弧開	0
0	黒	名詞,一般,*,*	0
0	)	記号_括弧閉	0
0	」	記号,括弧閉,*,*	0
0	「	記号,括弧開,*,*	0
0	アヲ	名詞,固有名詞,一般,*	1
0	(	名詞,サ変接続,*,*	1
0	青	名詞,一般,*,*	0
0	)」「	名詞,サ変接続,*,*	1
0	シロ	名詞,一般,*,*	0
0	(	記号_括弧開	0
0	白	名詞,一般,*,*	0
0	)	記号_括弧閉	0
0	」	記号,括弧閉,*,*	0
0	の	助詞,連体化,*,*	0
0	4	名詞,数,*,*	1
0	色	名詞,接尾,助数詞,*	0
0	で	助動詞,*,*,*	0
0	ある	助動詞,*,*,*	0
0	[	記号_括弧開	0
0	4	名詞,数,*,*	1
0	]	記号_括弧閉	0
0	。	記号,句点,*,*	0
0	他	名詞,一般,*,*	0
0	の	助詞,連体化,*,*	0
0	色	名詞,一般,*,*	0
0	は	助詞,係助詞,*,*	0
0	、	記号,読点,*,*	0
1	鉱物	名詞,一般,*,*	0
1	・	記号_中黒	0
1	植物	名詞,一般,*,*	0
0	名	名詞,接尾,一般,*	0
0	など	助詞,副助詞,*,*	0
0	から	助詞,格助詞,一般,*	0
0	の	助詞,連体化,*,*	0
0	借用	名詞,サ変接続,*,*	0
0	が	助詞,格助詞,一般,*	0
0	多い	形容詞,自立,*,*	0
0	(	記号_括弧開	0
0	簡単	名詞,形容動詞語幹,*,*	0
0	な	助動詞,*,*,*	0
0	区別	名詞,サ変接続,*,*	0
0	法	名詞,接尾,一般,*	0
0	として	助詞,格助詞,連語,*	0
0	は	助詞,係助詞,*,*	0
0	、	記号,読点,*,*	0
0	「	記号,括弧開,*,*	0
1	○	記号,一般,*,*	0
1	○	記号,一般,*,*	0
0	色	名詞,一般,*,*	0
0	」	記号,括弧閉,*,*	0
0	を	助詞,格助詞,一般,*	0
0	「	記号,括弧開,*,*	0
1	○	記号,一般,*,*	0
1	○	記号,一般,*,*	0
1	の	助詞,連体化,*,*	0
0	色	名詞,一般,*,*	0
0	」	記号,括弧閉,*,*	0
0	という	助詞,格助詞,連語,*	0
0	よう	名詞,非自立,助動詞語幹,*	0
0	に	助詞,副詞化,*,*	0
0	分割	名詞,サ変接続,*,*	0
0	でき	動詞,自立,*,*	0
0	ない	助動詞,*,*,*	0
0	もの	名詞,非自立,一般,*	0
0	が	助詞,格助詞,一般,*	0
0	古い	形容詞,自立,*,*	0
0	、	記号,読点,*,*	0
0	と	助詞,格助詞,引用,*	0
0	言う	動詞,自立,*,*	0
0	こと	名詞,非自立,一般,*	0
0	が	助詞,格助詞,一般,*	0
0	できる	動詞,自立,*,*	0
0	。	記号,句点,*,*	0
0	)	記号_括弧閉	0
0	。	記号,句点,*,*	0
0	古代	名詞,一般,*,*	0
0	から	助詞,格助詞,一般,*	0
0	ある	動詞,自立,*,*	0
0	色	名詞,一般,*,*	0
0	が	助詞,格助詞,一般,*	0
1	上記	名詞,一般,*,*	0
1	4	名詞,数,*,*	1
0	色	名詞,接尾,助数詞,*	0
0	で	助動詞,*,*,*	0
0	ある	助動詞,*,*,*	0
0	事実	名詞,副詞可能,*,*	0
0	は	助詞,係助詞,*,*	0
1	現代	名詞,一般,*,*	0
0	日本語	名詞,一般,*,*	0
0	において	助詞,格助詞,連語,*	0
0	も	助詞,係助詞,*,*	0
0	、	記号,読点,*,*	0
0	その	連体詞,*,*,*	0
0	使い方	名詞,一般,*,*	0
0	の	助詞,連体化,*,*	0
0	中	名詞,非自立,副詞可能,*	0
0	に	助詞,格助詞,一般,*	0
0	見	動詞,自立,*,*	0
0	られる	動詞,接尾,*,*	0
0	。	記号,句点,*,*	0
0	この	連体詞,*,*,*	0
1	4	名詞,数,*,*	1
0	色	名詞,接尾,助数詞,*	0
0	は	助詞,係助詞,*,*	0
0	形容詞	名詞,一般,*,*	0
0	が	助詞,格助詞,一般,*	0
0	あり	動詞,自立,*,*	0
0	、	記号,読点,*,*	0
0	「	記号,括弧開,*,*	0
1	アカ	名詞,一般,*,*	0
0	い	名詞,一般,*,*	0
0	」	記号,括弧閉,*,*	0
0	「	記号,括弧開,*,*	0
1	アヲ	名詞,固有名詞,一般,*	1
0	い	名詞,一般,*,*	0
0	」	記号,括弧閉,*,*	0
0	「	記号,括弧開,*,*	0
1	シロ	名詞,一般,*,*	0
0	い	名詞,一般,*,*	0
0	」	記号,括弧閉,*,*	0
0	「	記号,括弧開,*,*	0
1	クロ	名詞,一般,*,*	0
0	い	名詞,一般,*,*	0
0	」	記号,括弧閉,*,*	0
0	と	助詞,格助詞,引用,*	0
0	いう	動詞,自立,*,*	0
0	。	記号,句点,*,*	0
0	黄	名詞,一般,*,*	0
0	は	助詞,係助詞,*,*	0
0	「	記号,括弧開,*,*	0
0	黄色い	形容詞,自立,*,*	0
0	」	記号,括弧閉,*,*	0
0	、	記号,読点,*,*	0
0	茶	名詞,一般,*,*	0
0	は	助詞,係助詞,*,*	0
0	「	記号,括弧開,*,*	0
0	茶色い	形容詞,自立,*,*	0
0	」	記号,括弧閉,*,*	0
0	という	助詞,格助詞,連語,*	0
0	よう	名詞,非自立,助動詞語幹,*	0
0	に	助詞,副詞化,*,*	0
0	「	記号,括弧開,*,*	0
0	色	名詞,一般,*,*	0
0	」	記号,括弧閉,*,*	0
0	が	助詞,格助詞,一般,*	0
0	含ま	動詞,自立,*,*	0
0	れる	動詞,接尾,*,*	0
0	。	記号,句点,*,*	0
0	他	名詞,一般,*,*	0
0	の	助詞,連体化,*,*	0
0	色	名詞,一般,*,*	0
0	名	名詞,接尾,一般,*	0
0	は	助詞,係助詞,*,*	0
0	形容詞	名詞,一般,*,*	0
0	が	助詞,格助詞,一般,*	0
0	ない	形容詞,自立,*,*	0
0	。	記号,句点,*,*	0
0	また	接続詞,*,*,*	0
0	、	記号,読点,*,*	0
0	「	記号,括弧開,*,*	0
1	アカ	名詞,一般,*,*	0
1	アカ	名詞,一般,*,*	0
0	と	助詞,格助詞,一般,*	0
0	」	記号,括弧閉,*,*	0
0	、	記号,読点,*,*	0
0	「	記号,括弧開,*,*	0
1	シラジラ	名詞,一般,*,*	1
0	と	助詞,格助詞,一般,*	0
0	」	記号,括弧閉,*,*	0
0	、	記号,読点,*,*	0
0	「	記号,括弧開,*,*	0
1	クロ	名詞,一般,*,*	0
1	グロ	名詞,一般,*,*	0
0	と	助詞,格助詞,一般,*	0
0	」	記号,括弧閉,*,*	0
0	、	記号,読点,*,*	0
0	「	記号,括弧開,*,*	0
1	アオアオ	名詞,一般,*,*	1
0	と	助詞,格助詞,一般,*	0
0	」	記号,括弧閉,*,*	0
0	の	助詞,連体化,*,*	0
0	よう	名詞,非自立,助動詞語幹,*	0
0	に	助詞,副詞化,*,*	0
1	副詞	名詞,一般,*,*	0
1	的	名詞,接尾,形容動詞語幹,*	0
0	用法	名詞,一般,*,*	0
0	を	助詞,格助詞,一般,*	0
0	持つ	動詞,自立,*,*	0
0	色	名詞,一般,*,*	0
0	も	助詞,係助詞,*,*	0
0	この	連体詞,*,*,*	0
1	4	名詞,数,*,*	1
0	色	名詞,接尾,助数詞,*	0
0	のみ	助詞,副助詞,*,*	0
0	で	助動詞,*,*,*	0
0	ある	助動詞,*,*,*	0
0	[	記号_括弧開	0
0	5	名詞,数,*,*	1
0	]	記号_括弧閉	0
0	。	記号,句点,*,*	0
0	それぞれ	名詞,副詞可能,*,*	0
0	の	助詞,連体化,*,*	0
0	語源	名詞,一般,*,*	0
0	は	助詞,係助詞,*,*	0
0	、	記号,読点,*,*	0
0	以下	名詞,非自立,副詞可能,*	0
0	の	助詞,連体化,*,*	0
0	通り	名詞,一般,*,*	0
0	と	助詞,格助詞,一般,*	0
0	さ	動詞,自立,*,*	0
0	れる	動詞,接尾,*,*	0
0	。	記号,句点,*,*	0
0	文化	名詞,一般,*,*	0
0	の	助詞,連体化,*,*	0
0	原色	名詞,一般,*,*	0
0	が	助詞,格助詞,一般,*	0
0	この	連体詞,*,*,*	0
1	4	名詞,数,*,*	1
0	色	名詞,接尾,助数詞,*	0
0	で	助動詞,*,*,*	0
0	ある	助動詞,*,*,*	0
0	こと	名詞,非自立,一般,*	0
0	から	助詞,格助詞,一般,*	0
0	、	記号,読点,*,*	0
1	古代	名詞,一般,*,*	0
0	日本語	名詞,一般,*,*	0
0	で	助詞,格助詞,一般,*	0
0	は	助詞,係助詞,*,*	0
0	、	記号,読点,*,*	0
1	明るい	形容詞,自立,*,*	0
0	色	名詞,一般,*,*	0
0	は	助詞,係助詞,*,*	0
0	アカ	名詞,一般,*,*	0
0	、	記号,読点,*,*	0
1	暗い	形容詞,自立,*,*	0
0	色	名詞,一般,*,*	0
0	は	助詞,係助詞,*,*	0
0	クロ	名詞,一般,*,*	0
0	、	記号,読点,*,*	0
0	はっきり	副詞,助詞類接続,*,*	0
0	せ	動詞,自立,*,*	0
0	ず	助動詞,*,*,*	0
0	曖昧	名詞,形容動詞語幹,*,*	0
0	な	助動詞,*,*,*	0
0	色	名詞,一般,*,*	0
0	は	助詞,係助詞,*,*	0
0	アヲ	名詞,一般,*,*	1
0	、	記号,読点,*,*	0
0	はっきり	副詞,助詞類接続,*,*	0
0	し	動詞,自立,*,*	0
0	た	助動詞,*,*,*	0
0	色	名詞,一般,*,*	0
0	は	助詞,係助詞,*,*	0
0	シロ	名詞,一般,*,*	0
0	と	助詞,格助詞,引用,*	0
0	呼ば	動詞,自立,*,*	0
0	れ	動詞,接尾,*,*	0
0	て	助詞,接続助詞,*,*	0
0	い	動詞,非自立,*,*	0
0	た	助動詞,*,*,*	0
0	と	助詞,格助詞,引用,*	0
0	思わ	動詞,自立,*,*	0
0	れる	動詞,接尾,*,*	0
0	。	記号,句点,*,*	0
0	これら	名詞,代名詞,一般,*	0
0	は	助詞,係助詞,*,*	0
1	マンセル	名詞,固有名詞,人名,姓	0
1	色	名詞,接尾,一般,*	0
1	体系	名詞,一般,*,*	0
0	等	名詞,接尾,一般,*	0
0	における	助詞,格助詞,連語,*	0
0	明度	名詞,一般,*,*	0
0	、	記号,読点,*,*	0
1	彩	名詞,一般,*,*	0
0	度	名詞,接尾,一般,*	0
0	の	助詞,連体化,*,*	0
0	概念	名詞,一般,*,*	0
0	を	助詞,格助詞,一般,*	0
0	想起	名詞,サ変接続,*,*	0
0	さ	動詞,自立,*,*	0
0	せる	動詞,接尾,*,*	0
0	が	助詞,接続助詞,*,*	0
0	、	記号,読点,*,*	0
0	現代	名詞,一般,*,*	0
0	において	助詞,格助詞,連語,*	0
0	「	記号,括弧開,*,*	0
0	赤	名詞,一般,*,*	0
0	」	記号,括弧閉,*,*	0
0	と	助詞,格助詞,引用,*	0
0	呼ば	動詞,自立,*,*	0
0	れる	動詞,接尾,*,*	0
0	色	名詞,一般,*,*	0
0	は	助詞,係助詞,*,*	0
0	はっきり	副詞,助詞類接続,*,*	0
0	し	動詞,自立,*,*	0
0	た	助動詞,*,*,*	0
0	(	記号_括弧開	0
1	彩	名詞,一般,*,*	0
0	度	名詞,接尾,一般,*	0
0	が	助詞,格助詞,一般,*	0
0	高い	形容詞,自立,*,*	0
0	)	記号_括弧閉	0
0	色	名詞,一般,*,*	0
0	で	助動詞,*,*,*	0
0	あり	助動詞,*,*,*	0
0	、	記号,読点,*,*	0
0	「	記号,括弧開,*,*	0
0	白	名詞,一般,*,*	0
0	」	記号,括弧閉,*,*	0
0	と	助詞,格助詞,引用,*	0
0	呼ば	動詞,自立,*,*	0
0	れ	動詞,接尾,*,*	0
0	て	助詞,接続助詞,*,*	0
0	いる	動詞,非自立,*,*	0
0	色	名詞,一般,*,*	0
0	は	助詞,係助詞,*,*	0
0	明るい	形容詞,自立,*,*	0
0	(	記号_括弧開	0
0	明度	名詞,一般,*,*	0
0	が	助詞,格助詞,一般,*	0
0	高い	形容詞,自立,*,*	0
0	)	記号_括弧閉	0
0	色	名詞,一般,*,*	0
0	で	助動詞,*,*,*	0
0	ある	助動詞,*,*,*	0
0	こと	名詞,非自立,一般,*	0
0	から	助詞,格助詞,一般,*	0
0	、	記号,読点,*,*	0
0	赤	名詞,一般,*,*	0
0	と	助詞,並立助詞,*,*	0
0	白	名詞,一般,*,*	0
0	の	助詞,連体化,*,*	0
0	間	名詞,一般,*,*	0
0	で	助詞,格助詞,一般,*	0
0	言語	名詞,一般,*,*	0
0	の	助詞,連体化,*,*	0
0	逆転	名詞,サ変接続,*,*	0
0	が	助詞,格助詞,一般,*	0
0	起こっ	動詞,自立,*,*	0
0	た	助動詞,*,*,*	0
0	と	助詞,格助詞,引用,*	0
0	思わ	動詞,自立,*,*	0
0	れる	動詞,接尾,*,*	0
0	。	記号,句点,*,*	0
0	語源	名詞,一般,*,*	0
0	から	助詞,格助詞,一般,*	0
0	も	助詞,係助詞,*,*	0
0	分かる	動詞,自立,*,*	0
0	よう	名詞,非自立,助動詞語幹,*	0
0	に	助詞,副詞化,*,*	0
0	、	記号,読点,*,*	0
1	原始	名詞,一般,*,*	0
0	日本語	名詞,一般,*,*	0
0	において	助詞,格助詞,連語,*	0
0	は	助詞,係助詞,*,*	0
0	クロ	名詞,一般,*,*	0
0	の	助詞,連体化,*,*	0
0	対義語	名詞,一般,*,*	0
0	は	助詞,係助詞,*,*	0
0	シロ	名詞,一般,*,*	0
0	で	助詞,格助詞,一般,*	0
0	は	助詞,係助詞,*,*	0
0	なく	助動詞,*,*,*	0
0	むしろ	副詞,一般,*,*	0
0	アカ	名詞,一般,*,*	0
0	で	助動詞,*,*,*	0
0	あっ	助動詞,*,*,*	0
0	た	助動詞,*,*,*	0
0	と	助詞,格助詞,引用,*	0
0	判断	名詞,サ変接続,*,*	0
0	さ	動詞,自立,*,*	0
0	れる	動詞,接尾,*,*	0
0	が	助詞,接続助詞,*,*	0
0	、	記号,読点,*,*	0
1	奈良	名詞,固有名詞,地域,一般	0
0	時代	名詞,一般,*,*	0
0	に	助詞,格助詞,一般,*	0
0	は	助詞,係助詞,*,*	0
0	既に	副詞,一般,*,*	0
1	シロ	名詞,一般,*,*	0
0	甲	名詞,一般,*,*	0
0	/	名詞,サ変接続,*,*	1
1	クロ	名詞,一般,*,*	0
0	甲	名詞,一般,*,*	0
0	の	助詞,連体化,*,*	0
0	よう	名詞,非自立,助動詞語幹,*	0
0	に	助詞,副詞化,*,*	0
0	ロ	名詞,固有名詞,組織,*	0
0	の	助詞,連体化,*,*	0
0	母音	名詞,一般,*,*	0
0	が	助詞,格助詞,一般,*	0
0	同じ	連体詞,*,*,*	0
1	ロ	名詞,一般,*,*	0
1	甲	名詞,一般,*,*	0
1	類	名詞,接尾,一般,*	0
0	音	名詞,接尾,一般,*	0
0	に	助詞,格助詞,一般,*	0
0	なっ	動詞,自立,*,*	0
0	て	助詞,接続助詞,*,*	0
0	おり	動詞,非自立,*,*	0
0	、	記号,読点,*,*	0
0	シロ	名詞,一般,*,*	0
0	と	助詞,並立助詞,*,*	0
0	クロ	名詞,一般,*,*	0
0	が	助詞,格助詞,一般,*	0
0	対義語	名詞,一般,*,*	0
0	として	助詞,格助詞,連語,*	0
0	捉え	動詞,自立,*,*	0
0	られる	動詞,接尾,*,*	0
0	よう	名詞,非自立,助動詞語幹,*	0
0	に	助詞,格助詞,一般,*	0
0	なっ	動詞,自立,*,*	0
0	て	助詞,接続助詞,*,*	0
0	い	動詞,非自立,*,*	0
0	た	助動詞,*,*,*	0
0	よう	名詞,非自立,助動詞語幹,*	0
0	で	助動詞,*,*,*	0
0	ある	助動詞,*,*,*	0
0	。	記号,句点,*,*	0
0	「	記号,括弧開,*,*	0
0	白黒	名詞,サ変接続,*,*	0
0	はっきり	副詞,助詞類接続,*,*	0
0	さ	動詞,自立,*,*	0
0	せる	動詞,接尾,*,*	0
0	」	記号,括弧閉,*,*	0
0	など	助詞,副助詞,*,*	0
0	の	助詞,連体化,*,*	0
0	よう	名詞,非自立,助動詞語幹,*	0
0	に	助詞,副詞化,*,*	0
0	、	記号,読点,*,*	0
0	或いは	接続詞,*,*,*	0
1	警察	名詞,一般,*,*	0
0	関係	名詞,サ変接続,*,*	0
0	の	助詞,連体化,*,*	0
0	隠語	名詞,一般,*,*	0
0	で	助詞,格助詞,一般,*	0
1	シロ	名詞,一般,*,*	0
1	・	記号_中黒	0
0	クロ	名詞,一般,*,*	0
0	という	助詞,格助詞,連語,*	0
0	よう	名詞,非自立,助動詞語幹,*	0
0	に	助詞,副詞化,*,*	0
0	、	記号,読点,*,*	0
0	シロ	名詞,一般,*,*	0
0	が	助詞,格助詞,一般,*	0
0	クロ	名詞,一般,*,*	0
0	に	助詞,格助詞,一般,*	0
0	対置	名詞,サ変接続,*,*	0
0	さ	動詞,自立,*,*	0
0	れる	動詞,接尾,*,*	0
0	よう	名詞,非自立,助動詞語幹,*	0
0	に	助詞,格助詞,一般,*	0
0	なっ	動詞,自立,*,*	0
0	た	助動詞,*,*,*	0
0	経緯	名詞,一般,*,*	0
0	について	助詞,格助詞,連語,*	0
0	は	助詞,係助詞,*,*	0
0	様々	名詞,形容動詞語幹,*,*	0
0	な	助動詞,*,*,*	0
0	意見	名詞,サ変接続,*,*	0
0	が	助詞,格助詞,一般,*	0
0	見	動詞,自立,*,*	0
0	られる	動詞,接尾,*,*	0
0	が	助詞,接続助詞,*,*	0
0	、	記号,読点,*,*	0
0	「	記号,括弧開,*,*	0
1	クラ	形容詞,自立,*,*	0
0	さ	名詞,接尾,特殊,*	0
0	」	記号,括弧閉,*,*	0
0	に対する	助詞,格助詞,連語,*	0
0	「	記号,括弧開,*,*	0
1	アカ	名詞,一般,*,*	0
1	る	助動詞,*,*,*	0
0	さ	助詞,終助詞,*,*	0
0	」	記号,括弧閉,*,*	0
0	が	助詞,格助詞,一般,*	0
0	、	記号,読点,*,*	0
0	「	記号,括弧開,*,*	0
0	事物	名詞,一般,*,*	0
0	を	助詞,格助詞,一般,*	0
0	明瞭	名詞,形容動詞語幹,*,*	0
0	に	助詞,副詞化,*,*	0
0	シル	名詞,固有名詞,人名,一般	0
0	こと	名詞,非自立,一般,*	0
0	が	助詞,格助詞,一般,*	0
0	できる	動詞,自立,*,*	0
0	こと	名詞,非自立,一般,*	0
0	」	記号,括弧閉,*,*	0
0	として	助詞,格助詞,連語,*	0
0	意味	名詞,サ変接続,*,*	0
0	が	助詞,格助詞,一般,*	0
0	移り変わっ	動詞,自立,*,*	0
0	て	助詞,接続助詞,*,*	0
0	いっ	動詞,非自立,*,*	0
0	た	助動詞,*,*,*	0
0	こと	名詞,非自立,一般,*	0
0	や	助詞,並立助詞,*,*	0
0	、	記号,読点,*,*	0
0	中国	名詞,固有名詞,地域,国	0
0	から	助詞,格助詞,一般,*	0
0	入っ	動詞,自立,*,*	0
0	て	助詞,接続助詞,*,*	0
0	き	動詞,非自立,*,*	0
0	た	助動詞,*,*,*	0
1	五行	名詞,一般,*,*	0
0	思想	名詞,一般,*,*	0
0	の	助詞,連体化,*,*	0
1	色彩	名詞,一般,*,*	0
0	観	名詞,接尾,一般,*	0
0	の	助詞,連体化,*,*	0
0	影響	名詞,サ変接続,*,*	0
0	が	助詞,格助詞,一般,*	0
0	理由	名詞,一般,*,*	0
0	として	助詞,格助詞,連語,*	0
0	挙げ	動詞,自立,*,*	0
0	られ	動詞,接尾,*,*	0
0	て	助詞,接続助詞,*,*	0
0	いる	動詞,非自立,*,*	0
0	。	記号,句点,*,*	0
0	ミドリ	名詞,固有名詞,人名,名	0
0	(	記号_括弧開	0
0	緑	名詞,一般,*,*	0
0	)	記号_括弧閉	0
0	の	助詞,連体化,*,*	0
0	語源	名詞,一般,*,*	0
0	は	助詞,係助詞,*,*	0
0	はっきり	副詞,助詞類接続,*,*	0
0	し	動詞,自立,*,*	0
0	ない	助動詞,*,*,*	0
0	。	記号,句点,*,*	0
0	「	記号,括弧開,*,*	0
0	みどり	名詞,固有名詞,地域,一般	0
0	の	助詞,連体化,*,*	0
0	黒髪	名詞,一般,*,*	0
0	」	記号,括弧閉,*,*	0
0	という	助詞,格助詞,連語,*	0
0	言い回し	名詞,一般,*,*	0
0	が	助詞,格助詞,一般,*	0
0	ある	動詞,自立,*,*	0
0	が	助詞,接続助詞,*,*	0
0	、	記号,読点,*,*	0
0	『	記号,括弧開,*,*	0
0	みずみずし	形容詞,自立,*,*	0
0	さ	名詞,接尾,特殊,*	0
0	を	助詞,格助詞,一般,*	0
0	感じ	動詞,自立,*,*	0
0	させる	動詞,接尾,*,*	0
0	艶	名詞,一般,*,*	0
0	の	助詞,格助詞,一般,*	0
0	ある	動詞,自立,*,*	0
0	黒髪	名詞,一般,*,*	0
0	』	記号,括弧閉,*,*	0
0	を	助詞,格助詞,一般,*	0
0	意味	名詞,サ変接続,*,*	0
0	し	動詞,自立,*,*	0
0	て	助詞,接続助詞,*,*	0
0	おり	動詞,非自立,*,*	0
0	、	記号,読点,*,*	0
0	おかしな	連体詞,*,*,*	0
0	表現	名詞,サ変接続,*,*	0
0	で	助詞,格助詞,一般,*	0
0	は	助詞,係助詞,*,*	0
0	ない	助動詞,*,*,*	0
0	。	記号,句点,*,*	0
1	日本	名詞,固有名詞,地域,国	0
0	文化	名詞,一般,*,*	0
0	の	助詞,連体化,*,*	0
1	四	名詞,数,*,*	0
0	原色	名詞,一般,*,*	0
0	の	助詞,連体化,*,*	0
0	中	名詞,非自立,副詞可能,*	0
0	で	助詞,格助詞,一般,*	0
0	「	記号,括弧開,*,*	0
0	ミドリ	名詞,固有名詞,人名,名	0
0	」	記号,括弧閉,*,*	0
0	は	助詞,係助詞,*,*	0
0	「	記号,括弧開,*,*	0
0	アヲ	名詞,固有名詞,一般,*	1
0	」	記号,括弧閉,*,*	0
0	の	助詞,連体化,*,*	0
0	中	名詞,非自立,副詞可能,*	0
0	に	助詞,格助詞,一般,*	0
0	属する	動詞,自立,*,*	0
0	が	助詞,接続助詞,*,*	0
0	、	記号,読点,*,*	0
0	これ	名詞,代名詞,一般,*	0
0	は	助詞,係助詞,*,*	0
0	概念	名詞,一般,*,*	0
0	の	助詞,連体化,*,*	0
0	問題	名詞,ナイ形容詞語幹,*,*	0
0	に	助詞,格助詞,一般,*	0
0	過ぎ	動詞,自立,*,*	0
0	ず	助動詞,*,*,*	0
0	、	記号,読点,*,*	0
0	古代	名詞,一般,*,*	0
0	日本人	名詞,一般,*,*	0
0	が	助詞,格助詞,一般,*	0
0	green	名詞,一般,*,*	1
0	(	記号_括弧開	0
0	緑	名詞,一般,*,*	0
0	)	記号_括弧閉	0
0	と	助詞,並立助詞,*,*	0
0	blue	名詞,固有名詞,組織,*	1
0	(	記号_括弧開	0
0	青	名詞,一般,*,*	0
0	)	記号_括弧閉	0
0	を	助詞,格助詞,一般,*	0
0	区別	名詞,サ変接続,*,*	0
0	する	動詞,自立,*,*	0
0	能力	名詞,一般,*,*	0
0	を	助詞,格助詞,一般,*	0
0	持た	動詞,自立,*,*	0
0	なかっ	助動詞,*,*,*	0
0	た	助動詞,*,*,*	0
0	こと	名詞,非自立,一般,*	0
0	を	助詞,格助詞,一般,*	0
0	意味	名詞,サ変接続,*,*	0
0	し	動詞,自立,*,*	0
0	ない	助動詞,*,*,*	0
0	。	記号,句点,*,*	0
0	日本	名詞,固有名詞,地域,国	0
0	で	助詞,格助詞,一般,*	0
0	は	助詞,係助詞,*,*	0
0	、	記号,読点,*,*	0
0	green	名詞,一般,*,*	1
0	を	助詞,格助詞,一般,*	0
0	アヲ	名詞,一般,*,*	1
0	(	記号_括弧開	0
0	青	名詞,一般,*,*	0
0	)	記号_括弧閉	0
0	の	助詞,連体化,*,*	0
0	一部	名詞,副詞可能,*,*	0
0	と	助詞,格助詞,一般,*	0
0	する	動詞,自立,*,*	0
0	用法	名詞,一般,*,*	0
0	は	助詞,係助詞,*,*	0
0	広く	形容詞,自立,*,*	0
0	残っ	動詞,自立,*,*	0
0	て	助詞,接続助詞,*,*	0
0	いる	動詞,非自立,*,*	0
0	。	記号,句点,*,*	0
0	そして	接続詞,*,*,*	0
0	、	記号,読点,*,*	0
0	green	名詞,一般,*,*	1
0	を	助詞,格助詞,一般,*	0
0	ミドリ	名詞,固有名詞,組織,*	0
0	と	助詞,格助詞,一般,*	0
0	せ	動詞,自立,*,*	0
0	ず	助動詞,*,*,*	0
0	アヲ	名詞,一般,*,*	1
0	と	助詞,格助詞,一般,*	0
0	呼ぶ	動詞,自立,*,*	0
1	色彩	名詞,一般,*,*	0
0	観	名詞,接尾,一般,*	0
0	も	助詞,係助詞,*,*	0
0	方言	名詞,一般,*,*	0
0	など	助詞,副助詞,*,*	0
0	において	助詞,格助詞,連語,*	0
0	は	助詞,係助詞,*,*	0
0	残っ	動詞,自立,*,*	0
0	て	助詞,接続助詞,*,*	0
0	おり	動詞,非自立,*,*	0
0	、	記号,読点,*,*	0
0	地方	名詞,一般,*,*	0
0	によって	助詞,格助詞,連語,*	0
0	は	助詞,係助詞,*,*	0
0	今	名詞,副詞可能,*,*	0
0	でも	助詞,副助詞,*,*	0
1	ミドリ	名詞,固有名詞,人名,名	0
0	系統	名詞,一般,*,*	0
0	の	助詞,連体化,*,*	0
0	色	名詞,一般,*,*	0
0	を	助詞,格助詞,一般,*	0
0	含め	動詞,自立,*,*	0
0	て	助詞,接続助詞,*,*	0
0	アヲ	名詞,一般,*,*	1
0	と	助詞,格助詞,一般,*	0
0	呼ぶ	動詞,自立,*,*	0
0	。	記号,句点,*,*	0
0	その	連体詞,*,*,*	0
1	色彩	名詞,一般,*,*	0
0	観	名詞,接尾,一般,*	0
0	は	助詞,係助詞,*,*	0
0	、	記号,読点,*,*	0
0	少なくとも	副詞,一般,*,*	0
0	近代	名詞,一般,*,*	0
0	まで	助詞,副助詞,*,*	0
0	、	記号,読点,*,*	0
1	日本	名詞,固有名詞,地域,国	0
0	文化	名詞,一般,*,*	0
0	・	記号_中黒	0
0	政治	名詞,一般,*,*	0
0	に	助詞,格助詞,一般,*	0
0	も	助詞,係助詞,*,*	0
0	存在	名詞,サ変接続,*,*	0
0	し	動詞,自立,*,*	0
0	た	助動詞,*,*,*	0
0	。	記号,句点,*,*	0
0	「	記号,括弧開,*,*	0
0	青信号	名詞,一般,*,*	0
0	」	記号,括弧閉,*,*	0
0	という	助詞,格助詞,連語,*	0
0	語	名詞,一般,*,*	0
0	が	助詞,格助詞,一般,*	0
0	その	連体詞,*,*,*	0
0	証明	名詞,サ変接続,*,*	0
0	で	助詞,格助詞,一般,*	0
0	、	記号,読点,*,*	0
1	歩行	名詞,サ変接続,*,*	0
0	者	名詞,接尾,一般,*	0
0	・	記号_中黒	0
1	自動車	名詞,一般,*,*	0
0	信号	名詞,一般,*,*	0
0	は	助詞,係助詞,*,*	0
0	法令	名詞,一般,*,*	0
0	により	助詞,格助詞,連語,*	0
0	「	記号,括弧開,*,*	0
1	緑色	名詞,一般,*,*	0
0	信号	名詞,一般,*,*	0
0	」	記号,括弧閉,*,*	0
0	 	記号,空白,*,*	1
0	(	記号_括弧開	0
0	green	名詞,固有名詞,組織,*	1
0	 	記号,空白,*,*	1
0	light	名詞,固有名詞,組織,*	1
0	)	記号_括弧閉	0
0	 	記号,空白,*,*	1
0	として	助詞,格助詞,連語,*	0
0	定め	動詞,自立,*,*	0
0	られ	動詞,接尾,*,*	0
0	、	記号,読点,*,*	0
0	実際	副詞,助詞類接続,*,*	0
0	に	助詞,格助詞,一般,*	0
0	も	助詞,係助詞,*,*	0
1	現代	名詞,一般,*,*	0
0	人	名詞,接尾,一般,*	0
0	が	助詞,格助詞,一般,*	0
0	「	記号,括弧開,*,*	0
0	ミドリ	名詞,固有名詞,人名,名	0
0	」	記号,括弧閉,*,*	0
0	と	助詞,格助詞,引用,*	0
0	感じる	動詞,自立,*,*	0
0	色彩	名詞,一般,*,*	0
0	が	助詞,格助詞,一般,*	0
0	用い	動詞,自立,*,*	0
0	られ	動詞,接尾,*,*	0
0	て	助詞,接続助詞,*,*	0
0	いる	動詞,非自立,*,*	0
0	に	助詞,格助詞,一般,*	0
0	も	助詞,係助詞,*,*	0
0	関わら	動詞,自立,*,*	0
0	ず	助動詞,*,*,*	0
0	、	記号,読点,*,*	0
0	俗	名詞,形容動詞語幹,*,*	0
0	に	助詞,副詞化,*,*	0
0	「	記号,括弧開,*,*	0
1	あ	感動詞,*,*,*	0
1	お	接頭詞,名詞接続,*,*	0
0	信号	名詞,一般,*,*	0
0	」	記号,括弧閉,*,*	0
0	と	助詞,格助詞,引用,*	0
0	呼ば	動詞,自立,*,*	0
0	れ	動詞,接尾,*,*	0
0	、	記号,読点,*,*	0
0	そのまま	副詞,一般,*,*	0
0	定着	名詞,サ変接続,*,*	0
0	し	動詞,自立,*,*	0
0	た	助動詞,*,*,*	0
0	。	記号,句点,*,*	0
0	現在	名詞,副詞可能,*,*	0
0	で	助詞,格助詞,一般,*	0
0	は	助詞,係助詞,*,*	0
0	法令	名詞,一般,*,*	0
0	の	助詞,連体化,*,*	0
0	方	名詞,非自立,一般,*	0
0	が	助詞,格助詞,一般,*	0
0	『	記号,括弧開,*,*	0
0	実情	名詞,一般,*,*	0
0	に	助詞,格助詞,一般,*	0
0	合わせ	動詞,自立,*,*	0
0	て	助詞,接続助詞,*,*	0
0	』	記号,括弧閉,*,*	0
0	改正	名詞,サ変接続,*,*	0
0	さ	動詞,自立,*,*	0
0	れ	動詞,接尾,*,*	0
0	、	記号,読点,*,*	0
0	「	記号,括弧開,*,*	0
0	青信号	名詞,一般,*,*	0
0	」	記号,括弧閉,*,*	0
0	と	助詞,格助詞,引用,*	0
0	なっ	動詞,自立,*,*	0
0	た	助動詞,*,*,*	0
0	。	記号,句点,*,*	0
0	更に	副詞,助詞類接続,*,*	0
0	、	記号,読点,*,*	0
0	現在	名詞,副詞可能,*,*	0
0	の	助詞,連体化,*,*	0
1	緑	名詞,一般,*,*	0
0	信号	名詞,一般,*,*	0
0	は	助詞,係助詞,*,*	0
0	、	記号,読点,*,*	0
1	赤	名詞,一般,*,*	0
1	緑色	名詞,一般,*,*	0
0	弱者	名詞,一般,*,*	0
0	に	助詞,格助詞,一般,*	0
0	配慮	名詞,サ変接続,*,*	0
0	し	動詞,自立,*,*	0
0	、	記号,読点,*,*	0
1	藍	名詞,固有名詞,人名,姓	0
0	緑	名詞,固有名詞,人名,名	0
0	と	助詞,格助詞,一般,*	0
0	なっ	動詞,自立,*,*	0
0	て	助詞,接続助詞,*,*	0
0	いる	動詞,非自立,*,*	0
0	。	記号,句点,*,*	0
0	また	接続詞,*,*,*	0
0	、	記号,読点,*,*	0
0	green	名詞,一般,*,*	1
0	で	助詞,格助詞,一般,*	0
0	は	助詞,係助詞,*,*	0
0	なく	助動詞,*,*,*	0
0	、	記号,読点,*,*	0
0	実際	副詞,助詞類接続,*,*	0
0	に	助詞,副詞化,*,*	0
0	blue	名詞,一般,*,*	1
0	の	助詞,連体化,*,*	0
0	「	記号,括弧開,*,*	0
0	青信号	名詞,一般,*,*	0
0	」	記号,括弧閉,*,*	0
0	も	助詞,係助詞,*,*	0
0	登場	名詞,サ変接続,*,*	0
0	し	動詞,自立,*,*	0
0	て	助詞,接続助詞,*,*	0
0	いる	動詞,非自立,*,*	0
0	。	記号,句点,*,*	0
0	なお	接続詞,*,*,*	0
0	、	記号,読点,*,*	0
0	現代	名詞,一般,*,*	0
0	の	助詞,連体化,*,*	0
0	中国	名詞,固有名詞,地域,国	0
0	で	助詞,格助詞,一般,*	0
0	は	助詞,係助詞,*,*	0
0	、	記号,読点,*,*	0
0	「	記号,括弧開,*,*	0
0	青信号	名詞,一般,*,*	0
0	」	記号,括弧閉,*,*	0
0	を	助詞,格助詞,一般,*	0
0	「	記号,括弧開,*,*	0
1	緑	名詞,一般,*,*	0
0	灯	名詞,接尾,一般,*	0
0	」	記号,括弧閉,*,*	0
0	、	記号,読点,*,*	0
0	「	記号,括弧開,*,*	0
0	青空	名詞,一般,*,*	0
0	」	記号,括弧閉,*,*	0
0	を	助詞,格助詞,一般,*	0
0	「	記号,括弧開,*,*	0
1	藍	名詞,固有名詞,人名,姓	0
0	天	名詞,固有名詞,人名,名	0
0	」	記号,括弧閉,*,*	0
0	と	助詞,格助詞,引用,*	0
0	言い	動詞,自立,*,*	0
0	、	記号,読点,*,*	0
0	green	名詞,固有名詞,組織,*	1
0	と	助詞,並立助詞,*,*	0
0	blue	名詞,一般,*,*	1
0	を	助詞,格助詞,一般,*	0
0	区別	名詞,サ変接続,*,*	0
0	し	動詞,自立,*,*	0
0	て	助詞,接続助詞,*,*	0
0	いる	動詞,非自立,*,*	0
0	。	記号,句点,*,*	0
0	キ	名詞,一般,*,*	1
0	(	記号_括弧開	0
0	黄	名詞,一般,*,*	0
0	)	記号_括弧閉	0
0	は	助詞,係助詞,*,*	0
0	葱	名詞,一般,*,*	0
0	(	記号_括弧開	0
0	キ	名詞,一般,*,*	1
0	)	記号_括弧閉	0
0	の	助詞,格助詞,一般,*	0
0	食べる	動詞,自立,*,*	0
0	部分	名詞,一般,*,*	0
0	の	助詞,連体化,*,*	0
0	色	名詞,一般,*,*	0
0	という	助詞,格助詞,連語,*	0
0	説	名詞,一般,*,*	0
0	が	助詞,格助詞,一般,*	0
0	有力	名詞,形容動詞語幹,*,*	0
0	で	助動詞,*,*,*	0
0	、	記号,読点,*,*	0
0	萌葱	名詞,一般,*,*	0
0	が	助詞,格助詞,一般,*	0
0	由来	名詞,サ変接続,*,*	0
0	の	助詞,連体化,*,*	0
0	萌黄	名詞,一般,*,*	0
0	という	助詞,格助詞,連語,*	0
0	色	名詞,一般,*,*	0
0	名	名詞,接尾,一般,*	0
0	も	助詞,係助詞,*,*	0
0	古く	副詞,助詞類接続,*,*	0
0	から	助詞,格助詞,一般,*	0
0	ある	動詞,自立,*,*	0
0	[	記号_括弧開	0
0	6	名詞,数,*,*	1
0	]	記号_括弧閉	0
0	。	記号,句点,*,*	0
0	 	記号,空白,*,*	1
0	ハイ	名詞,一般,*,*	0
0	(	記号_括弧開	0
0	灰	名詞,一般,*,*	0
0	)	記号_括弧閉	0
0	は	助詞,係助詞,*,*	0
0	その	連体詞,*,*,*	0
0	名	名詞,一般,*,*	0
0	の	助詞,連体化,*,*	0
0	通り	名詞,一般,*,*	0
0	灰	名詞,一般,*,*	0
0	の	助詞,連体化,*,*	0
0	色	名詞,一般,*,*	0
0	で	助動詞,*,*,*	0
0	ある	助動詞,*,*,*	0
0	。	記号,句点,*,*	0
