0	『	記号,括弧開,*,*	0
1	鳥人	名詞,一般,*,*	0
1	戦隊	名詞,一般,*,*	0
1	ジェット	名詞,一般,*,*	0
0	マン	名詞,一般,*,*	0
0	』	記号,括弧閉,*,*	0
0	(	記号_括弧開	0
1	ち	動詞,自立,*,*	0
1	ょうじんせんたい	名詞,一般,*,*	1
1	ジェット	名詞,一般,*,*	0
0	マン	名詞,一般,*,*	0
0	)	記号_括弧閉	0
0	は	助詞,係助詞,*,*	0
0	、	記号,読点,*,*	0
1	1991	名詞,数,*,*	1
0	年	名詞,接尾,助数詞,*	0
0	(	記号_括弧開	0
1	平成	名詞,固有名詞,一般,*	0
1	3	名詞,数,*,*	1
0	年	名詞,接尾,助数詞,*	0
0	)	記号_括弧閉	0
1	2	名詞,数,*,*	1
1	月	名詞,一般,*,*	0
1	15	名詞,数,*,*	1
0	日	名詞,接尾,助数詞,*	0
0	から	助詞,格助詞,一般,*	0
1	1992	名詞,数,*,*	1
0	年	名詞,接尾,助数詞,*	0
0	(	記号_括弧開	0
1	平成	名詞,固有名詞,一般,*	0
1	4	名詞,数,*,*	1
0	年	名詞,接尾,助数詞,*	0
0	)	記号_括弧閉	0
1	2	名詞,数,*,*	1
1	月	名詞,一般,*,*	0
1	14	名詞,数,*,*	1
0	日	名詞,接尾,助数詞,*	0
0	まで	助詞,副助詞,*,*	0
1	テレビ朝日	名詞,固有名詞,組織,*	0
0	系列	名詞,一般,*,*	0
0	で	助詞,格助詞,一般,*	0
1	毎週	名詞,副詞可能,*,*	0
1	金曜	名詞,副詞可能,*,*	0
1	17	名詞,数,*,*	1
1	時	名詞,接尾,助数詞,*	0
1	30	名詞,数,*,*	1
0	分	名詞,接尾,助数詞,*	0
0	から	助詞,格助詞,一般,*	0
1	17	名詞,数,*,*	1
1	時	名詞,接尾,助数詞,*	0
1	55	名詞,数,*,*	1
0	分	名詞,接尾,助数詞,*	0
0	 	記号,空白,*,*	1
0	(	記号_括弧開	0
0	JST	名詞,固有名詞,組織,*	1
0	)	記号_括弧閉	0
0	 	記号,空白,*,*	1
0	に	助詞,格助詞,一般,*	0
1	全	接頭詞,名詞接続,*,*	0
1	51	名詞,数,*,*	1
0	話	名詞,接尾,助数詞,*	0
0	が	助詞,格助詞,一般,*	0
0	放送	名詞,サ変接続,*,*	0
0	さ	動詞,自立,*,*	0
0	れ	動詞,接尾,*,*	0
0	た	助動詞,*,*,*	0
1	東映	名詞,固有名詞,組織,*	0
0	制作	名詞,サ変接続,*,*	0
0	の	助詞,連体化,*,*	0
1	特撮	名詞,一般,*,*	0
1	テレビ	名詞,一般,*,*	0
0	ドラマ	名詞,一般,*,*	0
0	と	助詞,並立助詞,*,*	0
0	、	記号,読点,*,*	0
0	作中	名詞,一般,*,*	0
0	で	助詞,格助詞,一般,*	0
0	主人公	名詞,一般,*,*	0
0	たち	名詞,接尾,一般,*	0
0	が	助詞,格助詞,一般,*	0
0	変身	名詞,サ変接続,*,*	0
0	する	動詞,自立,*,*	0
0	ヒーロー	名詞,一般,*,*	0
0	の	助詞,連体化,*,*	0
0	名称	名詞,一般,*,*	0
0	で	助動詞,*,*,*	0
0	ある	助動詞,*,*,*	0
0	。	記号,句点,*,*	0
0	「	記号,括弧開,*,*	0
1	スーパー	名詞,一般,*,*	0
1	戦隊	名詞,一般,*,*	0
0	シリーズ	名詞,一般,*,*	0
0	」	記号,括弧閉,*,*	0
1	第	接頭詞,数接続,*,*	0
1	15	名詞,数,*,*	1
0	作	名詞,接尾,助数詞,*	0
0	に	助詞,格助詞,一般,*	0
0	あたる	動詞,自立,*,*	0
0	。	記号,句点,*,*	0
1	西暦	名詞,一般,*,*	0
1	199	名詞,数,*,*	1
1	X	名詞,一般,*,*	1
0	年	名詞,接尾,一般,*	0
0	、	記号,読点,*,*	0
0	地球	名詞,一般,*,*	0
0	は	助詞,係助詞,*,*	0
1	衛星	名詞,一般,*,*	0
1	軌道	名詞,一般,*,*	0
0	上	名詞,接尾,副詞可能,*	0
0	に	助詞,格助詞,一般,*	0
1	24	名詞,数,*,*	1
1	時間	名詞,接尾,助数詞,*	0
0	体制	名詞,一般,*,*	0
0	で	助詞,格助詞,一般,*	0
0	世界中	名詞,一般,*,*	0
0	を	助詞,格助詞,一般,*	0
0	監視	名詞,サ変接続,*,*	0
0	する	動詞,自立,*,*	0
0	「	記号,括弧開,*,*	0
1	アース	名詞,固有名詞,組織,*	0
1	・	記号_中黒	0
0	シップ	名詞,固有名詞,組織,*	1
0	」	記号,括弧閉,*,*	0
0	を	助詞,格助詞,一般,*	0
0	有す	動詞,自立,*,*	0
1	世界	名詞,一般,*,*	0
0	規模	名詞,一般,*,*	0
0	の	助詞,連体化,*,*	0
1	防衛	名詞,サ変接続,*,*	0
0	組織	名詞,サ変接続,*,*	0
0	・	記号_中黒	0
1	地球	名詞,一般,*,*	0
1	防衛	名詞,サ変接続,*,*	0
1	軍	名詞,接尾,一般,*	0
0	スカイフォース	名詞,一般,*,*	1
0	によって	助詞,格助詞,連語,*	0
0	平和	名詞,形容動詞語幹,*,*	0
0	が	助詞,格助詞,一般,*	0
0	守ら	動詞,自立,*,*	0
0	れ	動詞,接尾,*,*	0
0	て	助詞,接続助詞,*,*	0
0	い	動詞,非自立,*,*	0
0	た	助動詞,*,*,*	0
0	。	記号,句点,*,*	0
0	その	連体詞,*,*,*	0
0	スカイフォース	名詞,一般,*,*	1
0	で	助詞,格助詞,一般,*	0
0	は	助詞,係助詞,*,*	0
0	、	記号,読点,*,*	0
0	ある	連体詞,*,*,*	0
0	鉱石	名詞,一般,*,*	0
0	より	助詞,格助詞,一般,*	0
0	人間	名詞,一般,*,*	0
0	の	助詞,連体化,*,*	0
1	身体	名詞,一般,*,*	0
0	能力	名詞,一般,*,*	0
0	を	助詞,格助詞,一般,*	0
0	強化	名詞,サ変接続,*,*	0
0	する	動詞,自立,*,*	0
0	こと	名詞,非自立,一般,*	0
0	の	助詞,格助詞,一般,*	0
0	出来る	動詞,自立,*,*	0
0	"	名詞,サ変接続,*,*	1
0	バードニックウェーブ	名詞,一般,*,*	1
0	"	名詞,サ変接続,*,*	1
0	が	助詞,格助詞,一般,*	0
0	開発	名詞,サ変接続,*,*	0
0	さ	動詞,自立,*,*	0
0	れ	動詞,接尾,*,*	0
0	、	記号,読点,*,*	0
0	それ	名詞,代名詞,一般,*	0
0	を	助詞,格助詞,一般,*	0
0	元	名詞,一般,*,*	0
0	に	助詞,格助詞,一般,*	0
0	人間	名詞,一般,*,*	0
0	の	助詞,連体化,*,*	0
0	力	名詞,一般,*,*	0
0	で	助詞,格助詞,一般,*	0
0	は	助詞,係助詞,*,*	0
0	対応	名詞,サ変接続,*,*	0
0	でき	動詞,自立,*,*	0
0	ない	助動詞,*,*,*	0
0	よう	名詞,非自立,助動詞語幹,*	0
0	な	助動詞,*,*,*	0
0	脅威	名詞,一般,*,*	0
0	に	助詞,格助詞,一般,*	0
0	も	助詞,係助詞,*,*	0
0	対抗	名詞,サ変接続,*,*	0
0	できる	動詞,自立,*,*	0
1	超人	名詞,一般,*,*	0
0	戦士	名詞,一般,*,*	0
0	を	助詞,格助詞,一般,*	0
0	作り出そ	動詞,自立,*,*	0
0	う	助動詞,*,*,*	0
0	という	助詞,格助詞,連語,*	0
0	「	記号,括弧開,*,*	0
0	J	名詞,固有名詞,組織,*	1
0	プロジェクト	名詞,一般,*,*	0
0	」	記号,括弧閉,*,*	0
0	が	助詞,格助詞,一般,*	0
0	極秘	名詞,形容動詞語幹,*,*	0
0	に	助詞,副詞化,*,*	0
0	進行	名詞,サ変接続,*,*	0
0	し	動詞,自立,*,*	0
0	て	助詞,接続助詞,*,*	0
0	い	動詞,非自立,*,*	0
0	た	助動詞,*,*,*	0
0	。	記号,句点,*,*	0
1	プロジェクト	名詞,一般,*,*	0
1	責任	名詞,一般,*,*	0
0	者	名詞,接尾,一般,*	0
0	の	助詞,連体化,*,*	0
1	小田切	名詞,固有名詞,人名,姓	0
0	綾	名詞,固有名詞,人名,名	0
0	は	助詞,係助詞,*,*	0
0	、	記号,読点,*,*	0
0	犯罪	名詞,一般,*,*	0
0	や	助詞,並立助詞,*,*	0
0	災害	名詞,一般,*,*	0
0	が	助詞,格助詞,一般,*	0
0	起こる	動詞,自立,*,*	0
0	と	助詞,格助詞,引用,*	0
0	派遣	名詞,サ変接続,*,*	0
0	さ	動詞,自立,*,*	0
0	れる	動詞,接尾,*,*	0
0	地上	名詞,一般,*,*	0
0	の	助詞,連体化,*,*	0
0	隊員	名詞,一般,*,*	0
0	「	記号,括弧開,*,*	0
0	スカイフォーサー	名詞,固有名詞,一般,*	1
0	」	記号,括弧閉,*,*	0
0	の	助詞,連体化,*,*	0
0	中	名詞,非自立,副詞可能,*	0
0	から	助詞,格助詞,一般,*	0
1	5	名詞,数,*,*	1
0	名	名詞,接尾,助数詞,*	0
0	の	助詞,連体化,*,*	0
0	優秀	名詞,形容動詞語幹,*,*	0
0	な	助動詞,*,*,*	0
0	人物	名詞,一般,*,*	0
0	を	助詞,格助詞,一般,*	0
0	選抜	名詞,サ変接続,*,*	0
0	。	記号,句点,*,*	0
1	天堂	名詞,一般,*,*	0
0	竜	名詞,一般,*,*	0
0	は	助詞,係助詞,*,*	0
0	最初	名詞,一般,*,*	0
0	の	助詞,連体化,*,*	0
0	被験者	名詞,一般,*,*	0
0	として	助詞,格助詞,連語,*	0
1	アース	名詞,固有名詞,組織,*	0
1	・	記号_中黒	0
0	シップ	名詞,一般,*,*	1
0	で	助詞,格助詞,一般,*	0
0	バードニックウェーブ	名詞,一般,*,*	1
0	を	助詞,格助詞,一般,*	0
0	浴び	動詞,自立,*,*	0
0	、	記号,読点,*,*	0
1	強化	名詞,サ変接続,*,*	0
0	人間	名詞,一般,*,*	0
0	「	記号,括弧開,*,*	0
1	ジェット	名詞,一般,*,*	0
0	マン	名詞,一般,*,*	0
0	」	記号,括弧閉,*,*	0
1	第	接頭詞,数接続,*,*	0
1	一	名詞,数,*,*	0
0	号	名詞,接尾,一般,*	0
1	レッド	名詞,一般,*,*	0
0	ホーク	名詞,一般,*,*	0
0	へ	助詞,格助詞,一般,*	0
0	の	助詞,連体化,*,*	0
1	変身	名詞,サ変接続,*,*	0
0	能力	名詞,一般,*,*	0
0	を	助詞,格助詞,一般,*	0
0	身	名詞,一般,*,*	0
0	に	助詞,格助詞,一般,*	0
0	着け	動詞,自立,*,*	0
0	た	助動詞,*,*,*	0
0	。	記号,句点,*,*	0
0	しかし	接続詞,*,*,*	0
0	その	連体詞,*,*,*	0
0	直後	名詞,副詞可能,*,*	0
0	、	記号,読点,*,*	0
0	さまざま	名詞,形容動詞語幹,*,*	0
0	な	助動詞,*,*,*	0
0	次元	名詞,一般,*,*	0
0	の	助詞,連体化,*,*	0
0	世界	名詞,一般,*,*	0
0	を	助詞,格助詞,一般,*	0
0	侵略	名詞,サ変接続,*,*	0
0	し	動詞,自立,*,*	0
0	て	助詞,接続助詞,*,*	0
0	き	動詞,非自立,*,*	0
0	た	助動詞,*,*,*	0
1	次元	名詞,一般,*,*	0
1	戦	名詞,接尾,一般,*	0
1	団	名詞,接尾,一般,*	0
1	バイ	名詞,一般,*,*	0
0	ラム	名詞,一般,*,*	0
0	の	助詞,連体化,*,*	0
0	襲撃	名詞,サ変接続,*,*	0
0	により	助詞,格助詞,連語,*	0
0	、	記号,読点,*,*	0
1	アース	名詞,固有名詞,組織,*	0
1	・	記号_中黒	0
0	シップ	名詞,一般,*,*	1
0	は	助詞,係助詞,*,*	0
1	壊滅	名詞,サ変接続,*,*	0
0	的	名詞,接尾,形容動詞語幹,*	0
0	な	助動詞,*,*,*	0
0	被害	名詞,一般,*,*	0
0	を	助詞,格助詞,一般,*	0
0	受け	動詞,自立,*,*	0
0	て	助詞,接続助詞,*,*	0
0	しまう	動詞,非自立,*,*	0
0	。	記号,句点,*,*	0
0	多く	名詞,副詞可能,*,*	0
0	の	助詞,連体化,*,*	0
0	犠牲	名詞,一般,*,*	0
0	者	名詞,接尾,一般,*	0
0	が	助詞,格助詞,一般,*	0
0	出る	動詞,自立,*,*	0
0	最中	名詞,副詞可能,*,*	0
0	、	記号,読点,*,*	0
0	竜	名詞,一般,*,*	0
0	の	助詞,連体化,*,*	0
0	恋人	名詞,一般,*,*	0
0	だっ	助動詞,*,*,*	0
0	た	助動詞,*,*,*	0
1	藍	名詞,固有名詞,人名,姓	0
0	リエ	名詞,固有名詞,人名,名	0
0	が	助詞,格助詞,一般,*	0
1	宇宙	名詞,一般,*,*	0
0	空間	名詞,一般,*,*	0
0	に	助詞,格助詞,一般,*	0
0	消え	動詞,自立,*,*	0
0	、	記号,読点,*,*	0
0	竜	名詞,一般,*,*	0
0	は	助詞,係助詞,*,*	0
1	プロジェクト	名詞,一般,*,*	0
1	責任	名詞,一般,*,*	0
0	者	名詞,接尾,一般,*	0
0	の	助詞,連体化,*,*	0
0	小田切	名詞,固有名詞,人名,姓	0
0	と共に	助詞,格助詞,連語,*	0
1	脱出	名詞,サ変接続,*,*	0
0	艇	名詞,接尾,一般,*	0
0	で	助詞,格助詞,一般,*	0
0	脱出	名詞,サ変接続,*,*	0
0	する	動詞,自立,*,*	0
0	。	記号,句点,*,*	0
0	リエ	名詞,固有名詞,人名,名	0
0	を	助詞,格助詞,一般,*	0
0	含む	動詞,自立,*,*	0
0	残り	名詞,一般,*,*	0
0	の	助詞,連体化,*,*	0
0	被験者	名詞,一般,*,*	0
0	が	助詞,格助詞,一般,*	0
0	浴びる	動詞,自立,*,*	0
0	筈	名詞,非自立,一般,*	0
0	だっ	助動詞,*,*,*	0
0	た	助動詞,*,*,*	0
1	4	名詞,数,*,*	1
1	人	名詞,接尾,助数詞,*	0
0	分	名詞,接尾,一般,*	0
0	の	助詞,連体化,*,*	0
0	バードニックウェーブ	名詞,一般,*,*	1
0	は	助詞,係助詞,*,*	0
1	4	名詞,数,*,*	1
0	条	名詞,接尾,助数詞,*	0
0	の	助詞,連体化,*,*	0
0	稲妻	名詞,一般,*,*	0
0	と	助詞,格助詞,一般,*	0
0	なっ	動詞,自立,*,*	0
0	て	助詞,接続助詞,*,*	0
0	地球	名詞,一般,*,*	0
0	へ	助詞,格助詞,一般,*	0
0	飛散	名詞,サ変接続,*,*	0
0	。	記号,句点,*,*	0
0	小田切	名詞,固有名詞,人名,姓	0
0	と	助詞,並立助詞,*,*	0
0	竜	名詞,一般,*,*	0
0	は	助詞,係助詞,*,*	0
0	、	記号,読点,*,*	0
0	バードニックウェーブ	名詞,一般,*,*	1
0	を	助詞,格助詞,一般,*	0
0	浴び	動詞,自立,*,*	0
0	て	助詞,接続助詞,*,*	0
0	しまっ	動詞,非自立,*,*	0
0	た	助動詞,*,*,*	0
0	4	名詞,数,*,*	1
0	名	名詞,接尾,助数詞,*	0
0	を	助詞,格助詞,一般,*	0
0	捜し出し	動詞,自立,*,*	0
0	、	記号,読点,*,*	0
0	「	記号,括弧開,*,*	0
1	鳥人	名詞,一般,*,*	0
1	戦隊	名詞,一般,*,*	0
1	ジェット	名詞,一般,*,*	0
0	マン	名詞,一般,*,*	0
0	」	記号,括弧閉,*,*	0
0	として	助詞,格助詞,連語,*	0
1	バイ	名詞,一般,*,*	0
0	ラム	名詞,一般,*,*	0
0	に	助詞,格助詞,一般,*	0
0	立ち向かわ	動詞,自立,*,*	0
0	せよ	動詞,接尾,*,*	0
0	う	助動詞,*,*,*	0
0	と	助詞,格助詞,引用,*	0
0	し	動詞,自立,*,*	0
0	た	助動詞,*,*,*	0
0	が	助詞,接続助詞,*,*	0
0	、	記号,読点,*,*	0
0	その	連体詞,*,*,*	0
1	4	名詞,数,*,*	1
0	人	名詞,接尾,助数詞,*	0
0	は	助詞,係助詞,*,*	0
0	いずれ	名詞,代名詞,一般,*	0
0	も	助詞,係助詞,*,*	0
0	一筋縄	名詞,一般,*,*	0
0	で	助詞,格助詞,一般,*	0
0	は	助詞,係助詞,*,*	0
0	いか	動詞,自立,*,*	0
0	ない	助動詞,*,*,*	0
1	曲者	名詞,一般,*,*	0
0	揃い	名詞,一般,*,*	0
0	。	記号,句点,*,*	0
0	彼ら	名詞,代名詞,一般,*	0
0	は	助詞,係助詞,*,*	0
0	戦い	名詞,一般,*,*	0
0	の	助詞,連体化,*,*	0
0	中	名詞,非自立,副詞可能,*	0
0	で	助詞,格助詞,一般,*	0
0	時には	副詞,一般,*,*	0
0	反目	名詞,サ変接続,*,*	0
0	し	動詞,自立,*,*	0
0	、	記号,読点,*,*	0
0	時には	副詞,一般,*,*	0
0	恋心	名詞,一般,*,*	0
0	を	助詞,格助詞,一般,*	0
0	抱き	動詞,自立,*,*	0
0	ながら	助詞,接続助詞,*,*	0
0	、	記号,読点,*,*	0
1	バイ	名詞,一般,*,*	0
0	ラム	名詞,一般,*,*	0
0	と	助詞,格助詞,一般,*	0
0	の	助詞,連体化,*,*	0
0	戦い	名詞,一般,*,*	0
0	に	助詞,格助詞,一般,*	0
0	互い	名詞,一般,*,*	0
0	の	助詞,連体化,*,*	0
0	青春	名詞,一般,*,*	0
0	を	助詞,格助詞,一般,*	0
0	燃やし	動詞,自立,*,*	0
0	て	助詞,接続助詞,*,*	0
0	いく	動詞,非自立,*,*	0
0	。	記号,句点,*,*	0
1	視聴	名詞,サ変接続,*,*	0
1	率	名詞,接尾,一般,*	0
0	不振	名詞,形容動詞語幹,*,*	0
0	だっ	助動詞,*,*,*	0
0	た	助動詞,*,*,*	0
0	前作	名詞,一般,*,*	0
0	の	助詞,連体化,*,*	0
0	『	記号,括弧開,*,*	0
1	地球	名詞,一般,*,*	0
1	戦隊	名詞,一般,*,*	0
1	ファイブ	名詞,一般,*,*	0
0	マン	名詞,一般,*,*	0
0	』	記号,括弧閉,*,*	0
0	で	助詞,格助詞,一般,*	0
0	の	助詞,連体化,*,*	0
0	反省	名詞,サ変接続,*,*	0
0	を	助詞,格助詞,一般,*	0
0	踏まえ	動詞,自立,*,*	0
0	、	記号,読点,*,*	0
1	マンネリ化	名詞,サ変接続,*,*	0
0	打破	名詞,サ変接続,*,*	0
0	、	記号,読点,*,*	0
0	更に	副詞,助詞類接続,*,*	0
0	は	助詞,係助詞,*,*	0
1	若手	名詞,一般,*,*	0
0	中心	名詞,一般,*,*	0
0	の	助詞,連体化,*,*	0
0	キャスティング	名詞,一般,*,*	0
0	を	助詞,格助詞,一般,*	0
0	取り入れ	動詞,自立,*,*	0
0	、	記号,読点,*,*	0
1	3	名詞,数,*,*	1
1	号	名詞,接尾,一般,*	0
1	ロボ	名詞,一般,*,*	1
1	登場	名詞,サ変接続,*,*	0
0	等	名詞,接尾,一般,*	0
0	の	助詞,連体化,*,*	0
0	革新	名詞,サ変接続,*,*	0
0	を	助詞,格助詞,一般,*	0
0	取り入れる	動詞,自立,*,*	0
0	など	助詞,副助詞,*,*	0
0	、	記号,読点,*,*	0
1	シリーズ	名詞,一般,*,*	0
0	打ち切り	名詞,一般,*,*	0
0	の	助詞,連体化,*,*	0
0	窮地	名詞,一般,*,*	0
0	に	助詞,格助詞,一般,*	0
0	立たさ	動詞,自立,*,*	0
0	れ	動詞,接尾,*,*	0
0	て	助詞,接続助詞,*,*	0
0	い	動詞,非自立,*,*	0
0	た	助動詞,*,*,*	0
1	スーパー	名詞,一般,*,*	0
1	戦隊	名詞,一般,*,*	0
1	シリーズ	名詞,一般,*,*	0
0	自体	名詞,一般,*,*	0
0	が	助詞,格助詞,一般,*	0
0	更	名詞,形容動詞語幹,*,*	0
0	なる	助動詞,*,*,*	0
0	転機	名詞,一般,*,*	0
0	(	記号_括弧開	0
0	ターニングポイント	名詞,一般,*,*	0
0	)	記号_括弧閉	0
0	を	助詞,格助詞,一般,*	0
0	迎え	動詞,自立,*,*	0
0	た	助動詞,*,*,*	0
0	作品	名詞,一般,*,*	0
0	。	記号,句点,*,*	0
0	戦隊	名詞,一般,*,*	0
0	の	助詞,連体化,*,*	0
0	モチーフ	名詞,一般,*,*	0
0	と	助詞,格助詞,一般,*	0
0	なっ	動詞,自立,*,*	0
0	て	助詞,接続助詞,*,*	0
0	いる	動詞,非自立,*,*	0
0	の	名詞,非自立,一般,*	0
0	は	助詞,係助詞,*,*	0
0	鳥	名詞,一般,*,*	0
0	で	助詞,格助詞,一般,*	0
0	『	記号,括弧開,*,*	0
1	科学	名詞,一般,*,*	0
1	忍者	名詞,一般,*,*	0
1	隊	名詞,接尾,一般,*	0
0	ガッチャマン	名詞,一般,*,*	1
0	』	記号,括弧閉,*,*	0
0	の	助詞,連体化,*,*	0
0	作風	名詞,一般,*,*	0
0	を	助詞,格助詞,一般,*	0
0	随所	名詞,一般,*,*	0
0	に	助詞,格助詞,一般,*	0
0	取り入れ	動詞,自立,*,*	0
0	た	助動詞,*,*,*	0
0	。	記号,句点,*,*	0
1	スーツ	名詞,一般,*,*	0
0	カラー	名詞,一般,*,*	0
0	・	記号_中黒	0
1	ジェット	名詞,一般,*,*	0
0	ホーク	名詞,一般,*,*	0
0	を	助詞,格助詞,一般,*	0
0	含む	動詞,自立,*,*	0
1	5	名詞,数,*,*	1
0	機	名詞,接尾,助数詞,*	0
0	の	助詞,連体化,*,*	0
1	戦闘	名詞,サ変接続,*,*	0
0	機	名詞,接尾,一般,*	0
0	・	記号_中黒	0
1	5	名詞,数,*,*	1
0	人	名詞,接尾,助数詞,*	0
0	が	助詞,格助詞,一般,*	0
0	翼	名詞,一般,*,*	0
0	を	助詞,格助詞,一般,*	0
0	使っ	動詞,自立,*,*	0
0	て	助詞,接続助詞,*,*	0
0	飛ぶ	動詞,自立,*,*	0
0	描写	名詞,サ変接続,*,*	0
0	・	記号_中黒	0
0	主人公	名詞,一般,*,*	0
0	と	助詞,並立助詞,*,*	0
0	サブリーダー	名詞,一般,*,*	0
0	の	助詞,連体化,*,*	0
1	ライバル	名詞,一般,*,*	0
0	関係	名詞,サ変接続,*,*	0
0	など	助詞,副助詞,*,*	0
0	、	記号,読点,*,*	0
0	『	記号,括弧開,*,*	0
0	ガッチャマン	名詞,固有名詞,一般,*	1
0	』	記号,括弧閉,*,*	0
0	と	助詞,格助詞,引用,*	0
0	似	動詞,自立,*,*	0
0	て	助詞,接続助詞,*,*	0
0	いる	動詞,非自立,*,*	0
0	点	名詞,非自立,一般,*	0
0	が	助詞,格助詞,一般,*	0
0	多数	名詞,副詞可能,*,*	0
0	見受け	動詞,自立,*,*	0
0	られ	動詞,接尾,*,*	0
0	、	記号,読点,*,*	0
1	5	名詞,数,*,*	1
0	種	名詞,接尾,助数詞,*	0
0	の	助詞,連体化,*,*	0
0	鳥	名詞,一般,*,*	0
0	の	助詞,連体化,*,*	0
0	モチーフ	名詞,一般,*,*	0
0	も	助詞,係助詞,*,*	0
0	ほぼ	副詞,一般,*,*	0
0	『	記号,括弧開,*,*	0
0	ガッチャマン	名詞,固有名詞,一般,*	1
0	』	記号,括弧閉,*,*	0
0	と	助詞,格助詞,引用,*	0
0	同じ	連体詞,*,*,*	0
0	で	助動詞,*,*,*	0
0	あり	助動詞,*,*,*	0
0	、	記号,読点,*,*	0
0	ある	連体詞,*,*,*	0
0	意味	名詞,サ変接続,*,*	0
1	実写	名詞,サ変接続,*,*	0
1	版	名詞,接尾,一般,*	0
1	『	記号,括弧開,*,*	0
1	ガッチャマン	名詞,固有名詞,一般,*	1
0	』	記号,括弧閉,*,*	0
0	と	助詞,格助詞,引用,*	0
0	も	助詞,係助詞,*,*	0
0	言える	動詞,自立,*,*	0
0	。	記号,句点,*,*	0
0	ただし	接続詞,*,*,*	0
0	、	記号,読点,*,*	0
0	「	記号,括弧開,*,*	0
0	鷲	名詞,一般,*,*	0
0	」	記号,括弧閉,*,*	0
0	が	助詞,格助詞,一般,*	0
0	「	記号,括弧開,*,*	0
0	鷹	名詞,一般,*,*	0
0	(	記号_括弧開	0
0	ホーク	名詞,一般,*,*	0
0	)	記号_括弧閉	0
0	」	記号,括弧閉,*,*	0
0	、	記号,読点,*,*	0
0	「	記号,括弧開,*,*	0
0	みみずく	名詞,一般,*,*	0
0	」	記号,括弧閉,*,*	0
0	が	助詞,格助詞,一般,*	0
0	「	記号,括弧開,*,*	0
0	ふくろう	名詞,一般,*,*	0
0	」	記号,括弧閉,*,*	0
0	に	助詞,格助詞,一般,*	0
0	変更	名詞,サ変接続,*,*	0
0	さ	動詞,自立,*,*	0
0	れ	動詞,接尾,*,*	0
0	て	助詞,接続助詞,*,*	0
0	いる	動詞,非自立,*,*	0
0	(	記号_括弧開	0
0	ただし	接続詞,*,*,*	0
0	英語	名詞,一般,*,*	0
0	の	助詞,連体化,*,*	0
0	owl	名詞,一般,*,*	1
0	に	助詞,格助詞,一般,*	0
0	両者	名詞,一般,*,*	0
0	の	助詞,連体化,*,*	0
0	区別	名詞,サ変接続,*,*	0
0	は	助詞,係助詞,*,*	0
0	ない	助動詞,*,*,*	0
0	)	記号_括弧閉	0
0	。	記号,句点,*,*	0
0	 	記号,空白,*,*	1
0	タイトル	名詞,一般,*,*	0
0	も	助詞,係助詞,*,*	0
0	決定	名詞,サ変接続,*,*	0
0	まで	助詞,副助詞,*,*	0
0	に	助詞,格助詞,一般,*	0
0	は	助詞,係助詞,*,*	0
1	度重なる	動詞,自立,*,*	0
0	変更	名詞,サ変接続,*,*	0
0	が	助詞,格助詞,一般,*	0
0	なさ	動詞,自立,*,*	0
0	れ	動詞,接尾,*,*	0
0	て	助詞,接続助詞,*,*	0
0	おり	動詞,非自立,*,*	0
0	、	記号,読点,*,*	0
1	オーディション	名詞,一般,*,*	0
0	当時	名詞,副詞可能,*,*	0
0	の	助詞,連体化,*,*	0
0	仮題	名詞,一般,*,*	0
0	は	助詞,係助詞,*,*	0
0	もっと	副詞,一般,*,*	0
0	ストレート	名詞,形容動詞語幹,*,*	0
0	な	助動詞,*,*,*	0
0	『	記号,括弧開,*,*	0
1	超人	名詞,一般,*,*	0
1	戦隊	名詞,一般,*,*	0
0	バードマン	名詞,一般,*,*	1
0	』	記号,括弧閉,*,*	0
0	と	助詞,格助詞,引用,*	0
0	さ	動詞,自立,*,*	0
0	れ	動詞,接尾,*,*	0
0	て	助詞,接続助詞,*,*	0
0	い	動詞,非自立,*,*	0
0	た	助動詞,*,*,*	0
0	こと	名詞,非自立,一般,*	0
0	が	助詞,格助詞,一般,*	0
0	、	記号,読点,*,*	0
1	ブラック	名詞,一般,*,*	0
0	コンドル	名詞,一般,*,*	0
0	 	記号,空白,*,*	1
0	/	名詞,サ変接続,*,*	1
0	 	記号,空白,*,*	1
1	結城	名詞,固有名詞,人名,姓	0
0	凱	名詞,一般,*,*	1
0	を	助詞,格助詞,一般,*	0
0	演じ	動詞,自立,*,*	0
0	た	助動詞,*,*,*	0
1	若松	名詞,固有名詞,人名,姓	0
0	俊秀	名詞,固有名詞,人名,名	0
0	の	助詞,連体化,*,*	0
0	回想	名詞,サ変接続,*,*	0
0	の	助詞,連体化,*,*	0
0	中	名詞,非自立,副詞可能,*	0
0	で	助詞,格助詞,一般,*	0
0	語ら	動詞,自立,*,*	0
0	れ	動詞,接尾,*,*	0
0	て	助詞,接続助詞,*,*	0
0	いる	動詞,非自立,*,*	0
0	[	記号_括弧開	0
0	1	名詞,数,*,*	1
0	]	記号_括弧閉	0
0	。	記号,句点,*,*	0
1	ジェット	名詞,一般,*,*	0
1	イカ	名詞,一般,*,*	0
0	ロス	名詞,固有名詞,地域,一般	0
0	の	助詞,連体化,*,*	0
0	剣	名詞,一般,*,*	0
0	で	助動詞,*,*,*	0
0	ある	助動詞,*,*,*	0
0	「	記号,括弧開,*,*	0
0	バードニックセイバー	名詞,固有名詞,一般,*	1
0	」	記号,括弧閉,*,*	0
0	と	助詞,格助詞,引用,*	0
1	ジェット	名詞,一般,*,*	0
0	マン	名詞,一般,*,*	0
0	に	助詞,格助詞,一般,*	0
0	なる	動詞,自立,*,*	0
0	ため	名詞,非自立,副詞可能,*	0
0	の	助詞,連体化,*,*	0
0	力	名詞,一般,*,*	0
0	で	助動詞,*,*,*	0
0	ある	助動詞,*,*,*	0
0	「	記号,括弧開,*,*	0
0	バードニックウェーブ	名詞,固有名詞,一般,*	1
0	」	記号,括弧閉,*,*	0
0	に	助詞,格助詞,一般,*	0
0	名残	名詞,一般,*,*	0
0	が	助詞,格助詞,一般,*	0
0	ある	動詞,自立,*,*	0
0	。	記号,句点,*,*	0
0	また	接続詞,*,*,*	0
1	メイン	名詞,一般,*,*	0
0	監督	名詞,サ変接続,*,*	0
0	の	助詞,連体化,*,*	0
1	雨宮	名詞,固有名詞,人名,姓	0
0	慶太	名詞,固有名詞,人名,名	0
0	は	助詞,係助詞,*,*	0
0	、	記号,読点,*,*	0
1	放映	名詞,サ変接続,*,*	0
1	開始	名詞,サ変接続,*,*	0
0	前	名詞,副詞可能,*,*	0
0	の	助詞,連体化,*,*	0
1	ニュータイプ	名詞,一般,*,*	0
0	誌上	名詞,一般,*,*	0
0	で	助詞,格助詞,一般,*	0
0	「	記号,括弧開,*,*	0
0	現在	名詞,副詞可能,*,*	0
0	、	記号,読点,*,*	0
1	戦隊	名詞,一般,*,*	0
1	シリーズ	名詞,一般,*,*	0
0	新作	名詞,サ変接続,*,*	0
0	『	記号,括弧開,*,*	0
0	ジャンプマン	名詞,一般,*,*	1
0	(	記号_括弧開	0
0	仮題	名詞,一般,*,*	0
0	)	記号_括弧閉	0
0	』	記号,括弧閉,*,*	0
0	の	助詞,連体化,*,*	0
0	準備	名詞,サ変接続,*,*	0
0	を	助詞,格助詞,一般,*	0
0	し	動詞,自立,*,*	0
0	て	助詞,接続助詞,*,*	0
0	いる	動詞,非自立,*,*	0
0	」	記号,括弧閉,*,*	0
0	と	助詞,格助詞,引用,*	0
0	語っ	動詞,自立,*,*	0
0	て	助詞,接続助詞,*,*	0
0	いる	動詞,非自立,*,*	0
0	。	記号,句点,*,*	0
0	前作	名詞,一般,*,*	0
0	で	助詞,格助詞,一般,*	0
0	は	助詞,係助詞,*,*	0
0	、	記号,読点,*,*	0
0	後半	名詞,副詞可能,*,*	0
0	こそ	助詞,係助詞,*,*	0
0	持ち直し	動詞,自立,*,*	0
0	た	助動詞,*,*,*	0
0	ものの	助詞,接続助詞,*,*	0
1	一	名詞,数,*,*	0
0	時	名詞,接尾,助数詞,*	0
0	は	助詞,係助詞,*,*	0
1	著しい	形容詞,自立,*,*	0
1	視聴	名詞,サ変接続,*,*	0
1	率	名詞,接尾,一般,*	0
0	不振	名詞,形容動詞語幹,*,*	0
0	に	助詞,格助詞,一般,*	0
0	陥り	動詞,自立,*,*	0
0	、	記号,読点,*,*	0
0	スポンサー	名詞,一般,*,*	0
0	の	助詞,連体化,*,*	0
0	反対	名詞,サ変接続,*,*	0
0	を	助詞,格助詞,一般,*	0
0	省み	動詞,自立,*,*	0
0	ず	助動詞,*,*,*	0
0	に	助詞,格助詞,一般,*	0
0	シリーズ	名詞,一般,*,*	0
0	そのもの	名詞,一般,*,*	0
0	の	助詞,連体化,*,*	0
0	打ち切り	名詞,一般,*,*	0
0	が	助詞,格助詞,一般,*	0
0	危惧さ	動詞,自立,*,*	0
0	れ	動詞,接尾,*,*	0
0	て	助詞,接続助詞,*,*	0
0	い	動詞,非自立,*,*	0
0	た	助動詞,*,*,*	0
0	。	記号,句点,*,*	0
0	この	連体詞,*,*,*	0
0	主因	名詞,一般,*,*	0
0	を	助詞,格助詞,一般,*	0
0	「	記号,括弧開,*,*	0
1	長期	名詞,一般,*,*	0
0	シリーズ	名詞,一般,*,*	0
0	に	助詞,格助詞,一般,*	0
0	は	助詞,係助詞,*,*	0
0	避け	動詞,自立,*,*	0
0	られ	動詞,接尾,*,*	0
0	ない	助動詞,*,*,*	0
0	マンネリ	名詞,一般,*,*	0
0	」	記号,括弧閉,*,*	0
0	に	助詞,格助詞,一般,*	0
0	ある	動詞,自立,*,*	0
0	と	助詞,格助詞,引用,*	0
0	み	動詞,自立,*,*	0
0	た	助動詞,*,*,*	0
1	東映	名詞,固有名詞,組織,*	0
0	プロデューサー	名詞,一般,*,*	0
1	鈴木	名詞,固有名詞,人名,姓	0
0	武幸	名詞,固有名詞,人名,名	0
0	は	助詞,係助詞,*,*	0
0	、	記号,読点,*,*	0
1	本	接頭詞,名詞接続,*,*	0
0	作品	名詞,一般,*,*	0
0	で	助詞,格助詞,一般,*	0
0	「	記号,括弧開,*,*	0
0	戦隊	名詞,一般,*,*	0
0	」	記号,括弧閉,*,*	0
0	の	助詞,連体化,*,*	0
0	革新	名詞,サ変接続,*,*	0
0	を	助詞,格助詞,一般,*	0
0	試み	動詞,自立,*,*	0
0	た	助動詞,*,*,*	0
0	。	記号,句点,*,*	0
0	当時	名詞,副詞可能,*,*	0
0	の	助詞,連体化,*,*	0
1	戦隊	名詞,一般,*,*	0
1	制作	名詞,サ変接続,*,*	0
0	現場	名詞,一般,*,*	0
0	について	助詞,格助詞,連語,*	0
0	東映	名詞,固有名詞,組織,*	0
0	の	助詞,連体化,*,*	0
1	白倉	名詞,固有名詞,人名,姓	0
1	伸一	名詞,固有名詞,人名,名	0
0	郎	名詞,一般,*,*	0
0	は	助詞,係助詞,*,*	0
0	「	記号,括弧開,*,*	0
0	『	記号,括弧開,*,*	0
1	地球	名詞,一般,*,*	0
1	戦隊	名詞,一般,*,*	0
1	ファイブ	名詞,一般,*,*	0
0	マン	名詞,一般,*,*	0
0	』	記号,括弧閉,*,*	0
0	から	助詞,格助詞,一般,*	0
0	『	記号,括弧開,*,*	0
1	恐竜	名詞,一般,*,*	0
1	戦隊	名詞,一般,*,*	0
0	ジュウレンジャー	名詞,一般,*,*	1
0	』	記号,括弧閉,*,*	0
0	の	助詞,連体化,*,*	0
0	ころ	名詞,非自立,副詞可能,*	0
0	まで	助詞,副助詞,*,*	0
0	は	助詞,係助詞,*,*	0
1	戦隊	名詞,一般,*,*	0
0	シリーズ	名詞,一般,*,*	0
0	は	助詞,係助詞,*,*	0
0	毎年	名詞,副詞可能,*,*	0
1	打ち切り	名詞,一般,*,*	0
0	覚悟	名詞,サ変接続,*,*	0
0	で	助詞,格助詞,一般,*	0
0	制作	名詞,サ変接続,*,*	0
0	さ	動詞,自立,*,*	0
0	れ	動詞,接尾,*,*	0
0	て	助詞,接続助詞,*,*	0
0	い	動詞,非自立,*,*	0
0	た	助動詞,*,*,*	0
0	」	記号,括弧閉,*,*	0
0	と	助詞,格助詞,引用,*	0
0	近年	名詞,副詞可能,*,*	0
0	証言	名詞,サ変接続,*,*	0
0	し	動詞,自立,*,*	0
0	て	助詞,接続助詞,*,*	0
0	い	動詞,非自立,*,*	0
0	たり	助詞,並立助詞,*,*	0
0	、	記号,読点,*,*	0
1	鈴木	名詞,固有名詞,人名,姓	0
1	武幸	名詞,固有名詞,人名,名	0
0	プロデューサー	名詞,一般,*,*	0
0	が	助詞,格助詞,一般,*	0
1	雨宮	名詞,固有名詞,人名,姓	0
0	慶太	名詞,固有名詞,人名,名	0
0	に	助詞,格助詞,一般,*	0
0	監督	名詞,サ変接続,*,*	0
0	を	助詞,格助詞,一般,*	0
0	オファー	名詞,サ変接続,*,*	0
0	し	動詞,自立,*,*	0
0	た	助動詞,*,*,*	0
0	とき	名詞,非自立,副詞可能,*	0
0	「	記号,括弧開,*,*	0
1	戦隊	名詞,一般,*,*	0
0	シリーズ	名詞,一般,*,*	0
0	は	助詞,係助詞,*,*	0
0	これ	名詞,代名詞,一般,*	0
0	(	記号_括弧開	0
0	『	記号,括弧開,*,*	0
1	ジェット	名詞,一般,*,*	0
0	マン	名詞,一般,*,*	0
0	』	記号,括弧閉,*,*	0
0	)	記号_括弧閉	0
0	が	助詞,格助詞,一般,*	0
0	最後	名詞,一般,*,*	0
0	に	助詞,格助詞,一般,*	0
0	なる	動詞,自立,*,*	0
0	かも	助詞,副助詞,*,*	0
0	しれ	動詞,自立,*,*	0
0	ない	助動詞,*,*,*	0
0	」	記号,括弧閉,*,*	0
0	と	助詞,格助詞,引用,*	0
0	漏らす	動詞,自立,*,*	0
0	など	助詞,副助詞,*,*	0
0	、	記号,読点,*,*	0
0	『	記号,括弧開,*,*	0
1	高速	名詞,一般,*,*	0
1	戦隊	名詞,一般,*,*	0
0	ターボレンジャー	名詞,一般,*,*	1
0	』	記号,括弧閉,*,*	0
0	の	助詞,連体化,*,*	0
0	ころ	名詞,非自立,副詞可能,*	0
0	から	助詞,格助詞,一般,*	0
0	徐々に	副詞,一般,*,*	0
0	続く	動詞,自立,*,*	0
1	視聴	名詞,サ変接続,*,*	0
1	率	名詞,接尾,一般,*	0
0	低下	名詞,サ変接続,*,*	0
0	が	助詞,格助詞,一般,*	0
1	戦隊	名詞,一般,*,*	0
1	シリーズ	名詞,一般,*,*	0
0	打ち切り	名詞,一般,*,*	0
0	の	助詞,連体化,*,*	0
0	危機	名詞,一般,*,*	0
0	を	助詞,格助詞,一般,*	0
0	招き	動詞,自立,*,*	0
0	つつ	助詞,接続助詞,*,*	0
0	あっ	動詞,自立,*,*	0
0	た	助動詞,*,*,*	0
0	。	記号,句点,*,*	0
0	ただし	接続詞,*,*,*	0
0	『	記号,括弧開,*,*	0
1	ファイブ	名詞,一般,*,*	0
0	マン	名詞,一般,*,*	0
0	』	記号,括弧閉,*,*	0
0	後半	名詞,副詞可能,*,*	0
0	で	助詞,格助詞,一般,*	0
0	は	助詞,係助詞,*,*	0
1	高	接頭詞,名詞接続,*,*	0
1	年齢	名詞,一般,*,*	0
0	層	名詞,接尾,一般,*	0
0	向け	名詞,接尾,一般,*	0
0	の	助詞,連体化,*,*	0
0	様々	名詞,形容動詞語幹,*,*	0
0	な	助動詞,*,*,*	0
0	策	名詞,一般,*,*	0
0	で	助詞,格助詞,一般,*	0
1	視聴	名詞,サ変接続,*,*	0
0	率	名詞,接尾,一般,*	0
0	が	助詞,格助詞,一般,*	0
0	前半	名詞,一般,*,*	0
0	より	助詞,格助詞,一般,*	0
0	向上	名詞,サ変接続,*,*	0
0	し	動詞,自立,*,*	0
0	た	助動詞,*,*,*	0
0	こと	名詞,非自立,一般,*	0
0	を	助詞,格助詞,一般,*	0
0	踏まえ	動詞,自立,*,*	0
0	て	助詞,接続助詞,*,*	0
0	、	記号,読点,*,*	0
0	設定	名詞,サ変接続,*,*	0
0	や	助詞,並立助詞,*,*	0
1	世界	名詞,一般,*,*	0
0	観	名詞,接尾,一般,*	0
0	の	助詞,連体化,*,*	0
0	構築	名詞,サ変接続,*,*	0
0	において	助詞,格助詞,連語,*	0
0	も	助詞,係助詞,*,*	0
1	革新	名詞,サ変接続,*,*	0
0	的	名詞,接尾,形容動詞語幹,*	0
0	な	助動詞,*,*,*	0
0	要素	名詞,一般,*,*	0
0	を	助詞,格助詞,一般,*	0
0	より	副詞,一般,*,*	0
0	多く	形容詞,自立,*,*	0
0	取り込み	動詞,自立,*,*	0
0	、	記号,読点,*,*	0
1	戦隊	名詞,一般,*,*	0
0	シリーズ	名詞,一般,*,*	0
0	の	助詞,連体化,*,*	0
1	新しい	形容詞,自立,*,*	0
1	可能	名詞,形容動詞語幹,*,*	0
0	性	名詞,接尾,一般,*	0
0	を	助詞,格助詞,一般,*	0
0	模索	名詞,サ変接続,*,*	0
0	し	動詞,自立,*,*	0
0	た	助動詞,*,*,*	0
0	作品	名詞,一般,*,*	0
0	が	助詞,格助詞,一般,*	0
0	制作	名詞,サ変接続,*,*	0
0	さ	動詞,自立,*,*	0
0	れる	動詞,接尾,*,*	0
0	こと	名詞,非自立,一般,*	0
0	に	助詞,格助詞,一般,*	0
0	なっ	動詞,自立,*,*	0
0	た	助動詞,*,*,*	0
0	。	記号,句点,*,*	0
