0	キジ	名詞,一般,*,*	0
0	(	記号_括弧開	0
1	雉	名詞,一般,*,*	1
0	子	名詞,接尾,一般,*	0
0	、	記号,読点,*,*	0
0	雉	名詞,固有名詞,組織,*	1
0	、	記号,読点,*,*	0
1	学名	名詞,一般,*,*	0
0	:	名詞,サ変接続,*,*	1
1	Phasianus	名詞,固有名詞,組織,*	1
1	 	記号,空白,*,*	1
0	versicolor	名詞,固有名詞,組織,*	1
0	)	記号_括弧閉	0
0	は	助詞,係助詞,*,*	0
0	、	記号,読点,*,*	0
1	キジ	名詞,一般,*,*	0
1	目	名詞,接尾,一般,*	0
1	キジ	名詞,一般,*,*	0
1	科	名詞,接尾,一般,*	0
1	キジ	名詞,一般,*,*	0
0	属	名詞,サ変接続,*,*	0
0	の	助詞,連体化,*,*	0
1	鳥	名詞,一般,*,*	0
1	の	助詞,連体化,*,*	0
0	一種	名詞,一般,*,*	0
0	。	記号,句点,*,*	0
0	日本	名詞,固有名詞,地域,国	0
0	の	助詞,連体化,*,*	0
0	国鳥	名詞,一般,*,*	0
0	。	記号,句点,*,*	0
0	また	接続詞,*,*,*	0
0	国内	名詞,一般,*,*	0
0	の	助詞,連体化,*,*	0
0	多く	名詞,副詞可能,*,*	0
0	の	助詞,連体化,*,*	0
0	自治体	名詞,一般,*,*	0
0	で	助詞,格助詞,一般,*	0
1	「	記号,括弧開,*,*	0
1	市町村	名詞,一般,*,*	0
1	の	助詞,連体化,*,*	0
1	鳥	名詞,一般,*,*	0
0	」	記号,括弧閉,*,*	0
0	に	助詞,格助詞,一般,*	0
0	指定	名詞,サ変接続,*,*	0
0	さ	動詞,自立,*,*	0
0	れ	動詞,接尾,*,*	0
0	て	助詞,接続助詞,*,*	0
0	いる	動詞,非自立,*,*	0
0	。	記号,句点,*,*	0
0	コウライキジ	名詞,一般,*,*	1
0	(	記号_括弧開	0
0	学名	名詞,一般,*,*	0
0	が	助詞,格助詞,一般,*	0
1	P	名詞,一般,*,*	1
1	.	記号_ピリオド	0
1	 	記号,空白,*,*	1
1	colchicus	名詞,固有名詞,組織,*	1
0	)	記号_括弧閉	0
0	の	助詞,連体化,*,*	0
1	亜	名詞,固有名詞,地域,一般	0
0	種	名詞,接尾,一般,*	0
0	(	記号_括弧開	0
1	P	名詞,固有名詞,組織,*	1
1	.	記号_ピリオド	0
1	 	記号,空白,*,*	1
1	colchicus	名詞,固有名詞,組織,*	1
1	 	記号,空白,*,*	1
0	versicolor	名詞,固有名詞,組織,*	1
0	)	記号_括弧閉	0
0	と	助詞,格助詞,引用,*	0
0	さ	動詞,自立,*,*	0
0	れる	動詞,接尾,*,*	0
0	場合	名詞,副詞可能,*,*	0
0	も	助詞,係助詞,*,*	0
0	ある	動詞,自立,*,*	0
0	。	記号,句点,*,*	0
1	種	名詞,一般,*,*	0
0	小名	名詞,一般,*,*	0
0	の	助詞,連体化,*,*	0
0	versicolor	名詞,一般,*,*	1
0	は	助詞,係助詞,*,*	0
0	、	記号,読点,*,*	0
0	ラテン語	名詞,一般,*,*	0
0	で	助詞,格助詞,一般,*	0
1	「	記号,括弧開,*,*	0
1	色変わり	名詞,一般,*,*	0
1	の	助詞,連体化,*,*	0
0	」	記号,括弧閉,*,*	0
0	を	助詞,格助詞,一般,*	0
0	意味	名詞,サ変接続,*,*	0
0	する	動詞,自立,*,*	0
0	。	記号,句点,*,*	0
1	日本	名詞,固有名詞,地域,国	0
1	の	助詞,連体化,*,*	0
0	古語	名詞,一般,*,*	0
0	で	助詞,格助詞,一般,*	0
0	は	助詞,係助詞,*,*	0
0	「	記号,括弧開,*,*	0
1	雉	名詞,一般,*,*	1
0	子	名詞,接尾,一般,*	0
0	（	記号,括弧開,*,*	0
1	きぎ	名詞,サ変接続,*,*	0
0	す	動詞,自立,*,*	0
0	）	記号,括弧閉,*,*	0
0	」	記号,括弧閉,*,*	0
0	。	記号,句点,*,*	0
0	キジ	名詞,一般,*,*	0
0	や	助詞,並立助詞,*,*	0
0	コウライキジ	名詞,一般,*,*	1
0	は	助詞,係助詞,*,*	0
0	、	記号,読点,*,*	0
0	世界中	名詞,一般,*,*	0
0	で	助詞,格助詞,一般,*	0
0	主要	名詞,形容動詞語幹,*,*	0
0	な	助動詞,*,*,*	0
1	狩猟	名詞,サ変接続,*,*	0
0	鳥	名詞,一般,*,*	0
0	と	助詞,格助詞,一般,*	0
0	なっ	動詞,自立,*,*	0
0	て	助詞,接続助詞,*,*	0
0	いる	動詞,非自立,*,*	0
0	。	記号,句点,*,*	0
1	キジ	名詞,一般,*,*	0
0	肉	名詞,一般,*,*	0
0	は	助詞,係助詞,*,*	0
0	食用	名詞,一般,*,*	0
0	と	助詞,格助詞,一般,*	0
0	さ	動詞,自立,*,*	0
0	れ	動詞,接尾,*,*	0
0	て	助詞,接続助詞,*,*	0
0	いる	動詞,非自立,*,*	0
0	。	記号,句点,*,*	0
0	日本	名詞,固有名詞,地域,国	0
0	で	助詞,格助詞,一般,*	0
0	は	助詞,係助詞,*,*	0
0	北海道	名詞,固有名詞,地域,一般	0
0	と	助詞,並立助詞,*,*	0
0	対馬	名詞,固有名詞,地域,一般	0
0	を	助詞,格助詞,一般,*	0
0	除く	動詞,自立,*,*	0
0	本州	名詞,固有名詞,地域,一般	0
0	、	記号,読点,*,*	0
0	四国	名詞,固有名詞,地域,一般	0
0	、	記号,読点,*,*	0
0	九州	名詞,固有名詞,地域,一般	0
0	に	助詞,格助詞,一般,*	0
0	留鳥	名詞,一般,*,*	0
0	として	助詞,格助詞,連語,*	0
0	分布	名詞,サ変接続,*,*	0
0	し	動詞,自立,*,*	0
0	て	助詞,接続助詞,*,*	0
0	いる	動詞,非自立,*,*	0
0	。	記号,句点,*,*	0
0	日本	名詞,固有名詞,地域,国	0
0	に	助詞,格助詞,一般,*	0
0	は	助詞,係助詞,*,*	0
0	、	記号,読点,*,*	0
1	東北	名詞,固有名詞,地域,一般	0
0	地方	名詞,一般,*,*	0
0	に	助詞,格助詞,一般,*	0
0	生息	名詞,サ変接続,*,*	0
0	する	動詞,自立,*,*	0
1	キタ	名詞,固有名詞,一般,*	0
0	キジ	名詞,一般,*,*	0
0	、	記号,読点,*,*	0
0	本州	名詞,固有名詞,地域,一般	0
0	・	記号_中黒	0
0	四国	名詞,固有名詞,地域,一般	0
0	の	助詞,連体化,*,*	0
1	大	接頭詞,名詞接続,*,*	0
0	部分	名詞,一般,*,*	0
0	に	助詞,格助詞,一般,*	0
0	生息	名詞,サ変接続,*,*	0
0	する	動詞,自立,*,*	0
0	トウカイキジ	名詞,一般,*,*	1
0	、	記号,読点,*,*	0
1	紀伊	名詞,固有名詞,地域,一般	0
0	半島	名詞,一般,*,*	0
0	など	助詞,副助詞,*,*	0
0	に	助詞,格助詞,一般,*	0
1	局地	名詞,一般,*,*	0
0	的	名詞,接尾,形容動詞語幹,*	0
0	に	助詞,副詞化,*,*	0
0	生息	名詞,サ変接続,*,*	0
0	する	動詞,自立,*,*	0
1	シマ	名詞,一般,*,*	0
0	キジ	名詞,一般,*,*	0
0	、	記号,読点,*,*	0
0	九州	名詞,固有名詞,地域,一般	0
0	に	助詞,格助詞,一般,*	0
0	生息	名詞,サ変接続,*,*	0
0	する	動詞,自立,*,*	0
0	キュウシュウキジ	名詞,一般,*,*	1
0	の	助詞,連体化,*,*	0
1	4	名詞,数,*,*	1
1	亜	名詞,固有名詞,地域,一般	0
0	種	名詞,接尾,一般,*	0
0	が	助詞,格助詞,一般,*	0
1	自然	名詞,形容動詞語幹,*,*	0
0	分布	名詞,サ変接続,*,*	0
0	し	動詞,自立,*,*	0
0	て	助詞,接続助詞,*,*	0
0	い	動詞,非自立,*,*	0
0	た	助動詞,*,*,*	0
0	。	記号,句点,*,*	0
1	ユーラシア	名詞,固有名詞,地域,一般	0
0	大陸	名詞,一般,*,*	0
0	が	助詞,格助詞,一般,*	0
0	原産地	名詞,一般,*,*	0
0	で	助動詞,*,*,*	0
0	ある	助動詞,*,*,*	0
0	コウライキジ	名詞,一般,*,*	1
1	（	記号,括弧開,*,*	0
1	Phasianus	名詞,固有名詞,組織,*	1
1	 	記号,空白,*,*	1
1	colchicus	名詞,固有名詞,組織,*	1
1	 	記号,空白,*,*	1
1	karpowi	名詞,固有名詞,組織,*	1
1	 	記号,空白,*,*	1
1	Buturlin	名詞,固有名詞,組織,*	1
0	）	記号,括弧閉,*,*	0
0	が	助詞,格助詞,一般,*	0
0	、	記号,読点,*,*	0
0	もともと	副詞,助詞類接続,*,*	0
0	キジ	名詞,一般,*,*	0
0	が	助詞,格助詞,一般,*	0
0	生息	名詞,サ変接続,*,*	0
0	し	動詞,自立,*,*	0
0	て	助詞,接続助詞,*,*	0
0	い	動詞,非自立,*,*	0
0	なかっ	助動詞,*,*,*	0
0	た	助動詞,*,*,*	0
0	北海道	名詞,固有名詞,地域,一般	0
0	と	助詞,並立助詞,*,*	0
0	対馬	名詞,固有名詞,地域,一般	0
0	に	助詞,格助詞,一般,*	0
1	狩猟	名詞,サ変接続,*,*	0
0	目的	名詞,一般,*,*	0
0	で	助詞,格助詞,一般,*	0
0	放鳥	名詞,サ変接続,*,*	0
0	さ	動詞,自立,*,*	0
0	れ	動詞,接尾,*,*	0
0	、	記号,読点,*,*	0
1	野生	名詞,サ変接続,*,*	0
0	化	名詞,接尾,サ変接続,*	0
0	し	動詞,自立,*,*	0
0	て	助詞,接続助詞,*,*	0
0	いる	動詞,非自立,*,*	0
0	。	記号,句点,*,*	0
