1	MIT	名詞,固有名詞,組織,*	1
1	 	記号,空白,*,*	1
0	License	名詞,固有名詞,組織,*	1
0	は	助詞,係助詞,*,*	0
0	、	記号,読点,*,*	0
0	マサチューセッツ工科大学	名詞,固有名詞,組織,*	0
0	を	助詞,格助詞,一般,*	0
0	起源	名詞,一般,*,*	0
0	と	助詞,格助詞,一般,*	0
0	する	動詞,自立,*,*	0
1	代表	名詞,サ変接続,*,*	0
1	的	名詞,接尾,形容動詞語幹,*	0
1	な	助動詞,*,*,*	0
1	ソフトウェア	名詞,一般,*,*	0
0	ライセンス	名詞,一般,*,*	0
0	で	助動詞,*,*,*	0
0	ある	助動詞,*,*,*	0
0	。	記号,句点,*,*	0
1	X	名詞,一般,*,*	1
1	11	名詞,数,*,*	1
1	 	記号,空白,*,*	1
0	License	名詞,一般,*,*	1
0	または	接続詞,*,*,*	0
1	X	名詞,一般,*,*	1
1	 	記号,空白,*,*	1
0	License	名詞,固有名詞,組織,*	1
0	と	助詞,格助詞,一般,*	0
0	表記	名詞,サ変接続,*,*	0
0	さ	動詞,自立,*,*	0
0	れる	動詞,接尾,*,*	0
0	こと	名詞,非自立,一般,*	0
0	も	助詞,係助詞,*,*	0
0	ある	動詞,自立,*,*	0
0	。	記号,句点,*,*	0
1	MIT	名詞,固有名詞,組織,*	1
1	 	記号,空白,*,*	1
0	License	名詞,固有名詞,組織,*	1
0	は	助詞,係助詞,*,*	0
0	GPL	名詞,固有名詞,組織,*	1
0	など	助詞,副助詞,*,*	0
0	と	助詞,格助詞,引用,*	0
0	は	助詞,係助詞,*,*	0
0	異なり	動詞,自立,*,*	0
0	、	記号,読点,*,*	0
1	コピー	名詞,サ変接続,*,*	0
0	レフト	名詞,一般,*,*	0
0	で	助詞,格助詞,一般,*	0
0	は	助詞,係助詞,*,*	0
0	なく	助動詞,*,*,*	0
0	、	記号,読点,*,*	0
1	オープン	名詞,サ変接続,*,*	0
0	ソース	名詞,一般,*,*	0
0	で	助動詞,*,*,*	0
0	ある	助動詞,*,*,*	0
0	か	助詞,副助詞／並立助詞／終助詞,*,*	0
0	ない	形容詞,自立,*,*	0
0	か	助詞,副助詞／並立助詞／終助詞,*,*	0
0	に	助詞,格助詞,一般,*	0
0	関わら	動詞,自立,*,*	0
0	ず	助動詞,*,*,*	0
1	再	接頭詞,名詞接続,*,*	0
0	利用	名詞,サ変接続,*,*	0
0	を	助詞,格助詞,一般,*	0
0	認め	動詞,自立,*,*	0
0	て	助詞,接続助詞,*,*	0
0	いる	動詞,非自立,*,*	0
0	。	記号,句点,*,*	0
1	BSD	名詞,固有名詞,組織,*	1
0	ライセンス	名詞,一般,*,*	0
0	を	助詞,格助詞,一般,*	0
0	ベース	名詞,一般,*,*	0
0	に	助詞,格助詞,一般,*	0
0	作成	名詞,サ変接続,*,*	0
0	さ	動詞,自立,*,*	0
0	れ	動詞,接尾,*,*	0
0	た	助動詞,*,*,*	0
1	BSD	名詞,一般,*,*	1
1	スタイル	名詞,一般,*,*	0
1	の	助詞,連体化,*,*	0
0	ライセンス	名詞,一般,*,*	0
0	の	助詞,連体化,*,*	0
0	一つ	名詞,一般,*,*	0
0	で	助動詞,*,*,*	0
0	ある	助動詞,*,*,*	0
0	。	記号,句点,*,*	0
1	MIT	名詞,固有名詞,組織,*	1
1	 	記号,空白,*,*	1
0	License	名詞,固有名詞,組織,*	1
0	は	助詞,係助詞,*,*	0
0	、	記号,読点,*,*	0
1	数	名詞,一般,*,*	0
1	ある	動詞,自立,*,*	0
0	ライセンス	名詞,一般,*,*	0
0	の	助詞,連体化,*,*	0
0	中	名詞,非自立,副詞可能,*	0
0	で	助詞,格助詞,一般,*	0
0	非常	名詞,形容動詞語幹,*,*	0
0	に	助詞,副詞化,*,*	0
1	制限	名詞,サ変接続,*,*	0
1	の	助詞,格助詞,一般,*	0
1	緩い	形容詞,自立,*,*	0
0	ライセンス	名詞,一般,*,*	0
0	と	助詞,格助詞,引用,*	0
0	言える	動詞,自立,*,*	0
0	。	記号,句点,*,*	0
1	X	名詞,固有名詞,組織,*	1
1	 	記号,空白,*,*	1
1	Window	名詞,固有名詞,組織,*	1
1	 	記号,空白,*,*	1
0	System	名詞,固有名詞,組織,*	1
0	 	記号,空白,*,*	1
0	(	名詞,サ変接続,*,*	1
1	X	名詞,一般,*,*	1
0	11	名詞,数,*,*	1
0	)	名詞,サ変接続,*,*	1
0	など	助詞,副助詞,*,*	0
0	の	助詞,連体化,*,*	0
0	ソフトウェア	名詞,一般,*,*	0
0	に	助詞,格助詞,一般,*	0
0	適用	名詞,サ変接続,*,*	0
0	さ	動詞,自立,*,*	0
0	れ	動詞,接尾,*,*	0
0	て	助詞,接続助詞,*,*	0
0	いる	動詞,非自立,*,*	0
0	。	記号,句点,*,*	0