1	ポケット	名詞,一般,*,*	0
0	モンスター	名詞,一般,*,*	0
0	(	記号_括弧開	0
1	POCKET	名詞,固有名詞,組織,*	1
1	 	記号,空白,*,*	1
0	MONSTERS	名詞,固有名詞,組織,*	1
0	)	記号_括弧閉	0
0	は	助詞,係助詞,*,*	0
0	、	記号,読点,*,*	0
1	株式会社	名詞,一般,*,*	0
0	ポケモン	名詞,一般,*,*	1
0	(	記号_括弧開	0
1	発売	名詞,サ変接続,*,*	0
0	当初	名詞,副詞可能,*,*	0
0	は	助詞,係助詞,*,*	0
0	任天堂	名詞,固有名詞,組織,*	0
0	)	記号_括弧閉	0
0	から	助詞,格助詞,一般,*	0
0	発売	名詞,サ変接続,*,*	0
0	さ	動詞,自立,*,*	0
0	れ	動詞,接尾,*,*	0
0	て	助詞,接続助詞,*,*	0
0	いる	動詞,非自立,*,*	0
1	ゲーム	名詞,一般,*,*	0
1	ソフト	名詞,一般,*,*	0
0	シリーズ	名詞,一般,*,*	0
0	の	助詞,連体化,*,*	0
0	名称	名詞,一般,*,*	0
0	で	助動詞,*,*,*	0
0	ある	助動詞,*,*,*	0
0	と	助詞,格助詞,引用,*	0
0	同時に	副詞,一般,*,*	0
0	、	記号,読点,*,*	0
1	同	接頭詞,名詞接続,*,*	0
0	作品	名詞,一般,*,*	0
0	に	助詞,格助詞,一般,*	0
0	登場	名詞,サ変接続,*,*	0
0	する	動詞,自立,*,*	0
0	架空	名詞,一般,*,*	0
0	の	助詞,連体化,*,*	0
0	生き物	名詞,一般,*,*	0
0	の	助詞,連体化,*,*	0
0	総称	名詞,サ変接続,*,*	0
0	で	助動詞,*,*,*	0
0	あり	助動詞,*,*,*	0
0	、	記号,読点,*,*	0
0	それら	名詞,代名詞,一般,*	0
0	を	助詞,格助詞,一般,*	0
0	題材	名詞,一般,*,*	0
0	に	助詞,格助詞,一般,*	0
0	し	動詞,自立,*,*	0
0	た	助動詞,*,*,*	0
0	アニメ	名詞,一般,*,*	0
0	を	助詞,格助詞,一般,*	0
0	始め	名詞,副詞可能,*,*	0
0	と	助詞,格助詞,一般,*	0
0	する	動詞,自立,*,*	0
1	メディアミックス	名詞,一般,*,*	0
1	作品	名詞,一般,*,*	0
0	群	名詞,接尾,一般,*	0
0	を	助詞,格助詞,一般,*	0
0	示す	動詞,自立,*,*	0
0	。	記号,句点,*,*	0
0	略称	名詞,サ変接続,*,*	0
0	及び	接続詞,*,*,*	0
1	漢字	名詞,一般,*,*	0
1	圏	名詞,接尾,一般,*	0
0	以外	名詞,非自立,副詞可能,*	0
0	で	助詞,格助詞,一般,*	0
0	の	助詞,連体化,*,*	0
0	呼称	名詞,サ変接続,*,*	0
0	は	助詞,係助詞,*,*	0
0	「	記号,括弧開,*,*	0
0	ポケモン	名詞,一般,*,*	1
0	(	記号_括弧開	0
0	Pokémon	名詞,固有名詞,組織,*	1
0	)	記号_括弧閉	0
0	」	記号,括弧閉,*,*	0
0	。	記号,句点,*,*	0
0	「	記号,括弧開,*,*	0
1	モンスター	名詞,一般,*,*	0
0	ボール	名詞,一般,*,*	0
0	に	助詞,格助詞,一般,*	0
0	入る	動詞,自立,*,*	0
0	と	助詞,接続助詞,*,*	0
0	ポケット	名詞,一般,*,*	0
0	に	助詞,格助詞,一般,*	0
0	入る	動詞,自立,*,*	0
0	から	助詞,接続助詞,*,*	0
0	、	記号,読点,*,*	0
0	ポケモン	名詞,一般,*,*	1
0	」	記号,括弧閉,*,*	0
0	という	助詞,格助詞,連語,*	0
0	愛称	名詞,一般,*,*	0
0	が	助詞,格助詞,一般,*	0
0	付け	動詞,自立,*,*	0
0	られ	動詞,接尾,*,*	0
0	て	助詞,接続助詞,*,*	0
0	いる	動詞,非自立,*,*	0
0	[	記号_括弧開	0
0	1	名詞,数,*,*	1
0	]	記号_括弧閉	0
0	。	記号,句点,*,*	0
1	1996	名詞,数,*,*	1
1	年	名詞,接尾,助数詞,*	0
1	2	名詞,数,*,*	1
1	月	名詞,一般,*,*	0
1	27	名詞,数,*,*	1
0	日	名詞,接尾,助数詞,*	0
0	に	助詞,格助詞,一般,*	0
1	ゲーム	名詞,一般,*,*	0
1	ボーイ	名詞,一般,*,*	0
1	用	名詞,接尾,一般,*	0
0	ソフト	名詞,一般,*,*	0
0	『	記号,括弧開,*,*	0
1	ポケット	名詞,一般,*,*	0
1	モンスター	名詞,一般,*,*	0
1	 	記号,空白,*,*	1
1	赤	名詞,一般,*,*	0
1	・	記号_中黒	0
0	緑	名詞,一般,*,*	0
0	』	記号,括弧閉,*,*	0
0	が	助詞,格助詞,一般,*	0
0	発売	名詞,サ変接続,*,*	0
0	さ	動詞,自立,*,*	0
0	れ	動詞,接尾,*,*	0
0	た	助動詞,*,*,*	0
0	。	記号,句点,*,*	0
0	開発元	名詞,一般,*,*	0
0	は	助詞,係助詞,*,*	0
1	ゲーム	名詞,一般,*,*	0
0	フリーク	名詞,固有名詞,一般,*	0
0	、	記号,読点,*,*	0
1	コンセプト	名詞,一般,*,*	0
0	メーカー	名詞,一般,*,*	0
0	に	助詞,格助詞,一般,*	0
0	し	動詞,自立,*,*	0
0	て	助詞,接続助詞,*,*	0
0	ディレクター	名詞,一般,*,*	0
0	を	助詞,格助詞,一般,*	0
0	務め	動詞,自立,*,*	0
0	た	助動詞,*,*,*	0
0	の	名詞,非自立,一般,*	0
0	は	助詞,係助詞,*,*	0
0	、	記号,読点,*,*	0
1	同社	名詞,一般,*,*	0
1	代表	名詞,サ変接続,*,*	0
0	取締役	名詞,一般,*,*	0
0	で	助詞,格助詞,一般,*	0
0	も	助詞,係助詞,*,*	0
0	ある	助動詞,*,*,*	0
1	田尻	名詞,固有名詞,人名,姓	0
0	智	名詞,固有名詞,人名,名	0
0	。	記号,句点,*,*	0
0	この	連体詞,*,*,*	0
0	作品	名詞,一般,*,*	0
0	が	助詞,格助詞,一般,*	0
0	小学生	名詞,一般,*,*	0
0	を	助詞,格助詞,一般,*	0
0	中心	名詞,一般,*,*	0
0	に	助詞,格助詞,一般,*	0
0	、	記号,読点,*,*	0
0	口コミ	名詞,一般,*,*	0
0	から	助詞,格助詞,一般,*	0
0	火	名詞,一般,*,*	0
0	が	助詞,格助詞,一般,*	0
0	点き	動詞,自立,*,*	0
1	大	接頭詞,名詞接続,*,*	0
0	ヒット	名詞,サ変接続,*,*	0
0	と	助詞,格助詞,一般,*	0
0	なり	動詞,自立,*,*	0
0	、	記号,読点,*,*	0
0	以降	名詞,副詞可能,*,*	0
0	も	助詞,係助詞,*,*	0
0	多く	名詞,副詞可能,*,*	0
0	の	助詞,連体化,*,*	0
0	続編	名詞,一般,*,*	0
0	が	助詞,格助詞,一般,*	0
0	発売	名詞,サ変接続,*,*	0
0	さ	動詞,自立,*,*	0
0	れ	動詞,接尾,*,*	0
0	て	助詞,接続助詞,*,*	0
0	いる	動詞,非自立,*,*	0
0	(	記号_括弧開	0
1	ポケット	名詞,一般,*,*	0
0	モンスター	名詞,一般,*,*	0
0	 	記号,空白,*,*	1
0	(	記号_括弧開	0
0	ゲーム	名詞,一般,*,*	0
0	)	記号_括弧閉	0
0	参照	名詞,サ変接続,*,*	0
0	)	記号_括弧閉	0
0	。	記号,句点,*,*	0
1	ゲーム	名詞,一般,*,*	0
1	本編	名詞,一般,*,*	0
0	作品	名詞,一般,*,*	0
0	だけ	助詞,副助詞,*,*	0
0	で	助動詞,*,*,*	0
0	なく	助動詞,*,*,*	0
0	、	記号,読点,*,*	0
1	派生	名詞,サ変接続,*,*	0
0	作品	名詞,一般,*,*	0
0	や	助詞,並立助詞,*,*	0
1	関連	名詞,サ変接続,*,*	0
0	作品	名詞,一般,*,*	0
0	が	助詞,格助詞,一般,*	0
0	数多く	形容詞,自立,*,*	0
0	発売	名詞,サ変接続,*,*	0
0	さ	動詞,自立,*,*	0
0	れ	動詞,接尾,*,*	0
0	て	助詞,接続助詞,*,*	0
0	いる	動詞,非自立,*,*	0
0	(	記号_括弧開	0
0	『	記号,括弧開,*,*	0
1	ポケモン	名詞,一般,*,*	1
1	不思議	名詞,形容動詞語幹,*,*	0
1	の	助詞,連体化,*,*	0
1	ダン	名詞,一般,*,*	0
0	ジョン	名詞,固有名詞,人名,名	0
0	』	記号,括弧閉,*,*	0
0	、	記号,読点,*,*	0
0	『	記号,括弧開,*,*	0
0	ポケットピカチュウ	名詞,固有名詞,一般,*	1
0	』	記号,括弧閉,*,*	0
0	など	助詞,副助詞,*,*	0
0	)	記号_括弧閉	0
0	。	記号,句点,*,*	0
0	ポケモン	名詞,一般,*,*	1
0	は	助詞,係助詞,*,*	0
0	ゲーム	名詞,一般,*,*	0
0	のみ	助詞,副助詞,*,*	0
0	なら	動詞,自立,*,*	0
0	ず	助動詞,*,*,*	0
0	、	記号,読点,*,*	0
1	アニメ	名詞,一般,*,*	0
0	化	名詞,接尾,サ変接続,*	0
0	や	助詞,並立助詞,*,*	0
1	キャラクター	名詞,一般,*,*	0
1	商品	名詞,一般,*,*	0
0	化	名詞,接尾,サ変接続,*	0
0	、	記号,読点,*,*	0
1	カード	名詞,一般,*,*	0
1	ゲーム	名詞,一般,*,*	0
0	化	名詞,接尾,サ変接続,*	0
0	さ	動詞,自立,*,*	0
0	れ	動詞,接尾,*,*	0
0	、	記号,読点,*,*	0
1	日本	名詞,固有名詞,地域,国	0
0	国外	名詞,一般,*,*	0
0	で	助詞,格助詞,一般,*	0
0	も	助詞,係助詞,*,*	0
0	人気	名詞,一般,*,*	0
0	を	助詞,格助詞,一般,*	0
0	得	動詞,自立,*,*	0
0	て	助詞,接続助詞,*,*	0
0	いる	動詞,非自立,*,*	0
0	。	記号,句点,*,*	0
0	そして	接続詞,*,*,*	0
0	その	連体詞,*,*,*	0
0	人気	名詞,一般,*,*	0
0	は	助詞,係助詞,*,*	0
0	現在	名詞,副詞可能,*,*	0
0	に	助詞,格助詞,一般,*	0
0	至る	動詞,自立,*,*	0
0	まで	助詞,副助詞,*,*	0
0	継続	名詞,サ変接続,*,*	0
0	し	動詞,自立,*,*	0
0	て	助詞,接続助詞,*,*	0
0	いる	動詞,非自立,*,*	0
0	。	記号,句点,*,*	0
1	2011	名詞,数,*,*	1
1	年	名詞,接尾,助数詞,*	0
0	現在	名詞,副詞可能,*,*	0
0	で	助詞,格助詞,一般,*	0
1	同	接頭詞,名詞接続,*,*	0
0	タイトル	名詞,一般,*,*	0
0	を	助詞,格助詞,一般,*	0
0	冠し	動詞,自立,*,*	0
0	た	助動詞,*,*,*	0
1	ゲーム	名詞,一般,*,*	0
0	ソフト	名詞,一般,*,*	0
0	の	助詞,連体化,*,*	0
1	販売	名詞,サ変接続,*,*	0
0	本数	名詞,一般,*,*	0
0	は	助詞,係助詞,*,*	0
0	、	記号,読点,*,*	0
1	全	接頭詞,名詞接続,*,*	0
0	世界	名詞,一般,*,*	0
0	で	助詞,格助詞,一般,*	0
1	2	名詞,数,*,*	1
1	億	名詞,数,*,*	0
1	3000	名詞,数,*,*	1
1	万	名詞,数,*,*	0
1	本	名詞,接尾,助数詞,*	0
0	以上	名詞,非自立,副詞可能,*	0
0	に	助詞,格助詞,一般,*	0
0	達する	動詞,自立,*,*	0
0	[	記号_括弧開	0
0	2	名詞,数,*,*	1
0	]	記号_括弧閉	0
0	。	記号,句点,*,*	0
1	本	接頭詞,名詞接続,*,*	0
0	シリーズ	名詞,一般,*,*	0
0	のみ	助詞,副助詞,*,*	0
0	の	助詞,連体化,*,*	0
0	場合	名詞,副詞可能,*,*	0
0	は	助詞,係助詞,*,*	0
1	2011	名詞,数,*,*	1
1	年	名詞,接尾,助数詞,*	0
0	時点	名詞,一般,*,*	0
0	で	助詞,格助詞,一般,*	0
0	の	助詞,連体化,*,*	0
1	最新	名詞,一般,*,*	0
0	作	名詞,接尾,一般,*	0
0	、	記号,読点,*,*	0
1	ニンテンドー	名詞,一般,*,*	1
0	DS	名詞,一般,*,*	1
0	『	記号,括弧開,*,*	0
1	ブラック	名詞,一般,*,*	0
1	・	記号_中黒	0
0	ホワイト	名詞,一般,*,*	0
0	』	記号,括弧閉,*,*	0
0	まで	助詞,副助詞,*,*	0
0	の	助詞,連体化,*,*	0
1	17	名詞,数,*,*	1
0	作品	名詞,一般,*,*	0
0	で	助詞,格助詞,一般,*	0
1	1	名詞,数,*,*	1
1	億	名詞,数,*,*	0
1	6000	名詞,数,*,*	1
1	万	名詞,数,*,*	0
1	本	名詞,接尾,助数詞,*	0
0	以上	名詞,非自立,副詞可能,*	0
0	と	助詞,格助詞,一般,*	0
0	なる	動詞,自立,*,*	0
0	[	記号_括弧開	0
0	3	名詞,数,*,*	1
0	]	記号_括弧閉	0
0	[	記号_括弧開	0
0	4	名詞,数,*,*	1
0	][	名詞,サ変接続,*,*	1
0	5	名詞,数,*,*	1
0	][	名詞,サ変接続,*,*	1
0	6	名詞,数,*,*	1
0	]。	名詞,サ変接続,*,*	1
0	これ	名詞,代名詞,一般,*	0
0	は	助詞,係助詞,*,*	0
1	RPG	名詞,固有名詞,組織,*	1
0	シリーズ	名詞,一般,*,*	0
0	として	助詞,格助詞,連語,*	0
0	は	助詞,係助詞,*,*	0
0	世界一	名詞,副詞可能,*,*	0
0	の	助詞,連体化,*,*	0
1	販売	名詞,サ変接続,*,*	0
0	本数	名詞,一般,*,*	0
0	と	助詞,格助詞,一般,*	0
0	なる	動詞,自立,*,*	0
0	。	記号,句点,*,*	0
0	この	連体詞,*,*,*	0
0	数字	名詞,一般,*,*	0
0	を	助詞,格助詞,一般,*	0
1	ゲーム	名詞,一般,*,*	0
1	キャラクター	名詞,一般,*,*	0
0	毎	名詞,接尾,一般,*	0
0	の	助詞,連体化,*,*	0
1	シリーズ	名詞,一般,*,*	0
0	別	名詞,接尾,一般,*	0
0	で	助詞,格助詞,一般,*	0
0	比較	名詞,サ変接続,*,*	0
0	し	動詞,自立,*,*	0
0	た	助動詞,*,*,*	0
0	場合	名詞,副詞可能,*,*	0
0	、	記号,読点,*,*	0
1	世界	名詞,一般,*,*	0
1	第	接頭詞,数接続,*,*	0
1	2	名詞,数,*,*	1
0	位	名詞,接尾,助数詞,*	0
0	の	助詞,連体化,*,*	0
0	数値	名詞,一般,*,*	0
0	で	助動詞,*,*,*	0
0	あり	助動詞,*,*,*	0
0	(	記号_括弧開	0
1	1	名詞,数,*,*	1
0	位	名詞,接尾,助数詞,*	0
0	は	助詞,係助詞,*,*	0
1	マリオ	名詞,固有名詞,一般,*	0
0	シリーズ	名詞,一般,*,*	0
0	の	助詞,連体化,*,*	0
1	2	名詞,数,*,*	1
1	億	名詞,数,*,*	0
1	6000	名詞,数,*,*	1
1	万	名詞,数,*,*	0
1	本	名詞,接尾,助数詞,*	0
0	以上	名詞,非自立,副詞可能,*	0
0	)	記号_括弧閉	0
0	[	記号_括弧開	0
0	7	名詞,数,*,*	1
0	]	記号_括弧閉	0
0	、	記号,読点,*,*	0
0	ゲーム	名詞,一般,*,*	0
0	を	助詞,格助詞,一般,*	0
0	含め	動詞,自立,*,*	0
0	た	助動詞,*,*,*	0
1	関連	名詞,サ変接続,*,*	0
0	市場	名詞,一般,*,*	0
0	(	記号_括弧開	0
0	いわゆる	連体詞,*,*,*	0
1	ポケモン	名詞,一般,*,*	1
0	市場	名詞,一般,*,*	0
0	)	記号_括弧閉	0
0	は	助詞,係助詞,*,*	0
0	年間	名詞,一般,*,*	0
0	で	助詞,格助詞,一般,*	0
1	全	接頭詞,名詞接続,*,*	0
1	世界	名詞,一般,*,*	0
1	3	名詞,数,*,*	1
1	兆	名詞,数,*,*	0
1	5000	名詞,数,*,*	1
1	億	名詞,数,*,*	0
1	円	名詞,接尾,助数詞,*	0
0	規模	名詞,一般,*,*	0
0	と	助詞,格助詞,一般,*	0
0	なっ	動詞,自立,*,*	0
0	て	助詞,接続助詞,*,*	0
0	いる	動詞,非自立,*,*	0
0	[	記号_括弧開	0
0	2	名詞,数,*,*	1
0	]	記号_括弧閉	0
0	。	記号,句点,*,*	0
1	多数	名詞,副詞可能,*,*	0
0	登場	名詞,サ変接続,*,*	0
0	する	動詞,自立,*,*	0
0	ポケモン	名詞,一般,*,*	1
0	の	助詞,連体化,*,*	0
1	キャラクター	名詞,一般,*,*	0
0	性	名詞,接尾,一般,*	0
0	も	助詞,係助詞,*,*	0
0	重要	名詞,形容動詞語幹,*,*	0
0	な	助動詞,*,*,*	0
0	要素	名詞,一般,*,*	0
0	の	助詞,連体化,*,*	0
0	一つ	名詞,一般,*,*	0
0	で	助動詞,*,*,*	0
0	あり	助動詞,*,*,*	0
0	、	記号,読点,*,*	0
0	中でも	副詞,一般,*,*	0
0	アニメ	名詞,一般,*,*	0
0	の	助詞,連体化,*,*	0
0	影響	名詞,サ変接続,*,*	0
0	で	助詞,格助詞,一般,*	0
0	ピカチュウ	名詞,一般,*,*	1
0	は	助詞,係助詞,*,*	0
0	様々	名詞,形容動詞語幹,*,*	0
0	な	助動詞,*,*,*	0
0	製品	名詞,一般,*,*	0
0	に	助詞,格助詞,一般,*	0
0	取り上げ	動詞,自立,*,*	0
0	られ	動詞,接尾,*,*	0
0	て	助詞,接続助詞,*,*	0
0	いる	動詞,非自立,*,*	0
0	。	記号,句点,*,*	0
0	現在	名詞,副詞可能,*,*	0
0	まで	助詞,副助詞,*,*	0
0	に	助詞,格助詞,一般,*	0
0	「	記号,括弧開,*,*	0
0	発見	名詞,サ変接続,*,*	0
0	」	記号,括弧閉,*,*	0
0	さ	動詞,自立,*,*	0
0	れ	動詞,接尾,*,*	0
0	て	助詞,接続助詞,*,*	0
0	いる	動詞,非自立,*,*	0
0	ポケモン	名詞,一般,*,*	1
0	の	助詞,連体化,*,*	0
0	数	名詞,一般,*,*	0
0	は	助詞,係助詞,*,*	0
1	648	名詞,数,*,*	1
0	種	名詞,接尾,助数詞,*	0
0	と	助詞,格助詞,一般,*	0
0	なっ	動詞,自立,*,*	0
0	て	助詞,接続助詞,*,*	0
0	いる	動詞,非自立,*,*	0
0	。	記号,句点,*,*	0
0	デオキシス	名詞,一般,*,*	1
0	や	助詞,並立助詞,*,*	0
0	ミノムッチ	名詞,一般,*,*	1
0	、	記号,読点,*,*	0
0	アンノーン	名詞,一般,*,*	1
0	など	助詞,副助詞,*,*	0
0	、	記号,読点,*,*	0
0	細かく	形容詞,自立,*,*	0
0	分け	動詞,自立,*,*	0
0	た	助動詞,*,*,*	0
0	場合	名詞,副詞可能,*,*	0
0	は	助詞,係助詞,*,*	0
1	670	名詞,数,*,*	1
0	匹	名詞,接尾,助数詞,*	0
0	を	助詞,格助詞,一般,*	0
0	超える	動詞,自立,*,*	0
0	(	記号_括弧開	0
1	ポケット	名詞,一般,*,*	0
0	モンスター	名詞,一般,*,*	0
0	 	記号,空白,*,*	1
0	(	記号_括弧開	0
0	架空	名詞,一般,*,*	0
0	の	助詞,連体化,*,*	0
0	生物	名詞,一般,*,*	0
0	)	記号_括弧閉	0
0	参照	名詞,サ変接続,*,*	0
0	)	記号_括弧閉	0
0	。	記号,句点,*,*	0
1	1997	名詞,数,*,*	1
1	年	名詞,接尾,助数詞,*	0
1	4	名詞,数,*,*	1
1	月	名詞,一般,*,*	0
1	1	名詞,数,*,*	1
0	日	名詞,接尾,助数詞,*	0
0	より	助詞,格助詞,一般,*	0
1	テレビ	名詞,一般,*,*	0
1	東京	名詞,固有名詞,地域,一般	0
0	系列	名詞,一般,*,*	0
0	にて	助詞,格助詞,一般,*	0
1	テレビ	名詞,一般,*,*	0
0	アニメ	名詞,一般,*,*	0
0	が	助詞,格助詞,一般,*	0
1	放送	名詞,サ変接続,*,*	0
0	開始	名詞,サ変接続,*,*	0
0	、	記号,読点,*,*	0
0	主人公	名詞,一般,*,*	0
0	サトシ	名詞,一般,*,*	1
0	及び	接続詞,*,*,*	0
0	、	記号,読点,*,*	0
0	その	連体詞,*,*,*	0
0	仲間	名詞,一般,*,*	0
0	と	助詞,並立助詞,*,*	0
0	彼ら	名詞,代名詞,一般,*	0
0	の	助詞,連体化,*,*	0
1	ポケモン	名詞,一般,*,*	1
0	達	名詞,接尾,一般,*	0
0	による	助詞,格助詞,連語,*	0
1	冒険	名詞,サ変接続,*,*	0
0	物語	名詞,一般,*,*	0
0	を	助詞,格助詞,一般,*	0
0	描き	動詞,自立,*,*	0
0	、	記号,読点,*,*	0
1	15	名詞,数,*,*	1
1	年	名詞,接尾,助数詞,*	0
0	以上	名詞,非自立,副詞可能,*	0
0	続く	動詞,自立,*,*	0
1	長寿	名詞,一般,*,*	0
0	番組	名詞,一般,*,*	0
0	と	助詞,格助詞,一般,*	0
0	なる	動詞,自立,*,*	0
0	(	記号_括弧開	0
1	ポケット	名詞,一般,*,*	0
0	モンスター	名詞,一般,*,*	0
0	 	記号,空白,*,*	1
0	(	記号_括弧開	0
0	アニメ	名詞,一般,*,*	0
0	)	記号_括弧閉	0
0	参照	名詞,サ変接続,*,*	0
0	)	記号_括弧閉	0
0	。	記号,句点,*,*	0
0	ポケモンバトル	名詞,一般,*,*	1
0	の	助詞,連体化,*,*	0
1	戦術	名詞,一般,*,*	0
0	性	名詞,接尾,一般,*	0
0	の	助詞,連体化,*,*	0
0	高	形容詞,自立,*,*	0
0	さ	名詞,接尾,特殊,*	0
0	を	助詞,格助詞,一般,*	0
0	再現	名詞,サ変接続,*,*	0
0	し	動詞,自立,*,*	0
0	た	助動詞,*,*,*	0
0	トレーディングカードゲーム	名詞,一般,*,*	1
0	 	記号,空白,*,*	1
0	(	記号_括弧開	0
0	TCG	名詞,固有名詞,組織,*	1
0	)	記号_括弧閉	0
0	 	記号,空白,*,*	1
0	『	記号,括弧開,*,*	0
0	ポケモンカード	名詞,固有名詞,一般,*	1
0	』	記号,括弧閉,*,*	0
0	シリーズ	名詞,一般,*,*	0
0	も	助詞,係助詞,*,*	0
0	制作	名詞,サ変接続,*,*	0
0	さ	動詞,自立,*,*	0
0	れ	動詞,接尾,*,*	0
0	て	助詞,接続助詞,*,*	0
0	おり	動詞,非自立,*,*	0
0	、	記号,読点,*,*	0
1	TCG	名詞,固有名詞,組織,*	1
1	プレイヤー	名詞,一般,*,*	0
0	層	名詞,接尾,一般,*	0
0	も	助詞,係助詞,*,*	0
0	巻き込ん	動詞,自立,*,*	0
0	で	助詞,接続助詞,*,*	0
0	ファン	名詞,一般,*,*	0
0	を	助詞,格助詞,一般,*	0
0	広げ	動詞,自立,*,*	0
0	た	助動詞,*,*,*	0
0	(	記号_括弧開	0
0	ポケモンカードゲーム	名詞,一般,*,*	1
0	参照	名詞,サ変接続,*,*	0
0	)	記号_括弧閉	0
0	。	記号,句点,*,*	0
0	なお	接続詞,*,*,*	0
0	、	記号,読点,*,*	0
0	略称	名詞,サ変接続,*,*	0
0	及び	接続詞,*,*,*	0
1	漢字	名詞,一般,*,*	0
1	圏	名詞,接尾,一般,*	0
0	以外	名詞,非自立,副詞可能,*	0
0	で	助詞,格助詞,一般,*	0
0	の	助詞,連体化,*,*	0
0	呼称	名詞,サ変接続,*,*	0
0	で	助動詞,*,*,*	0
0	ある	助動詞,*,*,*	0
0	「	記号,括弧開,*,*	0
0	ポケモン	名詞,固有名詞,一般,*	1
0	」	記号,括弧閉,*,*	0
0	は	助詞,係助詞,*,*	0
0	、	記号,読点,*,*	0
1	ポケモン	名詞,一般,*,*	1
0	関係	名詞,サ変接続,*,*	0
0	の	助詞,連体化,*,*	0
0	商品	名詞,一般,*,*	0
0	を	助詞,格助詞,一般,*	0
0	扱っ	動詞,自立,*,*	0
0	た	助動詞,*,*,*	0
0	事業	名詞,一般,*,*	0
0	を	助詞,格助詞,一般,*	0
0	展開	名詞,サ変接続,*,*	0
0	する	動詞,自立,*,*	0
1	会社	名詞,一般,*,*	0
0	名	名詞,接尾,一般,*	0
0	「	記号,括弧開,*,*	0
1	株式会社	名詞,一般,*,*	0
0	ポケモン	名詞,一般,*,*	1
0	」	記号,括弧閉,*,*	0
0	に	助詞,格助詞,一般,*	0
0	も	助詞,係助詞,*,*	0
0	使わ	動詞,自立,*,*	0
0	れ	動詞,接尾,*,*	0
0	て	助詞,接続助詞,*,*	0
0	いる	動詞,非自立,*,*	0
0	。	記号,句点,*,*	0
0	『	記号,括弧開,*,*	0
1	ポケット	名詞,一般,*,*	0
0	モンスター	名詞,一般,*,*	0
0	』	記号,括弧閉,*,*	0
0	シリーズ	名詞,一般,*,*	0
0	は	助詞,係助詞,*,*	0
0	、	記号,読点,*,*	0
0	「	記号,括弧開,*,*	0
1	ポケット	名詞,一般,*,*	0
0	モンスター	名詞,一般,*,*	0
0	(	記号_括弧開	0
0	以下	名詞,非自立,副詞可能,*	0
0	ポケモン	名詞,一般,*,*	1
0	)	記号_括弧閉	0
0	」	記号,括弧閉,*,*	0
0	という	助詞,格助詞,連語,*	0
0	不思議	名詞,形容動詞語幹,*,*	0
0	な	助動詞,*,*,*	0
0	生き物	名詞,一般,*,*	0
0	が	助詞,格助詞,一般,*	0
0	生息	名詞,サ変接続,*,*	0
0	する	動詞,自立,*,*	0
0	世界	名詞,一般,*,*	0
0	において	助詞,格助詞,連語,*	0
0	、	記号,読点,*,*	0
0	ポケモン	名詞,一般,*,*	1
0	を	助詞,格助詞,一般,*	0
0	自ら	名詞,副詞可能,*,*	0
0	の	助詞,連体化,*,*	0
0	パートナー	名詞,一般,*,*	0
0	として	助詞,格助詞,連語,*	0
1	ポケモン	名詞,一般,*,*	1
0	同士	名詞,一般,*,*	0
0	の	助詞,連体化,*,*	0
0	バトル	名詞,一般,*,*	0
0	を	助詞,格助詞,一般,*	0
0	行う	動詞,自立,*,*	0
1	「	記号,括弧開,*,*	0
1	ポケモントレーナー	名詞,固有名詞,一般,*	1
1	」	記号,括弧閉,*,*	0
0	達	名詞,接尾,一般,*	0
0	の	助詞,連体化,*,*	0
0	冒険	名詞,サ変接続,*,*	0
0	を	助詞,格助詞,一般,*	0
0	描く	動詞,自立,*,*	0
0	RPG	名詞,一般,*,*	1
0	で	助動詞,*,*,*	0
0	ある	助動詞,*,*,*	0
0	。	記号,句点,*,*	0
0	主人公	名詞,一般,*,*	0
0	(	記号_括弧開	0
0	プレイヤー	名詞,一般,*,*	0
0	)	記号_括弧閉	0
0	は	助詞,係助詞,*,*	0
0	、	記号,読点,*,*	0
0	ポケモントレーナー	名詞,一般,*,*	1
0	と	助詞,格助詞,一般,*	0
0	なり	動詞,自立,*,*	0
0	世界	名詞,一般,*,*	0
0	を	助詞,格助詞,一般,*	0
0	旅	名詞,サ変接続,*,*	0
0	する	動詞,自立,*,*	0
0	こと	名詞,非自立,一般,*	0
0	に	助詞,格助詞,一般,*	0
0	なる	動詞,自立,*,*	0
0	。	記号,句点,*,*	0
1	ゲーム	名詞,一般,*,*	0
0	内	名詞,接尾,一般,*	0
0	に	助詞,格助詞,一般,*	0
0	存在	名詞,サ変接続,*,*	0
0	する	動詞,自立,*,*	0
0	他	名詞,非自立,副詞可能,*	0
0	の	助詞,連体化,*,*	0
0	ポケモントレーナー	名詞,一般,*,*	1
0	と	助詞,格助詞,一般,*	0
0	の	助詞,連体化,*,*	0
0	対戦	名詞,サ変接続,*,*	0
0	を	助詞,格助詞,一般,*	0
0	多数	名詞,副詞可能,*,*	0
0	交え	動詞,自立,*,*	0
0	、	記号,読点,*,*	0
1	ジム	名詞,一般,*,*	0
0	バッジ	名詞,一般,*,*	0
0	を	助詞,格助詞,一般,*	0
0	集める	動詞,自立,*,*	0
0	こと	名詞,非自立,一般,*	0
0	で	助詞,格助詞,一般,*	0
0	ポケモンリーグ	名詞,一般,*,*	1
0	の	助詞,連体化,*,*	0
1	出場	名詞,サ変接続,*,*	0
0	条件	名詞,一般,*,*	0
0	を	助詞,格助詞,一般,*	0
0	得	動詞,自立,*,*	0
0	て	助詞,接続助詞,*,*	0
0	、	記号,読点,*,*	0
0	ポケモントレーナー	名詞,一般,*,*	1
0	の	助詞,連体化,*,*	0
0	頂点	名詞,一般,*,*	0
0	を	助詞,格助詞,一般,*	0
0	目指す	動詞,自立,*,*	0
0	。	記号,句点,*,*	0
0	また	接続詞,*,*,*	0
0	、	記号,読点,*,*	0
0	多く	名詞,副詞可能,*,*	0
0	の	助詞,連体化,*,*	0
0	ポケモン	名詞,一般,*,*	1
0	を	助詞,格助詞,一般,*	0
0	捕まえる	動詞,自立,*,*	0
0	こと	名詞,非自立,一般,*	0
0	で	助詞,格助詞,一般,*	0
1	ポケモン	名詞,一般,*,*	1
0	図鑑	名詞,一般,*,*	0
0	の	助詞,連体化,*,*	0
0	完成	名詞,サ変接続,*,*	0
0	を	助詞,格助詞,一般,*	0
0	目指す	動詞,自立,*,*	0
0	など	助詞,副助詞,*,*	0
0	の	助詞,連体化,*,*	0
0	目的	名詞,一般,*,*	0
0	が	助詞,格助詞,一般,*	0
0	ある	動詞,自立,*,*	0
0	。	記号,句点,*,*	0
0	片田舎	名詞,一般,*,*	0
0	に	助詞,格助詞,一般,*	0
0	暮らす	動詞,自立,*,*	0
0	主人公	名詞,一般,*,*	0
0	が	助詞,格助詞,一般,*	0
0	各地	名詞,一般,*,*	0
0	を	助詞,格助詞,一般,*	0
0	旅	名詞,サ変接続,*,*	0
0	し	動詞,自立,*,*	0
0	、	記号,読点,*,*	0
0	ライバル	名詞,一般,*,*	0
0	と	助詞,格助詞,一般,*	0
0	の	助詞,連体化,*,*	0
0	対決	名詞,サ変接続,*,*	0
0	・	記号_中黒	0
0	さまざま	名詞,形容動詞語幹,*,*	0
0	な	助動詞,*,*,*	0
0	街	名詞,一般,*,*	0
0	で	助詞,格助詞,一般,*	0
0	の	助詞,連体化,*,*	0
0	人々	名詞,一般,*,*	0
0	と	助詞,格助詞,一般,*	0
0	の	助詞,連体化,*,*	0
0	出会い	名詞,一般,*,*	0
0	・	記号_中黒	0
0	ポケモン	名詞,固有名詞,組織,*	1
0	と	助詞,格助詞,一般,*	0
0	の	助詞,連体化,*,*	0
0	出会い	名詞,一般,*,*	0
0	と	助詞,格助詞,一般,*	0
0	育成	名詞,サ変接続,*,*	0
0	など	助詞,副助詞,*,*	0
0	の	助詞,連体化,*,*	0
0	ストーリー	名詞,一般,*,*	0
0	は	助詞,係助詞,*,*	0
0	、	記号,読点,*,*	0
1	少年	名詞,一般,*,*	0
1	・	記号_中黒	0
1	少女	名詞,一般,*,*	0
0	時代	名詞,一般,*,*	0
0	の	助詞,連体化,*,*	0
0	思い出	名詞,一般,*,*	0
0	に	助詞,格助詞,一般,*	0
0	近い	形容詞,自立,*,*	0
0	など	助詞,副助詞,*,*	0
0	大人	名詞,一般,*,*	0
0	でも	助詞,副助詞,*,*	0
0	楽しめる	動詞,自立,*,*	0
0	深い	形容詞,自立,*,*	0
0	もの	名詞,非自立,一般,*	0
0	で	助動詞,*,*,*	0
0	も	助詞,係助詞,*,*	0
0	ある	動詞,自立,*,*	0
0	。	記号,句点,*,*	0
0	さらに	副詞,助詞類接続,*,*	0
0	、	記号,読点,*,*	0
0	友達	名詞,一般,*,*	0
0	と	助詞,格助詞,一般,*	0
0	対戦	名詞,サ変接続,*,*	0
0	し	動詞,自立,*,*	0
0	たり	助詞,並立助詞,*,*	0
0	ポケモン	名詞,一般,*,*	1
0	を	助詞,格助詞,一般,*	0
0	交換	名詞,サ変接続,*,*	0
0	できる	動詞,自立,*,*	0
1	通信	名詞,サ変接続,*,*	0
0	機能	名詞,サ変接続,*,*	0
0	が	助詞,格助詞,一般,*	0
0	ある	動詞,自立,*,*	0
0	。	記号,句点,*,*	0
1	システム	名詞,一般,*,*	0
0	面	名詞,接尾,一般,*	0
0	など	助詞,副助詞,*,*	0
0	における	助詞,格助詞,連語,*	0
0	詳細	名詞,形容動詞語幹,*,*	0
0	は	助詞,係助詞,*,*	0
1	ポケット	名詞,一般,*,*	0
0	モンスター	名詞,一般,*,*	0
0	 	記号,空白,*,*	1
0	(	記号_括弧開	0
0	ゲーム	名詞,一般,*,*	0
0	)	記号_括弧閉	0
0	を	助詞,格助詞,一般,*	0
0	参照	名詞,サ変接続,*,*	0
0	。	記号,句点,*,*	0
1	ゲーム	名詞,一般,*,*	0
1	本編	名詞,一般,*,*	0
0	作品	名詞,一般,*,*	0
0	として	助詞,格助詞,連語,*	0
0	は	助詞,係助詞,*,*	0
0	、	記号,読点,*,*	0
0	日本	名詞,固有名詞,地域,国	0
0	で	助詞,格助詞,一般,*	0
0	は	助詞,係助詞,*,*	0
0	以下	名詞,非自立,副詞可能,*	0
0	の	助詞,連体化,*,*	0
1	各	接頭詞,名詞接続,*,*	0
0	バージョン	名詞,一般,*,*	0
0	が	助詞,格助詞,一般,*	0
1	発売	名詞,サ変接続,*,*	0
1	・	記号_中黒	0
0	発表	名詞,サ変接続,*,*	0
0	さ	動詞,自立,*,*	0
0	れ	動詞,接尾,*,*	0
0	て	助詞,接続助詞,*,*	0
0	いる	動詞,非自立,*,*	0
0	。	記号,句点,*,*	0
1	カッコ	名詞,一般,*,*	0
0	内	名詞,接尾,一般,*	0
0	は	助詞,係助詞,*,*	0
1	発売	名詞,サ変接続,*,*	0
0	日	名詞,接尾,一般,*	0
0	と	助詞,格助詞,一般,*	0
1	対応	名詞,サ変接続,*,*	0
0	機種	名詞,一般,*,*	0
0	を	助詞,格助詞,一般,*	0
0	表し	動詞,自立,*,*	0
0	て	助詞,接続助詞,*,*	0
0	いる	動詞,非自立,*,*	0
0	。	記号,句点,*,*	0
1	追加	名詞,サ変接続,*,*	0
0	要素	名詞,一般,*,*	0
0	を	助詞,格助詞,一般,*	0
0	含ん	動詞,自立,*,*	0
0	だ	助動詞,*,*,*	0
1	新	接頭詞,名詞接続,*,*	0
0	バージョン	名詞,一般,*,*	0
0	(	記号_括弧開	0
0	『	記号,括弧開,*,*	0
0	青	名詞,一般,*,*	0
0	』	記号,括弧閉,*,*	0
0	、	記号,読点,*,*	0
0	『	記号,括弧開,*,*	0
0	ピカチュウ	名詞,固有名詞,一般,*	1
0	』	記号,括弧閉,*,*	0
0	、	記号,読点,*,*	0
0	『	記号,括弧開,*,*	0
0	クリスタル	名詞,一般,*,*	0
0	』	記号,括弧閉,*,*	0
0	、	記号,読点,*,*	0
0	『	記号,括弧開,*,*	0
0	エメラルド	名詞,一般,*,*	0
0	』	記号,括弧閉,*,*	0
0	、	記号,読点,*,*	0
0	『	記号,括弧開,*,*	0
0	プラチナ	名詞,一般,*,*	0
0	』	記号,括弧閉,*,*	0
0	)	記号_括弧閉	0
0	や	助詞,並立助詞,*,*	0
0	、	記号,読点,*,*	0
1	リメイク	名詞,一般,*,*	1
0	作品	名詞,一般,*,*	0
0	(	記号_括弧開	0
0	『	記号,括弧開,*,*	0
1	ファイア	名詞,一般,*,*	0
1	レッド	名詞,一般,*,*	0
1	・	記号_中黒	0
1	リーフ	名詞,一般,*,*	0
0	グリーン	名詞,一般,*,*	0
0	』	記号,括弧閉,*,*	0
0	、	記号,読点,*,*	0
0	『	記号,括弧開,*,*	0
1	ハート	名詞,固有名詞,人名,姓	0
1	ゴールド	名詞,一般,*,*	0
1	・	記号_中黒	0
1	ソウル	名詞,固有名詞,地域,一般	0
0	シルバー	名詞,一般,*,*	0
0	』	記号,括弧閉,*,*	0
0	)	記号_括弧閉	0
0	など	助詞,副助詞,*,*	0
0	も	助詞,係助詞,*,*	0
0	発売	名詞,サ変接続,*,*	0
0	さ	動詞,自立,*,*	0
0	れ	動詞,接尾,*,*	0
0	て	助詞,接続助詞,*,*	0
0	いる	動詞,非自立,*,*	0
0	。	記号,句点,*,*	0
0	収集	名詞,サ変接続,*,*	0
0	・	記号_中黒	0
0	育成	名詞,サ変接続,*,*	0
0	を	助詞,格助詞,一般,*	0
0	楽しむ	動詞,自立,*,*	0
0	趣味	名詞,一般,*,*	0
0	や	助詞,並立助詞,*,*	0
0	遊び	名詞,一般,*,*	0
0	は	助詞,係助詞,*,*	0
0	以前	名詞,副詞可能,*,*	0
0	から	助詞,格助詞,一般,*	0
0	存在	名詞,サ変接続,*,*	0
0	し	動詞,自立,*,*	0
0	て	助詞,接続助詞,*,*	0
0	い	動詞,非自立,*,*	0
0	た	助動詞,*,*,*	0
0	。	記号,句点,*,*	0
1	1971	名詞,数,*,*	1
1	年	名詞,接尾,助数詞,*	0
1	 	記号,空白,*,*	1
1	-	名詞,サ変接続,*,*	1
1	 	記号,空白,*,*	1
1	1972	名詞,数,*,*	1
0	年	名詞,接尾,助数詞,*	0
0	に	助詞,格助詞,一般,*	0
0	「	記号,括弧開,*,*	0
1	仮面ライダー	名詞,固有名詞,一般,*	0
0	スナック	名詞,一般,*,*	0
0	」	記号,括弧閉,*,*	0
0	の	助詞,連体化,*,*	0
1	仮面ライダー	名詞,固有名詞,一般,*	0
0	カード	名詞,一般,*,*	0
0	の	助詞,連体化,*,*	0
1	コレクション	名詞,一般,*,*	0
0	ブーム	名詞,一般,*,*	0
0	が	助詞,格助詞,一般,*	0
0	ある	動詞,自立,*,*	0
0	。	記号,句点,*,*	0
1	1986	名詞,数,*,*	1
0	年	名詞,接尾,助数詞,*	0
0	に	助詞,格助詞,一般,*	0
0	は	助詞,係助詞,*,*	0
0	、	記号,読点,*,*	0
0	ファミコン	名詞,一般,*,*	0
0	で	助詞,格助詞,一般,*	0
0	『	記号,括弧開,*,*	0
1	ドラゴン	名詞,一般,*,*	0
0	クエスト	名詞,一般,*,*	0
0	』	記号,括弧閉,*,*	0
0	が	助詞,格助詞,一般,*	0
0	、	記号,読点,*,*	0
1	1987	名詞,数,*,*	1
0	年	名詞,接尾,助数詞,*	0
0	に	助詞,格助詞,一般,*	0
0	は	助詞,係助詞,*,*	0
0	『	記号,括弧開,*,*	0
1	ファイナル	名詞,一般,*,*	0
0	ファンタジー	名詞,固有名詞,一般,*	0
0	』	記号,括弧閉,*,*	0
0	が	助詞,格助詞,一般,*	0
0	発売	名詞,サ変接続,*,*	0
0	さ	動詞,自立,*,*	0
0	れ	動詞,接尾,*,*	0
0	て	助詞,接続助詞,*,*	0
0	おり	動詞,非自立,*,*	0
0	、	記号,読点,*,*	0
0	ポケモン	名詞,一般,*,*	1
0	発売	名詞,サ変接続,*,*	0
0	の	助詞,連体化,*,*	0
1	1996	名詞,数,*,*	1
0	年	名詞,接尾,助数詞,*	0
0	まで	助詞,副助詞,*,*	0
0	に	助詞,格助詞,一般,*	0
0	多く	名詞,副詞可能,*,*	0
0	の	助詞,連体化,*,*	0
0	続編	名詞,一般,*,*	0
0	も	助詞,係助詞,*,*	0
0	発売	名詞,サ変接続,*,*	0
0	さ	動詞,自立,*,*	0
0	れ	動詞,接尾,*,*	0
0	、	記号,読点,*,*	0
0	その後	名詞,副詞可能,*,*	0
0	も	助詞,係助詞,*,*	0
0	続く	動詞,自立,*,*	0
1	人気	名詞,一般,*,*	0
0	ロールプレイングゲーム	名詞,一般,*,*	1
0	(	記号_括弧開	0
0	RPG	名詞,固有名詞,組織,*	1
0	)	記号_括弧閉	0
0	シリーズ	名詞,一般,*,*	0
0	として	助詞,格助詞,連語,*	0
0	定着	名詞,サ変接続,*,*	0
0	し	動詞,自立,*,*	0
0	て	助詞,接続助詞,*,*	0
0	いる	動詞,非自立,*,*	0
0	。	記号,句点,*,*	0
1	1988	名詞,数,*,*	1
1	年	名詞,接尾,助数詞,*	0
1	 	記号,空白,*,*	1
1	-	名詞,サ変接続,*,*	1
1	 	記号,空白,*,*	1
1	1993	名詞,数,*,*	1
0	年	名詞,接尾,助数詞,*	0
0	に	助詞,格助詞,一般,*	0
0	は	助詞,係助詞,*,*	0
0	ロッテ	名詞,固有名詞,組織,*	0
0	の	助詞,連体化,*,*	0
0	『	記号,括弧開,*,*	0
0	ビックリマンチョコ	名詞,固有名詞,一般,*	1
0	』	記号,括弧閉,*,*	0
0	が	助詞,格助詞,一般,*	0
0	、	記号,読点,*,*	0
1	第	接頭詞,数接続,*,*	0
1	10	名詞,数,*,*	1
0	代目	名詞,接尾,助数詞,*	0
0	の	助詞,連体化,*,*	0
1	天使	名詞,一般,*,*	0
1	悪魔	名詞,一般,*,*	0
0	シリーズ	名詞,一般,*,*	0
0	の	助詞,連体化,*,*	0
1	シール	名詞,一般,*,*	0
0	集め	名詞,サ変接続,*,*	0
0	で	助詞,格助詞,一般,*	0
1	爆発	名詞,サ変接続,*,*	0
0	的	名詞,接尾,形容動詞語幹,*	0
0	な	助動詞,*,*,*	0
0	ブーム	名詞,一般,*,*	0
0	と	助詞,格助詞,一般,*	0
0	なっ	動詞,自立,*,*	0
0	た	助動詞,*,*,*	0
0	。	記号,句点,*,*	0
0	小学館	名詞,固有名詞,組織,*	0
0	は	助詞,係助詞,*,*	0
0	自社	名詞,固有名詞,組織,*	0
0	の	助詞,連体化,*,*	0
0	雑誌	名詞,一般,*,*	0
0	『	記号,括弧開,*,*	0
1	月刊	名詞,一般,*,*	0
0	コロコロコミック	名詞,一般,*,*	1
0	』	記号,括弧閉,*,*	0
0	や	助詞,並立助詞,*,*	0
0	アニメ	名詞,一般,*,*	0
0	を	助詞,格助詞,一般,*	0
0	含む	動詞,自立,*,*	0
0	、	記号,読点,*,*	0
1	大	接頭詞,名詞接続,*,*	0
0	規模	名詞,一般,*,*	0
0	な	助動詞,*,*,*	0
1	メディアミックス	名詞,一般,*,*	0
0	戦略	名詞,一般,*,*	0
0	で	助詞,格助詞,一般,*	0
0	この	連体詞,*,*,*	0
0	ブーム	名詞,一般,*,*	0
0	を	助詞,格助詞,一般,*	0
0	後押し	名詞,サ変接続,*,*	0
0	し	動詞,自立,*,*	0
0	て	助詞,接続助詞,*,*	0
0	い	動詞,非自立,*,*	0
0	た	助動詞,*,*,*	0
0	。	記号,句点,*,*	0
0	この	連体詞,*,*,*	0
0	路線	名詞,一般,*,*	0
0	で	助詞,格助詞,一般,*	0
0	、	記号,読点,*,*	0
1	作り	名詞,一般,*,*	0
1	込み	名詞,接尾,一般,*	0
1	・	記号_中黒	0
1	対戦	名詞,サ変接続,*,*	0
1	型	名詞,接尾,一般,*	0
1	おもちゃ	名詞,一般,*,*	0
1	ミニ	名詞,一般,*,*	0
1	四	名詞,数,*,*	0
0	駆	動詞,自立,*,*	0
0	や	助詞,並立助詞,*,*	0
1	収集	名詞,サ変接続,*,*	0
1	・	記号_中黒	0
1	対戦	名詞,サ変接続,*,*	0
1	型	名詞,接尾,一般,*	0
1	おもちゃ	名詞,一般,*,*	0
1	バーコード	名詞,一般,*,*	0
0	バトラー	名詞,固有名詞,人名,一般	0
0	、	記号,読点,*,*	0
0	さらに	副詞,助詞類接続,*,*	0
0	は	助詞,係助詞,*,*	0
0	ポケモンブーム	名詞,一般,*,*	1
0	を	助詞,格助詞,一般,*	0
0	後押し	名詞,サ変接続,*,*	0
0	する	動詞,自立,*,*	0
0	こと	名詞,非自立,一般,*	0
0	に	助詞,格助詞,一般,*	0
0	なる	動詞,自立,*,*	0
0	。	記号,句点,*,*	0
1	1989	名詞,数,*,*	1
0	年	名詞,接尾,助数詞,*	0
0	、	記号,読点,*,*	0
0	ポケモン	名詞,一般,*,*	1
0	の	助詞,連体化,*,*	0
0	生み	名詞,非自立,一般,*	0
0	の	助詞,連体化,*,*	0
0	親	名詞,一般,*,*	0
0	で	助動詞,*,*,*	0
0	ある	助動詞,*,*,*	0
1	田尻	名詞,固有名詞,人名,姓	0
0	智	名詞,固有名詞,人名,名	0
0	が	助詞,格助詞,一般,*	0
0	「	記号,括弧開,*,*	0
1	ゲーム	名詞,一般,*,*	0
0	フリーク	名詞,固有名詞,一般,*	0
0	」	記号,括弧閉,*,*	0
0	を	助詞,格助詞,一般,*	0
0	設立	名詞,サ変接続,*,*	0
0	。	記号,句点,*,*	0
0	同年	名詞,副詞可能,*,*	0
0	に	助詞,格助詞,一般,*	0
0	は	助詞,係助詞,*,*	0
1	ゲーム	名詞,一般,*,*	0
1	フリーク	名詞,固有名詞,一般,*	0
0	初	名詞,接尾,一般,*	0
0	の	助詞,連体化,*,*	0
1	ゲーム	名詞,一般,*,*	0
0	作品	名詞,一般,*,*	0
0	『	記号,括弧開,*,*	0
0	クインティ	名詞,固有名詞,一般,*	1
0	』	記号,括弧閉,*,*	0
0	を	助詞,格助詞,一般,*	0
0	ナムコ	名詞,固有名詞,組織,*	0
0	から	助詞,格助詞,一般,*	0
0	発売	名詞,サ変接続,*,*	0
0	し	動詞,自立,*,*	0
0	た	助動詞,*,*,*	0
0	。	記号,句点,*,*	0
0	『	記号,括弧開,*,*	0
0	クインティ	名詞,固有名詞,一般,*	1
0	』	記号,括弧閉,*,*	0
0	は	助詞,係助詞,*,*	0
0	「	記号,括弧開,*,*	0
0	めくる	動詞,自立,*,*	0
0	」	記号,括弧閉,*,*	0
0	という	助詞,格助詞,連語,*	0
0	動詞	名詞,一般,*,*	0
0	を	助詞,格助詞,一般,*	0
0	コンセプト	名詞,一般,*,*	0
0	と	助詞,格助詞,一般,*	0
0	し	動詞,自立,*,*	0
0	た	助動詞,*,*,*	0
0	ゲーム	名詞,一般,*,*	0
0	で	助動詞,*,*,*	0
0	ある	助動詞,*,*,*	0
0	。	記号,句点,*,*	0
1	ゲーム	名詞,一般,*,*	0
1	フリーク	名詞,固有名詞,一般,*	0
0	設立	名詞,サ変接続,*,*	0
0	と	助詞,格助詞,一般,*	0
0	同じ	連体詞,*,*,*	0
1	1989	名詞,数,*,*	1
0	年	名詞,接尾,助数詞,*	0
0	、	記号,読点,*,*	0
0	任天堂	名詞,固有名詞,組織,*	0
0	から	助詞,格助詞,一般,*	0
1	ゲーム	名詞,一般,*,*	0
0	ボーイ	名詞,一般,*,*	0
0	(	記号_括弧開	0
0	GB	名詞,固有名詞,組織,*	1
0	)	記号_括弧閉	0
0	が	助詞,格助詞,一般,*	0
0	発売	名詞,サ変接続,*,*	0
0	。	記号,句点,*,*	0
1	携帯	名詞,サ変接続,*,*	0
0	機	名詞,接尾,一般,*	0
0	の	助詞,連体化,*,*	0
1	特性	名詞,一般,*,*	0
0	上	名詞,接尾,副詞可能,*	0
0	、	記号,読点,*,*	0
1	ゲーム	名詞,一般,*,*	0
0	ボーイ	名詞,一般,*,*	0
0	は	助詞,係助詞,*,*	0
0	当初	名詞,副詞可能,*,*	0
0	パズル	名詞,一般,*,*	0
0	や	助詞,並立助詞,*,*	0
1	アクション	名詞,一般,*,*	0
1	ゲーム	名詞,一般,*,*	0
0	向け	名詞,接尾,一般,*	0
0	の	助詞,連体化,*,*	0
0	機種	名詞,一般,*,*	0
0	と	助詞,格助詞,引用,*	0
0	見	動詞,自立,*,*	0
0	られ	動詞,接尾,*,*	0
0	て	助詞,接続助詞,*,*	0
0	おり	動詞,非自立,*,*	0
0	、	記号,読点,*,*	0
0	実際	副詞,助詞類接続,*,*	0
0	に	助詞,副詞化,*,*	0
0	そうした	連体詞,*,*,*	0
0	ゲーム	名詞,一般,*,*	0
0	も	助詞,係助詞,*,*	0
1	多数	名詞,副詞可能,*,*	0
0	発売	名詞,サ変接続,*,*	0
0	さ	動詞,自立,*,*	0
0	れ	動詞,接尾,*,*	0
0	た	助動詞,*,*,*	0
0	が	助詞,接続助詞,*,*	0
0	、	記号,読点,*,*	0
0	田尻	名詞,固有名詞,人名,姓	0
0	は	助詞,係助詞,*,*	0
0	スクウェア	名詞,固有名詞,組織,*	0
0	の	助詞,連体化,*,*	0
0	RPG	名詞,一般,*,*	1
0	『	記号,括弧開,*,*	0
1	魔界	名詞,一般,*,*	0
1	塔	名詞,接尾,一般,*	0
1	士	名詞,接尾,一般,*	0
1	Sa	名詞,一般,*,*	1
1	・	記号_中黒	0
0	Ga	名詞,固有名詞,組織,*	1
0	』	記号,括弧閉,*,*	0
0	の	助詞,連体化,*,*	0
0	成功	名詞,サ変接続,*,*	0
0	を	助詞,格助詞,一般,*	0
0	見	動詞,自立,*,*	0
0	て	助詞,接続助詞,*,*	0
0	、	記号,読点,*,*	0
1	携帯	名詞,サ変接続,*,*	0
0	機	名詞,接尾,一般,*	0
0	で	助詞,格助詞,一般,*	0
0	も	助詞,係助詞,*,*	0
0	アクション	名詞,一般,*,*	0
0	で	助動詞,*,*,*	0
0	ない	助動詞,*,*,*	0
0	分野	名詞,一般,*,*	0
0	を	助詞,格助詞,一般,*	0
0	追求	名詞,サ変接続,*,*	0
0	できる	動詞,自立,*,*	0
0	こと	名詞,非自立,一般,*	0
0	に	助詞,格助詞,一般,*	0
0	気づい	動詞,自立,*,*	0
0	た	助動詞,*,*,*	0
0	[	記号_括弧開	0
0	9	名詞,数,*,*	1
0	]	記号_括弧閉	0
0	。	記号,句点,*,*	0
0	田尻	名詞,固有名詞,人名,姓	0
0	は	助詞,係助詞,*,*	0
0	とりわけ	副詞,一般,*,*	0
1	ゲーム	名詞,一般,*,*	0
0	ボーイ	名詞,一般,*,*	0
0	の	助詞,連体化,*,*	0
1	通信	名詞,サ変接続,*,*	0
0	機能	名詞,サ変接続,*,*	0
0	に	助詞,格助詞,一般,*	0
0	着目	名詞,サ変接続,*,*	0
0	し	動詞,自立,*,*	0
0	、	記号,読点,*,*	0
0	「	記号,括弧開,*,*	0
1	交換	名詞,サ変接続,*,*	0
0	する	動詞,自立,*,*	0
0	」	記号,括弧閉,*,*	0
0	という	助詞,格助詞,連語,*	0
0	動詞	名詞,一般,*,*	0
0	を	助詞,格助詞,一般,*	0
0	コンセプト	名詞,一般,*,*	0
0	に	助詞,格助詞,一般,*	0
0	し	動詞,自立,*,*	0
0	た	助動詞,*,*,*	0
0	ゲーム	名詞,一般,*,*	0
0	の	助詞,連体化,*,*	0
0	着想	名詞,サ変接続,*,*	0
0	を	助詞,格助詞,一般,*	0
0	得る	動詞,自立,*,*	0
0	。	記号,句点,*,*	0
0	また	接続詞,*,*,*	0
0	田尻	名詞,固有名詞,人名,姓	0
0	は	助詞,係助詞,*,*	0
0	『	記号,括弧開,*,*	0
1	ウルトラ	名詞,一般,*,*	0
0	セブン	名詞,固有名詞,一般,*	0
0	』	記号,括弧閉,*,*	0
0	の	助詞,連体化,*,*	0
0	ファン	名詞,一般,*,*	0
0	で	助詞,格助詞,一般,*	0
0	も	助詞,係助詞,*,*	0
0	あり	動詞,自立,*,*	0
0	、	記号,読点,*,*	0
1	同	接頭詞,名詞接続,*,*	0
0	作	名詞,一般,*,*	0
0	の	助詞,連体化,*,*	0
1	カプセル	名詞,一般,*,*	0
0	怪獣	名詞,一般,*,*	0
0	から	助詞,格助詞,一般,*	0
0	も	助詞,係助詞,*,*	0
0	着想	名詞,サ変接続,*,*	0
0	[	記号_括弧開	0
0	10	名詞,数,*,*	1
0	]	記号_括弧閉	0
0	を	助詞,格助詞,一般,*	0
0	得	動詞,自立,*,*	0
0	て	助詞,接続助詞,*,*	0
0	、	記号,読点,*,*	0
0	「	記号,括弧開,*,*	0
1	カプセル	名詞,一般,*,*	0
0	モンスター	名詞,一般,*,*	0
0	」	記号,括弧閉,*,*	0
0	という	助詞,格助詞,連語,*	0
0	RPG	名詞,一般,*,*	1
0	の	助詞,連体化,*,*	0
1	企画	名詞,サ変接続,*,*	0
0	書	名詞,接尾,一般,*	0
0	を	助詞,格助詞,一般,*	0
0	書き上げ	動詞,自立,*,*	0
0	た	助動詞,*,*,*	0
0	。	記号,句点,*,*	0
0	田尻	名詞,固有名詞,人名,姓	0
0	の	助詞,連体化,*,*	0
0	企画	名詞,サ変接続,*,*	0
0	し	動詞,自立,*,*	0
0	た	助動詞,*,*,*	0
0	「	記号,括弧開,*,*	0
1	カプセル	名詞,一般,*,*	0
0	モンスター	名詞,一般,*,*	0
0	」	記号,括弧閉,*,*	0
0	は	助詞,係助詞,*,*	0
0	カプセルトイ	名詞,一般,*,*	1
0	の	助詞,連体化,*,*	0
0	よう	名詞,非自立,助動詞語幹,*	0
0	な	助動詞,*,*,*	0
0	ケース	名詞,一般,*,*	0
0	に	助詞,格助詞,一般,*	0
0	入っ	動詞,自立,*,*	0
0	た	助動詞,*,*,*	0
0	モンスター	名詞,一般,*,*	0
0	が	助詞,格助詞,一般,*	0
0	、	記号,読点,*,*	0
1	通信	名詞,サ変接続,*,*	0
0	ケーブル	名詞,一般,*,*	0
0	を	助詞,格助詞,一般,*	0
0	行き来	名詞,サ変接続,*,*	0
0	する	動詞,自立,*,*	0
0	という	助詞,格助詞,連語,*	0
0	もの	名詞,非自立,一般,*	0
0	で	助動詞,*,*,*	0
0	あっ	助動詞,*,*,*	0
0	た	助動詞,*,*,*	0
0	。	記号,句点,*,*	0
0	田尻	名詞,固有名詞,人名,姓	0
0	は	助詞,係助詞,*,*	0
0	この	連体詞,*,*,*	0
1	企画	名詞,サ変接続,*,*	0
0	書	名詞,接尾,一般,*	0
0	を	助詞,格助詞,一般,*	0
0	任天堂	名詞,固有名詞,組織,*	0
0	に	助詞,格助詞,一般,*	0
0	持ち込み	動詞,自立,*,*	0
0	、	記号,読点,*,*	0
0	それ	名詞,代名詞,一般,*	0
0	を	助詞,格助詞,一般,*	0
0	受け	動詞,自立,*,*	0
0	任天堂	名詞,固有名詞,組織,*	0
0	は	助詞,係助詞,*,*	0
1	開発	名詞,サ変接続,*,*	0
0	費	名詞,接尾,一般,*	0
0	の	助詞,連体化,*,*	0
0	援助	名詞,サ変接続,*,*	0
0	を	助詞,格助詞,一般,*	0
0	決定	名詞,サ変接続,*,*	0
0	し	動詞,自立,*,*	0
0	た	助動詞,*,*,*	0
0	。	記号,句点,*,*	0
1	1990	名詞,数,*,*	1
1	年	名詞,接尾,助数詞,*	0
0	秋	名詞,一般,*,*	0
0	の	助詞,連体化,*,*	0
0	事	名詞,非自立,一般,*	0
0	で	助動詞,*,*,*	0
0	ある	助動詞,*,*,*	0
0	。	記号,句点,*,*	0
0	後	名詞,接尾,副詞可能,*	0
0	に	助詞,格助詞,一般,*	0
0	「	記号,括弧開,*,*	0
1	カプセル	名詞,一般,*,*	0
0	モンスター	名詞,一般,*,*	0
0	」	記号,括弧閉,*,*	0
0	の	助詞,連体化,*,*	0
0	名称	名詞,一般,*,*	0
0	は	助詞,係助詞,*,*	0
0	、	記号,読点,*,*	0
1	商標	名詞,一般,*,*	0
0	権	名詞,接尾,一般,*	0
0	の	助詞,連体化,*,*	0
0	問題	名詞,ナイ形容詞語幹,*,*	0
0	で	助詞,格助詞,一般,*	0
1	商品	名詞,一般,*,*	0
0	名	名詞,接尾,一般,*	0
0	に	助詞,格助詞,一般,*	0
0	使え	動詞,自立,*,*	0
0	ない	助動詞,*,*,*	0
0	こと	名詞,非自立,一般,*	0
0	・	記号_中黒	0
0	略し	動詞,自立,*,*	0
0	た	助動詞,*,*,*	0
0	時	名詞,非自立,副詞可能,*	0
0	に	助詞,格助詞,一般,*	0
0	「	記号,括弧開,*,*	0
0	カプモン	名詞,固有名詞,一般,*	1
0	」	記号,括弧閉,*,*	0
0	と	助詞,格助詞,引用,*	0
0	なり	動詞,自立,*,*	0
0	語呂	名詞,一般,*,*	0
0	が	助詞,格助詞,一般,*	0
0	悪い	形容詞,自立,*,*	0
0	という	助詞,格助詞,連語,*	0
0	理由	名詞,一般,*,*	0
0	など	助詞,副助詞,*,*	0
0	から	助詞,格助詞,一般,*	0
0	、	記号,読点,*,*	0
0	現在	名詞,副詞可能,*,*	0
0	の	助詞,連体化,*,*	0
0	「	記号,括弧開,*,*	0
1	ポケット	名詞,一般,*,*	0
0	モンスター	名詞,一般,*,*	0
0	」	記号,括弧閉,*,*	0
0	(	記号_括弧開	0
0	略し	動詞,自立,*,*	0
0	て	助詞,接続助詞,*,*	0
0	「	記号,括弧開,*,*	0
0	ポケモン	名詞,固有名詞,一般,*	1
0	」	記号,括弧閉,*,*	0
0	)	記号_括弧閉	0
0	に	助詞,格助詞,一般,*	0
0	改め	動詞,自立,*,*	0
0	られ	動詞,接尾,*,*	0
0	た	助動詞,*,*,*	0
0	。	記号,句点,*,*	0
0	「	記号,括弧開,*,*	0
0	ポケモン	名詞,固有名詞,一般,*	1
0	」	記号,括弧閉,*,*	0
0	の	助詞,連体化,*,*	0
0	納期	名詞,一般,*,*	0
0	は	助詞,係助詞,*,*	0
0	当初	名詞,副詞可能,*,*	0
1	1991	名詞,数,*,*	1
1	年	名詞,接尾,助数詞,*	0
0	末	名詞,接尾,副詞可能,*	0
0	だっ	助動詞,*,*,*	0
0	た	助動詞,*,*,*	0
0	が	助詞,接続助詞,*,*	0
0	、	記号,読点,*,*	0
0	RPG	名詞,固有名詞,組織,*	1
0	の	助詞,連体化,*,*	0
1	開発	名詞,サ変接続,*,*	0
0	経験	名詞,サ変接続,*,*	0
0	が	助詞,格助詞,一般,*	0
0	不足	名詞,サ変接続,*,*	0
0	し	動詞,自立,*,*	0
0	て	助詞,接続助詞,*,*	0
0	い	動詞,非自立,*,*	0
0	た	助動詞,*,*,*	0
0	こと	名詞,非自立,一般,*	0
0	や	助詞,並立助詞,*,*	0
0	ゲーム	名詞,一般,*,*	0
0	で	助詞,格助詞,一般,*	0
0	最も	副詞,一般,*,*	0
0	重要	名詞,形容動詞語幹,*,*	0
0	な	助動詞,*,*,*	0
0	要素	名詞,一般,*,*	0
0	で	助動詞,*,*,*	0
0	ある	助動詞,*,*,*	0
0	「	記号,括弧開,*,*	0
1	交換	名詞,サ変接続,*,*	0
0	する	動詞,自立,*,*	0
0	」	記号,括弧閉,*,*	0
0	という	助詞,格助詞,連語,*	0
0	こと	名詞,非自立,一般,*	0
0	へ	助詞,格助詞,一般,*	0
0	の	助詞,連体化,*,*	0
1	動機	名詞,一般,*,*	0
0	付け	名詞,接尾,一般,*	0
0	を	助詞,格助詞,一般,*	0
0	見つけ	動詞,自立,*,*	0
0	られ	動詞,接尾,*,*	0
0	ず	助動詞,*,*,*	0
0	、	記号,読点,*,*	0
0	納期	名詞,一般,*,*	0
0	を	助詞,格助詞,一般,*	0
0	超過	名詞,サ変接続,*,*	0
0	し	動詞,自立,*,*	0
0	た	助動詞,*,*,*	0
0	。	記号,句点,*,*	0
0	その間	名詞,副詞可能,*,*	0
0	不足	名詞,サ変接続,*,*	0
0	し	動詞,自立,*,*	0
0	た	助動詞,*,*,*	0
0	資金	名詞,一般,*,*	0
0	を	助詞,格助詞,一般,*	0
0	補う	動詞,自立,*,*	0
0	ため	名詞,非自立,副詞可能,*	0
0	他	名詞,一般,*,*	0
0	の	助詞,連体化,*,*	0
0	ゲーム	名詞,一般,*,*	0
0	を	助詞,格助詞,一般,*	0
0	開発	名詞,サ変接続,*,*	0
0	する	動詞,自立,*,*	0
0	など	助詞,副助詞,*,*	0
0	の	助詞,連体化,*,*	0
0	理由	名詞,一般,*,*	0
0	で	助詞,格助詞,一般,*	0
0	、	記号,読点,*,*	0
0	ポケモン	名詞,一般,*,*	1
0	の	助詞,連体化,*,*	0
0	開発	名詞,サ変接続,*,*	0
0	は	助詞,係助詞,*,*	0
0	しばしば	副詞,一般,*,*	0
0	中断	名詞,サ変接続,*,*	0
0	さ	動詞,自立,*,*	0
0	れ	動詞,接尾,*,*	0
0	た	助動詞,*,*,*	0
0	。	記号,句点,*,*	0
1	1995	名詞,数,*,*	1
1	年	名詞,接尾,助数詞,*	0
0	頃	名詞,接尾,副詞可能,*	0
0	まで	助詞,副助詞,*,*	0
0	に	助詞,格助詞,一般,*	0
0	、	記号,読点,*,*	0
0	『	記号,括弧開,*,*	0
1	MOTHER	名詞,一般,*,*	1
0	2	名詞,数,*,*	1
0	』	記号,括弧閉,*,*	0
0	を	助詞,格助詞,一般,*	0
0	制作	名詞,サ変接続,*,*	0
0	し	動詞,自立,*,*	0
0	た	助動詞,*,*,*	0
0	エイプ	名詞,一般,*,*	1
0	から	助詞,格助詞,一般,*	0
1	新	接頭詞,名詞接続,*,*	0
1	会社	名詞,一般,*,*	0
0	クリーチャーズ	名詞,一般,*,*	1
0	の	助詞,連体化,*,*	0
0	社長	名詞,一般,*,*	0
0	に	助詞,格助詞,一般,*	0
0	就任	名詞,サ変接続,*,*	0
0	し	動詞,自立,*,*	0
0	た	助動詞,*,*,*	0
1	石原	名詞,固有名詞,人名,姓	0
0	恒和	名詞,固有名詞,人名,名	0
0	(	記号_括弧開	0
1	現	接頭詞,名詞接続,*,*	0
1	・	記号_中黒	0
1	株式会社	名詞,一般,*,*	0
1	ポケモン	名詞,一般,*,*	1
1	代表	名詞,サ変接続,*,*	0
1	取締役	名詞,一般,*,*	0
0	社長	名詞,一般,*,*	0
0	)	記号_括弧閉	0
0	が	助詞,格助詞,一般,*	0
0	全体	名詞,副詞可能,*,*	0
0	を	助詞,格助詞,一般,*	0
0	まとめ	動詞,自立,*,*	0
0	て	助詞,接続助詞,*,*	0
1	方向	名詞,一般,*,*	0
0	付け	名詞,接尾,一般,*	0
0	を	助詞,格助詞,一般,*	0
0	行う	動詞,自立,*,*	0
0	役	名詞,一般,*,*	0
0	を	助詞,格助詞,一般,*	0
0	担う	動詞,自立,*,*	0
0	よう	名詞,非自立,助動詞語幹,*	0
0	に	助詞,格助詞,一般,*	0
0	なっ	動詞,自立,*,*	0
0	た	助動詞,*,*,*	0
0	、	記号,読点,*,*	0
0	また	接続詞,*,*,*	0
0	、	記号,読点,*,*	0
1	ゲーム	名詞,一般,*,*	0
0	フリーク	名詞,一般,*,*	0
0	と	助詞,格助詞,一般,*	0
1	開発	名詞,サ変接続,*,*	0
1	委託	名詞,サ変接続,*,*	0
0	契約	名詞,サ変接続,*,*	0
0	を	助詞,格助詞,一般,*	0
0	結び	動詞,自立,*,*	0
0	、	記号,読点,*,*	0
1	石原	名詞,固有名詞,人名,姓	0
0	自身	名詞,一般,*,*	0
0	が	助詞,格助詞,一般,*	0
0	プロデューサー	名詞,一般,*,*	0
0	として	助詞,格助詞,連語,*	0
0	数々	名詞,副詞可能,*,*	0
0	の	助詞,連体化,*,*	0
0	企画	名詞,サ変接続,*,*	0
0	を	助詞,格助詞,一般,*	0
0	任天堂	名詞,固有名詞,組織,*	0
0	など	助詞,副助詞,*,*	0
0	へ	助詞,格助詞,一般,*	0
0	と	助詞,格助詞,引用,*	0
0	提案	名詞,サ変接続,*,*	0
0	し	動詞,自立,*,*	0
0	て	助詞,接続助詞,*,*	0
0	いく	動詞,非自立,*,*	0
1	火付け	名詞,一般,*,*	0
0	役	名詞,接尾,一般,*	0
0	と	助詞,格助詞,引用,*	0
0	も	助詞,係助詞,*,*	0
0	なっ	動詞,自立,*,*	0
0	た	助動詞,*,*,*	0
0	。	記号,句点,*,*	0
0	当初	名詞,副詞可能,*,*	0
0	から	助詞,格助詞,一般,*	0
0	開発	名詞,サ変接続,*,*	0
0	を	助詞,格助詞,一般,*	0
0	支援	名詞,サ変接続,*,*	0
0	し	動詞,自立,*,*	0
0	て	助詞,接続助詞,*,*	0
0	い	動詞,非自立,*,*	0
0	た	助動詞,*,*,*	0
0	任天堂	名詞,固有名詞,組織,*	0
0	も	助詞,係助詞,*,*	0
0	、	記号,読点,*,*	0
0	製品	名詞,一般,*,*	0
0	の	助詞,連体化,*,*	0
0	完成	名詞,サ変接続,*,*	0
0	を	助詞,格助詞,一般,*	0
0	粘り強く	形容詞,自立,*,*	0
0	待ち	動詞,自立,*,*	0
0	続け	動詞,非自立,*,*	0
0	た	助動詞,*,*,*	0
0	。	記号,句点,*,*	0
1	ゲーム	名詞,一般,*,*	0
0	フリーク	名詞,一般,*,*	0
0	の	助詞,連体化,*,*	0
1	制作	名詞,サ変接続,*,*	0
0	陣	名詞,接尾,一般,*	0
0	は	助詞,係助詞,*,*	0
0	、	記号,読点,*,*	0
0	当時	名詞,副詞可能,*,*	0
0	まだ	副詞,助詞類接続,*,*	0
0	着目	名詞,サ変接続,*,*	0
0	さ	動詞,自立,*,*	0
0	れ	動詞,接尾,*,*	0
0	て	助詞,接続助詞,*,*	0
0	い	動詞,非自立,*,*	0
0	なかっ	助動詞,*,*,*	0
0	た	助動詞,*,*,*	0
0	「	記号,括弧開,*,*	0
0	収集	名詞,サ変接続,*,*	0
0	、	記号,読点,*,*	0
0	育成	名詞,サ変接続,*,*	0
0	、	記号,読点,*,*	0
0	対戦	名詞,サ変接続,*,*	0
0	、	記号,読点,*,*	0
0	交換	名詞,サ変接続,*,*	0
0	」	記号,括弧閉,*,*	0
0	という	助詞,格助詞,連語,*	0
0	要素	名詞,一般,*,*	0
0	を	助詞,格助詞,一般,*	0
0	徹底的	名詞,形容動詞語幹,*,*	0
0	に	助詞,副詞化,*,*	0
0	遊ばせよ	動詞,自立,*,*	0
0	う	助動詞,*,*,*	0
0	という	助詞,格助詞,連語,*	0
0	方針	名詞,一般,*,*	0
0	を	助詞,格助詞,一般,*	0
0	定め	動詞,自立,*,*	0
0	て	助詞,接続助詞,*,*	0
0	い	動詞,非自立,*,*	0
0	た	助動詞,*,*,*	0
0	。	記号,句点,*,*	0
0	ポケット	名詞,一般,*,*	0
1	モンスター	名詞,一般,*,*	0
0	に	助詞,格助詞,一般,*	0
0	盛り込ま	動詞,自立,*,*	0
0	れ	動詞,接尾,*,*	0
0	た	助動詞,*,*,*	0
0	、	記号,読点,*,*	0
1	ゲーム	名詞,一般,*,*	0
0	ボーイ	名詞,一般,*,*	0
0	の	助詞,連体化,*,*	0
1	通信	名詞,サ変接続,*,*	0
0	機能	名詞,サ変接続,*,*	0
0	を	助詞,格助詞,一般,*	0
0	活用	名詞,サ変接続,*,*	0
0	し	動詞,自立,*,*	0
0	て	助詞,接続助詞,*,*	0
0	「	記号,括弧開,*,*	0
0	別	名詞,一般,*,*	0
0	の	助詞,連体化,*,*	0
0	ソフト	名詞,一般,*,*	0
0	と	助詞,格助詞,一般,*	0
0	の	助詞,連体化,*,*	0
0	間	名詞,一般,*,*	0
0	で	助詞,格助詞,一般,*	0
0	通信	名詞,サ変接続,*,*	0
0	を	助詞,格助詞,一般,*	0
0	行わ	動詞,自立,*,*	0
0	ない	助動詞,*,*,*	0
0	と	助詞,接続助詞,*,*	0
1	ポケモン	名詞,一般,*,*	1
0	図鑑	名詞,一般,*,*	0
0	が	助詞,格助詞,一般,*	0
0	完成	名詞,サ変接続,*,*	0
0	し	動詞,自立,*,*	0
0	ない	助動詞,*,*,*	0
0	」	記号,括弧閉,*,*	0
0	「	記号,括弧開,*,*	0
0	(	記号_括弧開	0
0	強制	名詞,サ変接続,*,*	0
0	で	助詞,格助詞,一般,*	0
0	は	助詞,係助詞,*,*	0
0	ない	形容詞,自立,*,*	0
0	が	助詞,接続助詞,*,*	0
0	)	記号_括弧閉	0
0	自分	名詞,一般,*,*	0
0	が	助詞,格助詞,一般,*	0
0	育て	動詞,自立,*,*	0
0	た	助動詞,*,*,*	0
0	ポケモン	名詞,一般,*,*	1
0	で	助詞,格助詞,一般,*	0
0	友達	名詞,一般,*,*	0
0	と	助詞,格助詞,一般,*	0
0	対戦	名詞,サ変接続,*,*	0
0	できる	動詞,自立,*,*	0
0	」	記号,括弧閉,*,*	0
0	という	助詞,格助詞,連語,*	0
0	仕様	名詞,一般,*,*	0
0	は	助詞,係助詞,*,*	0
0	その	連体詞,*,*,*	0
0	方針	名詞,一般,*,*	0
0	を	助詞,格助詞,一般,*	0
0	支える	動詞,自立,*,*	0
0	為	名詞,非自立,副詞可能,*	0
0	に	助詞,格助詞,一般,*	0
0	ある	動詞,自立,*,*	0
0	。	記号,句点,*,*	0
0	個々	名詞,一般,*,*	0
0	の	助詞,連体化,*,*	0
0	プレイデータ	名詞,一般,*,*	1
0	に	助詞,格助詞,一般,*	0
0	は	助詞,係助詞,*,*	0
0	個別	名詞,形容動詞語幹,*,*	0
0	の	助詞,連体化,*,*	0
0	ID	名詞,一般,*,*	1
0	(	記号_括弧開	0
0	数字	名詞,一般,*,*	0
0	)	記号_括弧閉	0
0	と	助詞,並立助詞,*,*	0
0	主人公	名詞,一般,*,*	0
0	の	助詞,連体化,*,*	0
0	名前	名詞,一般,*,*	0
0	が	助詞,格助詞,一般,*	0
0	与え	動詞,自立,*,*	0
0	られ	動詞,接尾,*,*	0
0	、	記号,読点,*,*	0
0	所有	名詞,サ変接続,*,*	0
0	する	動詞,自立,*,*	0
0	ポケモン	名詞,固有名詞,組織,*	1
0	に対して	助詞,格助詞,連語,*	0
0	「	記号,括弧開,*,*	0
1	親	名詞,一般,*,*	0
0	ID	名詞,一般,*,*	1
0	」	記号,括弧閉,*,*	0
0	として	助詞,格助詞,連語,*	0
0	働き	動詞,自立,*,*	0
0	個々	名詞,一般,*,*	0
0	の	助詞,連体化,*,*	0
0	ポケモン	名詞,一般,*,*	1
0	を	助詞,格助詞,一般,*	0
0	さらに	副詞,助詞類接続,*,*	0
0	個性	名詞,一般,*,*	0
0	化	名詞,接尾,サ変接続,*	0
0	する	動詞,自立,*,*	0
0	、	記号,読点,*,*	0
0	という	助詞,格助詞,連語,*	0
0	仕様	名詞,一般,*,*	0
0	も	助詞,係助詞,*,*	0
0	持た	動詞,自立,*,*	0
0	せ	動詞,接尾,*,*	0
0	た	助動詞,*,*,*	0
0	。	記号,句点,*,*	0
0	当初	名詞,副詞可能,*,*	0
0	は	助詞,係助詞,*,*	0
1	プレイヤー	名詞,一般,*,*	0
0	ID	名詞,固有名詞,組織,*	1
0	によって	助詞,格助詞,連語,*	0
0	ソフト	名詞,一般,*,*	0
1	1	名詞,数,*,*	1
1	本	名詞,接尾,助数詞,*	0
0	毎	名詞,接尾,一般,*	0
0	に	助詞,格助詞,一般,*	0
0	登場	名詞,サ変接続,*,*	0
0	する	動詞,自立,*,*	0
0	ポケモン	名詞,一般,*,*	1
0	が	助詞,格助詞,一般,*	0
0	異なる	動詞,自立,*,*	0
0	という	助詞,格助詞,連語,*	0
0	仕様	名詞,一般,*,*	0
0	だっ	助動詞,*,*,*	0
0	た	助動詞,*,*,*	0
0	が	助詞,接続助詞,*,*	0
0	、	記号,読点,*,*	0
0	複雑	名詞,形容動詞語幹,*,*	0
0	に	助詞,格助詞,一般,*	0
0	なり	動詞,自立,*,*	0
0	すぎる	動詞,非自立,*,*	0
0	という	助詞,格助詞,連語,*	0
0	こと	名詞,非自立,一般,*	0
0	で	助詞,格助詞,一般,*	0
0	任天堂	名詞,固有名詞,組織,*	0
0	の	助詞,連体化,*,*	0
1	宮本	名詞,固有名詞,人名,姓	0
0	茂	名詞,固有名詞,人名,名	0
0	の	助詞,連体化,*,*	0
0	提案	名詞,サ変接続,*,*	0
0	により	助詞,格助詞,連語,*	0
0	、	記号,読点,*,*	0
1	2	名詞,数,*,*	1
0	種類	名詞,一般,*,*	0
0	に	助詞,格助詞,一般,*	0
0	分け	動詞,自立,*,*	0
0	て	助詞,接続助詞,*,*	0
0	発売	名詞,サ変接続,*,*	0
0	する	動詞,自立,*,*	0
0	手法	名詞,一般,*,*	0
0	が	助詞,格助詞,一般,*	0
0	採ら	動詞,自立,*,*	0
0	れ	動詞,接尾,*,*	0
0	た	助動詞,*,*,*	0
0	。	記号,句点,*,*	0
0	また	接続詞,*,*,*	0
0	当時	名詞,副詞可能,*,*	0
0	の	助詞,連体化,*,*	0
0	主流	名詞,形容動詞語幹,*,*	0
0	に	助詞,副詞化,*,*	0
0	比べ	動詞,自立,*,*	0
0	かなり	副詞,一般,*,*	0
1	大	接頭詞,名詞接続,*,*	0
0	容量	名詞,一般,*,*	0
0	の	助詞,連体化,*,*	0
1	バックアップ	名詞,サ変接続,*,*	0
0	メモリ	名詞,一般,*,*	0
0	を	助詞,格助詞,一般,*	0
0	搭載	名詞,サ変接続,*,*	0
0	する	動詞,自立,*,*	0
0	仕様	名詞,一般,*,*	0
0	に	助詞,格助詞,一般,*	0
0	切り替える	動詞,自立,*,*	0
0	事	名詞,非自立,一般,*	0
0	で	助動詞,*,*,*	0
0	、	記号,読点,*,*	0
1	150	名詞,数,*,*	1
0	種類	名詞,一般,*,*	0
0	全て	名詞,副詞可能,*,*	0
0	の	助詞,連体化,*,*	0
0	ポケモン	名詞,一般,*,*	1
0	の	助詞,連体化,*,*	0
0	保存	名詞,サ変接続,*,*	0
0	が	助詞,格助詞,一般,*	0
0	可能	名詞,形容動詞語幹,*,*	0
0	に	助詞,格助詞,一般,*	0
0	なっ	動詞,自立,*,*	0
0	た	助動詞,*,*,*	0
0	。	記号,句点,*,*	0
0	そして	接続詞,*,*,*	0
1	1995	名詞,数,*,*	1
1	年	名詞,接尾,助数詞,*	0
1	12	名詞,数,*,*	1
1	月	名詞,一般,*,*	0
1	21	名詞,数,*,*	1
0	日	名詞,接尾,助数詞,*	0
0	の	助詞,連体化,*,*	0
1	発売	名詞,サ変接続,*,*	0
0	予定	名詞,サ変接続,*,*	0
0	を	助詞,格助詞,一般,*	0
1	1996	名詞,数,*,*	1
1	年	名詞,接尾,助数詞,*	0
1	2	名詞,数,*,*	1
1	月	名詞,一般,*,*	0
1	27	名詞,数,*,*	1
0	日	名詞,接尾,助数詞,*	0
0	に	助詞,格助詞,一般,*	0
0	繰り下げ	動詞,自立,*,*	0
0	た	助動詞,*,*,*	0
0	後	名詞,非自立,副詞可能,*	0
0	に	助詞,格助詞,一般,*	0
0	、	記号,読点,*,*	0
1	開発	名詞,サ変接続,*,*	0
0	開始	名詞,サ変接続,*,*	0
0	から	助詞,格助詞,一般,*	0
1	6	名詞,数,*,*	1
0	年	名詞,接尾,助数詞,*	0
0	経っ	動詞,自立,*,*	0
0	て	助詞,接続助詞,*,*	0
0	『	記号,括弧開,*,*	0
1	ポケット	名詞,一般,*,*	0
1	モンスター	名詞,一般,*,*	0
1	 	記号,空白,*,*	1
1	赤	名詞,一般,*,*	0
1	・	記号_中黒	0
0	緑	名詞,一般,*,*	0
0	』	記号,括弧閉,*,*	0
0	は	助詞,係助詞,*,*	0
0	発売	名詞,サ変接続,*,*	0
0	を	助詞,格助詞,一般,*	0
0	迎え	動詞,自立,*,*	0
0	た	助動詞,*,*,*	0
0	。	記号,句点,*,*	0
1	1996	名詞,数,*,*	1
1	年	名詞,接尾,助数詞,*	0
0	当時	名詞,副詞可能,*,*	0
0	、	記号,読点,*,*	0
1	ゲーム	名詞,一般,*,*	0
0	ボーイ	名詞,一般,*,*	0
0	に	助詞,格助詞,一般,*	0
0	限ら	動詞,自立,*,*	0
0	ず	助動詞,*,*,*	0
1	携帯	名詞,サ変接続,*,*	0
1	型	名詞,接尾,一般,*	0
1	ゲーム	名詞,一般,*,*	0
1	機	名詞,接尾,一般,*	0
0	市場	名詞,一般,*,*	0
0	は	助詞,係助詞,*,*	0
1	停滞	名詞,サ変接続,*,*	0
0	状態	名詞,一般,*,*	0
0	を	助詞,格助詞,一般,*	0
0	迎え	動詞,自立,*,*	0
0	て	助詞,接続助詞,*,*	0
0	い	動詞,非自立,*,*	0
0	た	助動詞,*,*,*	0
0	。	記号,句点,*,*	0
1	ゲーム	名詞,一般,*,*	0
0	ギア	名詞,一般,*,*	0
0	など	助詞,副助詞,*,*	0
1	カラー	名詞,一般,*,*	0
0	表現	名詞,サ変接続,*,*	0
0	が	助詞,格助詞,一般,*	0
0	可能	名詞,形容動詞語幹,*,*	0
0	な	助動詞,*,*,*	0
1	後続	名詞,サ変接続,*,*	0
0	機種	名詞,一般,*,*	0
0	も	助詞,係助詞,*,*	0
0	ほぼ	副詞,一般,*,*	0
1	終息	名詞,サ変接続,*,*	0
0	状態	名詞,一般,*,*	0
0	に	助詞,格助詞,一般,*	0
0	あり	動詞,自立,*,*	0
0	、	記号,読点,*,*	0
1	テレビ	名詞,一般,*,*	0
0	ゲーム	名詞,一般,*,*	0
0	に	助詞,格助詞,一般,*	0
0	は	助詞,係助詞,*,*	0
0	「	記号,括弧開,*,*	0
1	次世代	名詞,一般,*,*	0
0	機	名詞,接尾,一般,*	0
0	」	記号,括弧閉,*,*	0
0	と	助詞,格助詞,引用,*	0
0	銘打っ	動詞,自立,*,*	0
0	て	助詞,接続助詞,*,*	0
0	プレイステーション	名詞,一般,*,*	1
0	や	助詞,並立助詞,*,*	0
0	セガサターン	名詞,一般,*,*	1
0	が	助詞,格助詞,一般,*	0
0	登場	名詞,サ変接続,*,*	0
0	し	動詞,自立,*,*	0
0	、	記号,読点,*,*	0
0	発売	名詞,サ変接続,*,*	0
0	から	助詞,格助詞,一般,*	0
1	丸	名詞,一般,*,*	0
1	6	名詞,数,*,*	1
0	年	名詞,接尾,助数詞,*	0
0	が	助詞,格助詞,一般,*	0
0	経っ	動詞,自立,*,*	0
0	て	助詞,接続助詞,*,*	0
0	い	動詞,非自立,*,*	0
0	た	助動詞,*,*,*	0
1	ゲーム	名詞,一般,*,*	0
0	ボーイ	名詞,一般,*,*	0
0	は	助詞,係助詞,*,*	0
0	次第に	副詞,一般,*,*	0
0	時代遅れ	名詞,一般,*,*	0
0	と	助詞,格助詞,引用,*	0
0	見	動詞,自立,*,*	0
0	られ	動詞,接尾,*,*	0
0	始め	動詞,非自立,*,*	0
0	て	助詞,接続助詞,*,*	0
0	い	動詞,非自立,*,*	0
0	た	助動詞,*,*,*	0
0	。	記号,句点,*,*	0
0	事実	名詞,副詞可能,*,*	0
0	、	記号,読点,*,*	0
0	『	記号,括弧開,*,*	0
1	ポケット	名詞,一般,*,*	0
0	モンスター	名詞,一般,*,*	0
0	』	記号,括弧閉,*,*	0
1	発売	名詞,サ変接続,*,*	0
0	直後	名詞,副詞可能,*,*	0
0	の	助詞,連体化,*,*	0
0	時点	名詞,一般,*,*	0
0	で	助詞,格助詞,一般,*	0
0	GB	名詞,固有名詞,組織,*	1
0	にて	助詞,格助詞,一般,*	0
0	発売	名詞,サ変接続,*,*	0
0	が	助詞,格助詞,一般,*	0
0	予定	名詞,サ変接続,*,*	0
0	さ	動詞,自立,*,*	0
0	れ	動詞,接尾,*,*	0
0	て	助詞,接続助詞,*,*	0
0	い	動詞,非自立,*,*	0
0	た	助動詞,*,*,*	0
1	ゲーム	名詞,一般,*,*	0
0	ソフト	名詞,一般,*,*	0
0	は	助詞,係助詞,*,*	0
0	わずか	副詞,助詞類接続,*,*	0
1	3	名詞,数,*,*	1
0	タイトル	名詞,一般,*,*	0
0	のみ	助詞,副助詞,*,*	0
0	と	助詞,格助詞,一般,*	0
0	なっ	動詞,自立,*,*	0
0	て	助詞,接続助詞,*,*	0
0	い	動詞,非自立,*,*	0
0	た	助動詞,*,*,*	0
0	。	記号,句点,*,*	0
0	市場	名詞,一般,*,*	0
0	に	助詞,格助詞,一般,*	0
0	は	助詞,係助詞,*,*	0
0	RPG	名詞,一般,*,*	1
0	だけ	助詞,副助詞,*,*	0
0	でも	助詞,副助詞,*,*	0
0	既に	副詞,一般,*,*	0
0	多く	名詞,副詞可能,*,*	0
0	の	助詞,連体化,*,*	0
0	ゲーム	名詞,一般,*,*	0
0	作品	名詞,一般,*,*	0
0	が	助詞,格助詞,一般,*	0
0	発売	名詞,サ変接続,*,*	0
0	さ	動詞,自立,*,*	0
0	れ	動詞,接尾,*,*	0
0	て	助詞,接続助詞,*,*	0
0	おり	動詞,非自立,*,*	0
0	、	記号,読点,*,*	0
0	さらに	副詞,助詞類接続,*,*	0
0	「	記号,括弧開,*,*	0
1	過去	名詞,副詞可能,*,*	0
1	の	助詞,連体化,*,*	0
0	機種	名詞,一般,*,*	0
0	」	記号,括弧閉,*,*	0
0	で	助動詞,*,*,*	0
0	あっ	助動詞,*,*,*	0
0	た	助動詞,*,*,*	0
1	ゲーム	名詞,一般,*,*	0
0	ボーイ	名詞,一般,*,*	0
0	で	助詞,格助詞,一般,*	0
0	リリース	名詞,サ変接続,*,*	0
0	さ	動詞,自立,*,*	0
0	れる	動詞,接尾,*,*	0
0	『	記号,括弧開,*,*	0
1	ポケット	名詞,一般,*,*	0
0	モンスター	名詞,一般,*,*	0
0	』	記号,括弧閉,*,*	0
0	もさ	名詞,一般,*,*	0
0	ほど	助詞,副助詞,*,*	0
0	大きな	連体詞,*,*,*	0
0	期待	名詞,サ変接続,*,*	0
0	を	助詞,格助詞,一般,*	0
0	持た	動詞,自立,*,*	0
0	れ	動詞,接尾,*,*	0
0	ず	助動詞,*,*,*	0
0	、	記号,読点,*,*	0
1	初回	名詞,一般,*,*	0
1	出荷	名詞,サ変接続,*,*	0
0	本数	名詞,一般,*,*	0
0	は	助詞,係助詞,*,*	0
1	23	名詞,数,*,*	1
1	万	名詞,数,*,*	0
1	本	名詞,接尾,助数詞,*	0
0	強	名詞,接尾,一般,*	0
0	に	助詞,格助詞,一般,*	0
0	過ぎ	動詞,自立,*,*	0
0	なかっ	助動詞,*,*,*	0
0	た	助動詞,*,*,*	0
0	。	記号,句点,*,*	0
0	また	接続詞,*,*,*	0
0	、	記号,読点,*,*	0
1	2	名詞,数,*,*	1
1	色	名詞,接尾,助数詞,*	0
1	同時	名詞,一般,*,*	0
0	発売	名詞,サ変接続,*,*	0
0	という	助詞,格助詞,連語,*	0
1	販売	名詞,サ変接続,*,*	0
0	手法	名詞,一般,*,*	0
0	は	助詞,係助詞,*,*	0
0	、	記号,読点,*,*	0
0	当初	名詞,副詞可能,*,*	0
0	は	助詞,係助詞,*,*	0
0	「	記号,括弧開,*,*	0
1	あ	感動詞,*,*,*	0
1	こぎ	名詞,サ変接続,*,*	0
1	な	助動詞,*,*,*	0
0	商売	名詞,サ変接続,*,*	0
0	」	記号,括弧閉,*,*	0
0	と	助詞,格助詞,引用,*	0
0	すら	助詞,係助詞,*,*	0
0	揶揄	名詞,サ変接続,*,*	0
0	さ	動詞,自立,*,*	0
0	れ	動詞,接尾,*,*	0
0	た	助動詞,*,*,*	0
0	。	記号,句点,*,*	0
0	しかし	接続詞,*,*,*	0
0	、	記号,読点,*,*	0
0	「	記号,括弧開,*,*	0
0	収集	名詞,サ変接続,*,*	0
0	、	記号,読点,*,*	0
0	育成	名詞,サ変接続,*,*	0
0	、	記号,読点,*,*	0
0	対戦	名詞,サ変接続,*,*	0
0	、	記号,読点,*,*	0
0	交換	名詞,サ変接続,*,*	0
0	」	記号,括弧閉,*,*	0
0	という	助詞,格助詞,連語,*	0
1	ゲーム	名詞,一般,*,*	0
0	要素	名詞,一般,*,*	0
0	は	助詞,係助詞,*,*	0
0	徐々に	副詞,一般,*,*	0
1	ユーザー	名詞,一般,*,*	0
0	たち	名詞,接尾,一般,*	0
0	の	助詞,連体化,*,*	0
0	支持	名詞,サ変接続,*,*	0
0	を	助詞,格助詞,一般,*	0
0	得	動詞,自立,*,*	0
0	て	助詞,接続助詞,*,*	0
0	いき	動詞,非自立,*,*	0
0	、	記号,読点,*,*	0
0	さらに	副詞,助詞類接続,*,*	0
1	ユーザー	名詞,一般,*,*	0
0	間	名詞,接尾,一般,*	0
0	の	助詞,連体化,*,*	0
0	口コミ	名詞,一般,*,*	0
0	で	助詞,格助詞,一般,*	0
1	爆発	名詞,サ変接続,*,*	0
0	的	名詞,接尾,形容動詞語幹,*	0
0	な	助動詞,*,*,*	0
0	ヒット	名詞,サ変接続,*,*	0
0	に	助詞,格助詞,一般,*	0
0	繋がる	動詞,自立,*,*	0
0	。	記号,句点,*,*	0
1	結果	名詞,副詞可能,*,*	0
0	的	名詞,接尾,形容動詞語幹,*	0
0	に	助詞,副詞化,*,*	0
0	ポケモン	名詞,一般,*,*	1
0	は	助詞,係助詞,*,*	0
1	制作	名詞,サ変接続,*,*	0
0	側	名詞,接尾,一般,*	0
0	の	助詞,連体化,*,*	0
0	期待	名詞,サ変接続,*,*	0
0	や	助詞,並立助詞,*,*	0
0	予測	名詞,サ変接続,*,*	0
0	を	助詞,格助詞,一般,*	0
0	越え	動詞,自立,*,*	0
0	た	助動詞,*,*,*	0
1	大	接頭詞,名詞接続,*,*	0
0	ヒット	名詞,サ変接続,*,*	0
0	を	助詞,格助詞,一般,*	0
0	記録	名詞,サ変接続,*,*	0
0	し	動詞,自立,*,*	0
0	た	助動詞,*,*,*	0
0	。	記号,句点,*,*	0
1	販売	名詞,サ変接続,*,*	0
0	本数	名詞,一般,*,*	0
0	は	助詞,係助詞,*,*	0
1	ゲーム	名詞,一般,*,*	0
1	ボーイ	名詞,一般,*,*	0
0	向け	名詞,接尾,一般,*	0
0	『	記号,括弧開,*,*	0
1	赤	名詞,一般,*,*	0
1	・	記号_中黒	0
1	緑	名詞,一般,*,*	0
1	・	記号_中黒	0
0	青	名詞,一般,*,*	0
0	』	記号,括弧閉,*,*	0
0	で	助詞,格助詞,一般,*	0
1	最終	名詞,一般,*,*	0
0	的	名詞,接尾,形容動詞語幹,*	0
0	に	助詞,副詞化,*,*	0
1	1023	名詞,数,*,*	1
1	万	名詞,数,*,*	0
0	本	名詞,接尾,助数詞,*	0
0	と	助詞,格助詞,一般,*	0
0	なっ	動詞,自立,*,*	0
0	て	助詞,接続助詞,*,*	0
0	いる	動詞,非自立,*,*	0
0	。	記号,句点,*,*	0
0	『	記号,括弧開,*,*	0
1	ポケット	名詞,一般,*,*	0
0	モンスター	名詞,一般,*,*	0
0	』	記号,括弧閉,*,*	0
1	発売	名詞,サ変接続,*,*	0
0	以降	名詞,副詞可能,*,*	0
1	ゲーム	名詞,一般,*,*	0
1	ボーイ	名詞,一般,*,*	0
0	市場	名詞,一般,*,*	0
0	、	記号,読点,*,*	0
0	ひいては	副詞,一般,*,*	0
1	コンシューマーゲーム	名詞,一般,*,*	1
0	市場	名詞,一般,*,*	0
0	そのもの	名詞,一般,*,*	0
0	は	助詞,係助詞,*,*	0
0	大きく	形容詞,自立,*,*	0
0	変化	名詞,サ変接続,*,*	0
0	し	動詞,自立,*,*	0
0	た	助動詞,*,*,*	0
0	。	記号,句点,*,*	0
0	後続	名詞,サ変接続,*,*	0
0	の	助詞,連体化,*,*	0
1	ゲーム	名詞,一般,*,*	0
0	ソフト	名詞,一般,*,*	0
0	は	助詞,係助詞,*,*	0
0	こぞって	副詞,助詞類接続,*,*	0
0	「	記号,括弧開,*,*	0
0	収集	名詞,サ変接続,*,*	0
0	、	記号,読点,*,*	0
0	育成	名詞,サ変接続,*,*	0
0	、	記号,読点,*,*	0
0	対戦	名詞,サ変接続,*,*	0
0	、	記号,読点,*,*	0
0	交換	名詞,サ変接続,*,*	0
0	」	記号,括弧閉,*,*	0
0	の	助詞,連体化,*,*	0
0	要素	名詞,一般,*,*	0
0	を	助詞,格助詞,一般,*	0
0	盛り込み	動詞,自立,*,*	0
0	、	記号,読点,*,*	0
0	また	接続詞,*,*,*	0
1	2	名詞,数,*,*	1
1	バージョン	名詞,一般,*,*	0
1	同時	名詞,一般,*,*	0
0	リリース	名詞,サ変接続,*,*	0
0	の	助詞,連体化,*,*	0
0	手法	名詞,一般,*,*	0
0	を	助詞,格助詞,一般,*	0
0	採る	動詞,自立,*,*	0
0	作品	名詞,一般,*,*	0
0	も	助詞,係助詞,*,*	0
0	現れる	動詞,自立,*,*	0
0	など	助詞,副助詞,*,*	0
0	、	記号,読点,*,*	0
1	二	名詞,数,*,*	0
1	匹	名詞,接尾,助数詞,*	0
0	目	名詞,接尾,一般,*	0
0	の	助詞,連体化,*,*	0
0	ドジョウ	名詞,一般,*,*	0
0	を	助詞,格助詞,一般,*	0
0	狙っ	動詞,自立,*,*	0
0	た	助動詞,*,*,*	0
0	。	記号,句点,*,*	0
1	任天堂	名詞,固有名詞,組織,*	0
0	自身	名詞,一般,*,*	0
0	も	助詞,係助詞,*,*	0
0	その	連体詞,*,*,*	0
0	手	名詞,一般,*,*	0
0	の	助詞,連体化,*,*	0
0	ゲーム	名詞,一般,*,*	0
0	の	助詞,連体化,*,*	0
0	開発	名詞,サ変接続,*,*	0
0	に	助詞,格助詞,一般,*	0
0	力	名詞,一般,*,*	0
0	を	助詞,格助詞,一般,*	0
0	注い	動詞,自立,*,*	0
0	だ	助動詞,*,*,*	0
0	他	名詞,非自立,副詞可能,*	0
0	、	記号,読点,*,*	0
0	「	記号,括弧開,*,*	0
1	ポケモン	名詞,固有名詞,一般,*	1
0	頼み	名詞,一般,*,*	0
0	」	記号,括弧閉,*,*	0
0	の	助詞,連体化,*,*	0
0	ラインナップ	名詞,一般,*,*	0
0	に	助詞,格助詞,一般,*	0
0	切り替える	動詞,自立,*,*	0
0	など	助詞,副助詞,*,*	0
0	の	助詞,連体化,*,*	0
0	路線	名詞,一般,*,*	0
0	を	助詞,格助詞,一般,*	0
0	歩ん	動詞,自立,*,*	0
0	だ	助動詞,*,*,*	0
0	時期	名詞,副詞可能,*,*	0
0	も	助詞,係助詞,*,*	0
0	あっ	動詞,自立,*,*	0
0	た	助動詞,*,*,*	0
0	。	記号,句点,*,*	0
0	しかし	接続詞,*,*,*	0
0	前者	名詞,一般,*,*	0
0	について	助詞,格助詞,連語,*	0
0	は	助詞,係助詞,*,*	0
0	、	記号,読点,*,*	0
0	各社	名詞,一般,*,*	0
0	において	助詞,格助詞,連語,*	0
1	販売	名詞,サ変接続,*,*	0
0	本数	名詞,一般,*,*	0
0	に	助詞,格助詞,一般,*	0
0	如実	名詞,一般,*,*	0
0	な	助動詞,*,*,*	0
0	差	名詞,一般,*,*	0
0	が	助詞,格助詞,一般,*	0
0	付き	動詞,自立,*,*	0
0	、	記号,読点,*,*	0
0	結局	名詞,副詞可能,*,*	0
0	は	助詞,係助詞,*,*	0
1	ゲーム	名詞,一般,*,*	0
0	ソフト	名詞,一般,*,*	0
0	の	助詞,連体化,*,*	0
1	商品	名詞,一般,*,*	0
0	力	名詞,接尾,一般,*	0
0	が	助詞,格助詞,一般,*	0
1	販売	名詞,サ変接続,*,*	0
0	力	名詞,接尾,一般,*	0
0	を	助詞,格助詞,一般,*	0
0	決める	動詞,自立,*,*	0
0	こと	名詞,非自立,一般,*	0
0	を	助詞,格助詞,一般,*	0
1	再	接頭詞,名詞接続,*,*	0
0	認識	名詞,サ変接続,*,*	0
0	さ	動詞,自立,*,*	0
0	せる	動詞,接尾,*,*	0
0	結果	名詞,副詞可能,*,*	0
0	と	助詞,格助詞,一般,*	0
0	なっ	動詞,自立,*,*	0
0	た	助動詞,*,*,*	0
0	。	記号,句点,*,*	0
0	また	接続詞,*,*,*	0
0	後者	名詞,一般,*,*	0
0	について	助詞,格助詞,連語,*	0
0	は	助詞,係助詞,*,*	0
0	、	記号,読点,*,*	0
0	任天堂	名詞,固有名詞,組織,*	0
0	の	助詞,連体化,*,*	0
0	ユーザー	名詞,一般,*,*	0
0	が	助詞,格助詞,一般,*	0
1	低	接頭詞,名詞接続,*,*	0
1	年齢	名詞,一般,*,*	0
0	化	名詞,接尾,サ変接続,*	0
0	に	助詞,格助詞,一般,*	0
0	偏る	動詞,自立,*,*	0
0	結果	名詞,副詞可能,*,*	0
0	と	助詞,格助詞,一般,*	0
0	なっ	動詞,自立,*,*	0
0	て	助詞,接続助詞,*,*	0
0	しまっ	動詞,非自立,*,*	0
0	た	助動詞,*,*,*	0
0	。	記号,句点,*,*	0
1	本	名詞,一般,*,*	0
0	作	名詞,接尾,一般,*	0
0	の	助詞,連体化,*,*	0
1	アニメ	名詞,一般,*,*	0
1	放映	名詞,サ変接続,*,*	0
1	開始	名詞,サ変接続,*,*	0
0	後	名詞,接尾,副詞可能,*	0
0	に	助詞,格助詞,一般,*	0
0	は	助詞,係助詞,*,*	0
0	女子	名詞,一般,*,*	0
0	の	助詞,連体化,*,*	0
0	ファン	名詞,一般,*,*	0
0	を	助詞,格助詞,一般,*	0
0	獲得	名詞,サ変接続,*,*	0
0	[	記号_括弧開	0
0	11	名詞,数,*,*	1
0	]	記号_括弧閉	0
0	し	動詞,自立,*,*	0
0	、	記号,読点,*,*	0
1	ゲーム	名詞,一般,*,*	0
0	ボーイ	名詞,一般,*,*	0
0	の	助詞,連体化,*,*	0
0	ユーザー	名詞,一般,*,*	0
0	に	助詞,格助詞,一般,*	0
0	女子	名詞,一般,*,*	0
0	を	助詞,格助詞,一般,*	0
0	呼び込ん	動詞,自立,*,*	0
0	だ	助動詞,*,*,*	0
0	。	記号,句点,*,*	0
0	これ	名詞,代名詞,一般,*	0
0	以降	名詞,副詞可能,*,*	0
0	は	助詞,係助詞,*,*	0
1	ゲーム	名詞,一般,*,*	0
0	ボーイ	名詞,一般,*,*	0
0	に	助詞,格助詞,一般,*	0
0	限ら	動詞,自立,*,*	0
0	ず	助動詞,*,*,*	0
0	、	記号,読点,*,*	0
0	任天堂	名詞,固有名詞,組織,*	0
0	の	助詞,連体化,*,*	0
1	携帯	名詞,サ変接続,*,*	0
1	ゲーム	名詞,一般,*,*	0
0	機	名詞,接尾,一般,*	0
0	に	助詞,格助詞,一般,*	0
1	女性	名詞,一般,*,*	0
0	ユーザー	名詞,一般,*,*	0
0	が	助詞,格助詞,一般,*	0
0	増加	名詞,サ変接続,*,*	0
0	し	動詞,自立,*,*	0
0	た	助動詞,*,*,*	0
0	。	記号,句点,*,*	0
